-- The C compiler identification is GNU 11.4.0
-- The CXX compiler identification is GNU 11.4.0
-- Detecting C compiler ABI info
-- Detecting C compiler ABI info - done
-- Check for working C compiler: /usr/bin/cc - skipped
-- Detecting C compile features
-- Detecting C compile features - done
-- Detecting CXX compiler ABI info
-- Detecting CXX compiler ABI info - done
-- Check for working CXX compiler: /usr/bin/c++ - skipped
-- Detecting CXX compile features
-- Detecting CXX compile features - done
-- Found ament_cmake_auto: 1.3.8 (/opt/ros/humble/share/ament_cmake_auto/cmake)
-- Found Python3: /usr/bin/python3 (found version "3.10.12") found components: Interpreter 
-- Found rosidl_generator_c: 3.1.5 (/opt/ros/humble/share/rosidl_generator_c/cmake)
-- Found rosidl_adapter: 3.1.5 (/opt/ros/humble/share/rosidl_adapter/cmake)
-- Found rosidl_generator_cpp: 3.1.5 (/opt/ros/humble/share/rosidl_generator_cpp/cmake)
-- Using all available rosidl_typesupport_c: rosidl_typesupport_fastrtps_c;rosidl_typesupport_introspection_c
-- Using all available rosidl_typesupport_cpp: rosidl_typesupport_fastrtps_cpp;rosidl_typesupport_introspection_cpp
-- Found rmw_implementation_cmake: 6.1.1 (/opt/ros/humble/share/rmw_implementation_cmake/cmake)
-- Found rmw_fastrtps_cpp: 6.2.6 (/opt/ros/humble/share/rmw_fastrtps_cpp/cmake)
-- Found OpenSSL: /usr/lib/x86_64-linux-gnu/libcrypto.so (found version "3.0.2")  
-- Found FastRTPS: /opt/ros/humble/include  
-- Using RMW implementation 'rmw_fastrtps_cpp' as default
-- Performing Test CMAKE_HAVE_LIBC_PTHREAD
-- Performing Test CMAKE_HAVE_LIBC_PTHREAD - Success
-- Found Threads: TRUE  
-- Found image_transport: 3.1.8 (/opt/ros/humble/share/image_transport/cmake)
-- Found camera_info_manager: 3.1.8 (/opt/ros/humble/share/camera_info_manager/cmake)
-- Found CUDA: /usr/local/cuda (found version "12.1") 
-- Found TensorRT: /usr/include/x86_64-linux-gnu;/usr/src/tensorrt/samples/common;/usr/local/cuda/include  
-- Found OpenCV: /usr/local (found suitable version "4.7.0", minimum required is "4") 
-- Configuring done
-- Generating done
-- Build files have been written to: /home/seldon/Documents/gitrepo/rm.cv.std.ros2_transplant/build/armor_detector
[ 14%] [32mBuilding CXX object detector_cuda/CMakeFiles/detector_cuda.dir/TRTModule.cpp.o[0m
[ 28%] [32mBuilding CXX object detector_cuda/CMakeFiles/detector_cuda.dir/usr/src/tensorrt/samples/common/logger.cpp.o[0m
[ 42%] [32mBuilding CXX object CMakeFiles/armor_detector_node.dir/rclcpp_components/node_main_armor_detector_node.cpp.o[0m
[ 57%] [32m[1mLinking CXX static library libdetector_cuda.a[0m
[ 57%] Built target detector_cuda
[ 71%] [32mBuilding CXX object CMakeFiles/armor_detector.dir/src/armor_detector_node.cpp.o[0m
[ 85%] [32m[1mLinking CXX executable armor_detector_node[0m
[ 85%] Built target armor_detector_node
In file included from [01m[K/opt/ros/humble/include/rclcpp/rclcpp/logging.hpp:24[m[K,
                 from [01m[K/opt/ros/humble/include/rclcpp/rclcpp/client.hpp:40[m[K,
                 from [01m[K/opt/ros/humble/include/rclcpp/rclcpp/callback_group.hpp:24[m[K,
                 from [01m[K/opt/ros/humble/include/rclcpp/rclcpp/node.hpp:40[m[K,
                 from [01m[K/opt/ros/humble/include/camera_info_manager/camera_info_manager/camera_info_manager.hpp:45[m[K,
                 from [01m[K/home/seldon/Documents/gitrepo/rm.cv.std.ros2_transplant/src/autoaim/armor_detector_node/src/armor_detector_node.hpp:13[m[K,
                 from [01m[K/home/seldon/Documents/gitrepo/rm.cv.std.ros2_transplant/src/autoaim/armor_detector_node/src/armor_detector_node.cpp:1[m[K:
[01m[K/home/seldon/Documents/gitrepo/rm.cv.std.ros2_transplant/src/autoaim/armor_detector_node/src/armor_detector_node.cpp:[m[K In member function ‘[01m[Kvoid detector::DetectorNode::run_detector_once()[m[K’:
[01m[K/home/seldon/Documents/gitrepo/rm.cv.std.ros2_transplant/src/autoaim/armor_detector_node/src/armor_detector_node.cpp:101:41:[m[K [01;35m[Kwarning: [m[Kformat ‘[01m[K%d[m[K’ expects argument of type ‘[01m[Kint[m[K’, but argument 6 has type ‘[01m[Kstd::vector<my_interfaces::msg::DetectedArmor_<std::allocator<void> >, std::allocator<my_interfaces::msg::DetectedArmor_<std::allocator<void> > > >::size_type[m[K’ {aka ‘[01m[Klong unsigned int[m[K’} [[01;35m[K]8;;https://gcc.gnu.org/onlinedocs/gcc/Warning-Options.html#index-Wformat=-Wformat=]8;;[m[K]
  101 |         RCLCPP_INFO(this->get_logger(), [01;35m[K"detect frame successfully! fps: %d, armor num: %d"[m[K,fps,[32m[Kdetected_armor_.size()[m[K);
      |                                         [01;35m[K^~~~~~~~~~~~~~~~~~~~~~~~~~~~~~~~~~~~~~~~~~~~~~~~~~~[m[K     [32m[K~~~~~~~~~~~~~~~~~~~~~~[m[K
      |                                                                                                                     [32m[K|[m[K
      |                                                                                                                     [32m[Kstd::vector<my_interfaces::msg::DetectedArmor_<std::allocator<void> >, std::allocator<my_interfaces::msg::DetectedArmor_<std::allocator<void> > > >::size_type {aka long unsigned int}[m[K
[01m[K/home/seldon/Documents/gitrepo/rm.cv.std.ros2_transplant/src/autoaim/armor_detector_node/src/armor_detector_node.cpp:101:90:[m[K [01;36m[Knote: [m[Kformat string is defined here
  101 |         RCLCPP_INFO(this->get_logger(), "detect frame successfully! fps: %d, armor num: [01;36m[K%d[m[K",fps,detected_armor_.size());
      |                                                                                         [01;36m[K~^[m[K
      |                                                                                          [01;36m[K|[m[K
      |                                                                                          [01;36m[Kint[m[K
      |                                                                                         [32m[K%ld[m[K
[100%] [32m[1mLinking CXX shared library libarmor_detector.so[0m
lto-wrapper: warning: using serial compilation of 8 LTRANS jobs
[100%] Built target armor_detector
-- Install configuration: "Release"
-- Installing: /home/seldon/Documents/gitrepo/rm.cv.std.ros2_transplant/install/armor_detector/lib/armor_detector/armor_detector_node
-- Set runtime path of "/home/seldon/Documents/gitrepo/rm.cv.std.ros2_transplant/install/armor_detector/lib/armor_detector/armor_detector_node" to ""
-- Installing: /home/seldon/Documents/gitrepo/rm.cv.std.ros2_transplant/install/armor_detector/share/armor_detector/environment/library_path.sh
-- Installing: /home/seldon/Documents/gitrepo/rm.cv.std.ros2_transplant/install/armor_detector/share/armor_detector/environment/library_path.dsv
-- Installing: /home/seldon/Documents/gitrepo/rm.cv.std.ros2_transplant/install/armor_detector/lib/libarmor_detector.so
-- Set runtime path of "/home/seldon/Documents/gitrepo/rm.cv.std.ros2_transplant/install/armor_detector/lib/libarmor_detector.so" to ""
-- Installing: /home/seldon/Documents/gitrepo/rm.cv.std.ros2_transplant/install/armor_detector/share/armor_detector/launch
-- Installing: /home/seldon/Documents/gitrepo/rm.cv.std.ros2_transplant/install/armor_detector/share/armor_detector/launch/armor_detector.launch.py
-- Installing: /home/seldon/Documents/gitrepo/rm.cv.std.ros2_transplant/install/armor_detector/share/ament_index/resource_index/package_run_dependencies/armor_detector
-- Installing: /home/seldon/Documents/gitrepo/rm.cv.std.ros2_transplant/install/armor_detector/share/ament_index/resource_index/parent_prefix_path/armor_detector
-- Installing: /home/seldon/Documents/gitrepo/rm.cv.std.ros2_transplant/install/armor_detector/share/armor_detector/environment/ament_prefix_path.sh
-- Installing: /home/seldon/Documents/gitrepo/rm.cv.std.ros2_transplant/install/armor_detector/share/armor_detector/environment/ament_prefix_path.dsv
-- Installing: /home/seldon/Documents/gitrepo/rm.cv.std.ros2_transplant/install/armor_detector/share/armor_detector/environment/path.sh
-- Installing: /home/seldon/Documents/gitrepo/rm.cv.std.ros2_transplant/install/armor_detector/share/armor_detector/environment/path.dsv
-- Installing: /home/seldon/Documents/gitrepo/rm.cv.std.ros2_transplant/install/armor_detector/share/armor_detector/local_setup.bash
-- Installing: /home/seldon/Documents/gitrepo/rm.cv.std.ros2_transplant/install/armor_detector/share/armor_detector/local_setup.sh
-- Installing: /home/seldon/Documents/gitrepo/rm.cv.std.ros2_transplant/install/armor_detector/share/armor_detector/local_setup.zsh
-- Installing: /home/seldon/Documents/gitrepo/rm.cv.std.ros2_transplant/install/armor_detector/share/armor_detector/local_setup.dsv
-- Installing: /home/seldon/Documents/gitrepo/rm.cv.std.ros2_transplant/install/armor_detector/share/armor_detector/package.dsv
-- Installing: /home/seldon/Documents/gitrepo/rm.cv.std.ros2_transplant/install/armor_detector/share/ament_index/resource_index/packages/armor_detector
-- Installing: /home/seldon/Documents/gitrepo/rm.cv.std.ros2_transplant/install/armor_detector/share/ament_index/resource_index/rclcpp_components/armor_detector
-- Installing: /home/seldon/Documents/gitrepo/rm.cv.std.ros2_transplant/install/armor_detector/share/armor_detector/cmake/ament_cmake_export_dependencies-extras.cmake
-- Installing: /home/seldon/Documents/gitrepo/rm.cv.std.ros2_transplant/install/armor_detector/share/armor_detector/cmake/ament_cmake_export_libraries-extras.cmake
-- Installing: /home/seldon/Documents/gitrepo/rm.cv.std.ros2_transplant/install/armor_detector/share/armor_detector/cmake/armor_detectorConfig.cmake
-- Installing: /home/seldon/Documents/gitrepo/rm.cv.std.ros2_transplant/install/armor_detector/share/armor_detector/cmake/armor_detectorConfig-version.cmake
-- Installing: /home/seldon/Documents/gitrepo/rm.cv.std.ros2_transplant/install/armor_detector/share/armor_detector/package.xml
