[0.199s] Invoking command in '/home/seldon/Documents/gitrepo/rm.cv.std.ros2_transplant/build/my_interfaces': CMAKE_PREFIX_PATH=${CMAKE_PREFIX_PATH}:/home/seldon/Documents/gitrepo/rm.cv.std.ros2_transplant/install/web_debugger:/opt/ros/humble /usr/bin/cmake --build /home/seldon/Documents/gitrepo/rm.cv.std.ros2_transplant/build/my_interfaces -- -j20 -l20
[0.222s] [  0%] Built target my_interfaces__cpp
[0.227s] [  1%] Built target ament_cmake_python_copy_my_interfaces
[0.227s] [ 12%] Built target my_interfaces__rosidl_generator_c
[0.236s] [ 24%] Built target my_interfaces__rosidl_typesupport_cpp
[0.237s] [ 36%] Built target my_interfaces__rosidl_typesupport_fastrtps_cpp
[0.238s] [ 48%] Built target my_interfaces__rosidl_typesupport_introspection_cpp
[0.239s] [ 60%] Built target my_interfaces__rosidl_typesupport_c
[0.241s] [ 72%] Built target my_interfaces__rosidl_typesupport_introspection_c
[0.242s] [ 84%] Built target my_interfaces__rosidl_typesupport_fastrtps_c
[0.250s] [ 84%] Built target my_interfaces
[0.260s] [ 85%] Built target my_interfaces__py
[0.272s] [ 96%] Built target my_interfaces__rosidl_generator_py
[0.282s] [ 97%] Built target my_interfaces__rosidl_typesupport_c__pyext
[0.282s] [ 98%] Built target my_interfaces__rosidl_typesupport_fastrtps_c__pyext
[0.282s] [100%] Built target my_interfaces__rosidl_typesupport_introspection_c__pyext
[0.399s] running egg_info
[0.399s] writing my_interfaces.egg-info/PKG-INFO
[0.399s] writing dependency_links to my_interfaces.egg-info/dependency_links.txt
[0.400s] writing top-level names to my_interfaces.egg-info/top_level.txt
[0.401s] reading manifest file 'my_interfaces.egg-info/SOURCES.txt'
[0.401s] writing manifest file 'my_interfaces.egg-info/SOURCES.txt'
[0.415s] [100%] Built target ament_cmake_python_build_my_interfaces_egg
[0.429s] Invoked command in '/home/seldon/Documents/gitrepo/rm.cv.std.ros2_transplant/build/my_interfaces' returned '0': CMAKE_PREFIX_PATH=${CMAKE_PREFIX_PATH}:/home/seldon/Documents/gitrepo/rm.cv.std.ros2_transplant/install/web_debugger:/opt/ros/humble /usr/bin/cmake --build /home/seldon/Documents/gitrepo/rm.cv.std.ros2_transplant/build/my_interfaces -- -j20 -l20
[0.758s] Invoking command in '/home/seldon/Documents/gitrepo/rm.cv.std.ros2_transplant/build/my_interfaces': CMAKE_PREFIX_PATH=${CMAKE_PREFIX_PATH}:/home/seldon/Documents/gitrepo/rm.cv.std.ros2_transplant/install/web_debugger:/opt/ros/humble /usr/bin/cmake --install /home/seldon/Documents/gitrepo/rm.cv.std.ros2_transplant/build/my_interfaces
[0.759s] -- Install configuration: ""
[0.759s] -- Up-to-date: /home/seldon/Documents/gitrepo/rm.cv.std.ros2_transplant/install/my_interfaces/share/ament_index/resource_index/rosidl_interfaces/my_interfaces
[0.760s] -- Up-to-date: /home/seldon/Documents/gitrepo/rm.cv.std.ros2_transplant/install/my_interfaces/include/my_interfaces/my_interfaces
[0.760s] -- Up-to-date: /home/seldon/Documents/gitrepo/rm.cv.std.ros2_transplant/install/my_interfaces/include/my_interfaces/my_interfaces/msg
[0.760s] -- Up-to-date: /home/seldon/Documents/gitrepo/rm.cv.std.ros2_transplant/install/my_interfaces/include/my_interfaces/my_interfaces/msg/aim_shoot_msg_pc2_board.h
[0.760s] -- Up-to-date: /home/seldon/Documents/gitrepo/rm.cv.std.ros2_transplant/install/my_interfaces/include/my_interfaces/my_interfaces/msg/robot_cmd.h
[0.760s] -- Up-to-date: /home/seldon/Documents/gitrepo/rm.cv.std.ros2_transplant/install/my_interfaces/include/my_interfaces/my_interfaces/msg/navigation_pc2_board.h
[0.760s] -- Up-to-date: /home/seldon/Documents/gitrepo/rm.cv.std.ros2_transplant/install/my_interfaces/include/my_interfaces/my_interfaces/msg/d_pack_identifier.h
[0.760s] -- Up-to-date: /home/seldon/Documents/gitrepo/rm.cv.std.ros2_transplant/install/my_interfaces/include/my_interfaces/my_interfaces/msg/robot_status.h
[0.760s] -- Up-to-date: /home/seldon/Documents/gitrepo/rm.cv.std.ros2_transplant/install/my_interfaces/include/my_interfaces/my_interfaces/msg/detected_armor.h
[0.760s] -- Up-to-date: /home/seldon/Documents/gitrepo/rm.cv.std.ros2_transplant/install/my_interfaces/include/my_interfaces/my_interfaces/msg/game_status_pc2_board.h
[0.760s] -- Up-to-date: /home/seldon/Documents/gitrepo/rm.cv.std.ros2_transplant/install/my_interfaces/include/my_interfaces/my_interfaces/msg/pc_work_mode.h
[0.760s] -- Up-to-date: /home/seldon/Documents/gitrepo/rm.cv.std.ros2_transplant/install/my_interfaces/include/my_interfaces/my_interfaces/msg/general_msg_pc2_board.h
[0.760s] -- Up-to-date: /home/seldon/Documents/gitrepo/rm.cv.std.ros2_transplant/install/my_interfaces/include/my_interfaces/my_interfaces/msg/navigation_board2_pc.h
[0.760s] -- Up-to-date: /home/seldon/Documents/gitrepo/rm.cv.std.ros2_transplant/install/my_interfaces/include/my_interfaces/my_interfaces/msg/rosidl_generator_c__visibility_control.h
[0.760s] -- Up-to-date: /home/seldon/Documents/gitrepo/rm.cv.std.ros2_transplant/install/my_interfaces/include/my_interfaces/my_interfaces/msg/aim_shoot_msg_board2_pc.h
[0.760s] -- Up-to-date: /home/seldon/Documents/gitrepo/rm.cv.std.ros2_transplant/install/my_interfaces/include/my_interfaces/my_interfaces/msg/game_status_msg_board2_pc.h
[0.760s] -- Up-to-date: /home/seldon/Documents/gitrepo/rm.cv.std.ros2_transplant/install/my_interfaces/include/my_interfaces/my_interfaces/msg/reload_flag.h
[0.760s] -- Up-to-date: /home/seldon/Documents/gitrepo/rm.cv.std.ros2_transplant/install/my_interfaces/include/my_interfaces/my_interfaces/msg/detection_result.h
[0.760s] -- Up-to-date: /home/seldon/Documents/gitrepo/rm.cv.std.ros2_transplant/install/my_interfaces/include/my_interfaces/my_interfaces/msg/detail
[0.760s] -- Up-to-date: /home/seldon/Documents/gitrepo/rm.cv.std.ros2_transplant/install/my_interfaces/include/my_interfaces/my_interfaces/msg/detail/game_status_pc2_board__functions.h
[0.761s] -- Up-to-date: /home/seldon/Documents/gitrepo/rm.cv.std.ros2_transplant/install/my_interfaces/include/my_interfaces/my_interfaces/msg/detail/d_pack_identifier__functions.h
[0.761s] -- Up-to-date: /home/seldon/Documents/gitrepo/rm.cv.std.ros2_transplant/install/my_interfaces/include/my_interfaces/my_interfaces/msg/detail/detection_result__type_support.h
[0.761s] -- Up-to-date: /home/seldon/Documents/gitrepo/rm.cv.std.ros2_transplant/install/my_interfaces/include/my_interfaces/my_interfaces/msg/detail/detection_result__functions.h
[0.761s] -- Up-to-date: /home/seldon/Documents/gitrepo/rm.cv.std.ros2_transplant/install/my_interfaces/include/my_interfaces/my_interfaces/msg/detail/game_status_pc2_board__type_support.h
[0.761s] -- Up-to-date: /home/seldon/Documents/gitrepo/rm.cv.std.ros2_transplant/install/my_interfaces/include/my_interfaces/my_interfaces/msg/detail/robot_cmd__type_support.h
[0.761s] -- Up-to-date: /home/seldon/Documents/gitrepo/rm.cv.std.ros2_transplant/install/my_interfaces/include/my_interfaces/my_interfaces/msg/detail/game_status_msg_board2_pc__functions.h
[0.761s] -- Up-to-date: /home/seldon/Documents/gitrepo/rm.cv.std.ros2_transplant/install/my_interfaces/include/my_interfaces/my_interfaces/msg/detail/aim_shoot_msg_board2_pc__functions.c
[0.761s] -- Up-to-date: /home/seldon/Documents/gitrepo/rm.cv.std.ros2_transplant/install/my_interfaces/include/my_interfaces/my_interfaces/msg/detail/navigation_pc2_board__functions.h
[0.761s] -- Up-to-date: /home/seldon/Documents/gitrepo/rm.cv.std.ros2_transplant/install/my_interfaces/include/my_interfaces/my_interfaces/msg/detail/general_msg_board2_pc__struct.h
[0.761s] -- Up-to-date: /home/seldon/Documents/gitrepo/rm.cv.std.ros2_transplant/install/my_interfaces/include/my_interfaces/my_interfaces/msg/detail/general_msg_pc2_board__functions.c
[0.761s] -- Up-to-date: /home/seldon/Documents/gitrepo/rm.cv.std.ros2_transplant/install/my_interfaces/include/my_interfaces/my_interfaces/msg/detail/aim_shoot_msg_pc2_board__struct.h
[0.761s] -- Up-to-date: /home/seldon/Documents/gitrepo/rm.cv.std.ros2_transplant/install/my_interfaces/include/my_interfaces/my_interfaces/msg/detail/pc_work_mode__functions.h
[0.761s] -- Up-to-date: /home/seldon/Documents/gitrepo/rm.cv.std.ros2_transplant/install/my_interfaces/include/my_interfaces/my_interfaces/msg/detail/robot_cmd__functions.c
[0.761s] -- Up-to-date: /home/seldon/Documents/gitrepo/rm.cv.std.ros2_transplant/install/my_interfaces/include/my_interfaces/my_interfaces/msg/detail/robot_status__functions.h
[0.761s] -- Up-to-date: /home/seldon/Documents/gitrepo/rm.cv.std.ros2_transplant/install/my_interfaces/include/my_interfaces/my_interfaces/msg/detail/game_status_pc2_board__struct.h
[0.761s] -- Up-to-date: /home/seldon/Documents/gitrepo/rm.cv.std.ros2_transplant/install/my_interfaces/include/my_interfaces/my_interfaces/msg/detail/robot_status__struct.h
[0.761s] -- Up-to-date: /home/seldon/Documents/gitrepo/rm.cv.std.ros2_transplant/install/my_interfaces/include/my_interfaces/my_interfaces/msg/detail/robot_status__functions.c
[0.761s] -- Up-to-date: /home/seldon/Documents/gitrepo/rm.cv.std.ros2_transplant/install/my_interfaces/include/my_interfaces/my_interfaces/msg/detail/navigation_pc2_board__type_support.h
[0.762s] -- Up-to-date: /home/seldon/Documents/gitrepo/rm.cv.std.ros2_transplant/install/my_interfaces/include/my_interfaces/my_interfaces/msg/detail/navigation_board2_pc__type_support.h
[0.762s] -- Up-to-date: /home/seldon/Documents/gitrepo/rm.cv.std.ros2_transplant/install/my_interfaces/include/my_interfaces/my_interfaces/msg/detail/general_msg_board2_pc__functions.h
[0.762s] -- Up-to-date: /home/seldon/Documents/gitrepo/rm.cv.std.ros2_transplant/install/my_interfaces/include/my_interfaces/my_interfaces/msg/detail/general_msg_pc2_board__functions.h
[0.762s] -- Up-to-date: /home/seldon/Documents/gitrepo/rm.cv.std.ros2_transplant/install/my_interfaces/include/my_interfaces/my_interfaces/msg/detail/general_msg_board2_pc__functions.c
[0.762s] -- Up-to-date: /home/seldon/Documents/gitrepo/rm.cv.std.ros2_transplant/install/my_interfaces/include/my_interfaces/my_interfaces/msg/detail/detected_armor__type_support.h
[0.762s] -- Up-to-date: /home/seldon/Documents/gitrepo/rm.cv.std.ros2_transplant/install/my_interfaces/include/my_interfaces/my_interfaces/msg/detail/aim_shoot_msg_board2_pc__struct.h
[0.762s] -- Up-to-date: /home/seldon/Documents/gitrepo/rm.cv.std.ros2_transplant/install/my_interfaces/include/my_interfaces/my_interfaces/msg/detail/game_status_msg_board2_pc__struct.h
[0.762s] -- Up-to-date: /home/seldon/Documents/gitrepo/rm.cv.std.ros2_transplant/install/my_interfaces/include/my_interfaces/my_interfaces/msg/detail/aim_shoot_msg_pc2_board__functions.h
[0.762s] -- Up-to-date: /home/seldon/Documents/gitrepo/rm.cv.std.ros2_transplant/install/my_interfaces/include/my_interfaces/my_interfaces/msg/detail/robot_cmd__functions.h
[0.762s] -- Up-to-date: /home/seldon/Documents/gitrepo/rm.cv.std.ros2_transplant/install/my_interfaces/include/my_interfaces/my_interfaces/msg/detail/reload_flag__struct.h
[0.762s] -- Up-to-date: /home/seldon/Documents/gitrepo/rm.cv.std.ros2_transplant/install/my_interfaces/include/my_interfaces/my_interfaces/msg/detail/d_pack_identifier__struct.h
[0.762s] -- Up-to-date: /home/seldon/Documents/gitrepo/rm.cv.std.ros2_transplant/install/my_interfaces/include/my_interfaces/my_interfaces/msg/detail/navigation_pc2_board__struct.h
[0.762s] -- Up-to-date: /home/seldon/Documents/gitrepo/rm.cv.std.ros2_transplant/install/my_interfaces/include/my_interfaces/my_interfaces/msg/detail/general_msg_pc2_board__type_support.h
[0.762s] -- Up-to-date: /home/seldon/Documents/gitrepo/rm.cv.std.ros2_transplant/install/my_interfaces/include/my_interfaces/my_interfaces/msg/detail/detection_result__functions.c
[0.762s] -- Up-to-date: /home/seldon/Documents/gitrepo/rm.cv.std.ros2_transplant/install/my_interfaces/include/my_interfaces/my_interfaces/msg/detail/d_pack_identifier__type_support.h
[0.762s] -- Up-to-date: /home/seldon/Documents/gitrepo/rm.cv.std.ros2_transplant/install/my_interfaces/include/my_interfaces/my_interfaces/msg/detail/game_status_msg_board2_pc__type_support.h
[0.762s] -- Up-to-date: /home/seldon/Documents/gitrepo/rm.cv.std.ros2_transplant/install/my_interfaces/include/my_interfaces/my_interfaces/msg/detail/reload_flag__functions.c
[0.762s] -- Up-to-date: /home/seldon/Documents/gitrepo/rm.cv.std.ros2_transplant/install/my_interfaces/include/my_interfaces/my_interfaces/msg/detail/detection_result__struct.h
[0.762s] -- Up-to-date: /home/seldon/Documents/gitrepo/rm.cv.std.ros2_transplant/install/my_interfaces/include/my_interfaces/my_interfaces/msg/detail/general_msg_pc2_board__struct.h
[0.762s] -- Up-to-date: /home/seldon/Documents/gitrepo/rm.cv.std.ros2_transplant/install/my_interfaces/include/my_interfaces/my_interfaces/msg/detail/general_msg_board2_pc__type_support.h
[0.762s] -- Up-to-date: /home/seldon/Documents/gitrepo/rm.cv.std.ros2_transplant/install/my_interfaces/include/my_interfaces/my_interfaces/msg/detail/detected_armor__struct.h
[0.763s] -- Up-to-date: /home/seldon/Documents/gitrepo/rm.cv.std.ros2_transplant/install/my_interfaces/include/my_interfaces/my_interfaces/msg/detail/reload_flag__type_support.h
[0.763s] -- Up-to-date: /home/seldon/Documents/gitrepo/rm.cv.std.ros2_transplant/install/my_interfaces/include/my_interfaces/my_interfaces/msg/detail/d_pack_identifier__functions.c
[0.763s] -- Up-to-date: /home/seldon/Documents/gitrepo/rm.cv.std.ros2_transplant/install/my_interfaces/include/my_interfaces/my_interfaces/msg/detail/pc_work_mode__type_support.h
[0.763s] -- Up-to-date: /home/seldon/Documents/gitrepo/rm.cv.std.ros2_transplant/install/my_interfaces/include/my_interfaces/my_interfaces/msg/detail/navigation_board2_pc__functions.h
[0.763s] -- Up-to-date: /home/seldon/Documents/gitrepo/rm.cv.std.ros2_transplant/install/my_interfaces/include/my_interfaces/my_interfaces/msg/detail/navigation_pc2_board__functions.c
[0.763s] -- Up-to-date: /home/seldon/Documents/gitrepo/rm.cv.std.ros2_transplant/install/my_interfaces/include/my_interfaces/my_interfaces/msg/detail/aim_shoot_msg_board2_pc__type_support.h
[0.763s] -- Up-to-date: /home/seldon/Documents/gitrepo/rm.cv.std.ros2_transplant/install/my_interfaces/include/my_interfaces/my_interfaces/msg/detail/robot_cmd__struct.h
[0.763s] -- Up-to-date: /home/seldon/Documents/gitrepo/rm.cv.std.ros2_transplant/install/my_interfaces/include/my_interfaces/my_interfaces/msg/detail/navigation_board2_pc__struct.h
[0.763s] -- Up-to-date: /home/seldon/Documents/gitrepo/rm.cv.std.ros2_transplant/install/my_interfaces/include/my_interfaces/my_interfaces/msg/detail/game_status_msg_board2_pc__functions.c
[0.763s] -- Up-to-date: /home/seldon/Documents/gitrepo/rm.cv.std.ros2_transplant/install/my_interfaces/include/my_interfaces/my_interfaces/msg/detail/aim_shoot_msg_pc2_board__functions.c
[0.763s] -- Up-to-date: /home/seldon/Documents/gitrepo/rm.cv.std.ros2_transplant/install/my_interfaces/include/my_interfaces/my_interfaces/msg/detail/detected_armor__functions.c
[0.763s] -- Up-to-date: /home/seldon/Documents/gitrepo/rm.cv.std.ros2_transplant/install/my_interfaces/include/my_interfaces/my_interfaces/msg/detail/aim_shoot_msg_board2_pc__functions.h
[0.763s] -- Up-to-date: /home/seldon/Documents/gitrepo/rm.cv.std.ros2_transplant/install/my_interfaces/include/my_interfaces/my_interfaces/msg/detail/navigation_board2_pc__functions.c
[0.763s] -- Up-to-date: /home/seldon/Documents/gitrepo/rm.cv.std.ros2_transplant/install/my_interfaces/include/my_interfaces/my_interfaces/msg/detail/game_status_pc2_board__functions.c
[0.763s] -- Up-to-date: /home/seldon/Documents/gitrepo/rm.cv.std.ros2_transplant/install/my_interfaces/include/my_interfaces/my_interfaces/msg/detail/pc_work_mode__struct.h
[0.763s] -- Up-to-date: /home/seldon/Documents/gitrepo/rm.cv.std.ros2_transplant/install/my_interfaces/include/my_interfaces/my_interfaces/msg/detail/reload_flag__functions.h
[0.763s] -- Up-to-date: /home/seldon/Documents/gitrepo/rm.cv.std.ros2_transplant/install/my_interfaces/include/my_interfaces/my_interfaces/msg/detail/detected_armor__functions.h
[0.763s] -- Up-to-date: /home/seldon/Documents/gitrepo/rm.cv.std.ros2_transplant/install/my_interfaces/include/my_interfaces/my_interfaces/msg/detail/robot_status__type_support.h
[0.763s] -- Up-to-date: /home/seldon/Documents/gitrepo/rm.cv.std.ros2_transplant/install/my_interfaces/include/my_interfaces/my_interfaces/msg/detail/aim_shoot_msg_pc2_board__type_support.h
[0.763s] -- Up-to-date: /home/seldon/Documents/gitrepo/rm.cv.std.ros2_transplant/install/my_interfaces/include/my_interfaces/my_interfaces/msg/detail/pc_work_mode__functions.c
[0.763s] -- Up-to-date: /home/seldon/Documents/gitrepo/rm.cv.std.ros2_transplant/install/my_interfaces/include/my_interfaces/my_interfaces/msg/general_msg_board2_pc.h
[0.763s] -- Up-to-date: /home/seldon/Documents/gitrepo/rm.cv.std.ros2_transplant/install/my_interfaces/include/my_interfaces/my_interfaces/srv
[0.763s] -- Up-to-date: /home/seldon/Documents/gitrepo/rm.cv.std.ros2_transplant/install/my_interfaces/include/my_interfaces/my_interfaces/srv/debug_info.h
[0.763s] -- Up-to-date: /home/seldon/Documents/gitrepo/rm.cv.std.ros2_transplant/install/my_interfaces/include/my_interfaces/my_interfaces/srv/detail
[0.763s] -- Up-to-date: /home/seldon/Documents/gitrepo/rm.cv.std.ros2_transplant/install/my_interfaces/include/my_interfaces/my_interfaces/srv/detail/debug_info__functions.c
[0.764s] -- Up-to-date: /home/seldon/Documents/gitrepo/rm.cv.std.ros2_transplant/install/my_interfaces/include/my_interfaces/my_interfaces/srv/detail/debug_info__functions.h
[0.764s] -- Up-to-date: /home/seldon/Documents/gitrepo/rm.cv.std.ros2_transplant/install/my_interfaces/include/my_interfaces/my_interfaces/srv/detail/debug_info__struct.h
[0.764s] -- Up-to-date: /home/seldon/Documents/gitrepo/rm.cv.std.ros2_transplant/install/my_interfaces/include/my_interfaces/my_interfaces/srv/detail/debug_info__type_support.h
[0.764s] -- Up-to-date: /home/seldon/Documents/gitrepo/rm.cv.std.ros2_transplant/install/my_interfaces/share/my_interfaces/environment/library_path.sh
[0.764s] -- Up-to-date: /home/seldon/Documents/gitrepo/rm.cv.std.ros2_transplant/install/my_interfaces/share/my_interfaces/environment/library_path.dsv
[0.764s] -- Up-to-date: /home/seldon/Documents/gitrepo/rm.cv.std.ros2_transplant/install/my_interfaces/lib/libmy_interfaces__rosidl_generator_c.so
[0.764s] -- Up-to-date: /home/seldon/Documents/gitrepo/rm.cv.std.ros2_transplant/install/my_interfaces/include/my_interfaces/my_interfaces
[0.764s] -- Up-to-date: /home/seldon/Documents/gitrepo/rm.cv.std.ros2_transplant/install/my_interfaces/include/my_interfaces/my_interfaces/msg
[0.764s] -- Up-to-date: /home/seldon/Documents/gitrepo/rm.cv.std.ros2_transplant/install/my_interfaces/include/my_interfaces/my_interfaces/msg/rosidl_typesupport_fastrtps_c__visibility_control.h
[0.764s] -- Up-to-date: /home/seldon/Documents/gitrepo/rm.cv.std.ros2_transplant/install/my_interfaces/include/my_interfaces/my_interfaces/msg/detail
[0.764s] -- Up-to-date: /home/seldon/Documents/gitrepo/rm.cv.std.ros2_transplant/install/my_interfaces/include/my_interfaces/my_interfaces/msg/detail/d_pack_identifier__rosidl_typesupport_fastrtps_c.h
[0.764s] -- Up-to-date: /home/seldon/Documents/gitrepo/rm.cv.std.ros2_transplant/install/my_interfaces/include/my_interfaces/my_interfaces/msg/detail/general_msg_board2_pc__rosidl_typesupport_fastrtps_c.h
[0.764s] -- Up-to-date: /home/seldon/Documents/gitrepo/rm.cv.std.ros2_transplant/install/my_interfaces/include/my_interfaces/my_interfaces/msg/detail/detected_armor__rosidl_typesupport_fastrtps_c.h
[0.764s] -- Up-to-date: /home/seldon/Documents/gitrepo/rm.cv.std.ros2_transplant/install/my_interfaces/include/my_interfaces/my_interfaces/msg/detail/navigation_board2_pc__rosidl_typesupport_fastrtps_c.h
[0.764s] -- Up-to-date: /home/seldon/Documents/gitrepo/rm.cv.std.ros2_transplant/install/my_interfaces/include/my_interfaces/my_interfaces/msg/detail/navigation_pc2_board__rosidl_typesupport_fastrtps_c.h
[0.764s] -- Up-to-date: /home/seldon/Documents/gitrepo/rm.cv.std.ros2_transplant/install/my_interfaces/include/my_interfaces/my_interfaces/msg/detail/detection_result__rosidl_typesupport_fastrtps_c.h
[0.764s] -- Up-to-date: /home/seldon/Documents/gitrepo/rm.cv.std.ros2_transplant/install/my_interfaces/include/my_interfaces/my_interfaces/msg/detail/game_status_pc2_board__rosidl_typesupport_fastrtps_c.h
[0.764s] -- Up-to-date: /home/seldon/Documents/gitrepo/rm.cv.std.ros2_transplant/install/my_interfaces/include/my_interfaces/my_interfaces/msg/detail/general_msg_pc2_board__rosidl_typesupport_fastrtps_c.h
[0.764s] -- Up-to-date: /home/seldon/Documents/gitrepo/rm.cv.std.ros2_transplant/install/my_interfaces/include/my_interfaces/my_interfaces/msg/detail/robot_status__rosidl_typesupport_fastrtps_c.h
[0.764s] -- Up-to-date: /home/seldon/Documents/gitrepo/rm.cv.std.ros2_transplant/install/my_interfaces/include/my_interfaces/my_interfaces/msg/detail/aim_shoot_msg_board2_pc__rosidl_typesupport_fastrtps_c.h
[0.764s] -- Up-to-date: /home/seldon/Documents/gitrepo/rm.cv.std.ros2_transplant/install/my_interfaces/include/my_interfaces/my_interfaces/msg/detail/pc_work_mode__rosidl_typesupport_fastrtps_c.h
[0.764s] -- Up-to-date: /home/seldon/Documents/gitrepo/rm.cv.std.ros2_transplant/install/my_interfaces/include/my_interfaces/my_interfaces/msg/detail/robot_cmd__rosidl_typesupport_fastrtps_c.h
[0.764s] -- Up-to-date: /home/seldon/Documents/gitrepo/rm.cv.std.ros2_transplant/install/my_interfaces/include/my_interfaces/my_interfaces/msg/detail/game_status_msg_board2_pc__rosidl_typesupport_fastrtps_c.h
[0.764s] -- Up-to-date: /home/seldon/Documents/gitrepo/rm.cv.std.ros2_transplant/install/my_interfaces/include/my_interfaces/my_interfaces/msg/detail/reload_flag__rosidl_typesupport_fastrtps_c.h
[0.764s] -- Up-to-date: /home/seldon/Documents/gitrepo/rm.cv.std.ros2_transplant/install/my_interfaces/include/my_interfaces/my_interfaces/msg/detail/aim_shoot_msg_pc2_board__rosidl_typesupport_fastrtps_c.h
[0.764s] -- Up-to-date: /home/seldon/Documents/gitrepo/rm.cv.std.ros2_transplant/install/my_interfaces/include/my_interfaces/my_interfaces/srv
[0.764s] -- Up-to-date: /home/seldon/Documents/gitrepo/rm.cv.std.ros2_transplant/install/my_interfaces/include/my_interfaces/my_interfaces/srv/detail
[0.764s] -- Up-to-date: /home/seldon/Documents/gitrepo/rm.cv.std.ros2_transplant/install/my_interfaces/include/my_interfaces/my_interfaces/srv/detail/debug_info__rosidl_typesupport_fastrtps_c.h
[0.764s] -- Up-to-date: /home/seldon/Documents/gitrepo/rm.cv.std.ros2_transplant/install/my_interfaces/lib/libmy_interfaces__rosidl_typesupport_fastrtps_c.so
[0.764s] -- Up-to-date: /home/seldon/Documents/gitrepo/rm.cv.std.ros2_transplant/install/my_interfaces/include/my_interfaces/my_interfaces
[0.764s] -- Up-to-date: /home/seldon/Documents/gitrepo/rm.cv.std.ros2_transplant/install/my_interfaces/include/my_interfaces/my_interfaces/msg
[0.764s] -- Up-to-date: /home/seldon/Documents/gitrepo/rm.cv.std.ros2_transplant/install/my_interfaces/include/my_interfaces/my_interfaces/msg/game_status_pc2_board.hpp
[0.764s] -- Up-to-date: /home/seldon/Documents/gitrepo/rm.cv.std.ros2_transplant/install/my_interfaces/include/my_interfaces/my_interfaces/msg/navigation_pc2_board.hpp
[0.764s] -- Up-to-date: /home/seldon/Documents/gitrepo/rm.cv.std.ros2_transplant/install/my_interfaces/include/my_interfaces/my_interfaces/msg/d_pack_identifier.hpp
[0.765s] -- Up-to-date: /home/seldon/Documents/gitrepo/rm.cv.std.ros2_transplant/install/my_interfaces/include/my_interfaces/my_interfaces/msg/detection_result.hpp
[0.765s] -- Up-to-date: /home/seldon/Documents/gitrepo/rm.cv.std.ros2_transplant/install/my_interfaces/include/my_interfaces/my_interfaces/msg/navigation_board2_pc.hpp
[0.765s] -- Up-to-date: /home/seldon/Documents/gitrepo/rm.cv.std.ros2_transplant/install/my_interfaces/include/my_interfaces/my_interfaces/msg/pc_work_mode.hpp
[0.765s] -- Up-to-date: /home/seldon/Documents/gitrepo/rm.cv.std.ros2_transplant/install/my_interfaces/include/my_interfaces/my_interfaces/msg/detected_armor.hpp
[0.765s] -- Up-to-date: /home/seldon/Documents/gitrepo/rm.cv.std.ros2_transplant/install/my_interfaces/include/my_interfaces/my_interfaces/msg/aim_shoot_msg_pc2_board.hpp
[0.765s] -- Up-to-date: /home/seldon/Documents/gitrepo/rm.cv.std.ros2_transplant/install/my_interfaces/include/my_interfaces/my_interfaces/msg/robot_cmd.hpp
[0.765s] -- Up-to-date: /home/seldon/Documents/gitrepo/rm.cv.std.ros2_transplant/install/my_interfaces/include/my_interfaces/my_interfaces/msg/reload_flag.hpp
[0.765s] -- Up-to-date: /home/seldon/Documents/gitrepo/rm.cv.std.ros2_transplant/install/my_interfaces/include/my_interfaces/my_interfaces/msg/robot_status.hpp
[0.765s] -- Up-to-date: /home/seldon/Documents/gitrepo/rm.cv.std.ros2_transplant/install/my_interfaces/include/my_interfaces/my_interfaces/msg/general_msg_pc2_board.hpp
[0.765s] -- Up-to-date: /home/seldon/Documents/gitrepo/rm.cv.std.ros2_transplant/install/my_interfaces/include/my_interfaces/my_interfaces/msg/general_msg_board2_pc.hpp
[0.765s] -- Up-to-date: /home/seldon/Documents/gitrepo/rm.cv.std.ros2_transplant/install/my_interfaces/include/my_interfaces/my_interfaces/msg/aim_shoot_msg_board2_pc.hpp
[0.765s] -- Up-to-date: /home/seldon/Documents/gitrepo/rm.cv.std.ros2_transplant/install/my_interfaces/include/my_interfaces/my_interfaces/msg/detail
[0.765s] -- Up-to-date: /home/seldon/Documents/gitrepo/rm.cv.std.ros2_transplant/install/my_interfaces/include/my_interfaces/my_interfaces/msg/detail/navigation_pc2_board__traits.hpp
[0.765s] -- Up-to-date: /home/seldon/Documents/gitrepo/rm.cv.std.ros2_transplant/install/my_interfaces/include/my_interfaces/my_interfaces/msg/detail/reload_flag__struct.hpp
[0.765s] -- Up-to-date: /home/seldon/Documents/gitrepo/rm.cv.std.ros2_transplant/install/my_interfaces/include/my_interfaces/my_interfaces/msg/detail/detected_armor__traits.hpp
[0.765s] -- Up-to-date: /home/seldon/Documents/gitrepo/rm.cv.std.ros2_transplant/install/my_interfaces/include/my_interfaces/my_interfaces/msg/detail/game_status_pc2_board__traits.hpp
[0.765s] -- Up-to-date: /home/seldon/Documents/gitrepo/rm.cv.std.ros2_transplant/install/my_interfaces/include/my_interfaces/my_interfaces/msg/detail/detection_result__traits.hpp
[0.765s] -- Up-to-date: /home/seldon/Documents/gitrepo/rm.cv.std.ros2_transplant/install/my_interfaces/include/my_interfaces/my_interfaces/msg/detail/pc_work_mode__builder.hpp
[0.765s] -- Up-to-date: /home/seldon/Documents/gitrepo/rm.cv.std.ros2_transplant/install/my_interfaces/include/my_interfaces/my_interfaces/msg/detail/general_msg_board2_pc__traits.hpp
[0.765s] -- Up-to-date: /home/seldon/Documents/gitrepo/rm.cv.std.ros2_transplant/install/my_interfaces/include/my_interfaces/my_interfaces/msg/detail/detected_armor__builder.hpp
[0.765s] -- Up-to-date: /home/seldon/Documents/gitrepo/rm.cv.std.ros2_transplant/install/my_interfaces/include/my_interfaces/my_interfaces/msg/detail/robot_status__traits.hpp
[0.765s] -- Up-to-date: /home/seldon/Documents/gitrepo/rm.cv.std.ros2_transplant/install/my_interfaces/include/my_interfaces/my_interfaces/msg/detail/navigation_pc2_board__builder.hpp
[0.765s] -- Up-to-date: /home/seldon/Documents/gitrepo/rm.cv.std.ros2_transplant/install/my_interfaces/include/my_interfaces/my_interfaces/msg/detail/general_msg_board2_pc__struct.hpp
[0.765s] -- Up-to-date: /home/seldon/Documents/gitrepo/rm.cv.std.ros2_transplant/install/my_interfaces/include/my_interfaces/my_interfaces/msg/detail/aim_shoot_msg_board2_pc__traits.hpp
[0.765s] -- Up-to-date: /home/seldon/Documents/gitrepo/rm.cv.std.ros2_transplant/install/my_interfaces/include/my_interfaces/my_interfaces/msg/detail/game_status_pc2_board__builder.hpp
[0.765s] -- Up-to-date: /home/seldon/Documents/gitrepo/rm.cv.std.ros2_transplant/install/my_interfaces/include/my_interfaces/my_interfaces/msg/detail/d_pack_identifier__builder.hpp
[0.765s] -- Up-to-date: /home/seldon/Documents/gitrepo/rm.cv.std.ros2_transplant/install/my_interfaces/include/my_interfaces/my_interfaces/msg/detail/game_status_msg_board2_pc__struct.hpp
[0.765s] -- Up-to-date: /home/seldon/Documents/gitrepo/rm.cv.std.ros2_transplant/install/my_interfaces/include/my_interfaces/my_interfaces/msg/detail/game_status_msg_board2_pc__builder.hpp
[0.765s] -- Up-to-date: /home/seldon/Documents/gitrepo/rm.cv.std.ros2_transplant/install/my_interfaces/include/my_interfaces/my_interfaces/msg/detail/general_msg_pc2_board__traits.hpp
[0.765s] -- Up-to-date: /home/seldon/Documents/gitrepo/rm.cv.std.ros2_transplant/install/my_interfaces/include/my_interfaces/my_interfaces/msg/detail/robot_status__builder.hpp
[0.765s] -- Up-to-date: /home/seldon/Documents/gitrepo/rm.cv.std.ros2_transplant/install/my_interfaces/include/my_interfaces/my_interfaces/msg/detail/detection_result__builder.hpp
[0.765s] -- Up-to-date: /home/seldon/Documents/gitrepo/rm.cv.std.ros2_transplant/install/my_interfaces/include/my_interfaces/my_interfaces/msg/detail/reload_flag__traits.hpp
[0.765s] -- Up-to-date: /home/seldon/Documents/gitrepo/rm.cv.std.ros2_transplant/install/my_interfaces/include/my_interfaces/my_interfaces/msg/detail/navigation_pc2_board__struct.hpp
[0.765s] -- Up-to-date: /home/seldon/Documents/gitrepo/rm.cv.std.ros2_transplant/install/my_interfaces/include/my_interfaces/my_interfaces/msg/detail/navigation_board2_pc__struct.hpp
[0.766s] -- Up-to-date: /home/seldon/Documents/gitrepo/rm.cv.std.ros2_transplant/install/my_interfaces/include/my_interfaces/my_interfaces/msg/detail/robot_cmd__traits.hpp
[0.766s] -- Up-to-date: /home/seldon/Documents/gitrepo/rm.cv.std.ros2_transplant/install/my_interfaces/include/my_interfaces/my_interfaces/msg/detail/robot_cmd__struct.hpp
[0.766s] -- Up-to-date: /home/seldon/Documents/gitrepo/rm.cv.std.ros2_transplant/install/my_interfaces/include/my_interfaces/my_interfaces/msg/detail/reload_flag__builder.hpp
[0.766s] -- Up-to-date: /home/seldon/Documents/gitrepo/rm.cv.std.ros2_transplant/install/my_interfaces/include/my_interfaces/my_interfaces/msg/detail/pc_work_mode__struct.hpp
[0.766s] -- Up-to-date: /home/seldon/Documents/gitrepo/rm.cv.std.ros2_transplant/install/my_interfaces/include/my_interfaces/my_interfaces/msg/detail/aim_shoot_msg_board2_pc__builder.hpp
[0.766s] -- Up-to-date: /home/seldon/Documents/gitrepo/rm.cv.std.ros2_transplant/install/my_interfaces/include/my_interfaces/my_interfaces/msg/detail/general_msg_board2_pc__builder.hpp
[0.766s] -- Up-to-date: /home/seldon/Documents/gitrepo/rm.cv.std.ros2_transplant/install/my_interfaces/include/my_interfaces/my_interfaces/msg/detail/aim_shoot_msg_pc2_board__builder.hpp
[0.766s] -- Up-to-date: /home/seldon/Documents/gitrepo/rm.cv.std.ros2_transplant/install/my_interfaces/include/my_interfaces/my_interfaces/msg/detail/d_pack_identifier__struct.hpp
[0.766s] -- Up-to-date: /home/seldon/Documents/gitrepo/rm.cv.std.ros2_transplant/install/my_interfaces/include/my_interfaces/my_interfaces/msg/detail/aim_shoot_msg_pc2_board__traits.hpp
[0.766s] -- Up-to-date: /home/seldon/Documents/gitrepo/rm.cv.std.ros2_transplant/install/my_interfaces/include/my_interfaces/my_interfaces/msg/detail/detection_result__struct.hpp
[0.766s] -- Up-to-date: /home/seldon/Documents/gitrepo/rm.cv.std.ros2_transplant/install/my_interfaces/include/my_interfaces/my_interfaces/msg/detail/navigation_board2_pc__traits.hpp
[0.766s] -- Up-to-date: /home/seldon/Documents/gitrepo/rm.cv.std.ros2_transplant/install/my_interfaces/include/my_interfaces/my_interfaces/msg/detail/d_pack_identifier__traits.hpp
[0.766s] -- Up-to-date: /home/seldon/Documents/gitrepo/rm.cv.std.ros2_transplant/install/my_interfaces/include/my_interfaces/my_interfaces/msg/detail/detected_armor__struct.hpp
[0.766s] -- Up-to-date: /home/seldon/Documents/gitrepo/rm.cv.std.ros2_transplant/install/my_interfaces/include/my_interfaces/my_interfaces/msg/detail/navigation_board2_pc__builder.hpp
[0.766s] -- Up-to-date: /home/seldon/Documents/gitrepo/rm.cv.std.ros2_transplant/install/my_interfaces/include/my_interfaces/my_interfaces/msg/detail/game_status_pc2_board__struct.hpp
[0.766s] -- Up-to-date: /home/seldon/Documents/gitrepo/rm.cv.std.ros2_transplant/install/my_interfaces/include/my_interfaces/my_interfaces/msg/detail/general_msg_pc2_board__builder.hpp
[0.766s] -- Up-to-date: /home/seldon/Documents/gitrepo/rm.cv.std.ros2_transplant/install/my_interfaces/include/my_interfaces/my_interfaces/msg/detail/general_msg_pc2_board__struct.hpp
[0.766s] -- Up-to-date: /home/seldon/Documents/gitrepo/rm.cv.std.ros2_transplant/install/my_interfaces/include/my_interfaces/my_interfaces/msg/detail/robot_cmd__builder.hpp
[0.766s] -- Up-to-date: /home/seldon/Documents/gitrepo/rm.cv.std.ros2_transplant/install/my_interfaces/include/my_interfaces/my_interfaces/msg/detail/pc_work_mode__traits.hpp
[0.766s] -- Up-to-date: /home/seldon/Documents/gitrepo/rm.cv.std.ros2_transplant/install/my_interfaces/include/my_interfaces/my_interfaces/msg/detail/aim_shoot_msg_pc2_board__struct.hpp
[0.766s] -- Up-to-date: /home/seldon/Documents/gitrepo/rm.cv.std.ros2_transplant/install/my_interfaces/include/my_interfaces/my_interfaces/msg/detail/game_status_msg_board2_pc__traits.hpp
[0.766s] -- Up-to-date: /home/seldon/Documents/gitrepo/rm.cv.std.ros2_transplant/install/my_interfaces/include/my_interfaces/my_interfaces/msg/detail/robot_status__struct.hpp
[0.766s] -- Up-to-date: /home/seldon/Documents/gitrepo/rm.cv.std.ros2_transplant/install/my_interfaces/include/my_interfaces/my_interfaces/msg/detail/aim_shoot_msg_board2_pc__struct.hpp
[0.766s] -- Up-to-date: /home/seldon/Documents/gitrepo/rm.cv.std.ros2_transplant/install/my_interfaces/include/my_interfaces/my_interfaces/msg/game_status_msg_board2_pc.hpp
[0.766s] -- Up-to-date: /home/seldon/Documents/gitrepo/rm.cv.std.ros2_transplant/install/my_interfaces/include/my_interfaces/my_interfaces/srv
[0.766s] -- Up-to-date: /home/seldon/Documents/gitrepo/rm.cv.std.ros2_transplant/install/my_interfaces/include/my_interfaces/my_interfaces/srv/debug_info.hpp
[0.766s] -- Up-to-date: /home/seldon/Documents/gitrepo/rm.cv.std.ros2_transplant/install/my_interfaces/include/my_interfaces/my_interfaces/srv/detail
[0.767s] -- Up-to-date: /home/seldon/Documents/gitrepo/rm.cv.std.ros2_transplant/install/my_interfaces/include/my_interfaces/my_interfaces/srv/detail/debug_info__struct.hpp
[0.767s] -- Up-to-date: /home/seldon/Documents/gitrepo/rm.cv.std.ros2_transplant/install/my_interfaces/include/my_interfaces/my_interfaces/srv/detail/debug_info__traits.hpp
[0.767s] -- Up-to-date: /home/seldon/Documents/gitrepo/rm.cv.std.ros2_transplant/install/my_interfaces/include/my_interfaces/my_interfaces/srv/detail/debug_info__builder.hpp
[0.767s] -- Up-to-date: /home/seldon/Documents/gitrepo/rm.cv.std.ros2_transplant/install/my_interfaces/include/my_interfaces/my_interfaces
[0.767s] -- Up-to-date: /home/seldon/Documents/gitrepo/rm.cv.std.ros2_transplant/install/my_interfaces/include/my_interfaces/my_interfaces/msg
[0.767s] -- Up-to-date: /home/seldon/Documents/gitrepo/rm.cv.std.ros2_transplant/install/my_interfaces/include/my_interfaces/my_interfaces/msg/rosidl_typesupport_fastrtps_cpp__visibility_control.h
[0.767s] -- Up-to-date: /home/seldon/Documents/gitrepo/rm.cv.std.ros2_transplant/install/my_interfaces/include/my_interfaces/my_interfaces/msg/detail
[0.767s] -- Up-to-date: /home/seldon/Documents/gitrepo/rm.cv.std.ros2_transplant/install/my_interfaces/include/my_interfaces/my_interfaces/msg/detail/game_status_msg_board2_pc__rosidl_typesupport_fastrtps_cpp.hpp
[0.767s] -- Up-to-date: /home/seldon/Documents/gitrepo/rm.cv.std.ros2_transplant/install/my_interfaces/include/my_interfaces/my_interfaces/msg/detail/game_status_pc2_board__rosidl_typesupport_fastrtps_cpp.hpp
[0.767s] -- Up-to-date: /home/seldon/Documents/gitrepo/rm.cv.std.ros2_transplant/install/my_interfaces/include/my_interfaces/my_interfaces/msg/detail/d_pack_identifier__rosidl_typesupport_fastrtps_cpp.hpp
[0.767s] -- Up-to-date: /home/seldon/Documents/gitrepo/rm.cv.std.ros2_transplant/install/my_interfaces/include/my_interfaces/my_interfaces/msg/detail/detection_result__rosidl_typesupport_fastrtps_cpp.hpp
[0.767s] -- Up-to-date: /home/seldon/Documents/gitrepo/rm.cv.std.ros2_transplant/install/my_interfaces/include/my_interfaces/my_interfaces/msg/detail/aim_shoot_msg_pc2_board__rosidl_typesupport_fastrtps_cpp.hpp
[0.767s] -- Up-to-date: /home/seldon/Documents/gitrepo/rm.cv.std.ros2_transplant/install/my_interfaces/include/my_interfaces/my_interfaces/msg/detail/navigation_pc2_board__rosidl_typesupport_fastrtps_cpp.hpp
[0.767s] -- Up-to-date: /home/seldon/Documents/gitrepo/rm.cv.std.ros2_transplant/install/my_interfaces/include/my_interfaces/my_interfaces/msg/detail/robot_status__rosidl_typesupport_fastrtps_cpp.hpp
[0.767s] -- Up-to-date: /home/seldon/Documents/gitrepo/rm.cv.std.ros2_transplant/install/my_interfaces/include/my_interfaces/my_interfaces/msg/detail/detected_armor__rosidl_typesupport_fastrtps_cpp.hpp
[0.767s] -- Up-to-date: /home/seldon/Documents/gitrepo/rm.cv.std.ros2_transplant/install/my_interfaces/include/my_interfaces/my_interfaces/msg/detail/reload_flag__rosidl_typesupport_fastrtps_cpp.hpp
[0.767s] -- Up-to-date: /home/seldon/Documents/gitrepo/rm.cv.std.ros2_transplant/install/my_interfaces/include/my_interfaces/my_interfaces/msg/detail/dds_fastrtps
[0.767s] -- Up-to-date: /home/seldon/Documents/gitrepo/rm.cv.std.ros2_transplant/install/my_interfaces/include/my_interfaces/my_interfaces/msg/detail/general_msg_board2_pc__rosidl_typesupport_fastrtps_cpp.hpp
[0.767s] -- Up-to-date: /home/seldon/Documents/gitrepo/rm.cv.std.ros2_transplant/install/my_interfaces/include/my_interfaces/my_interfaces/msg/detail/pc_work_mode__rosidl_typesupport_fastrtps_cpp.hpp
[0.767s] -- Up-to-date: /home/seldon/Documents/gitrepo/rm.cv.std.ros2_transplant/install/my_interfaces/include/my_interfaces/my_interfaces/msg/detail/aim_shoot_msg_board2_pc__rosidl_typesupport_fastrtps_cpp.hpp
[0.767s] -- Up-to-date: /home/seldon/Documents/gitrepo/rm.cv.std.ros2_transplant/install/my_interfaces/include/my_interfaces/my_interfaces/msg/detail/robot_cmd__rosidl_typesupport_fastrtps_cpp.hpp
[0.767s] -- Up-to-date: /home/seldon/Documents/gitrepo/rm.cv.std.ros2_transplant/install/my_interfaces/include/my_interfaces/my_interfaces/msg/detail/general_msg_pc2_board__rosidl_typesupport_fastrtps_cpp.hpp
[0.767s] -- Up-to-date: /home/seldon/Documents/gitrepo/rm.cv.std.ros2_transplant/install/my_interfaces/include/my_interfaces/my_interfaces/msg/detail/navigation_board2_pc__rosidl_typesupport_fastrtps_cpp.hpp
[0.767s] -- Up-to-date: /home/seldon/Documents/gitrepo/rm.cv.std.ros2_transplant/install/my_interfaces/include/my_interfaces/my_interfaces/srv
[0.767s] -- Up-to-date: /home/seldon/Documents/gitrepo/rm.cv.std.ros2_transplant/install/my_interfaces/include/my_interfaces/my_interfaces/srv/detail
[0.767s] -- Up-to-date: /home/seldon/Documents/gitrepo/rm.cv.std.ros2_transplant/install/my_interfaces/include/my_interfaces/my_interfaces/srv/detail/debug_info__rosidl_typesupport_fastrtps_cpp.hpp
[0.767s] -- Up-to-date: /home/seldon/Documents/gitrepo/rm.cv.std.ros2_transplant/install/my_interfaces/include/my_interfaces/my_interfaces/srv/detail/dds_fastrtps
[0.767s] -- Up-to-date: /home/seldon/Documents/gitrepo/rm.cv.std.ros2_transplant/install/my_interfaces/lib/libmy_interfaces__rosidl_typesupport_fastrtps_cpp.so
[0.767s] -- Up-to-date: /home/seldon/Documents/gitrepo/rm.cv.std.ros2_transplant/install/my_interfaces/include/my_interfaces/my_interfaces
[0.767s] -- Up-to-date: /home/seldon/Documents/gitrepo/rm.cv.std.ros2_transplant/install/my_interfaces/include/my_interfaces/my_interfaces/msg
[0.768s] -- Up-to-date: /home/seldon/Documents/gitrepo/rm.cv.std.ros2_transplant/install/my_interfaces/include/my_interfaces/my_interfaces/msg/rosidl_typesupport_introspection_c__visibility_control.h
[0.768s] -- Up-to-date: /home/seldon/Documents/gitrepo/rm.cv.std.ros2_transplant/install/my_interfaces/include/my_interfaces/my_interfaces/msg/detail
[0.768s] -- Up-to-date: /home/seldon/Documents/gitrepo/rm.cv.std.ros2_transplant/install/my_interfaces/include/my_interfaces/my_interfaces/msg/detail/aim_shoot_msg_board2_pc__rosidl_typesupport_introspection_c.h
[0.768s] -- Up-to-date: /home/seldon/Documents/gitrepo/rm.cv.std.ros2_transplant/install/my_interfaces/include/my_interfaces/my_interfaces/msg/detail/pc_work_mode__type_support.c
[0.768s] -- Up-to-date: /home/seldon/Documents/gitrepo/rm.cv.std.ros2_transplant/install/my_interfaces/include/my_interfaces/my_interfaces/msg/detail/game_status_pc2_board__rosidl_typesupport_introspection_c.h
[0.768s] -- Up-to-date: /home/seldon/Documents/gitrepo/rm.cv.std.ros2_transplant/install/my_interfaces/include/my_interfaces/my_interfaces/msg/detail/detection_result__rosidl_typesupport_introspection_c.h
[0.768s] -- Up-to-date: /home/seldon/Documents/gitrepo/rm.cv.std.ros2_transplant/install/my_interfaces/include/my_interfaces/my_interfaces/msg/detail/navigation_board2_pc__rosidl_typesupport_introspection_c.h
[0.768s] -- Up-to-date: /home/seldon/Documents/gitrepo/rm.cv.std.ros2_transplant/install/my_interfaces/include/my_interfaces/my_interfaces/msg/detail/d_pack_identifier__type_support.c
[0.768s] -- Up-to-date: /home/seldon/Documents/gitrepo/rm.cv.std.ros2_transplant/install/my_interfaces/include/my_interfaces/my_interfaces/msg/detail/game_status_msg_board2_pc__rosidl_typesupport_introspection_c.h
[0.768s] -- Up-to-date: /home/seldon/Documents/gitrepo/rm.cv.std.ros2_transplant/install/my_interfaces/include/my_interfaces/my_interfaces/msg/detail/robot_cmd__rosidl_typesupport_introspection_c.h
[0.768s] -- Up-to-date: /home/seldon/Documents/gitrepo/rm.cv.std.ros2_transplant/install/my_interfaces/include/my_interfaces/my_interfaces/msg/detail/detected_armor__type_support.c
[0.768s] -- Up-to-date: /home/seldon/Documents/gitrepo/rm.cv.std.ros2_transplant/install/my_interfaces/include/my_interfaces/my_interfaces/msg/detail/reload_flag__rosidl_typesupport_introspection_c.h
[0.768s] -- Up-to-date: /home/seldon/Documents/gitrepo/rm.cv.std.ros2_transplant/install/my_interfaces/include/my_interfaces/my_interfaces/msg/detail/game_status_pc2_board__type_support.c
[0.768s] -- Up-to-date: /home/seldon/Documents/gitrepo/rm.cv.std.ros2_transplant/install/my_interfaces/include/my_interfaces/my_interfaces/msg/detail/general_msg_board2_pc__type_support.c
[0.768s] -- Up-to-date: /home/seldon/Documents/gitrepo/rm.cv.std.ros2_transplant/install/my_interfaces/include/my_interfaces/my_interfaces/msg/detail/general_msg_board2_pc__rosidl_typesupport_introspection_c.h
[0.768s] -- Up-to-date: /home/seldon/Documents/gitrepo/rm.cv.std.ros2_transplant/install/my_interfaces/include/my_interfaces/my_interfaces/msg/detail/robot_status__type_support.c
[0.768s] -- Up-to-date: /home/seldon/Documents/gitrepo/rm.cv.std.ros2_transplant/install/my_interfaces/include/my_interfaces/my_interfaces/msg/detail/navigation_board2_pc__type_support.c
[0.768s] -- Up-to-date: /home/seldon/Documents/gitrepo/rm.cv.std.ros2_transplant/install/my_interfaces/include/my_interfaces/my_interfaces/msg/detail/aim_shoot_msg_board2_pc__type_support.c
[0.768s] -- Up-to-date: /home/seldon/Documents/gitrepo/rm.cv.std.ros2_transplant/install/my_interfaces/include/my_interfaces/my_interfaces/msg/detail/aim_shoot_msg_pc2_board__type_support.c
[0.768s] -- Up-to-date: /home/seldon/Documents/gitrepo/rm.cv.std.ros2_transplant/install/my_interfaces/include/my_interfaces/my_interfaces/msg/detail/pc_work_mode__rosidl_typesupport_introspection_c.h
[0.768s] -- Up-to-date: /home/seldon/Documents/gitrepo/rm.cv.std.ros2_transplant/install/my_interfaces/include/my_interfaces/my_interfaces/msg/detail/aim_shoot_msg_pc2_board__rosidl_typesupport_introspection_c.h
[0.768s] -- Up-to-date: /home/seldon/Documents/gitrepo/rm.cv.std.ros2_transplant/install/my_interfaces/include/my_interfaces/my_interfaces/msg/detail/general_msg_pc2_board__rosidl_typesupport_introspection_c.h
[0.768s] -- Up-to-date: /home/seldon/Documents/gitrepo/rm.cv.std.ros2_transplant/install/my_interfaces/include/my_interfaces/my_interfaces/msg/detail/robot_cmd__type_support.c
[0.768s] -- Up-to-date: /home/seldon/Documents/gitrepo/rm.cv.std.ros2_transplant/install/my_interfaces/include/my_interfaces/my_interfaces/msg/detail/detection_result__type_support.c
[0.768s] -- Up-to-date: /home/seldon/Documents/gitrepo/rm.cv.std.ros2_transplant/install/my_interfaces/include/my_interfaces/my_interfaces/msg/detail/general_msg_pc2_board__type_support.c
[0.768s] -- Up-to-date: /home/seldon/Documents/gitrepo/rm.cv.std.ros2_transplant/install/my_interfaces/include/my_interfaces/my_interfaces/msg/detail/navigation_pc2_board__rosidl_typesupport_introspection_c.h
[0.768s] -- Up-to-date: /home/seldon/Documents/gitrepo/rm.cv.std.ros2_transplant/install/my_interfaces/include/my_interfaces/my_interfaces/msg/detail/reload_flag__type_support.c
[0.768s] -- Up-to-date: /home/seldon/Documents/gitrepo/rm.cv.std.ros2_transplant/install/my_interfaces/include/my_interfaces/my_interfaces/msg/detail/navigation_pc2_board__type_support.c
[0.768s] -- Up-to-date: /home/seldon/Documents/gitrepo/rm.cv.std.ros2_transplant/install/my_interfaces/include/my_interfaces/my_interfaces/msg/detail/game_status_msg_board2_pc__type_support.c
[0.768s] -- Up-to-date: /home/seldon/Documents/gitrepo/rm.cv.std.ros2_transplant/install/my_interfaces/include/my_interfaces/my_interfaces/msg/detail/detected_armor__rosidl_typesupport_introspection_c.h
[0.768s] -- Up-to-date: /home/seldon/Documents/gitrepo/rm.cv.std.ros2_transplant/install/my_interfaces/include/my_interfaces/my_interfaces/msg/detail/d_pack_identifier__rosidl_typesupport_introspection_c.h
[0.768s] -- Up-to-date: /home/seldon/Documents/gitrepo/rm.cv.std.ros2_transplant/install/my_interfaces/include/my_interfaces/my_interfaces/msg/detail/robot_status__rosidl_typesupport_introspection_c.h
[0.768s] -- Up-to-date: /home/seldon/Documents/gitrepo/rm.cv.std.ros2_transplant/install/my_interfaces/include/my_interfaces/my_interfaces/srv
[0.768s] -- Up-to-date: /home/seldon/Documents/gitrepo/rm.cv.std.ros2_transplant/install/my_interfaces/include/my_interfaces/my_interfaces/srv/detail
[0.768s] -- Up-to-date: /home/seldon/Documents/gitrepo/rm.cv.std.ros2_transplant/install/my_interfaces/include/my_interfaces/my_interfaces/srv/detail/debug_info__type_support.c
[0.768s] -- Up-to-date: /home/seldon/Documents/gitrepo/rm.cv.std.ros2_transplant/install/my_interfaces/include/my_interfaces/my_interfaces/srv/detail/debug_info__rosidl_typesupport_introspection_c.h
[0.768s] -- Up-to-date: /home/seldon/Documents/gitrepo/rm.cv.std.ros2_transplant/install/my_interfaces/lib/libmy_interfaces__rosidl_typesupport_introspection_c.so
[0.769s] -- Up-to-date: /home/seldon/Documents/gitrepo/rm.cv.std.ros2_transplant/install/my_interfaces/lib/libmy_interfaces__rosidl_typesupport_c.so
[0.769s] -- Up-to-date: /home/seldon/Documents/gitrepo/rm.cv.std.ros2_transplant/install/my_interfaces/include/my_interfaces/my_interfaces
[0.769s] -- Up-to-date: /home/seldon/Documents/gitrepo/rm.cv.std.ros2_transplant/install/my_interfaces/include/my_interfaces/my_interfaces/msg
[0.769s] -- Up-to-date: /home/seldon/Documents/gitrepo/rm.cv.std.ros2_transplant/install/my_interfaces/include/my_interfaces/my_interfaces/msg/detail
[0.769s] -- Up-to-date: /home/seldon/Documents/gitrepo/rm.cv.std.ros2_transplant/install/my_interfaces/include/my_interfaces/my_interfaces/msg/detail/pc_work_mode__rosidl_typesupport_introspection_cpp.hpp
[0.769s] -- Up-to-date: /home/seldon/Documents/gitrepo/rm.cv.std.ros2_transplant/install/my_interfaces/include/my_interfaces/my_interfaces/msg/detail/aim_shoot_msg_pc2_board__rosidl_typesupport_introspection_cpp.hpp
[0.769s] -- Up-to-date: /home/seldon/Documents/gitrepo/rm.cv.std.ros2_transplant/install/my_interfaces/include/my_interfaces/my_interfaces/msg/detail/general_msg_pc2_board__rosidl_typesupport_introspection_cpp.hpp
[0.769s] -- Up-to-date: /home/seldon/Documents/gitrepo/rm.cv.std.ros2_transplant/install/my_interfaces/include/my_interfaces/my_interfaces/msg/detail/robot_status__type_support.cpp
[0.769s] -- Up-to-date: /home/seldon/Documents/gitrepo/rm.cv.std.ros2_transplant/install/my_interfaces/include/my_interfaces/my_interfaces/msg/detail/aim_shoot_msg_board2_pc__rosidl_typesupport_introspection_cpp.hpp
[0.769s] -- Up-to-date: /home/seldon/Documents/gitrepo/rm.cv.std.ros2_transplant/install/my_interfaces/include/my_interfaces/my_interfaces/msg/detail/d_pack_identifier__type_support.cpp
[0.769s] -- Up-to-date: /home/seldon/Documents/gitrepo/rm.cv.std.ros2_transplant/install/my_interfaces/include/my_interfaces/my_interfaces/msg/detail/navigation_board2_pc__type_support.cpp
[0.769s] -- Up-to-date: /home/seldon/Documents/gitrepo/rm.cv.std.ros2_transplant/install/my_interfaces/include/my_interfaces/my_interfaces/msg/detail/reload_flag__type_support.cpp
[0.769s] -- Up-to-date: /home/seldon/Documents/gitrepo/rm.cv.std.ros2_transplant/install/my_interfaces/include/my_interfaces/my_interfaces/msg/detail/aim_shoot_msg_pc2_board__type_support.cpp
[0.769s] -- Up-to-date: /home/seldon/Documents/gitrepo/rm.cv.std.ros2_transplant/install/my_interfaces/include/my_interfaces/my_interfaces/msg/detail/navigation_board2_pc__rosidl_typesupport_introspection_cpp.hpp
[0.769s] -- Up-to-date: /home/seldon/Documents/gitrepo/rm.cv.std.ros2_transplant/install/my_interfaces/include/my_interfaces/my_interfaces/msg/detail/navigation_pc2_board__rosidl_typesupport_introspection_cpp.hpp
[0.769s] -- Up-to-date: /home/seldon/Documents/gitrepo/rm.cv.std.ros2_transplant/install/my_interfaces/include/my_interfaces/my_interfaces/msg/detail/game_status_msg_board2_pc__rosidl_typesupport_introspection_cpp.hpp
[0.769s] -- Up-to-date: /home/seldon/Documents/gitrepo/rm.cv.std.ros2_transplant/install/my_interfaces/include/my_interfaces/my_interfaces/msg/detail/d_pack_identifier__rosidl_typesupport_introspection_cpp.hpp
[0.769s] -- Up-to-date: /home/seldon/Documents/gitrepo/rm.cv.std.ros2_transplant/install/my_interfaces/include/my_interfaces/my_interfaces/msg/detail/navigation_pc2_board__type_support.cpp
[0.769s] -- Up-to-date: /home/seldon/Documents/gitrepo/rm.cv.std.ros2_transplant/install/my_interfaces/include/my_interfaces/my_interfaces/msg/detail/detected_armor__type_support.cpp
[0.769s] -- Up-to-date: /home/seldon/Documents/gitrepo/rm.cv.std.ros2_transplant/install/my_interfaces/include/my_interfaces/my_interfaces/msg/detail/detection_result__rosidl_typesupport_introspection_cpp.hpp
[0.769s] -- Up-to-date: /home/seldon/Documents/gitrepo/rm.cv.std.ros2_transplant/install/my_interfaces/include/my_interfaces/my_interfaces/msg/detail/game_status_pc2_board__type_support.cpp
[0.769s] -- Up-to-date: /home/seldon/Documents/gitrepo/rm.cv.std.ros2_transplant/install/my_interfaces/include/my_interfaces/my_interfaces/msg/detail/aim_shoot_msg_board2_pc__type_support.cpp
[0.769s] -- Up-to-date: /home/seldon/Documents/gitrepo/rm.cv.std.ros2_transplant/install/my_interfaces/include/my_interfaces/my_interfaces/msg/detail/reload_flag__rosidl_typesupport_introspection_cpp.hpp
[0.769s] -- Up-to-date: /home/seldon/Documents/gitrepo/rm.cv.std.ros2_transplant/install/my_interfaces/include/my_interfaces/my_interfaces/msg/detail/general_msg_board2_pc__type_support.cpp
[0.769s] -- Up-to-date: /home/seldon/Documents/gitrepo/rm.cv.std.ros2_transplant/install/my_interfaces/include/my_interfaces/my_interfaces/msg/detail/robot_status__rosidl_typesupport_introspection_cpp.hpp
[0.770s] -- Up-to-date: /home/seldon/Documents/gitrepo/rm.cv.std.ros2_transplant/install/my_interfaces/include/my_interfaces/my_interfaces/msg/detail/robot_cmd__type_support.cpp
[0.770s] -- Up-to-date: /home/seldon/Documents/gitrepo/rm.cv.std.ros2_transplant/install/my_interfaces/include/my_interfaces/my_interfaces/msg/detail/robot_cmd__rosidl_typesupport_introspection_cpp.hpp
[0.770s] -- Up-to-date: /home/seldon/Documents/gitrepo/rm.cv.std.ros2_transplant/install/my_interfaces/include/my_interfaces/my_interfaces/msg/detail/game_status_msg_board2_pc__type_support.cpp
[0.770s] -- Up-to-date: /home/seldon/Documents/gitrepo/rm.cv.std.ros2_transplant/install/my_interfaces/include/my_interfaces/my_interfaces/msg/detail/detection_result__type_support.cpp
[0.770s] -- Up-to-date: /home/seldon/Documents/gitrepo/rm.cv.std.ros2_transplant/install/my_interfaces/include/my_interfaces/my_interfaces/msg/detail/game_status_pc2_board__rosidl_typesupport_introspection_cpp.hpp
[0.770s] -- Up-to-date: /home/seldon/Documents/gitrepo/rm.cv.std.ros2_transplant/install/my_interfaces/include/my_interfaces/my_interfaces/msg/detail/pc_work_mode__type_support.cpp
[0.770s] -- Up-to-date: /home/seldon/Documents/gitrepo/rm.cv.std.ros2_transplant/install/my_interfaces/include/my_interfaces/my_interfaces/msg/detail/detected_armor__rosidl_typesupport_introspection_cpp.hpp
[0.770s] -- Up-to-date: /home/seldon/Documents/gitrepo/rm.cv.std.ros2_transplant/install/my_interfaces/include/my_interfaces/my_interfaces/msg/detail/general_msg_pc2_board__type_support.cpp
[0.770s] -- Up-to-date: /home/seldon/Documents/gitrepo/rm.cv.std.ros2_transplant/install/my_interfaces/include/my_interfaces/my_interfaces/msg/detail/general_msg_board2_pc__rosidl_typesupport_introspection_cpp.hpp
[0.770s] -- Up-to-date: /home/seldon/Documents/gitrepo/rm.cv.std.ros2_transplant/install/my_interfaces/include/my_interfaces/my_interfaces/srv
[0.770s] -- Up-to-date: /home/seldon/Documents/gitrepo/rm.cv.std.ros2_transplant/install/my_interfaces/include/my_interfaces/my_interfaces/srv/detail
[0.770s] -- Up-to-date: /home/seldon/Documents/gitrepo/rm.cv.std.ros2_transplant/install/my_interfaces/include/my_interfaces/my_interfaces/srv/detail/debug_info__type_support.cpp
[0.770s] -- Up-to-date: /home/seldon/Documents/gitrepo/rm.cv.std.ros2_transplant/install/my_interfaces/include/my_interfaces/my_interfaces/srv/detail/debug_info__rosidl_typesupport_introspection_cpp.hpp
[0.770s] -- Up-to-date: /home/seldon/Documents/gitrepo/rm.cv.std.ros2_transplant/install/my_interfaces/lib/libmy_interfaces__rosidl_typesupport_introspection_cpp.so
[0.770s] -- Up-to-date: /home/seldon/Documents/gitrepo/rm.cv.std.ros2_transplant/install/my_interfaces/lib/libmy_interfaces__rosidl_typesupport_cpp.so
[0.770s] -- Up-to-date: /home/seldon/Documents/gitrepo/rm.cv.std.ros2_transplant/install/my_interfaces/share/my_interfaces/environment/pythonpath.sh
[0.770s] -- Up-to-date: /home/seldon/Documents/gitrepo/rm.cv.std.ros2_transplant/install/my_interfaces/share/my_interfaces/environment/pythonpath.dsv
[0.770s] -- Up-to-date: /home/seldon/Documents/gitrepo/rm.cv.std.ros2_transplant/install/my_interfaces/local/lib/python3.10/dist-packages/my_interfaces-0.0.0-py3.10.egg-info
[0.770s] -- Installing: /home/seldon/Documents/gitrepo/rm.cv.std.ros2_transplant/install/my_interfaces/local/lib/python3.10/dist-packages/my_interfaces-0.0.0-py3.10.egg-info/dependency_links.txt
[0.770s] -- Installing: /home/seldon/Documents/gitrepo/rm.cv.std.ros2_transplant/install/my_interfaces/local/lib/python3.10/dist-packages/my_interfaces-0.0.0-py3.10.egg-info/top_level.txt
[0.770s] -- Installing: /home/seldon/Documents/gitrepo/rm.cv.std.ros2_transplant/install/my_interfaces/local/lib/python3.10/dist-packages/my_interfaces-0.0.0-py3.10.egg-info/SOURCES.txt
[0.770s] -- Installing: /home/seldon/Documents/gitrepo/rm.cv.std.ros2_transplant/install/my_interfaces/local/lib/python3.10/dist-packages/my_interfaces-0.0.0-py3.10.egg-info/PKG-INFO
[0.770s] -- Up-to-date: /home/seldon/Documents/gitrepo/rm.cv.std.ros2_transplant/install/my_interfaces/local/lib/python3.10/dist-packages/my_interfaces
[0.770s] -- Up-to-date: /home/seldon/Documents/gitrepo/rm.cv.std.ros2_transplant/install/my_interfaces/local/lib/python3.10/dist-packages/my_interfaces/my_interfaces_s__rosidl_typesupport_fastrtps_c.cpython-310-x86_64-linux-gnu.so
[0.770s] -- Up-to-date: /home/seldon/Documents/gitrepo/rm.cv.std.ros2_transplant/install/my_interfaces/local/lib/python3.10/dist-packages/my_interfaces/msg
[0.770s] -- Up-to-date: /home/seldon/Documents/gitrepo/rm.cv.std.ros2_transplant/install/my_interfaces/local/lib/python3.10/dist-packages/my_interfaces/msg/_d_pack_identifier.py
[0.770s] -- Up-to-date: /home/seldon/Documents/gitrepo/rm.cv.std.ros2_transplant/install/my_interfaces/local/lib/python3.10/dist-packages/my_interfaces/msg/_aim_shoot_msg_board2_pc.py
[0.770s] -- Up-to-date: /home/seldon/Documents/gitrepo/rm.cv.std.ros2_transplant/install/my_interfaces/local/lib/python3.10/dist-packages/my_interfaces/msg/_aim_shoot_msg_pc2_board_s.c
[0.770s] -- Up-to-date: /home/seldon/Documents/gitrepo/rm.cv.std.ros2_transplant/install/my_interfaces/local/lib/python3.10/dist-packages/my_interfaces/msg/_detected_armor.py
[0.770s] -- Up-to-date: /home/seldon/Documents/gitrepo/rm.cv.std.ros2_transplant/install/my_interfaces/local/lib/python3.10/dist-packages/my_interfaces/msg/_aim_shoot_msg_board2_pc_s.c
[0.770s] -- Up-to-date: /home/seldon/Documents/gitrepo/rm.cv.std.ros2_transplant/install/my_interfaces/local/lib/python3.10/dist-packages/my_interfaces/msg/_detection_result.py
[0.770s] -- Up-to-date: /home/seldon/Documents/gitrepo/rm.cv.std.ros2_transplant/install/my_interfaces/local/lib/python3.10/dist-packages/my_interfaces/msg/_game_status_msg_board2_pc.py
[0.770s] -- Up-to-date: /home/seldon/Documents/gitrepo/rm.cv.std.ros2_transplant/install/my_interfaces/local/lib/python3.10/dist-packages/my_interfaces/msg/_robot_cmd.py
[0.770s] -- Up-to-date: /home/seldon/Documents/gitrepo/rm.cv.std.ros2_transplant/install/my_interfaces/local/lib/python3.10/dist-packages/my_interfaces/msg/_detection_result_s.c
[0.770s] -- Up-to-date: /home/seldon/Documents/gitrepo/rm.cv.std.ros2_transplant/install/my_interfaces/local/lib/python3.10/dist-packages/my_interfaces/msg/_general_msg_pc2_board_s.c
[0.770s] -- Up-to-date: /home/seldon/Documents/gitrepo/rm.cv.std.ros2_transplant/install/my_interfaces/local/lib/python3.10/dist-packages/my_interfaces/msg/_navigation_board2_pc.py
[0.771s] -- Up-to-date: /home/seldon/Documents/gitrepo/rm.cv.std.ros2_transplant/install/my_interfaces/local/lib/python3.10/dist-packages/my_interfaces/msg/_pc_work_mode.py
[0.771s] -- Up-to-date: /home/seldon/Documents/gitrepo/rm.cv.std.ros2_transplant/install/my_interfaces/local/lib/python3.10/dist-packages/my_interfaces/msg/_general_msg_board2_pc.py
[0.771s] -- Up-to-date: /home/seldon/Documents/gitrepo/rm.cv.std.ros2_transplant/install/my_interfaces/local/lib/python3.10/dist-packages/my_interfaces/msg/_navigation_pc2_board_s.c
[0.771s] -- Up-to-date: /home/seldon/Documents/gitrepo/rm.cv.std.ros2_transplant/install/my_interfaces/local/lib/python3.10/dist-packages/my_interfaces/msg/_aim_shoot_msg_pc2_board.py
[0.771s] -- Up-to-date: /home/seldon/Documents/gitrepo/rm.cv.std.ros2_transplant/install/my_interfaces/local/lib/python3.10/dist-packages/my_interfaces/msg/_navigation_board2_pc_s.c
[0.771s] -- Up-to-date: /home/seldon/Documents/gitrepo/rm.cv.std.ros2_transplant/install/my_interfaces/local/lib/python3.10/dist-packages/my_interfaces/msg/_robot_status.py
[0.771s] -- Up-to-date: /home/seldon/Documents/gitrepo/rm.cv.std.ros2_transplant/install/my_interfaces/local/lib/python3.10/dist-packages/my_interfaces/msg/_reload_flag.py
[0.771s] -- Up-to-date: /home/seldon/Documents/gitrepo/rm.cv.std.ros2_transplant/install/my_interfaces/local/lib/python3.10/dist-packages/my_interfaces/msg/__init__.py
[0.771s] -- Up-to-date: /home/seldon/Documents/gitrepo/rm.cv.std.ros2_transplant/install/my_interfaces/local/lib/python3.10/dist-packages/my_interfaces/msg/_navigation_pc2_board.py
[0.771s] -- Up-to-date: /home/seldon/Documents/gitrepo/rm.cv.std.ros2_transplant/install/my_interfaces/local/lib/python3.10/dist-packages/my_interfaces/msg/_reload_flag_s.c
[0.771s] -- Up-to-date: /home/seldon/Documents/gitrepo/rm.cv.std.ros2_transplant/install/my_interfaces/local/lib/python3.10/dist-packages/my_interfaces/msg/_detected_armor_s.c
[0.771s] -- Up-to-date: /home/seldon/Documents/gitrepo/rm.cv.std.ros2_transplant/install/my_interfaces/local/lib/python3.10/dist-packages/my_interfaces/msg/_general_msg_board2_pc_s.c
[0.771s] -- Up-to-date: /home/seldon/Documents/gitrepo/rm.cv.std.ros2_transplant/install/my_interfaces/local/lib/python3.10/dist-packages/my_interfaces/msg/_robot_cmd_s.c
[0.771s] -- Up-to-date: /home/seldon/Documents/gitrepo/rm.cv.std.ros2_transplant/install/my_interfaces/local/lib/python3.10/dist-packages/my_interfaces/msg/_d_pack_identifier_s.c
[0.771s] -- Up-to-date: /home/seldon/Documents/gitrepo/rm.cv.std.ros2_transplant/install/my_interfaces/local/lib/python3.10/dist-packages/my_interfaces/msg/_game_status_msg_board2_pc_s.c
[0.771s] -- Up-to-date: /home/seldon/Documents/gitrepo/rm.cv.std.ros2_transplant/install/my_interfaces/local/lib/python3.10/dist-packages/my_interfaces/msg/_robot_status_s.c
[0.771s] -- Up-to-date: /home/seldon/Documents/gitrepo/rm.cv.std.ros2_transplant/install/my_interfaces/local/lib/python3.10/dist-packages/my_interfaces/msg/_general_msg_pc2_board.py
[0.771s] -- Up-to-date: /home/seldon/Documents/gitrepo/rm.cv.std.ros2_transplant/install/my_interfaces/local/lib/python3.10/dist-packages/my_interfaces/msg/_game_status_pc2_board.py
[0.771s] -- Up-to-date: /home/seldon/Documents/gitrepo/rm.cv.std.ros2_transplant/install/my_interfaces/local/lib/python3.10/dist-packages/my_interfaces/msg/_pc_work_mode_s.c
[0.771s] -- Up-to-date: /home/seldon/Documents/gitrepo/rm.cv.std.ros2_transplant/install/my_interfaces/local/lib/python3.10/dist-packages/my_interfaces/msg/_game_status_pc2_board_s.c
[0.771s] -- Up-to-date: /home/seldon/Documents/gitrepo/rm.cv.std.ros2_transplant/install/my_interfaces/local/lib/python3.10/dist-packages/my_interfaces/my_interfaces_s__rosidl_typesupport_introspection_c.cpython-310-x86_64-linux-gnu.so
[0.771s] -- Up-to-date: /home/seldon/Documents/gitrepo/rm.cv.std.ros2_transplant/install/my_interfaces/local/lib/python3.10/dist-packages/my_interfaces/_my_interfaces_s.ep.rosidl_typesupport_fastrtps_c.c
[0.771s] -- Up-to-date: /home/seldon/Documents/gitrepo/rm.cv.std.ros2_transplant/install/my_interfaces/local/lib/python3.10/dist-packages/my_interfaces/srv
[0.771s] -- Up-to-date: /home/seldon/Documents/gitrepo/rm.cv.std.ros2_transplant/install/my_interfaces/local/lib/python3.10/dist-packages/my_interfaces/srv/_debug_info_s.c
[0.771s] -- Up-to-date: /home/seldon/Documents/gitrepo/rm.cv.std.ros2_transplant/install/my_interfaces/local/lib/python3.10/dist-packages/my_interfaces/srv/__init__.py
[0.771s] -- Up-to-date: /home/seldon/Documents/gitrepo/rm.cv.std.ros2_transplant/install/my_interfaces/local/lib/python3.10/dist-packages/my_interfaces/srv/_debug_info.py
[0.771s] -- Up-to-date: /home/seldon/Documents/gitrepo/rm.cv.std.ros2_transplant/install/my_interfaces/local/lib/python3.10/dist-packages/my_interfaces/__init__.py
[0.771s] -- Up-to-date: /home/seldon/Documents/gitrepo/rm.cv.std.ros2_transplant/install/my_interfaces/local/lib/python3.10/dist-packages/my_interfaces/my_interfaces_s__rosidl_typesupport_c.cpython-310-x86_64-linux-gnu.so
[0.771s] -- Up-to-date: /home/seldon/Documents/gitrepo/rm.cv.std.ros2_transplant/install/my_interfaces/local/lib/python3.10/dist-packages/my_interfaces/_my_interfaces_s.ep.rosidl_typesupport_c.c
[0.771s] -- Up-to-date: /home/seldon/Documents/gitrepo/rm.cv.std.ros2_transplant/install/my_interfaces/local/lib/python3.10/dist-packages/my_interfaces/_my_interfaces_s.ep.rosidl_typesupport_introspection_c.c
[0.771s] -- Up-to-date: /home/seldon/Documents/gitrepo/rm.cv.std.ros2_transplant/install/my_interfaces/local/lib/python3.10/dist-packages/my_interfaces/libmy_interfaces__rosidl_generator_py.so
[0.785s] Listing '/home/seldon/Documents/gitrepo/rm.cv.std.ros2_transplant/install/my_interfaces/local/lib/python3.10/dist-packages/my_interfaces'...
[0.785s] Listing '/home/seldon/Documents/gitrepo/rm.cv.std.ros2_transplant/install/my_interfaces/local/lib/python3.10/dist-packages/my_interfaces/msg'...
[0.785s] Listing '/home/seldon/Documents/gitrepo/rm.cv.std.ros2_transplant/install/my_interfaces/local/lib/python3.10/dist-packages/my_interfaces/srv'...
[0.788s] -- Up-to-date: /home/seldon/Documents/gitrepo/rm.cv.std.ros2_transplant/install/my_interfaces/local/lib/python3.10/dist-packages/my_interfaces/my_interfaces_s__rosidl_typesupport_fastrtps_c.cpython-310-x86_64-linux-gnu.so
[0.788s] -- Up-to-date: /home/seldon/Documents/gitrepo/rm.cv.std.ros2_transplant/install/my_interfaces/local/lib/python3.10/dist-packages/my_interfaces/my_interfaces_s__rosidl_typesupport_introspection_c.cpython-310-x86_64-linux-gnu.so
[0.788s] -- Up-to-date: /home/seldon/Documents/gitrepo/rm.cv.std.ros2_transplant/install/my_interfaces/local/lib/python3.10/dist-packages/my_interfaces/my_interfaces_s__rosidl_typesupport_c.cpython-310-x86_64-linux-gnu.so
[0.789s] -- Up-to-date: /home/seldon/Documents/gitrepo/rm.cv.std.ros2_transplant/install/my_interfaces/lib/libmy_interfaces__rosidl_generator_py.so
[0.789s] -- Up-to-date: /home/seldon/Documents/gitrepo/rm.cv.std.ros2_transplant/install/my_interfaces/share/my_interfaces/msg/AimShootMsgBoard2PC.idl
[0.789s] -- Up-to-date: /home/seldon/Documents/gitrepo/rm.cv.std.ros2_transplant/install/my_interfaces/share/my_interfaces/msg/AimShootMsgPC2Board.idl
[0.789s] -- Up-to-date: /home/seldon/Documents/gitrepo/rm.cv.std.ros2_transplant/install/my_interfaces/share/my_interfaces/msg/GameStatusPC2Board.idl
[0.789s] -- Up-to-date: /home/seldon/Documents/gitrepo/rm.cv.std.ros2_transplant/install/my_interfaces/share/my_interfaces/msg/GameStatusMsgBoard2PC.idl
[0.789s] -- Up-to-date: /home/seldon/Documents/gitrepo/rm.cv.std.ros2_transplant/install/my_interfaces/share/my_interfaces/msg/GeneralMsgBoard2PC.idl
[0.789s] -- Up-to-date: /home/seldon/Documents/gitrepo/rm.cv.std.ros2_transplant/install/my_interfaces/share/my_interfaces/msg/GeneralMsgPC2Board.idl
[0.789s] -- Up-to-date: /home/seldon/Documents/gitrepo/rm.cv.std.ros2_transplant/install/my_interfaces/share/my_interfaces/msg/DPackIdentifier.idl
[0.789s] -- Up-to-date: /home/seldon/Documents/gitrepo/rm.cv.std.ros2_transplant/install/my_interfaces/share/my_interfaces/msg/NavigationBoard2PC.idl
[0.789s] -- Up-to-date: /home/seldon/Documents/gitrepo/rm.cv.std.ros2_transplant/install/my_interfaces/share/my_interfaces/msg/NavigationPC2Board.idl
[0.790s] -- Up-to-date: /home/seldon/Documents/gitrepo/rm.cv.std.ros2_transplant/install/my_interfaces/share/my_interfaces/msg/PCWorkMode.idl
[0.790s] -- Up-to-date: /home/seldon/Documents/gitrepo/rm.cv.std.ros2_transplant/install/my_interfaces/share/my_interfaces/msg/RobotCmd.idl
[0.790s] -- Up-to-date: /home/seldon/Documents/gitrepo/rm.cv.std.ros2_transplant/install/my_interfaces/share/my_interfaces/msg/RobotStatus.idl
[0.790s] -- Up-to-date: /home/seldon/Documents/gitrepo/rm.cv.std.ros2_transplant/install/my_interfaces/share/my_interfaces/msg/DetectedArmor.idl
[0.790s] -- Up-to-date: /home/seldon/Documents/gitrepo/rm.cv.std.ros2_transplant/install/my_interfaces/share/my_interfaces/msg/DetectionResult.idl
[0.790s] -- Up-to-date: /home/seldon/Documents/gitrepo/rm.cv.std.ros2_transplant/install/my_interfaces/share/my_interfaces/msg/ReloadFlag.idl
[0.790s] -- Up-to-date: /home/seldon/Documents/gitrepo/rm.cv.std.ros2_transplant/install/my_interfaces/share/my_interfaces/srv/DebugInfo.idl
[0.790s] -- Up-to-date: /home/seldon/Documents/gitrepo/rm.cv.std.ros2_transplant/install/my_interfaces/share/my_interfaces/msg/AimShootMsgBoard2PC.msg
[0.790s] -- Up-to-date: /home/seldon/Documents/gitrepo/rm.cv.std.ros2_transplant/install/my_interfaces/share/my_interfaces/msg/AimShootMsgPC2Board.msg
[0.790s] -- Up-to-date: /home/seldon/Documents/gitrepo/rm.cv.std.ros2_transplant/install/my_interfaces/share/my_interfaces/msg/GameStatusPC2Board.msg
[0.790s] -- Up-to-date: /home/seldon/Documents/gitrepo/rm.cv.std.ros2_transplant/install/my_interfaces/share/my_interfaces/msg/GameStatusMsgBoard2PC.msg
[0.790s] -- Up-to-date: /home/seldon/Documents/gitrepo/rm.cv.std.ros2_transplant/install/my_interfaces/share/my_interfaces/msg/GeneralMsgBoard2PC.msg
[0.790s] -- Up-to-date: /home/seldon/Documents/gitrepo/rm.cv.std.ros2_transplant/install/my_interfaces/share/my_interfaces/msg/GeneralMsgPC2Board.msg
[0.790s] -- Up-to-date: /home/seldon/Documents/gitrepo/rm.cv.std.ros2_transplant/install/my_interfaces/share/my_interfaces/msg/DPackIdentifier.msg
[0.791s] -- Up-to-date: /home/seldon/Documents/gitrepo/rm.cv.std.ros2_transplant/install/my_interfaces/share/my_interfaces/msg/NavigationBoard2PC.msg
[0.791s] -- Up-to-date: /home/seldon/Documents/gitrepo/rm.cv.std.ros2_transplant/install/my_interfaces/share/my_interfaces/msg/NavigationPC2Board.msg
[0.791s] -- Up-to-date: /home/seldon/Documents/gitrepo/rm.cv.std.ros2_transplant/install/my_interfaces/share/my_interfaces/msg/PCWorkMode.msg
[0.791s] -- Up-to-date: /home/seldon/Documents/gitrepo/rm.cv.std.ros2_transplant/install/my_interfaces/share/my_interfaces/msg/RobotCmd.msg
[0.791s] -- Up-to-date: /home/seldon/Documents/gitrepo/rm.cv.std.ros2_transplant/install/my_interfaces/share/my_interfaces/msg/RobotStatus.msg
[0.791s] -- Up-to-date: /home/seldon/Documents/gitrepo/rm.cv.std.ros2_transplant/install/my_interfaces/share/my_interfaces/msg/DetectedArmor.msg
[0.791s] -- Up-to-date: /home/seldon/Documents/gitrepo/rm.cv.std.ros2_transplant/install/my_interfaces/share/my_interfaces/msg/DetectionResult.msg
[0.791s] -- Up-to-date: /home/seldon/Documents/gitrepo/rm.cv.std.ros2_transplant/install/my_interfaces/share/my_interfaces/msg/ReloadFlag.msg
[0.791s] -- Up-to-date: /home/seldon/Documents/gitrepo/rm.cv.std.ros2_transplant/install/my_interfaces/share/my_interfaces/srv/DebugInfo.srv
[0.791s] -- Up-to-date: /home/seldon/Documents/gitrepo/rm.cv.std.ros2_transplant/install/my_interfaces/share/my_interfaces/srv/DebugInfo_Request.msg
[0.791s] -- Up-to-date: /home/seldon/Documents/gitrepo/rm.cv.std.ros2_transplant/install/my_interfaces/share/my_interfaces/srv/DebugInfo_Response.msg
[0.791s] -- Up-to-date: /home/seldon/Documents/gitrepo/rm.cv.std.ros2_transplant/install/my_interfaces/share/ament_index/resource_index/package_run_dependencies/my_interfaces
[0.791s] -- Up-to-date: /home/seldon/Documents/gitrepo/rm.cv.std.ros2_transplant/install/my_interfaces/share/ament_index/resource_index/parent_prefix_path/my_interfaces
[0.791s] -- Up-to-date: /home/seldon/Documents/gitrepo/rm.cv.std.ros2_transplant/install/my_interfaces/share/my_interfaces/environment/ament_prefix_path.sh
[0.792s] -- Up-to-date: /home/seldon/Documents/gitrepo/rm.cv.std.ros2_transplant/install/my_interfaces/share/my_interfaces/environment/ament_prefix_path.dsv
[0.792s] -- Up-to-date: /home/seldon/Documents/gitrepo/rm.cv.std.ros2_transplant/install/my_interfaces/share/my_interfaces/environment/path.sh
[0.792s] -- Up-to-date: /home/seldon/Documents/gitrepo/rm.cv.std.ros2_transplant/install/my_interfaces/share/my_interfaces/environment/path.dsv
[0.792s] -- Up-to-date: /home/seldon/Documents/gitrepo/rm.cv.std.ros2_transplant/install/my_interfaces/share/my_interfaces/local_setup.bash
[0.793s] -- Up-to-date: /home/seldon/Documents/gitrepo/rm.cv.std.ros2_transplant/install/my_interfaces/share/my_interfaces/local_setup.sh
[0.793s] -- Up-to-date: /home/seldon/Documents/gitrepo/rm.cv.std.ros2_transplant/install/my_interfaces/share/my_interfaces/local_setup.zsh
[0.793s] -- Up-to-date: /home/seldon/Documents/gitrepo/rm.cv.std.ros2_transplant/install/my_interfaces/share/my_interfaces/local_setup.dsv
[0.793s] -- Installing: /home/seldon/Documents/gitrepo/rm.cv.std.ros2_transplant/install/my_interfaces/share/my_interfaces/package.dsv
[0.793s] -- Up-to-date: /home/seldon/Documents/gitrepo/rm.cv.std.ros2_transplant/install/my_interfaces/share/ament_index/resource_index/packages/my_interfaces
[0.793s] -- Up-to-date: /home/seldon/Documents/gitrepo/rm.cv.std.ros2_transplant/install/my_interfaces/share/my_interfaces/cmake/export_my_interfaces__rosidl_generator_cExport.cmake
[0.794s] -- Up-to-date: /home/seldon/Documents/gitrepo/rm.cv.std.ros2_transplant/install/my_interfaces/share/my_interfaces/cmake/export_my_interfaces__rosidl_generator_cExport-noconfig.cmake
[0.794s] -- Up-to-date: /home/seldon/Documents/gitrepo/rm.cv.std.ros2_transplant/install/my_interfaces/share/my_interfaces/cmake/export_my_interfaces__rosidl_typesupport_fastrtps_cExport.cmake
[0.794s] -- Up-to-date: /home/seldon/Documents/gitrepo/rm.cv.std.ros2_transplant/install/my_interfaces/share/my_interfaces/cmake/export_my_interfaces__rosidl_typesupport_fastrtps_cExport-noconfig.cmake
[0.794s] -- Up-to-date: /home/seldon/Documents/gitrepo/rm.cv.std.ros2_transplant/install/my_interfaces/share/my_interfaces/cmake/export_my_interfaces__rosidl_generator_cppExport.cmake
[0.794s] -- Up-to-date: /home/seldon/Documents/gitrepo/rm.cv.std.ros2_transplant/install/my_interfaces/share/my_interfaces/cmake/export_my_interfaces__rosidl_typesupport_fastrtps_cppExport.cmake
[0.794s] -- Up-to-date: /home/seldon/Documents/gitrepo/rm.cv.std.ros2_transplant/install/my_interfaces/share/my_interfaces/cmake/export_my_interfaces__rosidl_typesupport_fastrtps_cppExport-noconfig.cmake
[0.795s] -- Up-to-date: /home/seldon/Documents/gitrepo/rm.cv.std.ros2_transplant/install/my_interfaces/share/my_interfaces/cmake/my_interfaces__rosidl_typesupport_introspection_cExport.cmake
[0.795s] -- Up-to-date: /home/seldon/Documents/gitrepo/rm.cv.std.ros2_transplant/install/my_interfaces/share/my_interfaces/cmake/my_interfaces__rosidl_typesupport_introspection_cExport-noconfig.cmake
[0.795s] -- Up-to-date: /home/seldon/Documents/gitrepo/rm.cv.std.ros2_transplant/install/my_interfaces/share/my_interfaces/cmake/my_interfaces__rosidl_typesupport_cExport.cmake
[0.795s] -- Up-to-date: /home/seldon/Documents/gitrepo/rm.cv.std.ros2_transplant/install/my_interfaces/share/my_interfaces/cmake/my_interfaces__rosidl_typesupport_cExport-noconfig.cmake
[0.795s] -- Up-to-date: /home/seldon/Documents/gitrepo/rm.cv.std.ros2_transplant/install/my_interfaces/share/my_interfaces/cmake/my_interfaces__rosidl_typesupport_introspection_cppExport.cmake
[0.795s] -- Up-to-date: /home/seldon/Documents/gitrepo/rm.cv.std.ros2_transplant/install/my_interfaces/share/my_interfaces/cmake/my_interfaces__rosidl_typesupport_introspection_cppExport-noconfig.cmake
[0.795s] -- Up-to-date: /home/seldon/Documents/gitrepo/rm.cv.std.ros2_transplant/install/my_interfaces/share/my_interfaces/cmake/my_interfaces__rosidl_typesupport_cppExport.cmake
[0.796s] -- Up-to-date: /home/seldon/Documents/gitrepo/rm.cv.std.ros2_transplant/install/my_interfaces/share/my_interfaces/cmake/my_interfaces__rosidl_typesupport_cppExport-noconfig.cmake
[0.796s] -- Up-to-date: /home/seldon/Documents/gitrepo/rm.cv.std.ros2_transplant/install/my_interfaces/share/my_interfaces/cmake/export_my_interfaces__rosidl_generator_pyExport.cmake
[0.796s] -- Up-to-date: /home/seldon/Documents/gitrepo/rm.cv.std.ros2_transplant/install/my_interfaces/share/my_interfaces/cmake/export_my_interfaces__rosidl_generator_pyExport-noconfig.cmake
[0.796s] -- Up-to-date: /home/seldon/Documents/gitrepo/rm.cv.std.ros2_transplant/install/my_interfaces/share/my_interfaces/cmake/rosidl_cmake-extras.cmake
[0.796s] -- Up-to-date: /home/seldon/Documents/gitrepo/rm.cv.std.ros2_transplant/install/my_interfaces/share/my_interfaces/cmake/ament_cmake_export_dependencies-extras.cmake
[0.796s] -- Up-to-date: /home/seldon/Documents/gitrepo/rm.cv.std.ros2_transplant/install/my_interfaces/share/my_interfaces/cmake/ament_cmake_export_include_directories-extras.cmake
[0.796s] -- Up-to-date: /home/seldon/Documents/gitrepo/rm.cv.std.ros2_transplant/install/my_interfaces/share/my_interfaces/cmake/ament_cmake_export_libraries-extras.cmake
[0.797s] -- Up-to-date: /home/seldon/Documents/gitrepo/rm.cv.std.ros2_transplant/install/my_interfaces/share/my_interfaces/cmake/ament_cmake_export_targets-extras.cmake
[0.797s] -- Up-to-date: /home/seldon/Documents/gitrepo/rm.cv.std.ros2_transplant/install/my_interfaces/share/my_interfaces/cmake/rosidl_cmake_export_typesupport_targets-extras.cmake
[0.797s] -- Up-to-date: /home/seldon/Documents/gitrepo/rm.cv.std.ros2_transplant/install/my_interfaces/share/my_interfaces/cmake/rosidl_cmake_export_typesupport_libraries-extras.cmake
[0.797s] -- Up-to-date: /home/seldon/Documents/gitrepo/rm.cv.std.ros2_transplant/install/my_interfaces/share/my_interfaces/cmake/my_interfacesConfig.cmake
[0.797s] -- Up-to-date: /home/seldon/Documents/gitrepo/rm.cv.std.ros2_transplant/install/my_interfaces/share/my_interfaces/cmake/my_interfacesConfig-version.cmake
[0.797s] -- Up-to-date: /home/seldon/Documents/gitrepo/rm.cv.std.ros2_transplant/install/my_interfaces/share/my_interfaces/package.xml
[0.797s] Invoked command in '/home/seldon/Documents/gitrepo/rm.cv.std.ros2_transplant/build/my_interfaces' returned '0': CMAKE_PREFIX_PATH=${CMAKE_PREFIX_PATH}:/home/seldon/Documents/gitrepo/rm.cv.std.ros2_transplant/install/web_debugger:/opt/ros/humble /usr/bin/cmake --install /home/seldon/Documents/gitrepo/rm.cv.std.ros2_transplant/build/my_interfaces
