[0.163s] Invoking command in '/home/seldon/Documents/gitrepo/rm.cv.std.ros2_transplant/build/file_io': CMAKE_PREFIX_PATH=/home/seldon/Documents/gitrepo/rm.cv.std.ros2_transplant/install/my_interfaces:/home/seldon/Documents/gitrepo/rm.cv.std.ros2_transplant/install/sensor:/home/seldon/Documents/gitrepo/rm.cv.std.ros2_transplant/install/enemy_predictor:/home/seldon/Documents/gitrepo/rm.cv.std.ros2_transplant/install/armor_detector:/home/seldon/Documents/gitrepo/rm.cv.std.ros2_transplant/install/ros2addon:/home/seldon/Documents/gitrepo/rm.cv.std.ros2_transplant/install/record:/home/seldon/Documents/gitrepo/rm.cv.std.ros2_transplant/install/param:/home/seldon/Documents/gitrepo/rm.cv.std.ros2_transplant/install/io_debug_v2:/home/seldon/Documents/gitrepo/rm.cv.std.ros2_transplant/install/file_io:/home/seldon/Documents/gitrepo/rm.cv.std.ros2_transplant/install/fast_record:/home/seldon/Documents/gitrepo/rm.cv.std.ros2_transplant/install/coreio:/home/seldon/Documents/gitrepo/rm.cv.std.ros2_transplant/install/calib:/home/seldon/Documents/gitrepo/rm.cv.std.ros2_transplant/install/aimer_base:/home/seldon/Documents/gitrepo/rm.cv.std.ros2_transplant/install/web_debugger:/opt/ros/humble LD_LIBRARY_PATH=/home/seldon/Documents/gitrepo/rm.cv.std.ros2_transplant/install/my_interfaces/lib:/home/seldon/Documents/gitrepo/rm.cv.std.ros2_transplant/install/sensor/lib:/home/seldon/Documents/gitrepo/rm.cv.std.ros2_transplant/install/enemy_predictor/lib:/home/seldon/Documents/gitrepo/rm.cv.std.ros2_transplant/install/armor_detector/lib:/home/seldon/Documents/gitrepo/rm.cv.std.ros2_transplant/install/ros2addon/lib:/home/seldon/Documents/gitrepo/rm.cv.std.ros2_transplant/install/record/lib:/home/seldon/Documents/gitrepo/rm.cv.std.ros2_transplant/install/io_debug_v2/lib:/home/seldon/Documents/gitrepo/rm.cv.std.ros2_transplant/install/file_io/lib:/home/seldon/Documents/gitrepo/rm.cv.std.ros2_transplant/install/fast_record/lib:/home/seldon/Documents/gitrepo/rm.cv.std.ros2_transplant/install/coreio/lib:/home/seldon/Documents/gitrepo/rm.cv.std.ros2_transplant/install/calib/lib:/home/seldon/Documents/gitrepo/rm.cv.std.ros2_transplant/install/aimer_base/lib:/usr/local/cuda/lib64:/opt/MVS/lib/64:/opt/MVS/lib/32:/usr/local/cuda/lib64:/usr/local/cuda/lib64:/opt/MVS/lib/64:/opt/MVS/lib/32:/opt/ros/humble/opt/rviz_ogre_vendor/lib:/opt/ros/humble/lib/x86_64-linux-gnu:/opt/ros/humble/lib:/usr/local/cuda/lib64:/opt/MVS/lib/64:/opt/MVS/lib/32:/opt/MVS/lib/64:/opt/MVS/lib/32 /usr/bin/cmake --build /home/seldon/Documents/gitrepo/rm.cv.std.ros2_transplant/build/file_io -- -j20 -l20
[0.175s] -- Found ament_cmake: 1.3.8 (/opt/ros/humble/share/ament_cmake/cmake)
[0.243s] -- Found rclcpp: 16.0.8 (/opt/ros/humble/share/rclcpp/cmake)
[0.260s] -- Found rosidl_generator_c: 3.1.5 (/opt/ros/humble/share/rosidl_generator_c/cmake)
[0.261s] -- Found rosidl_adapter: 3.1.5 (/opt/ros/humble/share/rosidl_adapter/cmake)
[0.264s] -- Found rosidl_generator_cpp: 3.1.5 (/opt/ros/humble/share/rosidl_generator_cpp/cmake)
[0.271s] -- Using all available rosidl_typesupport_c: rosidl_typesupport_fastrtps_c;rosidl_typesupport_introspection_c
[0.282s] -- Using all available rosidl_typesupport_cpp: rosidl_typesupport_fastrtps_cpp;rosidl_typesupport_introspection_cpp
[0.318s] -- Found rmw_implementation_cmake: 6.1.1 (/opt/ros/humble/share/rmw_implementation_cmake/cmake)
[0.319s] -- Found rmw_fastrtps_cpp: 6.2.6 (/opt/ros/humble/share/rmw_fastrtps_cpp/cmake)
[0.405s] -- Using RMW implementation 'rmw_fastrtps_cpp' as default
[0.506s] -- Found rclcpp_components: 16.0.8 (/opt/ros/humble/share/rclcpp_components/cmake)
[0.543s] -- Found my_interfaces: 0.0.0 (/home/seldon/Documents/gitrepo/rm.cv.std.ros2_transplant/install/my_interfaces/share/my_interfaces/cmake)
[0.723s] -- Found image_transport: 3.1.8 (/opt/ros/humble/share/image_transport/cmake)
[0.746s] -- Found camera_info_manager: 3.1.8 (/opt/ros/humble/share/camera_info_manager/cmake)
[0.775s] -- Found cv_bridge: 3.2.1 (/opt/ros/humble/share/cv_bridge/cmake)
[0.786s] -- Found ament_lint_auto: 0.12.10 (/opt/ros/humble/share/ament_lint_auto/cmake)
[0.833s] -- Added test 'cppcheck' to perform static code analysis on C / C++ code
[0.833s] -- Configured cppcheck include dirs: $<BUILD_INTERFACE:/home/seldon/Documents/gitrepo/rm.cv.std.ros2_transplant/src/file_io/>
[0.833s] -- Configured cppcheck exclude dirs and/or files: 
[0.833s] -- Added test 'lint_cmake' to check CMake code style
[0.835s] -- Added test 'uncrustify' to check C / C++ code style
[0.835s] -- Configured uncrustify additional arguments: 
[0.835s] -- Added test 'xmllint' to check XML markup files
[0.836s] -- Configuring done
[0.851s] -- Generating done
[0.852s] -- Build files have been written to: /home/seldon/Documents/gitrepo/rm.cv.std.ros2_transplant/build/file_io
[0.871s] [ 30%] Built target utils
[0.873s] [ 46%] Built target fakeio_node
[0.879s] [ 69%] Built target minipc_comm
[0.894s] [100%] Built target file_io
[0.894s] [100%] Built target fakeio
[0.904s] Invoked command in '/home/seldon/Documents/gitrepo/rm.cv.std.ros2_transplant/build/file_io' returned '0': CMAKE_PREFIX_PATH=/home/seldon/Documents/gitrepo/rm.cv.std.ros2_transplant/install/my_interfaces:/home/seldon/Documents/gitrepo/rm.cv.std.ros2_transplant/install/sensor:/home/seldon/Documents/gitrepo/rm.cv.std.ros2_transplant/install/enemy_predictor:/home/seldon/Documents/gitrepo/rm.cv.std.ros2_transplant/install/armor_detector:/home/seldon/Documents/gitrepo/rm.cv.std.ros2_transplant/install/ros2addon:/home/seldon/Documents/gitrepo/rm.cv.std.ros2_transplant/install/record:/home/seldon/Documents/gitrepo/rm.cv.std.ros2_transplant/install/param:/home/seldon/Documents/gitrepo/rm.cv.std.ros2_transplant/install/io_debug_v2:/home/seldon/Documents/gitrepo/rm.cv.std.ros2_transplant/install/file_io:/home/seldon/Documents/gitrepo/rm.cv.std.ros2_transplant/install/fast_record:/home/seldon/Documents/gitrepo/rm.cv.std.ros2_transplant/install/coreio:/home/seldon/Documents/gitrepo/rm.cv.std.ros2_transplant/install/calib:/home/seldon/Documents/gitrepo/rm.cv.std.ros2_transplant/install/aimer_base:/home/seldon/Documents/gitrepo/rm.cv.std.ros2_transplant/install/web_debugger:/opt/ros/humble LD_LIBRARY_PATH=/home/seldon/Documents/gitrepo/rm.cv.std.ros2_transplant/install/my_interfaces/lib:/home/seldon/Documents/gitrepo/rm.cv.std.ros2_transplant/install/sensor/lib:/home/seldon/Documents/gitrepo/rm.cv.std.ros2_transplant/install/enemy_predictor/lib:/home/seldon/Documents/gitrepo/rm.cv.std.ros2_transplant/install/armor_detector/lib:/home/seldon/Documents/gitrepo/rm.cv.std.ros2_transplant/install/ros2addon/lib:/home/seldon/Documents/gitrepo/rm.cv.std.ros2_transplant/install/record/lib:/home/seldon/Documents/gitrepo/rm.cv.std.ros2_transplant/install/io_debug_v2/lib:/home/seldon/Documents/gitrepo/rm.cv.std.ros2_transplant/install/file_io/lib:/home/seldon/Documents/gitrepo/rm.cv.std.ros2_transplant/install/fast_record/lib:/home/seldon/Documents/gitrepo/rm.cv.std.ros2_transplant/install/coreio/lib:/home/seldon/Documents/gitrepo/rm.cv.std.ros2_transplant/install/calib/lib:/home/seldon/Documents/gitrepo/rm.cv.std.ros2_transplant/install/aimer_base/lib:/usr/local/cuda/lib64:/opt/MVS/lib/64:/opt/MVS/lib/32:/usr/local/cuda/lib64:/usr/local/cuda/lib64:/opt/MVS/lib/64:/opt/MVS/lib/32:/opt/ros/humble/opt/rviz_ogre_vendor/lib:/opt/ros/humble/lib/x86_64-linux-gnu:/opt/ros/humble/lib:/usr/local/cuda/lib64:/opt/MVS/lib/64:/opt/MVS/lib/32:/opt/MVS/lib/64:/opt/MVS/lib/32 /usr/bin/cmake --build /home/seldon/Documents/gitrepo/rm.cv.std.ros2_transplant/build/file_io -- -j20 -l20
[0.971s] Invoking command in '/home/seldon/Documents/gitrepo/rm.cv.std.ros2_transplant/build/file_io': CMAKE_PREFIX_PATH=/home/seldon/Documents/gitrepo/rm.cv.std.ros2_transplant/install/my_interfaces:/home/seldon/Documents/gitrepo/rm.cv.std.ros2_transplant/install/sensor:/home/seldon/Documents/gitrepo/rm.cv.std.ros2_transplant/install/enemy_predictor:/home/seldon/Documents/gitrepo/rm.cv.std.ros2_transplant/install/armor_detector:/home/seldon/Documents/gitrepo/rm.cv.std.ros2_transplant/install/ros2addon:/home/seldon/Documents/gitrepo/rm.cv.std.ros2_transplant/install/record:/home/seldon/Documents/gitrepo/rm.cv.std.ros2_transplant/install/param:/home/seldon/Documents/gitrepo/rm.cv.std.ros2_transplant/install/io_debug_v2:/home/seldon/Documents/gitrepo/rm.cv.std.ros2_transplant/install/file_io:/home/seldon/Documents/gitrepo/rm.cv.std.ros2_transplant/install/fast_record:/home/seldon/Documents/gitrepo/rm.cv.std.ros2_transplant/install/coreio:/home/seldon/Documents/gitrepo/rm.cv.std.ros2_transplant/install/calib:/home/seldon/Documents/gitrepo/rm.cv.std.ros2_transplant/install/aimer_base:/home/seldon/Documents/gitrepo/rm.cv.std.ros2_transplant/install/web_debugger:/opt/ros/humble LD_LIBRARY_PATH=/home/seldon/Documents/gitrepo/rm.cv.std.ros2_transplant/install/my_interfaces/lib:/home/seldon/Documents/gitrepo/rm.cv.std.ros2_transplant/install/sensor/lib:/home/seldon/Documents/gitrepo/rm.cv.std.ros2_transplant/install/enemy_predictor/lib:/home/seldon/Documents/gitrepo/rm.cv.std.ros2_transplant/install/armor_detector/lib:/home/seldon/Documents/gitrepo/rm.cv.std.ros2_transplant/install/ros2addon/lib:/home/seldon/Documents/gitrepo/rm.cv.std.ros2_transplant/install/record/lib:/home/seldon/Documents/gitrepo/rm.cv.std.ros2_transplant/install/io_debug_v2/lib:/home/seldon/Documents/gitrepo/rm.cv.std.ros2_transplant/install/file_io/lib:/home/seldon/Documents/gitrepo/rm.cv.std.ros2_transplant/install/fast_record/lib:/home/seldon/Documents/gitrepo/rm.cv.std.ros2_transplant/install/coreio/lib:/home/seldon/Documents/gitrepo/rm.cv.std.ros2_transplant/install/calib/lib:/home/seldon/Documents/gitrepo/rm.cv.std.ros2_transplant/install/aimer_base/lib:/usr/local/cuda/lib64:/opt/MVS/lib/64:/opt/MVS/lib/32:/usr/local/cuda/lib64:/usr/local/cuda/lib64:/opt/MVS/lib/64:/opt/MVS/lib/32:/opt/ros/humble/opt/rviz_ogre_vendor/lib:/opt/ros/humble/lib/x86_64-linux-gnu:/opt/ros/humble/lib:/usr/local/cuda/lib64:/opt/MVS/lib/64:/opt/MVS/lib/32:/opt/MVS/lib/64:/opt/MVS/lib/32 /usr/bin/cmake --install /home/seldon/Documents/gitrepo/rm.cv.std.ros2_transplant/build/file_io
[0.973s] -- Install configuration: ""
[0.973s] -- Up-to-date: /home/seldon/Documents/gitrepo/rm.cv.std.ros2_transplant/install/file_io/lib/libfile_io.so
[0.973s] -- Up-to-date: /home/seldon/Documents/gitrepo/rm.cv.std.ros2_transplant/install/file_io/lib/libfakeio.so
[0.973s] -- Up-to-date: /home/seldon/Documents/gitrepo/rm.cv.std.ros2_transplant/install/file_io/lib/file_io/fakeio_node
[0.973s] -- Installing: /home/seldon/Documents/gitrepo/rm.cv.std.ros2_transplant/install/file_io/share/fakeio/launch
[0.974s] -- Up-to-date: /home/seldon/Documents/gitrepo/rm.cv.std.ros2_transplant/install/file_io/share/ament_index/resource_index/package_run_dependencies/file_io
[0.974s] -- Up-to-date: /home/seldon/Documents/gitrepo/rm.cv.std.ros2_transplant/install/file_io/share/ament_index/resource_index/parent_prefix_path/file_io
[0.974s] -- Up-to-date: /home/seldon/Documents/gitrepo/rm.cv.std.ros2_transplant/install/file_io/share/file_io/environment/ament_prefix_path.sh
[0.974s] -- Installing: /home/seldon/Documents/gitrepo/rm.cv.std.ros2_transplant/install/file_io/share/file_io/environment/ament_prefix_path.dsv
[0.974s] -- Up-to-date: /home/seldon/Documents/gitrepo/rm.cv.std.ros2_transplant/install/file_io/share/file_io/environment/path.sh
[0.974s] -- Installing: /home/seldon/Documents/gitrepo/rm.cv.std.ros2_transplant/install/file_io/share/file_io/environment/path.dsv
[0.975s] -- Up-to-date: /home/seldon/Documents/gitrepo/rm.cv.std.ros2_transplant/install/file_io/share/file_io/local_setup.bash
[0.975s] -- Up-to-date: /home/seldon/Documents/gitrepo/rm.cv.std.ros2_transplant/install/file_io/share/file_io/local_setup.sh
[0.975s] -- Up-to-date: /home/seldon/Documents/gitrepo/rm.cv.std.ros2_transplant/install/file_io/share/file_io/local_setup.zsh
[0.975s] -- Installing: /home/seldon/Documents/gitrepo/rm.cv.std.ros2_transplant/install/file_io/share/file_io/local_setup.dsv
[0.975s] -- Installing: /home/seldon/Documents/gitrepo/rm.cv.std.ros2_transplant/install/file_io/share/file_io/package.dsv
[0.975s] -- Up-to-date: /home/seldon/Documents/gitrepo/rm.cv.std.ros2_transplant/install/file_io/share/ament_index/resource_index/packages/file_io
[0.975s] -- Up-to-date: /home/seldon/Documents/gitrepo/rm.cv.std.ros2_transplant/install/file_io/share/ament_index/resource_index/rclcpp_components/file_io
[0.975s] -- Up-to-date: /home/seldon/Documents/gitrepo/rm.cv.std.ros2_transplant/install/file_io/share/file_io/cmake/file_ioConfig.cmake
[0.976s] -- Up-to-date: /home/seldon/Documents/gitrepo/rm.cv.std.ros2_transplant/install/file_io/share/file_io/cmake/file_ioConfig-version.cmake
[0.976s] -- Up-to-date: /home/seldon/Documents/gitrepo/rm.cv.std.ros2_transplant/install/file_io/share/file_io/package.xml
[1.083s] Invoked command in '/home/seldon/Documents/gitrepo/rm.cv.std.ros2_transplant/build/file_io' returned '0': CMAKE_PREFIX_PATH=/home/seldon/Documents/gitrepo/rm.cv.std.ros2_transplant/install/my_interfaces:/home/seldon/Documents/gitrepo/rm.cv.std.ros2_transplant/install/sensor:/home/seldon/Documents/gitrepo/rm.cv.std.ros2_transplant/install/enemy_predictor:/home/seldon/Documents/gitrepo/rm.cv.std.ros2_transplant/install/armor_detector:/home/seldon/Documents/gitrepo/rm.cv.std.ros2_transplant/install/ros2addon:/home/seldon/Documents/gitrepo/rm.cv.std.ros2_transplant/install/record:/home/seldon/Documents/gitrepo/rm.cv.std.ros2_transplant/install/param:/home/seldon/Documents/gitrepo/rm.cv.std.ros2_transplant/install/io_debug_v2:/home/seldon/Documents/gitrepo/rm.cv.std.ros2_transplant/install/file_io:/home/seldon/Documents/gitrepo/rm.cv.std.ros2_transplant/install/fast_record:/home/seldon/Documents/gitrepo/rm.cv.std.ros2_transplant/install/coreio:/home/seldon/Documents/gitrepo/rm.cv.std.ros2_transplant/install/calib:/home/seldon/Documents/gitrepo/rm.cv.std.ros2_transplant/install/aimer_base:/home/seldon/Documents/gitrepo/rm.cv.std.ros2_transplant/install/web_debugger:/opt/ros/humble LD_LIBRARY_PATH=/home/seldon/Documents/gitrepo/rm.cv.std.ros2_transplant/install/my_interfaces/lib:/home/seldon/Documents/gitrepo/rm.cv.std.ros2_transplant/install/sensor/lib:/home/seldon/Documents/gitrepo/rm.cv.std.ros2_transplant/install/enemy_predictor/lib:/home/seldon/Documents/gitrepo/rm.cv.std.ros2_transplant/install/armor_detector/lib:/home/seldon/Documents/gitrepo/rm.cv.std.ros2_transplant/install/ros2addon/lib:/home/seldon/Documents/gitrepo/rm.cv.std.ros2_transplant/install/record/lib:/home/seldon/Documents/gitrepo/rm.cv.std.ros2_transplant/install/io_debug_v2/lib:/home/seldon/Documents/gitrepo/rm.cv.std.ros2_transplant/install/file_io/lib:/home/seldon/Documents/gitrepo/rm.cv.std.ros2_transplant/install/fast_record/lib:/home/seldon/Documents/gitrepo/rm.cv.std.ros2_transplant/install/coreio/lib:/home/seldon/Documents/gitrepo/rm.cv.std.ros2_transplant/install/calib/lib:/home/seldon/Documents/gitrepo/rm.cv.std.ros2_transplant/install/aimer_base/lib:/usr/local/cuda/lib64:/opt/MVS/lib/64:/opt/MVS/lib/32:/usr/local/cuda/lib64:/usr/local/cuda/lib64:/opt/MVS/lib/64:/opt/MVS/lib/32:/opt/ros/humble/opt/rviz_ogre_vendor/lib:/opt/ros/humble/lib/x86_64-linux-gnu:/opt/ros/humble/lib:/usr/local/cuda/lib64:/opt/MVS/lib/64:/opt/MVS/lib/32:/opt/MVS/lib/64:/opt/MVS/lib/32 /usr/bin/cmake --install /home/seldon/Documents/gitrepo/rm.cv.std.ros2_transplant/build/file_io
