-- The C compiler identification is GNU 11.4.0
-- The CXX compiler identification is GNU 11.4.0
-- Detecting C compiler ABI info
-- Detecting C compiler ABI info - done
-- Check for working C compiler: /usr/bin/cc - skipped
-- Detecting C compile features
-- Detecting C compile features - done
-- Detecting CXX compiler ABI info
-- Detecting CXX compiler ABI info - done
-- Check for working CXX compiler: /usr/bin/c++ - skipped
-- Detecting CXX compile features
-- Detecting CXX compile features - done
-- Found ament_cmake: 1.3.8 (/opt/ros/humble/share/ament_cmake/cmake)
-- Found Python3: /usr/bin/python3 (found version "3.10.12") found components: Interpreter 
-- Found rclcpp: 16.0.8 (/opt/ros/humble/share/rclcpp/cmake)
-- Found rosidl_generator_c: 3.1.5 (/opt/ros/humble/share/rosidl_generator_c/cmake)
-- Found rosidl_adapter: 3.1.5 (/opt/ros/humble/share/rosidl_adapter/cmake)
-- Found rosidl_generator_cpp: 3.1.5 (/opt/ros/humble/share/rosidl_generator_cpp/cmake)
-- Using all available rosidl_typesupport_c: rosidl_typesupport_fastrtps_c;rosidl_typesupport_introspection_c
-- Using all available rosidl_typesupport_cpp: rosidl_typesupport_fastrtps_cpp;rosidl_typesupport_introspection_cpp
-- Found rmw_implementation_cmake: 6.1.1 (/opt/ros/humble/share/rmw_implementation_cmake/cmake)
-- Found rmw_fastrtps_cpp: 6.2.6 (/opt/ros/humble/share/rmw_fastrtps_cpp/cmake)
-- Found OpenSSL: /usr/lib/x86_64-linux-gnu/libcrypto.so (found version "3.0.2")  
-- Found FastRTPS: /opt/ros/humble/include  
-- Using RMW implementation 'rmw_fastrtps_cpp' as default
-- Performing Test CMAKE_HAVE_LIBC_PTHREAD
-- Performing Test CMAKE_HAVE_LIBC_PTHREAD - Success
-- Found Threads: TRUE  
-- Found my_interfaces: 0.0.0 (/home/seldon/Documents/gitrepo/rm.cv.std.ros2_transplant/install/my_interfaces/share/my_interfaces/cmake)
-- Found rclcpp_components: 16.0.8 (/opt/ros/humble/share/rclcpp_components/cmake)
-- Found ament_lint_auto: 0.12.10 (/opt/ros/humble/share/ament_lint_auto/cmake)
-- Added test 'cppcheck' to perform static code analysis on C / C++ code
-- Configured cppcheck include dirs: $<BUILD_INTERFACE:/home/seldon/Documents/gitrepo/rm.cv.std.ros2_transplant/src/io_debug/>
-- Configured cppcheck exclude dirs and/or files: 
-- Added test 'lint_cmake' to check CMake code style
-- Added test 'uncrustify' to check C / C++ code style
-- Configured uncrustify additional arguments: 
-- Added test 'xmllint' to check XML markup files
-- Configuring done
-- Generating done
-- Build files have been written to: /home/seldon/Documents/gitrepo/rm.cv.std.ros2_transplant/build/io_debug_v2
[  7%] [32mBuilding CXX object CMakeFiles/io_debug_v2_node.dir/rclcpp_components/node_main_io_debug_v2_node.cpp.o[0m
[ 14%] [32mBuilding CXX object serial/CMakeFiles/serial.dir/src/impl/unix.cc.o[0m
[ 21%] [32mBuilding CXX object serial/CMakeFiles/serial.dir/src/impl/list_ports/list_ports_linux.cc.o[0m
[ 28%] [32mBuilding CXX object minipc_comm/CMakeFiles/minipc_comm.dir/crc.cpp.o[0m
[ 35%] [32mBuilding CXX object minipc_comm/CMakeFiles/minipc_comm.dir/connect.cpp.o[0m
[ 42%] [32mBuilding CXX object minipc_comm/CMakeFiles/minipc_comm.dir/fifo_buffer.cpp.o[0m
[ 50%] [32mBuilding CXX object serial/CMakeFiles/serial.dir/src/serial.cc.o[0m
[ 57%] [32mBuilding CXX object minipc_comm/CMakeFiles/minipc_comm.dir/robot_comm_middleware.cpp.o[0m
[ 64%] [32mBuilding CXX object minipc_comm/CMakeFiles/minipc_comm.dir/minipc_comm.cpp.o[0m
[ 71%] [32m[1mLinking CXX static library libserial.a[0m
[ 71%] Built target serial
[ 78%] [32m[1mLinking CXX static library libminipc_comm.a[0m
[ 78%] Built target minipc_comm
[ 85%] [32mBuilding CXX object CMakeFiles/io_debug_v2.dir/src/coreio_v2.cpp.o[0m
[ 92%] [32m[1mLinking CXX executable io_debug_v2_node[0m
[ 92%] Built target io_debug_v2_node
[100%] [32m[1mLinking CXX shared library libio_debug_v2.so[0m
[100%] Built target io_debug_v2
-- Install configuration: ""
-- Installing: /home/seldon/Documents/gitrepo/rm.cv.std.ros2_transplant/install/io_debug_v2/lib/libio_debug_v2.so
-- Set runtime path of "/home/seldon/Documents/gitrepo/rm.cv.std.ros2_transplant/install/io_debug_v2/lib/libio_debug_v2.so" to ""
-- Installing: /home/seldon/Documents/gitrepo/rm.cv.std.ros2_transplant/install/io_debug_v2/lib/io_debug_v2/io_debug_v2_node
-- Set runtime path of "/home/seldon/Documents/gitrepo/rm.cv.std.ros2_transplant/install/io_debug_v2/lib/io_debug_v2/io_debug_v2_node" to ""
-- Installing: /home/seldon/Documents/gitrepo/rm.cv.std.ros2_transplant/install/io_debug_v2/share/ament_index/resource_index/package_run_dependencies/io_debug_v2
-- Installing: /home/seldon/Documents/gitrepo/rm.cv.std.ros2_transplant/install/io_debug_v2/share/ament_index/resource_index/parent_prefix_path/io_debug_v2
-- Installing: /home/seldon/Documents/gitrepo/rm.cv.std.ros2_transplant/install/io_debug_v2/share/io_debug_v2/environment/ament_prefix_path.sh
-- Installing: /home/seldon/Documents/gitrepo/rm.cv.std.ros2_transplant/install/io_debug_v2/share/io_debug_v2/environment/ament_prefix_path.dsv
-- Installing: /home/seldon/Documents/gitrepo/rm.cv.std.ros2_transplant/install/io_debug_v2/share/io_debug_v2/environment/path.sh
-- Installing: /home/seldon/Documents/gitrepo/rm.cv.std.ros2_transplant/install/io_debug_v2/share/io_debug_v2/environment/path.dsv
-- Installing: /home/seldon/Documents/gitrepo/rm.cv.std.ros2_transplant/install/io_debug_v2/share/io_debug_v2/local_setup.bash
-- Installing: /home/seldon/Documents/gitrepo/rm.cv.std.ros2_transplant/install/io_debug_v2/share/io_debug_v2/local_setup.sh
-- Installing: /home/seldon/Documents/gitrepo/rm.cv.std.ros2_transplant/install/io_debug_v2/share/io_debug_v2/local_setup.zsh
-- Installing: /home/seldon/Documents/gitrepo/rm.cv.std.ros2_transplant/install/io_debug_v2/share/io_debug_v2/local_setup.dsv
-- Installing: /home/seldon/Documents/gitrepo/rm.cv.std.ros2_transplant/install/io_debug_v2/share/io_debug_v2/package.dsv
-- Installing: /home/seldon/Documents/gitrepo/rm.cv.std.ros2_transplant/install/io_debug_v2/share/ament_index/resource_index/packages/io_debug_v2
-- Installing: /home/seldon/Documents/gitrepo/rm.cv.std.ros2_transplant/install/io_debug_v2/share/ament_index/resource_index/rclcpp_components/io_debug_v2
-- Installing: /home/seldon/Documents/gitrepo/rm.cv.std.ros2_transplant/install/io_debug_v2/share/io_debug_v2/cmake/io_debug_v2Config.cmake
-- Installing: /home/seldon/Documents/gitrepo/rm.cv.std.ros2_transplant/install/io_debug_v2/share/io_debug_v2/cmake/io_debug_v2Config-version.cmake
-- Installing: /home/seldon/Documents/gitrepo/rm.cv.std.ros2_transplant/install/io_debug_v2/share/io_debug_v2/package.xml
-- Installing: /home/seldon/Documents/gitrepo/rm.cv.std.ros2_transplant/install/io_debug_v2/lib/libserial.a
