[ 30%] Built target ExtImu
[ 60%] Built target serial_lib
[ 80%] Built target sensor_node
[100%] Built target sensor
-- Install configuration: ""
-- Up-to-date: /home/seldon/Documents/gitrepo/rm.cv.std.ros2_transplant/install/sensor/lib
-- Up-to-date: /home/seldon/Documents/gitrepo/rm.cv.std.ros2_transplant/install/sensor/lib/libFormatConversion.so
-- Up-to-date: /home/seldon/Documents/gitrepo/rm.cv.std.ros2_transplant/install/sensor/lib/libMediaProcess.so
-- Up-to-date: /home/seldon/Documents/gitrepo/rm.cv.std.ros2_transplant/install/sensor/lib/libMVRender.so
-- Up-to-date: /home/seldon/Documents/gitrepo/rm.cv.std.ros2_transplant/install/sensor/lib/libMvCameraControl.so
-- Up-to-date: /home/seldon/Documents/gitrepo/rm.cv.std.ros2_transplant/install/sensor/lib/libMvUsb3vTL.so
-- Up-to-date: /home/seldon/Documents/gitrepo/rm.cv.std.ros2_transplant/install/sensor/lib/sensor/sensor_node
-- Up-to-date: /home/seldon/Documents/gitrepo/rm.cv.std.ros2_transplant/install/sensor/share/sensor/environment/library_path.sh
-- Up-to-date: /home/seldon/Documents/gitrepo/rm.cv.std.ros2_transplant/install/sensor/share/sensor/environment/library_path.dsv
-- Up-to-date: /home/seldon/Documents/gitrepo/rm.cv.std.ros2_transplant/install/sensor/lib/libsensor.so
-- Up-to-date: /home/seldon/Documents/gitrepo/rm.cv.std.ros2_transplant/install/sensor/share/sensor/config
-- Up-to-date: /home/seldon/Documents/gitrepo/rm.cv.std.ros2_transplant/install/sensor/share/sensor/config/camera_info.yaml
-- Up-to-date: /home/seldon/Documents/gitrepo/rm.cv.std.ros2_transplant/install/sensor/share/sensor/config/MV-CA016-10UC_00K31937955.mfs
-- Up-to-date: /home/seldon/Documents/gitrepo/rm.cv.std.ros2_transplant/install/sensor/share/sensor/launch
-- Up-to-date: /home/seldon/Documents/gitrepo/rm.cv.std.ros2_transplant/install/sensor/share/sensor/launch/sensor.launch.py
-- Up-to-date: /home/seldon/Documents/gitrepo/rm.cv.std.ros2_transplant/install/sensor/share/ament_index/resource_index/package_run_dependencies/sensor
-- Up-to-date: /home/seldon/Documents/gitrepo/rm.cv.std.ros2_transplant/install/sensor/share/ament_index/resource_index/parent_prefix_path/sensor
-- Up-to-date: /home/seldon/Documents/gitrepo/rm.cv.std.ros2_transplant/install/sensor/share/sensor/environment/ament_prefix_path.sh
-- Up-to-date: /home/seldon/Documents/gitrepo/rm.cv.std.ros2_transplant/install/sensor/share/sensor/environment/ament_prefix_path.dsv
-- Up-to-date: /home/seldon/Documents/gitrepo/rm.cv.std.ros2_transplant/install/sensor/share/sensor/environment/path.sh
-- Up-to-date: /home/seldon/Documents/gitrepo/rm.cv.std.ros2_transplant/install/sensor/share/sensor/environment/path.dsv
-- Up-to-date: /home/seldon/Documents/gitrepo/rm.cv.std.ros2_transplant/install/sensor/share/sensor/local_setup.bash
-- Up-to-date: /home/seldon/Documents/gitrepo/rm.cv.std.ros2_transplant/install/sensor/share/sensor/local_setup.sh
-- Up-to-date: /home/seldon/Documents/gitrepo/rm.cv.std.ros2_transplant/install/sensor/share/sensor/local_setup.zsh
-- Up-to-date: /home/seldon/Documents/gitrepo/rm.cv.std.ros2_transplant/install/sensor/share/sensor/local_setup.dsv
-- Installing: /home/seldon/Documents/gitrepo/rm.cv.std.ros2_transplant/install/sensor/share/sensor/package.dsv
-- Up-to-date: /home/seldon/Documents/gitrepo/rm.cv.std.ros2_transplant/install/sensor/share/ament_index/resource_index/packages/sensor
-- Up-to-date: /home/seldon/Documents/gitrepo/rm.cv.std.ros2_transplant/install/sensor/share/ament_index/resource_index/rclcpp_components/sensor
-- Up-to-date: /home/seldon/Documents/gitrepo/rm.cv.std.ros2_transplant/install/sensor/share/sensor/cmake/ament_cmake_export_dependencies-extras.cmake
-- Up-to-date: /home/seldon/Documents/gitrepo/rm.cv.std.ros2_transplant/install/sensor/share/sensor/cmake/ament_cmake_export_libraries-extras.cmake
-- Up-to-date: /home/seldon/Documents/gitrepo/rm.cv.std.ros2_transplant/install/sensor/share/sensor/cmake/sensorConfig.cmake
-- Up-to-date: /home/seldon/Documents/gitrepo/rm.cv.std.ros2_transplant/install/sensor/share/sensor/cmake/sensorConfig-version.cmake
-- Up-to-date: /home/seldon/Documents/gitrepo/rm.cv.std.ros2_transplant/install/sensor/share/sensor/package.xml
-- Up-to-date: /home/seldon/Documents/gitrepo/rm.cv.std.ros2_transplant/install/sensor/lib/libExtImu.so
-- Up-to-date: /home/seldon/Documents/gitrepo/rm.cv.std.ros2_transplant/install/sensor/lib/libserial_lib.so
