[0.186s] Invoking command in '/home/seldon/Documents/gitrepo/rm.cv.std.ros2_transplant/build/coreio': AMENT_PREFIX_PATH=/home/seldon/Documents/gitrepo/rm.cv.std.ros2_transplant/install/my_interfaces:${AMENT_PREFIX_PATH} CMAKE_PREFIX_PATH=/home/seldon/Documents/gitrepo/rm.cv.std.ros2_transplant/install/my_interfaces:/opt/ros/humble LD_LIBRARY_PATH=/home/seldon/Documents/gitrepo/rm.cv.std.ros2_transplant/install/my_interfaces/lib:/usr/local/cuda/lib64:/opt/MVS/lib/64:/opt/MVS/lib/32:/usr/local/cuda/lib64:/usr/local/cuda/lib64:/opt/MVS/lib/64:/opt/MVS/lib/32:/opt/ros/humble/opt/rviz_ogre_vendor/lib:/opt/ros/humble/lib/x86_64-linux-gnu:/opt/ros/humble/lib:/usr/local/cuda/lib64:/opt/MVS/lib/64:/opt/MVS/lib/32:/opt/MVS/lib/64:/opt/MVS/lib/32 PYTHONPATH=/home/seldon/Documents/gitrepo/rm.cv.std.ros2_transplant/install/my_interfaces/local/lib/python3.10/dist-packages:${PYTHONPATH} /usr/bin/cmake --build /home/seldon/Documents/gitrepo/rm.cv.std.ros2_transplant/build/coreio -- -j20 -l20
[0.203s] [ 26%] Built target utils
[0.207s] [ 53%] Built target serial
[0.210s] [ 66%] Built target MiniPC_Node
[0.213s] [ 86%] Built target minipc_comm
[0.230s] [100%] Built target MiniPC
[0.233s] Invoked command in '/home/seldon/Documents/gitrepo/rm.cv.std.ros2_transplant/build/coreio' returned '0': AMENT_PREFIX_PATH=/home/seldon/Documents/gitrepo/rm.cv.std.ros2_transplant/install/my_interfaces:${AMENT_PREFIX_PATH} CMAKE_PREFIX_PATH=/home/seldon/Documents/gitrepo/rm.cv.std.ros2_transplant/install/my_interfaces:/opt/ros/humble LD_LIBRARY_PATH=/home/seldon/Documents/gitrepo/rm.cv.std.ros2_transplant/install/my_interfaces/lib:/usr/local/cuda/lib64:/opt/MVS/lib/64:/opt/MVS/lib/32:/usr/local/cuda/lib64:/usr/local/cuda/lib64:/opt/MVS/lib/64:/opt/MVS/lib/32:/opt/ros/humble/opt/rviz_ogre_vendor/lib:/opt/ros/humble/lib/x86_64-linux-gnu:/opt/ros/humble/lib:/usr/local/cuda/lib64:/opt/MVS/lib/64:/opt/MVS/lib/32:/opt/MVS/lib/64:/opt/MVS/lib/32 PYTHONPATH=/home/seldon/Documents/gitrepo/rm.cv.std.ros2_transplant/install/my_interfaces/local/lib/python3.10/dist-packages:${PYTHONPATH} /usr/bin/cmake --build /home/seldon/Documents/gitrepo/rm.cv.std.ros2_transplant/build/coreio -- -j20 -l20
[0.286s] Invoking command in '/home/seldon/Documents/gitrepo/rm.cv.std.ros2_transplant/build/coreio': AMENT_PREFIX_PATH=/home/seldon/Documents/gitrepo/rm.cv.std.ros2_transplant/install/my_interfaces:${AMENT_PREFIX_PATH} CMAKE_PREFIX_PATH=/home/seldon/Documents/gitrepo/rm.cv.std.ros2_transplant/install/my_interfaces:/opt/ros/humble LD_LIBRARY_PATH=/home/seldon/Documents/gitrepo/rm.cv.std.ros2_transplant/install/my_interfaces/lib:/usr/local/cuda/lib64:/opt/MVS/lib/64:/opt/MVS/lib/32:/usr/local/cuda/lib64:/usr/local/cuda/lib64:/opt/MVS/lib/64:/opt/MVS/lib/32:/opt/ros/humble/opt/rviz_ogre_vendor/lib:/opt/ros/humble/lib/x86_64-linux-gnu:/opt/ros/humble/lib:/usr/local/cuda/lib64:/opt/MVS/lib/64:/opt/MVS/lib/32:/opt/MVS/lib/64:/opt/MVS/lib/32 PYTHONPATH=/home/seldon/Documents/gitrepo/rm.cv.std.ros2_transplant/install/my_interfaces/local/lib/python3.10/dist-packages:${PYTHONPATH} /usr/bin/cmake --install /home/seldon/Documents/gitrepo/rm.cv.std.ros2_transplant/build/coreio
[0.298s] -- Install configuration: ""
[0.298s] -- Up-to-date: /home/seldon/Documents/gitrepo/rm.cv.std.ros2_transplant/install/coreio/lib/libMiniPC.so
[0.298s] -- Up-to-date: /home/seldon/Documents/gitrepo/rm.cv.std.ros2_transplant/install/coreio/lib/coreio/MiniPC_Node
[0.298s] -- Up-to-date: /home/seldon/Documents/gitrepo/rm.cv.std.ros2_transplant/install/coreio/share/ament_index/resource_index/package_run_dependencies/coreio
[0.298s] -- Up-to-date: /home/seldon/Documents/gitrepo/rm.cv.std.ros2_transplant/install/coreio/share/ament_index/resource_index/parent_prefix_path/coreio
[0.298s] -- Up-to-date: /home/seldon/Documents/gitrepo/rm.cv.std.ros2_transplant/install/coreio/share/coreio/environment/ament_prefix_path.sh
[0.298s] -- Up-to-date: /home/seldon/Documents/gitrepo/rm.cv.std.ros2_transplant/install/coreio/share/coreio/environment/ament_prefix_path.dsv
[0.298s] -- Up-to-date: /home/seldon/Documents/gitrepo/rm.cv.std.ros2_transplant/install/coreio/share/coreio/environment/path.sh
[0.298s] -- Up-to-date: /home/seldon/Documents/gitrepo/rm.cv.std.ros2_transplant/install/coreio/share/coreio/environment/path.dsv
[0.298s] -- Up-to-date: /home/seldon/Documents/gitrepo/rm.cv.std.ros2_transplant/install/coreio/share/coreio/local_setup.bash
[0.298s] -- Up-to-date: /home/seldon/Documents/gitrepo/rm.cv.std.ros2_transplant/install/coreio/share/coreio/local_setup.sh
[0.298s] -- Up-to-date: /home/seldon/Documents/gitrepo/rm.cv.std.ros2_transplant/install/coreio/share/coreio/local_setup.zsh
[0.298s] -- Up-to-date: /home/seldon/Documents/gitrepo/rm.cv.std.ros2_transplant/install/coreio/share/coreio/local_setup.dsv
[0.298s] -- Installing: /home/seldon/Documents/gitrepo/rm.cv.std.ros2_transplant/install/coreio/share/coreio/package.dsv
[0.298s] -- Up-to-date: /home/seldon/Documents/gitrepo/rm.cv.std.ros2_transplant/install/coreio/share/ament_index/resource_index/packages/coreio
[0.298s] -- Up-to-date: /home/seldon/Documents/gitrepo/rm.cv.std.ros2_transplant/install/coreio/share/ament_index/resource_index/rclcpp_components/coreio
[0.298s] -- Up-to-date: /home/seldon/Documents/gitrepo/rm.cv.std.ros2_transplant/install/coreio/share/coreio/cmake/coreioConfig.cmake
[0.298s] -- Up-to-date: /home/seldon/Documents/gitrepo/rm.cv.std.ros2_transplant/install/coreio/share/coreio/cmake/coreioConfig-version.cmake
[0.298s] -- Up-to-date: /home/seldon/Documents/gitrepo/rm.cv.std.ros2_transplant/install/coreio/share/coreio/package.xml
[0.298s] -- Up-to-date: /home/seldon/Documents/gitrepo/rm.cv.std.ros2_transplant/install/coreio/lib/libserial.a
[0.389s] Invoked command in '/home/seldon/Documents/gitrepo/rm.cv.std.ros2_transplant/build/coreio' returned '0': AMENT_PREFIX_PATH=/home/seldon/Documents/gitrepo/rm.cv.std.ros2_transplant/install/my_interfaces:${AMENT_PREFIX_PATH} CMAKE_PREFIX_PATH=/home/seldon/Documents/gitrepo/rm.cv.std.ros2_transplant/install/my_interfaces:/opt/ros/humble LD_LIBRARY_PATH=/home/seldon/Documents/gitrepo/rm.cv.std.ros2_transplant/install/my_interfaces/lib:/usr/local/cuda/lib64:/opt/MVS/lib/64:/opt/MVS/lib/32:/usr/local/cuda/lib64:/usr/local/cuda/lib64:/opt/MVS/lib/64:/opt/MVS/lib/32:/opt/ros/humble/opt/rviz_ogre_vendor/lib:/opt/ros/humble/lib/x86_64-linux-gnu:/opt/ros/humble/lib:/usr/local/cuda/lib64:/opt/MVS/lib/64:/opt/MVS/lib/32:/opt/MVS/lib/64:/opt/MVS/lib/32 PYTHONPATH=/home/seldon/Documents/gitrepo/rm.cv.std.ros2_transplant/install/my_interfaces/local/lib/python3.10/dist-packages:${PYTHONPATH} /usr/bin/cmake --install /home/seldon/Documents/gitrepo/rm.cv.std.ros2_transplant/build/coreio
