[0.610s] Invoking command in '/home/seldon/Documents/gitrepo/rm.cv.std.ros2_transplant/src/web_debugger': PYTHONPATH=/home/seldon/Documents/gitrepo/rm.cv.std.ros2_transplant/build/web_debugger/prefix_override:/home/seldon/Documents/gitrepo/rm.cv.std.ros2_transplant/install/web_debugger/lib/python3.10/site-packages:${PYTHONPATH} /usr/bin/python3 setup.py egg_info --egg-base ../../build/web_debugger build --build-base /home/seldon/Documents/gitrepo/rm.cv.std.ros2_transplant/build/web_debugger/build install --record /home/seldon/Documents/gitrepo/rm.cv.std.ros2_transplant/build/web_debugger/install.log --single-version-externally-managed
[0.779s] running egg_info
[0.780s] writing ../../build/web_debugger/web_debugger.egg-info/PKG-INFO
[0.780s] writing dependency_links to ../../build/web_debugger/web_debugger.egg-info/dependency_links.txt
[0.780s] writing entry points to ../../build/web_debugger/web_debugger.egg-info/entry_points.txt
[0.780s] writing requirements to ../../build/web_debugger/web_debugger.egg-info/requires.txt
[0.780s] writing top-level names to ../../build/web_debugger/web_debugger.egg-info/top_level.txt
[0.782s] reading manifest file '../../build/web_debugger/web_debugger.egg-info/SOURCES.txt'
[0.782s] adding license file 'LICENSE'
[0.783s] writing manifest file '../../build/web_debugger/web_debugger.egg-info/SOURCES.txt'
[0.783s] running build
[0.783s] running build_py
[0.783s] running install
[0.783s] running install_lib
[0.784s] running install_data
[0.784s] running install_egg_info
[0.785s] removing '/home/seldon/Documents/gitrepo/rm.cv.std.ros2_transplant/install/web_debugger/lib/python3.10/site-packages/web_debugger-0.0.0-py3.10.egg-info' (and everything under it)
[0.785s] Copying ../../build/web_debugger/web_debugger.egg-info to /home/seldon/Documents/gitrepo/rm.cv.std.ros2_transplant/install/web_debugger/lib/python3.10/site-packages/web_debugger-0.0.0-py3.10.egg-info
[0.785s] running install_scripts
[0.798s] Installing web_debugger script to /home/seldon/Documents/gitrepo/rm.cv.std.ros2_transplant/install/web_debugger/lib/web_debugger
[0.798s] writing list of installed files to '/home/seldon/Documents/gitrepo/rm.cv.std.ros2_transplant/build/web_debugger/install.log'
[0.814s] Invoked command in '/home/seldon/Documents/gitrepo/rm.cv.std.ros2_transplant/src/web_debugger' returned '0': PYTHONPATH=/home/seldon/Documents/gitrepo/rm.cv.std.ros2_transplant/build/web_debugger/prefix_override:/home/seldon/Documents/gitrepo/rm.cv.std.ros2_transplant/install/web_debugger/lib/python3.10/site-packages:${PYTHONPATH} /usr/bin/python3 setup.py egg_info --egg-base ../../build/web_debugger build --build-base /home/seldon/Documents/gitrepo/rm.cv.std.ros2_transplant/build/web_debugger/build install --record /home/seldon/Documents/gitrepo/rm.cv.std.ros2_transplant/build/web_debugger/install.log --single-version-externally-managed
