[  0%] Built target my_interfaces__cpp
[  0%] Built target ament_cmake_python_copy_my_interfaces
[ 12%] Built target my_interfaces__rosidl_generator_c
[ 24%] Built target my_interfaces__rosidl_typesupport_introspection_cpp
[ 36%] Built target my_interfaces__rosidl_typesupport_cpp
[ 48%] Built target my_interfaces__rosidl_typesupport_fastrtps_c
[ 60%] Built target my_interfaces__rosidl_typesupport_introspection_c
[ 72%] Built target my_interfaces__rosidl_typesupport_c
[ 84%] Built target my_interfaces__rosidl_typesupport_fastrtps_cpp
[ 84%] Built target my_interfaces
[ 85%] Built target my_interfaces__py
[ 96%] Built target my_interfaces__rosidl_generator_py
[ 97%] Built target my_interfaces__rosidl_typesupport_fastrtps_c__pyext
[ 99%] Built target my_interfaces__rosidl_typesupport_introspection_c__pyext
[100%] Built target my_interfaces__rosidl_typesupport_c__pyext
running egg_info
writing my_interfaces.egg-info/PKG-INFO
writing dependency_links to my_interfaces.egg-info/dependency_links.txt
writing top-level names to my_interfaces.egg-info/top_level.txt
reading manifest file 'my_interfaces.egg-info/SOURCES.txt'
writing manifest file 'my_interfaces.egg-info/SOURCES.txt'
[100%] Built target ament_cmake_python_build_my_interfaces_egg
-- Install configuration: ""
-- Up-to-date: /home/seldon/Documents/gitrepo/rm.cv.std.ros2_transplant/install/my_interfaces/share/ament_index/resource_index/rosidl_interfaces/my_interfaces
-- Up-to-date: /home/seldon/Documents/gitrepo/rm.cv.std.ros2_transplant/install/my_interfaces/include/my_interfaces/my_interfaces
-- Up-to-date: /home/seldon/Documents/gitrepo/rm.cv.std.ros2_transplant/install/my_interfaces/include/my_interfaces/my_interfaces/msg
-- Up-to-date: /home/seldon/Documents/gitrepo/rm.cv.std.ros2_transplant/install/my_interfaces/include/my_interfaces/my_interfaces/msg/aim_shoot_msg_pc2_board.h
-- Up-to-date: /home/seldon/Documents/gitrepo/rm.cv.std.ros2_transplant/install/my_interfaces/include/my_interfaces/my_interfaces/msg/robot_cmd.h
-- Up-to-date: /home/seldon/Documents/gitrepo/rm.cv.std.ros2_transplant/install/my_interfaces/include/my_interfaces/my_interfaces/msg/navigation_pc2_board.h
-- Up-to-date: /home/seldon/Documents/gitrepo/rm.cv.std.ros2_transplant/install/my_interfaces/include/my_interfaces/my_interfaces/msg/d_pack_identifier.h
-- Up-to-date: /home/seldon/Documents/gitrepo/rm.cv.std.ros2_transplant/install/my_interfaces/include/my_interfaces/my_interfaces/msg/robot_status.h
-- Up-to-date: /home/seldon/Documents/gitrepo/rm.cv.std.ros2_transplant/install/my_interfaces/include/my_interfaces/my_interfaces/msg/detected_armor.h
-- Up-to-date: /home/seldon/Documents/gitrepo/rm.cv.std.ros2_transplant/install/my_interfaces/include/my_interfaces/my_interfaces/msg/game_status_pc2_board.h
-- Up-to-date: /home/seldon/Documents/gitrepo/rm.cv.std.ros2_transplant/install/my_interfaces/include/my_interfaces/my_interfaces/msg/pc_work_mode.h
-- Up-to-date: /home/seldon/Documents/gitrepo/rm.cv.std.ros2_transplant/install/my_interfaces/include/my_interfaces/my_interfaces/msg/general_msg_pc2_board.h
-- Up-to-date: /home/seldon/Documents/gitrepo/rm.cv.std.ros2_transplant/install/my_interfaces/include/my_interfaces/my_interfaces/msg/navigation_board2_pc.h
-- Up-to-date: /home/seldon/Documents/gitrepo/rm.cv.std.ros2_transplant/install/my_interfaces/include/my_interfaces/my_interfaces/msg/rosidl_generator_c__visibility_control.h
-- Up-to-date: /home/seldon/Documents/gitrepo/rm.cv.std.ros2_transplant/install/my_interfaces/include/my_interfaces/my_interfaces/msg/aim_shoot_msg_board2_pc.h
-- Up-to-date: /home/seldon/Documents/gitrepo/rm.cv.std.ros2_transplant/install/my_interfaces/include/my_interfaces/my_interfaces/msg/game_status_msg_board2_pc.h
-- Up-to-date: /home/seldon/Documents/gitrepo/rm.cv.std.ros2_transplant/install/my_interfaces/include/my_interfaces/my_interfaces/msg/reload_flag.h
-- Up-to-date: /home/seldon/Documents/gitrepo/rm.cv.std.ros2_transplant/install/my_interfaces/include/my_interfaces/my_interfaces/msg/detection_result.h
-- Up-to-date: /home/seldon/Documents/gitrepo/rm.cv.std.ros2_transplant/install/my_interfaces/include/my_interfaces/my_interfaces/msg/detail
-- Up-to-date: /home/seldon/Documents/gitrepo/rm.cv.std.ros2_transplant/install/my_interfaces/include/my_interfaces/my_interfaces/msg/detail/game_status_pc2_board__functions.h
-- Up-to-date: /home/seldon/Documents/gitrepo/rm.cv.std.ros2_transplant/install/my_interfaces/include/my_interfaces/my_interfaces/msg/detail/d_pack_identifier__functions.h
-- Up-to-date: /home/seldon/Documents/gitrepo/rm.cv.std.ros2_transplant/install/my_interfaces/include/my_interfaces/my_interfaces/msg/detail/detection_result__type_support.h
-- Up-to-date: /home/seldon/Documents/gitrepo/rm.cv.std.ros2_transplant/install/my_interfaces/include/my_interfaces/my_interfaces/msg/detail/detection_result__functions.h
-- Up-to-date: /home/seldon/Documents/gitrepo/rm.cv.std.ros2_transplant/install/my_interfaces/include/my_interfaces/my_interfaces/msg/detail/game_status_pc2_board__type_support.h
-- Up-to-date: /home/seldon/Documents/gitrepo/rm.cv.std.ros2_transplant/install/my_interfaces/include/my_interfaces/my_interfaces/msg/detail/robot_cmd__type_support.h
-- Up-to-date: /home/seldon/Documents/gitrepo/rm.cv.std.ros2_transplant/install/my_interfaces/include/my_interfaces/my_interfaces/msg/detail/game_status_msg_board2_pc__functions.h
-- Up-to-date: /home/seldon/Documents/gitrepo/rm.cv.std.ros2_transplant/install/my_interfaces/include/my_interfaces/my_interfaces/msg/detail/aim_shoot_msg_board2_pc__functions.c
-- Up-to-date: /home/seldon/Documents/gitrepo/rm.cv.std.ros2_transplant/install/my_interfaces/include/my_interfaces/my_interfaces/msg/detail/navigation_pc2_board__functions.h
-- Up-to-date: /home/seldon/Documents/gitrepo/rm.cv.std.ros2_transplant/install/my_interfaces/include/my_interfaces/my_interfaces/msg/detail/general_msg_board2_pc__struct.h
-- Up-to-date: /home/seldon/Documents/gitrepo/rm.cv.std.ros2_transplant/install/my_interfaces/include/my_interfaces/my_interfaces/msg/detail/general_msg_pc2_board__functions.c
-- Up-to-date: /home/seldon/Documents/gitrepo/rm.cv.std.ros2_transplant/install/my_interfaces/include/my_interfaces/my_interfaces/msg/detail/aim_shoot_msg_pc2_board__struct.h
-- Up-to-date: /home/seldon/Documents/gitrepo/rm.cv.std.ros2_transplant/install/my_interfaces/include/my_interfaces/my_interfaces/msg/detail/pc_work_mode__functions.h
-- Up-to-date: /home/seldon/Documents/gitrepo/rm.cv.std.ros2_transplant/install/my_interfaces/include/my_interfaces/my_interfaces/msg/detail/robot_cmd__functions.c
-- Up-to-date: /home/seldon/Documents/gitrepo/rm.cv.std.ros2_transplant/install/my_interfaces/include/my_interfaces/my_interfaces/msg/detail/robot_status__functions.h
-- Up-to-date: /home/seldon/Documents/gitrepo/rm.cv.std.ros2_transplant/install/my_interfaces/include/my_interfaces/my_interfaces/msg/detail/game_status_pc2_board__struct.h
-- Up-to-date: /home/seldon/Documents/gitrepo/rm.cv.std.ros2_transplant/install/my_interfaces/include/my_interfaces/my_interfaces/msg/detail/robot_status__struct.h
-- Up-to-date: /home/seldon/Documents/gitrepo/rm.cv.std.ros2_transplant/install/my_interfaces/include/my_interfaces/my_interfaces/msg/detail/robot_status__functions.c
-- Up-to-date: /home/seldon/Documents/gitrepo/rm.cv.std.ros2_transplant/install/my_interfaces/include/my_interfaces/my_interfaces/msg/detail/navigation_pc2_board__type_support.h
-- Up-to-date: /home/seldon/Documents/gitrepo/rm.cv.std.ros2_transplant/install/my_interfaces/include/my_interfaces/my_interfaces/msg/detail/navigation_board2_pc__type_support.h
-- Up-to-date: /home/seldon/Documents/gitrepo/rm.cv.std.ros2_transplant/install/my_interfaces/include/my_interfaces/my_interfaces/msg/detail/general_msg_board2_pc__functions.h
-- Up-to-date: /home/seldon/Documents/gitrepo/rm.cv.std.ros2_transplant/install/my_interfaces/include/my_interfaces/my_interfaces/msg/detail/general_msg_pc2_board__functions.h
-- Up-to-date: /home/seldon/Documents/gitrepo/rm.cv.std.ros2_transplant/install/my_interfaces/include/my_interfaces/my_interfaces/msg/detail/general_msg_board2_pc__functions.c
-- Up-to-date: /home/seldon/Documents/gitrepo/rm.cv.std.ros2_transplant/install/my_interfaces/include/my_interfaces/my_interfaces/msg/detail/detected_armor__type_support.h
-- Up-to-date: /home/seldon/Documents/gitrepo/rm.cv.std.ros2_transplant/install/my_interfaces/include/my_interfaces/my_interfaces/msg/detail/aim_shoot_msg_board2_pc__struct.h
-- Up-to-date: /home/seldon/Documents/gitrepo/rm.cv.std.ros2_transplant/install/my_interfaces/include/my_interfaces/my_interfaces/msg/detail/game_status_msg_board2_pc__struct.h
-- Up-to-date: /home/seldon/Documents/gitrepo/rm.cv.std.ros2_transplant/install/my_interfaces/include/my_interfaces/my_interfaces/msg/detail/aim_shoot_msg_pc2_board__functions.h
-- Up-to-date: /home/seldon/Documents/gitrepo/rm.cv.std.ros2_transplant/install/my_interfaces/include/my_interfaces/my_interfaces/msg/detail/robot_cmd__functions.h
-- Up-to-date: /home/seldon/Documents/gitrepo/rm.cv.std.ros2_transplant/install/my_interfaces/include/my_interfaces/my_interfaces/msg/detail/reload_flag__struct.h
-- Up-to-date: /home/seldon/Documents/gitrepo/rm.cv.std.ros2_transplant/install/my_interfaces/include/my_interfaces/my_interfaces/msg/detail/d_pack_identifier__struct.h
-- Up-to-date: /home/seldon/Documents/gitrepo/rm.cv.std.ros2_transplant/install/my_interfaces/include/my_interfaces/my_interfaces/msg/detail/navigation_pc2_board__struct.h
-- Up-to-date: /home/seldon/Documents/gitrepo/rm.cv.std.ros2_transplant/install/my_interfaces/include/my_interfaces/my_interfaces/msg/detail/general_msg_pc2_board__type_support.h
-- Up-to-date: /home/seldon/Documents/gitrepo/rm.cv.std.ros2_transplant/install/my_interfaces/include/my_interfaces/my_interfaces/msg/detail/detection_result__functions.c
-- Up-to-date: /home/seldon/Documents/gitrepo/rm.cv.std.ros2_transplant/install/my_interfaces/include/my_interfaces/my_interfaces/msg/detail/d_pack_identifier__type_support.h
-- Up-to-date: /home/seldon/Documents/gitrepo/rm.cv.std.ros2_transplant/install/my_interfaces/include/my_interfaces/my_interfaces/msg/detail/game_status_msg_board2_pc__type_support.h
-- Up-to-date: /home/seldon/Documents/gitrepo/rm.cv.std.ros2_transplant/install/my_interfaces/include/my_interfaces/my_interfaces/msg/detail/reload_flag__functions.c
-- Up-to-date: /home/seldon/Documents/gitrepo/rm.cv.std.ros2_transplant/install/my_interfaces/include/my_interfaces/my_interfaces/msg/detail/detection_result__struct.h
-- Up-to-date: /home/seldon/Documents/gitrepo/rm.cv.std.ros2_transplant/install/my_interfaces/include/my_interfaces/my_interfaces/msg/detail/general_msg_pc2_board__struct.h
-- Up-to-date: /home/seldon/Documents/gitrepo/rm.cv.std.ros2_transplant/install/my_interfaces/include/my_interfaces/my_interfaces/msg/detail/general_msg_board2_pc__type_support.h
-- Up-to-date: /home/seldon/Documents/gitrepo/rm.cv.std.ros2_transplant/install/my_interfaces/include/my_interfaces/my_interfaces/msg/detail/detected_armor__struct.h
-- Up-to-date: /home/seldon/Documents/gitrepo/rm.cv.std.ros2_transplant/install/my_interfaces/include/my_interfaces/my_interfaces/msg/detail/reload_flag__type_support.h
-- Up-to-date: /home/seldon/Documents/gitrepo/rm.cv.std.ros2_transplant/install/my_interfaces/include/my_interfaces/my_interfaces/msg/detail/d_pack_identifier__functions.c
-- Up-to-date: /home/seldon/Documents/gitrepo/rm.cv.std.ros2_transplant/install/my_interfaces/include/my_interfaces/my_interfaces/msg/detail/pc_work_mode__type_support.h
-- Up-to-date: /home/seldon/Documents/gitrepo/rm.cv.std.ros2_transplant/install/my_interfaces/include/my_interfaces/my_interfaces/msg/detail/navigation_board2_pc__functions.h
-- Up-to-date: /home/seldon/Documents/gitrepo/rm.cv.std.ros2_transplant/install/my_interfaces/include/my_interfaces/my_interfaces/msg/detail/navigation_pc2_board__functions.c
-- Up-to-date: /home/seldon/Documents/gitrepo/rm.cv.std.ros2_transplant/install/my_interfaces/include/my_interfaces/my_interfaces/msg/detail/aim_shoot_msg_board2_pc__type_support.h
-- Up-to-date: /home/seldon/Documents/gitrepo/rm.cv.std.ros2_transplant/install/my_interfaces/include/my_interfaces/my_interfaces/msg/detail/robot_cmd__struct.h
-- Up-to-date: /home/seldon/Documents/gitrepo/rm.cv.std.ros2_transplant/install/my_interfaces/include/my_interfaces/my_interfaces/msg/detail/navigation_board2_pc__struct.h
-- Up-to-date: /home/seldon/Documents/gitrepo/rm.cv.std.ros2_transplant/install/my_interfaces/include/my_interfaces/my_interfaces/msg/detail/game_status_msg_board2_pc__functions.c
-- Up-to-date: /home/seldon/Documents/gitrepo/rm.cv.std.ros2_transplant/install/my_interfaces/include/my_interfaces/my_interfaces/msg/detail/aim_shoot_msg_pc2_board__functions.c
-- Up-to-date: /home/seldon/Documents/gitrepo/rm.cv.std.ros2_transplant/install/my_interfaces/include/my_interfaces/my_interfaces/msg/detail/detected_armor__functions.c
-- Up-to-date: /home/seldon/Documents/gitrepo/rm.cv.std.ros2_transplant/install/my_interfaces/include/my_interfaces/my_interfaces/msg/detail/aim_shoot_msg_board2_pc__functions.h
-- Up-to-date: /home/seldon/Documents/gitrepo/rm.cv.std.ros2_transplant/install/my_interfaces/include/my_interfaces/my_interfaces/msg/detail/navigation_board2_pc__functions.c
-- Up-to-date: /home/seldon/Documents/gitrepo/rm.cv.std.ros2_transplant/install/my_interfaces/include/my_interfaces/my_interfaces/msg/detail/game_status_pc2_board__functions.c
-- Up-to-date: /home/seldon/Documents/gitrepo/rm.cv.std.ros2_transplant/install/my_interfaces/include/my_interfaces/my_interfaces/msg/detail/pc_work_mode__struct.h
-- Up-to-date: /home/seldon/Documents/gitrepo/rm.cv.std.ros2_transplant/install/my_interfaces/include/my_interfaces/my_interfaces/msg/detail/reload_flag__functions.h
-- Up-to-date: /home/seldon/Documents/gitrepo/rm.cv.std.ros2_transplant/install/my_interfaces/include/my_interfaces/my_interfaces/msg/detail/detected_armor__functions.h
-- Up-to-date: /home/seldon/Documents/gitrepo/rm.cv.std.ros2_transplant/install/my_interfaces/include/my_interfaces/my_interfaces/msg/detail/robot_status__type_support.h
-- Up-to-date: /home/seldon/Documents/gitrepo/rm.cv.std.ros2_transplant/install/my_interfaces/include/my_interfaces/my_interfaces/msg/detail/aim_shoot_msg_pc2_board__type_support.h
-- Up-to-date: /home/seldon/Documents/gitrepo/rm.cv.std.ros2_transplant/install/my_interfaces/include/my_interfaces/my_interfaces/msg/detail/pc_work_mode__functions.c
-- Up-to-date: /home/seldon/Documents/gitrepo/rm.cv.std.ros2_transplant/install/my_interfaces/include/my_interfaces/my_interfaces/msg/general_msg_board2_pc.h
-- Up-to-date: /home/seldon/Documents/gitrepo/rm.cv.std.ros2_transplant/install/my_interfaces/include/my_interfaces/my_interfaces/srv
-- Up-to-date: /home/seldon/Documents/gitrepo/rm.cv.std.ros2_transplant/install/my_interfaces/include/my_interfaces/my_interfaces/srv/debug_info.h
-- Up-to-date: /home/seldon/Documents/gitrepo/rm.cv.std.ros2_transplant/install/my_interfaces/include/my_interfaces/my_interfaces/srv/detail
-- Up-to-date: /home/seldon/Documents/gitrepo/rm.cv.std.ros2_transplant/install/my_interfaces/include/my_interfaces/my_interfaces/srv/detail/debug_info__functions.c
-- Up-to-date: /home/seldon/Documents/gitrepo/rm.cv.std.ros2_transplant/install/my_interfaces/include/my_interfaces/my_interfaces/srv/detail/debug_info__functions.h
-- Up-to-date: /home/seldon/Documents/gitrepo/rm.cv.std.ros2_transplant/install/my_interfaces/include/my_interfaces/my_interfaces/srv/detail/debug_info__struct.h
-- Up-to-date: /home/seldon/Documents/gitrepo/rm.cv.std.ros2_transplant/install/my_interfaces/include/my_interfaces/my_interfaces/srv/detail/debug_info__type_support.h
-- Up-to-date: /home/seldon/Documents/gitrepo/rm.cv.std.ros2_transplant/install/my_interfaces/share/my_interfaces/environment/library_path.sh
-- Up-to-date: /home/seldon/Documents/gitrepo/rm.cv.std.ros2_transplant/install/my_interfaces/share/my_interfaces/environment/library_path.dsv
-- Up-to-date: /home/seldon/Documents/gitrepo/rm.cv.std.ros2_transplant/install/my_interfaces/lib/libmy_interfaces__rosidl_generator_c.so
-- Up-to-date: /home/seldon/Documents/gitrepo/rm.cv.std.ros2_transplant/install/my_interfaces/include/my_interfaces/my_interfaces
-- Up-to-date: /home/seldon/Documents/gitrepo/rm.cv.std.ros2_transplant/install/my_interfaces/include/my_interfaces/my_interfaces/msg
-- Up-to-date: /home/seldon/Documents/gitrepo/rm.cv.std.ros2_transplant/install/my_interfaces/include/my_interfaces/my_interfaces/msg/rosidl_typesupport_fastrtps_c__visibility_control.h
-- Up-to-date: /home/seldon/Documents/gitrepo/rm.cv.std.ros2_transplant/install/my_interfaces/include/my_interfaces/my_interfaces/msg/detail
-- Up-to-date: /home/seldon/Documents/gitrepo/rm.cv.std.ros2_transplant/install/my_interfaces/include/my_interfaces/my_interfaces/msg/detail/d_pack_identifier__rosidl_typesupport_fastrtps_c.h
-- Up-to-date: /home/seldon/Documents/gitrepo/rm.cv.std.ros2_transplant/install/my_interfaces/include/my_interfaces/my_interfaces/msg/detail/general_msg_board2_pc__rosidl_typesupport_fastrtps_c.h
-- Up-to-date: /home/seldon/Documents/gitrepo/rm.cv.std.ros2_transplant/install/my_interfaces/include/my_interfaces/my_interfaces/msg/detail/detected_armor__rosidl_typesupport_fastrtps_c.h
-- Up-to-date: /home/seldon/Documents/gitrepo/rm.cv.std.ros2_transplant/install/my_interfaces/include/my_interfaces/my_interfaces/msg/detail/navigation_board2_pc__rosidl_typesupport_fastrtps_c.h
-- Up-to-date: /home/seldon/Documents/gitrepo/rm.cv.std.ros2_transplant/install/my_interfaces/include/my_interfaces/my_interfaces/msg/detail/navigation_pc2_board__rosidl_typesupport_fastrtps_c.h
-- Up-to-date: /home/seldon/Documents/gitrepo/rm.cv.std.ros2_transplant/install/my_interfaces/include/my_interfaces/my_interfaces/msg/detail/detection_result__rosidl_typesupport_fastrtps_c.h
-- Up-to-date: /home/seldon/Documents/gitrepo/rm.cv.std.ros2_transplant/install/my_interfaces/include/my_interfaces/my_interfaces/msg/detail/game_status_pc2_board__rosidl_typesupport_fastrtps_c.h
-- Up-to-date: /home/seldon/Documents/gitrepo/rm.cv.std.ros2_transplant/install/my_interfaces/include/my_interfaces/my_interfaces/msg/detail/general_msg_pc2_board__rosidl_typesupport_fastrtps_c.h
-- Up-to-date: /home/seldon/Documents/gitrepo/rm.cv.std.ros2_transplant/install/my_interfaces/include/my_interfaces/my_interfaces/msg/detail/robot_status__rosidl_typesupport_fastrtps_c.h
-- Up-to-date: /home/seldon/Documents/gitrepo/rm.cv.std.ros2_transplant/install/my_interfaces/include/my_interfaces/my_interfaces/msg/detail/aim_shoot_msg_board2_pc__rosidl_typesupport_fastrtps_c.h
-- Up-to-date: /home/seldon/Documents/gitrepo/rm.cv.std.ros2_transplant/install/my_interfaces/include/my_interfaces/my_interfaces/msg/detail/pc_work_mode__rosidl_typesupport_fastrtps_c.h
-- Up-to-date: /home/seldon/Documents/gitrepo/rm.cv.std.ros2_transplant/install/my_interfaces/include/my_interfaces/my_interfaces/msg/detail/robot_cmd__rosidl_typesupport_fastrtps_c.h
-- Up-to-date: /home/seldon/Documents/gitrepo/rm.cv.std.ros2_transplant/install/my_interfaces/include/my_interfaces/my_interfaces/msg/detail/game_status_msg_board2_pc__rosidl_typesupport_fastrtps_c.h
-- Up-to-date: /home/seldon/Documents/gitrepo/rm.cv.std.ros2_transplant/install/my_interfaces/include/my_interfaces/my_interfaces/msg/detail/reload_flag__rosidl_typesupport_fastrtps_c.h
-- Up-to-date: /home/seldon/Documents/gitrepo/rm.cv.std.ros2_transplant/install/my_interfaces/include/my_interfaces/my_interfaces/msg/detail/aim_shoot_msg_pc2_board__rosidl_typesupport_fastrtps_c.h
-- Up-to-date: /home/seldon/Documents/gitrepo/rm.cv.std.ros2_transplant/install/my_interfaces/include/my_interfaces/my_interfaces/srv
-- Up-to-date: /home/seldon/Documents/gitrepo/rm.cv.std.ros2_transplant/install/my_interfaces/include/my_interfaces/my_interfaces/srv/detail
-- Up-to-date: /home/seldon/Documents/gitrepo/rm.cv.std.ros2_transplant/install/my_interfaces/include/my_interfaces/my_interfaces/srv/detail/debug_info__rosidl_typesupport_fastrtps_c.h
-- Up-to-date: /home/seldon/Documents/gitrepo/rm.cv.std.ros2_transplant/install/my_interfaces/lib/libmy_interfaces__rosidl_typesupport_fastrtps_c.so
-- Up-to-date: /home/seldon/Documents/gitrepo/rm.cv.std.ros2_transplant/install/my_interfaces/include/my_interfaces/my_interfaces
-- Up-to-date: /home/seldon/Documents/gitrepo/rm.cv.std.ros2_transplant/install/my_interfaces/include/my_interfaces/my_interfaces/msg
-- Up-to-date: /home/seldon/Documents/gitrepo/rm.cv.std.ros2_transplant/install/my_interfaces/include/my_interfaces/my_interfaces/msg/game_status_pc2_board.hpp
-- Up-to-date: /home/seldon/Documents/gitrepo/rm.cv.std.ros2_transplant/install/my_interfaces/include/my_interfaces/my_interfaces/msg/navigation_pc2_board.hpp
-- Up-to-date: /home/seldon/Documents/gitrepo/rm.cv.std.ros2_transplant/install/my_interfaces/include/my_interfaces/my_interfaces/msg/d_pack_identifier.hpp
-- Up-to-date: /home/seldon/Documents/gitrepo/rm.cv.std.ros2_transplant/install/my_interfaces/include/my_interfaces/my_interfaces/msg/detection_result.hpp
-- Up-to-date: /home/seldon/Documents/gitrepo/rm.cv.std.ros2_transplant/install/my_interfaces/include/my_interfaces/my_interfaces/msg/navigation_board2_pc.hpp
-- Up-to-date: /home/seldon/Documents/gitrepo/rm.cv.std.ros2_transplant/install/my_interfaces/include/my_interfaces/my_interfaces/msg/pc_work_mode.hpp
-- Up-to-date: /home/seldon/Documents/gitrepo/rm.cv.std.ros2_transplant/install/my_interfaces/include/my_interfaces/my_interfaces/msg/detected_armor.hpp
-- Up-to-date: /home/seldon/Documents/gitrepo/rm.cv.std.ros2_transplant/install/my_interfaces/include/my_interfaces/my_interfaces/msg/aim_shoot_msg_pc2_board.hpp
-- Up-to-date: /home/seldon/Documents/gitrepo/rm.cv.std.ros2_transplant/install/my_interfaces/include/my_interfaces/my_interfaces/msg/robot_cmd.hpp
-- Up-to-date: /home/seldon/Documents/gitrepo/rm.cv.std.ros2_transplant/install/my_interfaces/include/my_interfaces/my_interfaces/msg/reload_flag.hpp
-- Up-to-date: /home/seldon/Documents/gitrepo/rm.cv.std.ros2_transplant/install/my_interfaces/include/my_interfaces/my_interfaces/msg/robot_status.hpp
-- Up-to-date: /home/seldon/Documents/gitrepo/rm.cv.std.ros2_transplant/install/my_interfaces/include/my_interfaces/my_interfaces/msg/general_msg_pc2_board.hpp
-- Up-to-date: /home/seldon/Documents/gitrepo/rm.cv.std.ros2_transplant/install/my_interfaces/include/my_interfaces/my_interfaces/msg/general_msg_board2_pc.hpp
-- Up-to-date: /home/seldon/Documents/gitrepo/rm.cv.std.ros2_transplant/install/my_interfaces/include/my_interfaces/my_interfaces/msg/aim_shoot_msg_board2_pc.hpp
-- Up-to-date: /home/seldon/Documents/gitrepo/rm.cv.std.ros2_transplant/install/my_interfaces/include/my_interfaces/my_interfaces/msg/detail
-- Up-to-date: /home/seldon/Documents/gitrepo/rm.cv.std.ros2_transplant/install/my_interfaces/include/my_interfaces/my_interfaces/msg/detail/navigation_pc2_board__traits.hpp
-- Up-to-date: /home/seldon/Documents/gitrepo/rm.cv.std.ros2_transplant/install/my_interfaces/include/my_interfaces/my_interfaces/msg/detail/reload_flag__struct.hpp
-- Up-to-date: /home/seldon/Documents/gitrepo/rm.cv.std.ros2_transplant/install/my_interfaces/include/my_interfaces/my_interfaces/msg/detail/detected_armor__traits.hpp
-- Up-to-date: /home/seldon/Documents/gitrepo/rm.cv.std.ros2_transplant/install/my_interfaces/include/my_interfaces/my_interfaces/msg/detail/game_status_pc2_board__traits.hpp
-- Up-to-date: /home/seldon/Documents/gitrepo/rm.cv.std.ros2_transplant/install/my_interfaces/include/my_interfaces/my_interfaces/msg/detail/detection_result__traits.hpp
-- Up-to-date: /home/seldon/Documents/gitrepo/rm.cv.std.ros2_transplant/install/my_interfaces/include/my_interfaces/my_interfaces/msg/detail/pc_work_mode__builder.hpp
-- Up-to-date: /home/seldon/Documents/gitrepo/rm.cv.std.ros2_transplant/install/my_interfaces/include/my_interfaces/my_interfaces/msg/detail/general_msg_board2_pc__traits.hpp
-- Up-to-date: /home/seldon/Documents/gitrepo/rm.cv.std.ros2_transplant/install/my_interfaces/include/my_interfaces/my_interfaces/msg/detail/detected_armor__builder.hpp
-- Up-to-date: /home/seldon/Documents/gitrepo/rm.cv.std.ros2_transplant/install/my_interfaces/include/my_interfaces/my_interfaces/msg/detail/robot_status__traits.hpp
-- Up-to-date: /home/seldon/Documents/gitrepo/rm.cv.std.ros2_transplant/install/my_interfaces/include/my_interfaces/my_interfaces/msg/detail/navigation_pc2_board__builder.hpp
-- Up-to-date: /home/seldon/Documents/gitrepo/rm.cv.std.ros2_transplant/install/my_interfaces/include/my_interfaces/my_interfaces/msg/detail/general_msg_board2_pc__struct.hpp
-- Up-to-date: /home/seldon/Documents/gitrepo/rm.cv.std.ros2_transplant/install/my_interfaces/include/my_interfaces/my_interfaces/msg/detail/aim_shoot_msg_board2_pc__traits.hpp
-- Up-to-date: /home/seldon/Documents/gitrepo/rm.cv.std.ros2_transplant/install/my_interfaces/include/my_interfaces/my_interfaces/msg/detail/game_status_pc2_board__builder.hpp
-- Up-to-date: /home/seldon/Documents/gitrepo/rm.cv.std.ros2_transplant/install/my_interfaces/include/my_interfaces/my_interfaces/msg/detail/d_pack_identifier__builder.hpp
-- Up-to-date: /home/seldon/Documents/gitrepo/rm.cv.std.ros2_transplant/install/my_interfaces/include/my_interfaces/my_interfaces/msg/detail/game_status_msg_board2_pc__struct.hpp
-- Up-to-date: /home/seldon/Documents/gitrepo/rm.cv.std.ros2_transplant/install/my_interfaces/include/my_interfaces/my_interfaces/msg/detail/game_status_msg_board2_pc__builder.hpp
-- Up-to-date: /home/seldon/Documents/gitrepo/rm.cv.std.ros2_transplant/install/my_interfaces/include/my_interfaces/my_interfaces/msg/detail/general_msg_pc2_board__traits.hpp
-- Up-to-date: /home/seldon/Documents/gitrepo/rm.cv.std.ros2_transplant/install/my_interfaces/include/my_interfaces/my_interfaces/msg/detail/robot_status__builder.hpp
-- Up-to-date: /home/seldon/Documents/gitrepo/rm.cv.std.ros2_transplant/install/my_interfaces/include/my_interfaces/my_interfaces/msg/detail/detection_result__builder.hpp
-- Up-to-date: /home/seldon/Documents/gitrepo/rm.cv.std.ros2_transplant/install/my_interfaces/include/my_interfaces/my_interfaces/msg/detail/reload_flag__traits.hpp
-- Up-to-date: /home/seldon/Documents/gitrepo/rm.cv.std.ros2_transplant/install/my_interfaces/include/my_interfaces/my_interfaces/msg/detail/navigation_pc2_board__struct.hpp
-- Up-to-date: /home/seldon/Documents/gitrepo/rm.cv.std.ros2_transplant/install/my_interfaces/include/my_interfaces/my_interfaces/msg/detail/navigation_board2_pc__struct.hpp
-- Up-to-date: /home/seldon/Documents/gitrepo/rm.cv.std.ros2_transplant/install/my_interfaces/include/my_interfaces/my_interfaces/msg/detail/robot_cmd__traits.hpp
-- Up-to-date: /home/seldon/Documents/gitrepo/rm.cv.std.ros2_transplant/install/my_interfaces/include/my_interfaces/my_interfaces/msg/detail/robot_cmd__struct.hpp
-- Up-to-date: /home/seldon/Documents/gitrepo/rm.cv.std.ros2_transplant/install/my_interfaces/include/my_interfaces/my_interfaces/msg/detail/reload_flag__builder.hpp
-- Up-to-date: /home/seldon/Documents/gitrepo/rm.cv.std.ros2_transplant/install/my_interfaces/include/my_interfaces/my_interfaces/msg/detail/pc_work_mode__struct.hpp
-- Up-to-date: /home/seldon/Documents/gitrepo/rm.cv.std.ros2_transplant/install/my_interfaces/include/my_interfaces/my_interfaces/msg/detail/aim_shoot_msg_board2_pc__builder.hpp
-- Up-to-date: /home/seldon/Documents/gitrepo/rm.cv.std.ros2_transplant/install/my_interfaces/include/my_interfaces/my_interfaces/msg/detail/general_msg_board2_pc__builder.hpp
-- Up-to-date: /home/seldon/Documents/gitrepo/rm.cv.std.ros2_transplant/install/my_interfaces/include/my_interfaces/my_interfaces/msg/detail/aim_shoot_msg_pc2_board__builder.hpp
-- Up-to-date: /home/seldon/Documents/gitrepo/rm.cv.std.ros2_transplant/install/my_interfaces/include/my_interfaces/my_interfaces/msg/detail/d_pack_identifier__struct.hpp
-- Up-to-date: /home/seldon/Documents/gitrepo/rm.cv.std.ros2_transplant/install/my_interfaces/include/my_interfaces/my_interfaces/msg/detail/aim_shoot_msg_pc2_board__traits.hpp
-- Up-to-date: /home/seldon/Documents/gitrepo/rm.cv.std.ros2_transplant/install/my_interfaces/include/my_interfaces/my_interfaces/msg/detail/detection_result__struct.hpp
-- Up-to-date: /home/seldon/Documents/gitrepo/rm.cv.std.ros2_transplant/install/my_interfaces/include/my_interfaces/my_interfaces/msg/detail/navigation_board2_pc__traits.hpp
-- Up-to-date: /home/seldon/Documents/gitrepo/rm.cv.std.ros2_transplant/install/my_interfaces/include/my_interfaces/my_interfaces/msg/detail/d_pack_identifier__traits.hpp
-- Up-to-date: /home/seldon/Documents/gitrepo/rm.cv.std.ros2_transplant/install/my_interfaces/include/my_interfaces/my_interfaces/msg/detail/detected_armor__struct.hpp
-- Up-to-date: /home/seldon/Documents/gitrepo/rm.cv.std.ros2_transplant/install/my_interfaces/include/my_interfaces/my_interfaces/msg/detail/navigation_board2_pc__builder.hpp
-- Up-to-date: /home/seldon/Documents/gitrepo/rm.cv.std.ros2_transplant/install/my_interfaces/include/my_interfaces/my_interfaces/msg/detail/game_status_pc2_board__struct.hpp
-- Up-to-date: /home/seldon/Documents/gitrepo/rm.cv.std.ros2_transplant/install/my_interfaces/include/my_interfaces/my_interfaces/msg/detail/general_msg_pc2_board__builder.hpp
-- Up-to-date: /home/seldon/Documents/gitrepo/rm.cv.std.ros2_transplant/install/my_interfaces/include/my_interfaces/my_interfaces/msg/detail/general_msg_pc2_board__struct.hpp
-- Up-to-date: /home/seldon/Documents/gitrepo/rm.cv.std.ros2_transplant/install/my_interfaces/include/my_interfaces/my_interfaces/msg/detail/robot_cmd__builder.hpp
-- Up-to-date: /home/seldon/Documents/gitrepo/rm.cv.std.ros2_transplant/install/my_interfaces/include/my_interfaces/my_interfaces/msg/detail/pc_work_mode__traits.hpp
-- Up-to-date: /home/seldon/Documents/gitrepo/rm.cv.std.ros2_transplant/install/my_interfaces/include/my_interfaces/my_interfaces/msg/detail/aim_shoot_msg_pc2_board__struct.hpp
-- Up-to-date: /home/seldon/Documents/gitrepo/rm.cv.std.ros2_transplant/install/my_interfaces/include/my_interfaces/my_interfaces/msg/detail/game_status_msg_board2_pc__traits.hpp
-- Up-to-date: /home/seldon/Documents/gitrepo/rm.cv.std.ros2_transplant/install/my_interfaces/include/my_interfaces/my_interfaces/msg/detail/robot_status__struct.hpp
-- Up-to-date: /home/seldon/Documents/gitrepo/rm.cv.std.ros2_transplant/install/my_interfaces/include/my_interfaces/my_interfaces/msg/detail/aim_shoot_msg_board2_pc__struct.hpp
-- Up-to-date: /home/seldon/Documents/gitrepo/rm.cv.std.ros2_transplant/install/my_interfaces/include/my_interfaces/my_interfaces/msg/game_status_msg_board2_pc.hpp
-- Up-to-date: /home/seldon/Documents/gitrepo/rm.cv.std.ros2_transplant/install/my_interfaces/include/my_interfaces/my_interfaces/srv
-- Up-to-date: /home/seldon/Documents/gitrepo/rm.cv.std.ros2_transplant/install/my_interfaces/include/my_interfaces/my_interfaces/srv/debug_info.hpp
-- Up-to-date: /home/seldon/Documents/gitrepo/rm.cv.std.ros2_transplant/install/my_interfaces/include/my_interfaces/my_interfaces/srv/detail
-- Up-to-date: /home/seldon/Documents/gitrepo/rm.cv.std.ros2_transplant/install/my_interfaces/include/my_interfaces/my_interfaces/srv/detail/debug_info__struct.hpp
-- Up-to-date: /home/seldon/Documents/gitrepo/rm.cv.std.ros2_transplant/install/my_interfaces/include/my_interfaces/my_interfaces/srv/detail/debug_info__traits.hpp
-- Up-to-date: /home/seldon/Documents/gitrepo/rm.cv.std.ros2_transplant/install/my_interfaces/include/my_interfaces/my_interfaces/srv/detail/debug_info__builder.hpp
-- Up-to-date: /home/seldon/Documents/gitrepo/rm.cv.std.ros2_transplant/install/my_interfaces/include/my_interfaces/my_interfaces
-- Up-to-date: /home/seldon/Documents/gitrepo/rm.cv.std.ros2_transplant/install/my_interfaces/include/my_interfaces/my_interfaces/msg
-- Up-to-date: /home/seldon/Documents/gitrepo/rm.cv.std.ros2_transplant/install/my_interfaces/include/my_interfaces/my_interfaces/msg/rosidl_typesupport_fastrtps_cpp__visibility_control.h
-- Up-to-date: /home/seldon/Documents/gitrepo/rm.cv.std.ros2_transplant/install/my_interfaces/include/my_interfaces/my_interfaces/msg/detail
-- Up-to-date: /home/seldon/Documents/gitrepo/rm.cv.std.ros2_transplant/install/my_interfaces/include/my_interfaces/my_interfaces/msg/detail/game_status_msg_board2_pc__rosidl_typesupport_fastrtps_cpp.hpp
-- Up-to-date: /home/seldon/Documents/gitrepo/rm.cv.std.ros2_transplant/install/my_interfaces/include/my_interfaces/my_interfaces/msg/detail/game_status_pc2_board__rosidl_typesupport_fastrtps_cpp.hpp
-- Up-to-date: /home/seldon/Documents/gitrepo/rm.cv.std.ros2_transplant/install/my_interfaces/include/my_interfaces/my_interfaces/msg/detail/d_pack_identifier__rosidl_typesupport_fastrtps_cpp.hpp
-- Up-to-date: /home/seldon/Documents/gitrepo/rm.cv.std.ros2_transplant/install/my_interfaces/include/my_interfaces/my_interfaces/msg/detail/detection_result__rosidl_typesupport_fastrtps_cpp.hpp
-- Up-to-date: /home/seldon/Documents/gitrepo/rm.cv.std.ros2_transplant/install/my_interfaces/include/my_interfaces/my_interfaces/msg/detail/aim_shoot_msg_pc2_board__rosidl_typesupport_fastrtps_cpp.hpp
-- Up-to-date: /home/seldon/Documents/gitrepo/rm.cv.std.ros2_transplant/install/my_interfaces/include/my_interfaces/my_interfaces/msg/detail/navigation_pc2_board__rosidl_typesupport_fastrtps_cpp.hpp
-- Up-to-date: /home/seldon/Documents/gitrepo/rm.cv.std.ros2_transplant/install/my_interfaces/include/my_interfaces/my_interfaces/msg/detail/robot_status__rosidl_typesupport_fastrtps_cpp.hpp
-- Up-to-date: /home/seldon/Documents/gitrepo/rm.cv.std.ros2_transplant/install/my_interfaces/include/my_interfaces/my_interfaces/msg/detail/detected_armor__rosidl_typesupport_fastrtps_cpp.hpp
-- Up-to-date: /home/seldon/Documents/gitrepo/rm.cv.std.ros2_transplant/install/my_interfaces/include/my_interfaces/my_interfaces/msg/detail/reload_flag__rosidl_typesupport_fastrtps_cpp.hpp
-- Up-to-date: /home/seldon/Documents/gitrepo/rm.cv.std.ros2_transplant/install/my_interfaces/include/my_interfaces/my_interfaces/msg/detail/dds_fastrtps
-- Up-to-date: /home/seldon/Documents/gitrepo/rm.cv.std.ros2_transplant/install/my_interfaces/include/my_interfaces/my_interfaces/msg/detail/general_msg_board2_pc__rosidl_typesupport_fastrtps_cpp.hpp
-- Up-to-date: /home/seldon/Documents/gitrepo/rm.cv.std.ros2_transplant/install/my_interfaces/include/my_interfaces/my_interfaces/msg/detail/pc_work_mode__rosidl_typesupport_fastrtps_cpp.hpp
-- Up-to-date: /home/seldon/Documents/gitrepo/rm.cv.std.ros2_transplant/install/my_interfaces/include/my_interfaces/my_interfaces/msg/detail/aim_shoot_msg_board2_pc__rosidl_typesupport_fastrtps_cpp.hpp
-- Up-to-date: /home/seldon/Documents/gitrepo/rm.cv.std.ros2_transplant/install/my_interfaces/include/my_interfaces/my_interfaces/msg/detail/robot_cmd__rosidl_typesupport_fastrtps_cpp.hpp
-- Up-to-date: /home/seldon/Documents/gitrepo/rm.cv.std.ros2_transplant/install/my_interfaces/include/my_interfaces/my_interfaces/msg/detail/general_msg_pc2_board__rosidl_typesupport_fastrtps_cpp.hpp
-- Up-to-date: /home/seldon/Documents/gitrepo/rm.cv.std.ros2_transplant/install/my_interfaces/include/my_interfaces/my_interfaces/msg/detail/navigation_board2_pc__rosidl_typesupport_fastrtps_cpp.hpp
-- Up-to-date: /home/seldon/Documents/gitrepo/rm.cv.std.ros2_transplant/install/my_interfaces/include/my_interfaces/my_interfaces/srv
-- Up-to-date: /home/seldon/Documents/gitrepo/rm.cv.std.ros2_transplant/install/my_interfaces/include/my_interfaces/my_interfaces/srv/detail
-- Up-to-date: /home/seldon/Documents/gitrepo/rm.cv.std.ros2_transplant/install/my_interfaces/include/my_interfaces/my_interfaces/srv/detail/debug_info__rosidl_typesupport_fastrtps_cpp.hpp
-- Up-to-date: /home/seldon/Documents/gitrepo/rm.cv.std.ros2_transplant/install/my_interfaces/include/my_interfaces/my_interfaces/srv/detail/dds_fastrtps
-- Up-to-date: /home/seldon/Documents/gitrepo/rm.cv.std.ros2_transplant/install/my_interfaces/lib/libmy_interfaces__rosidl_typesupport_fastrtps_cpp.so
-- Up-to-date: /home/seldon/Documents/gitrepo/rm.cv.std.ros2_transplant/install/my_interfaces/include/my_interfaces/my_interfaces
-- Up-to-date: /home/seldon/Documents/gitrepo/rm.cv.std.ros2_transplant/install/my_interfaces/include/my_interfaces/my_interfaces/msg
-- Up-to-date: /home/seldon/Documents/gitrepo/rm.cv.std.ros2_transplant/install/my_interfaces/include/my_interfaces/my_interfaces/msg/rosidl_typesupport_introspection_c__visibility_control.h
-- Up-to-date: /home/seldon/Documents/gitrepo/rm.cv.std.ros2_transplant/install/my_interfaces/include/my_interfaces/my_interfaces/msg/detail
-- Up-to-date: /home/seldon/Documents/gitrepo/rm.cv.std.ros2_transplant/install/my_interfaces/include/my_interfaces/my_interfaces/msg/detail/aim_shoot_msg_board2_pc__rosidl_typesupport_introspection_c.h
-- Up-to-date: /home/seldon/Documents/gitrepo/rm.cv.std.ros2_transplant/install/my_interfaces/include/my_interfaces/my_interfaces/msg/detail/pc_work_mode__type_support.c
-- Up-to-date: /home/seldon/Documents/gitrepo/rm.cv.std.ros2_transplant/install/my_interfaces/include/my_interfaces/my_interfaces/msg/detail/game_status_pc2_board__rosidl_typesupport_introspection_c.h
-- Up-to-date: /home/seldon/Documents/gitrepo/rm.cv.std.ros2_transplant/install/my_interfaces/include/my_interfaces/my_interfaces/msg/detail/detection_result__rosidl_typesupport_introspection_c.h
-- Up-to-date: /home/seldon/Documents/gitrepo/rm.cv.std.ros2_transplant/install/my_interfaces/include/my_interfaces/my_interfaces/msg/detail/navigation_board2_pc__rosidl_typesupport_introspection_c.h
-- Up-to-date: /home/seldon/Documents/gitrepo/rm.cv.std.ros2_transplant/install/my_interfaces/include/my_interfaces/my_interfaces/msg/detail/d_pack_identifier__type_support.c
-- Up-to-date: /home/seldon/Documents/gitrepo/rm.cv.std.ros2_transplant/install/my_interfaces/include/my_interfaces/my_interfaces/msg/detail/game_status_msg_board2_pc__rosidl_typesupport_introspection_c.h
-- Up-to-date: /home/seldon/Documents/gitrepo/rm.cv.std.ros2_transplant/install/my_interfaces/include/my_interfaces/my_interfaces/msg/detail/robot_cmd__rosidl_typesupport_introspection_c.h
-- Up-to-date: /home/seldon/Documents/gitrepo/rm.cv.std.ros2_transplant/install/my_interfaces/include/my_interfaces/my_interfaces/msg/detail/detected_armor__type_support.c
-- Up-to-date: /home/seldon/Documents/gitrepo/rm.cv.std.ros2_transplant/install/my_interfaces/include/my_interfaces/my_interfaces/msg/detail/reload_flag__rosidl_typesupport_introspection_c.h
-- Up-to-date: /home/seldon/Documents/gitrepo/rm.cv.std.ros2_transplant/install/my_interfaces/include/my_interfaces/my_interfaces/msg/detail/game_status_pc2_board__type_support.c
-- Up-to-date: /home/seldon/Documents/gitrepo/rm.cv.std.ros2_transplant/install/my_interfaces/include/my_interfaces/my_interfaces/msg/detail/general_msg_board2_pc__type_support.c
-- Up-to-date: /home/seldon/Documents/gitrepo/rm.cv.std.ros2_transplant/install/my_interfaces/include/my_interfaces/my_interfaces/msg/detail/general_msg_board2_pc__rosidl_typesupport_introspection_c.h
-- Up-to-date: /home/seldon/Documents/gitrepo/rm.cv.std.ros2_transplant/install/my_interfaces/include/my_interfaces/my_interfaces/msg/detail/robot_status__type_support.c
-- Up-to-date: /home/seldon/Documents/gitrepo/rm.cv.std.ros2_transplant/install/my_interfaces/include/my_interfaces/my_interfaces/msg/detail/navigation_board2_pc__type_support.c
-- Up-to-date: /home/seldon/Documents/gitrepo/rm.cv.std.ros2_transplant/install/my_interfaces/include/my_interfaces/my_interfaces/msg/detail/aim_shoot_msg_board2_pc__type_support.c
-- Up-to-date: /home/seldon/Documents/gitrepo/rm.cv.std.ros2_transplant/install/my_interfaces/include/my_interfaces/my_interfaces/msg/detail/aim_shoot_msg_pc2_board__type_support.c
-- Up-to-date: /home/seldon/Documents/gitrepo/rm.cv.std.ros2_transplant/install/my_interfaces/include/my_interfaces/my_interfaces/msg/detail/pc_work_mode__rosidl_typesupport_introspection_c.h
-- Up-to-date: /home/seldon/Documents/gitrepo/rm.cv.std.ros2_transplant/install/my_interfaces/include/my_interfaces/my_interfaces/msg/detail/aim_shoot_msg_pc2_board__rosidl_typesupport_introspection_c.h
-- Up-to-date: /home/seldon/Documents/gitrepo/rm.cv.std.ros2_transplant/install/my_interfaces/include/my_interfaces/my_interfaces/msg/detail/general_msg_pc2_board__rosidl_typesupport_introspection_c.h
-- Up-to-date: /home/seldon/Documents/gitrepo/rm.cv.std.ros2_transplant/install/my_interfaces/include/my_interfaces/my_interfaces/msg/detail/robot_cmd__type_support.c
-- Up-to-date: /home/seldon/Documents/gitrepo/rm.cv.std.ros2_transplant/install/my_interfaces/include/my_interfaces/my_interfaces/msg/detail/detection_result__type_support.c
-- Up-to-date: /home/seldon/Documents/gitrepo/rm.cv.std.ros2_transplant/install/my_interfaces/include/my_interfaces/my_interfaces/msg/detail/general_msg_pc2_board__type_support.c
-- Up-to-date: /home/seldon/Documents/gitrepo/rm.cv.std.ros2_transplant/install/my_interfaces/include/my_interfaces/my_interfaces/msg/detail/navigation_pc2_board__rosidl_typesupport_introspection_c.h
-- Up-to-date: /home/seldon/Documents/gitrepo/rm.cv.std.ros2_transplant/install/my_interfaces/include/my_interfaces/my_interfaces/msg/detail/reload_flag__type_support.c
-- Up-to-date: /home/seldon/Documents/gitrepo/rm.cv.std.ros2_transplant/install/my_interfaces/include/my_interfaces/my_interfaces/msg/detail/navigation_pc2_board__type_support.c
-- Up-to-date: /home/seldon/Documents/gitrepo/rm.cv.std.ros2_transplant/install/my_interfaces/include/my_interfaces/my_interfaces/msg/detail/game_status_msg_board2_pc__type_support.c
-- Up-to-date: /home/seldon/Documents/gitrepo/rm.cv.std.ros2_transplant/install/my_interfaces/include/my_interfaces/my_interfaces/msg/detail/detected_armor__rosidl_typesupport_introspection_c.h
-- Up-to-date: /home/seldon/Documents/gitrepo/rm.cv.std.ros2_transplant/install/my_interfaces/include/my_interfaces/my_interfaces/msg/detail/d_pack_identifier__rosidl_typesupport_introspection_c.h
-- Up-to-date: /home/seldon/Documents/gitrepo/rm.cv.std.ros2_transplant/install/my_interfaces/include/my_interfaces/my_interfaces/msg/detail/robot_status__rosidl_typesupport_introspection_c.h
-- Up-to-date: /home/seldon/Documents/gitrepo/rm.cv.std.ros2_transplant/install/my_interfaces/include/my_interfaces/my_interfaces/srv
-- Up-to-date: /home/seldon/Documents/gitrepo/rm.cv.std.ros2_transplant/install/my_interfaces/include/my_interfaces/my_interfaces/srv/detail
-- Up-to-date: /home/seldon/Documents/gitrepo/rm.cv.std.ros2_transplant/install/my_interfaces/include/my_interfaces/my_interfaces/srv/detail/debug_info__type_support.c
-- Up-to-date: /home/seldon/Documents/gitrepo/rm.cv.std.ros2_transplant/install/my_interfaces/include/my_interfaces/my_interfaces/srv/detail/debug_info__rosidl_typesupport_introspection_c.h
-- Up-to-date: /home/seldon/Documents/gitrepo/rm.cv.std.ros2_transplant/install/my_interfaces/lib/libmy_interfaces__rosidl_typesupport_introspection_c.so
-- Up-to-date: /home/seldon/Documents/gitrepo/rm.cv.std.ros2_transplant/install/my_interfaces/lib/libmy_interfaces__rosidl_typesupport_c.so
-- Up-to-date: /home/seldon/Documents/gitrepo/rm.cv.std.ros2_transplant/install/my_interfaces/include/my_interfaces/my_interfaces
-- Up-to-date: /home/seldon/Documents/gitrepo/rm.cv.std.ros2_transplant/install/my_interfaces/include/my_interfaces/my_interfaces/msg
-- Up-to-date: /home/seldon/Documents/gitrepo/rm.cv.std.ros2_transplant/install/my_interfaces/include/my_interfaces/my_interfaces/msg/detail
-- Up-to-date: /home/seldon/Documents/gitrepo/rm.cv.std.ros2_transplant/install/my_interfaces/include/my_interfaces/my_interfaces/msg/detail/pc_work_mode__rosidl_typesupport_introspection_cpp.hpp
-- Up-to-date: /home/seldon/Documents/gitrepo/rm.cv.std.ros2_transplant/install/my_interfaces/include/my_interfaces/my_interfaces/msg/detail/aim_shoot_msg_pc2_board__rosidl_typesupport_introspection_cpp.hpp
-- Up-to-date: /home/seldon/Documents/gitrepo/rm.cv.std.ros2_transplant/install/my_interfaces/include/my_interfaces/my_interfaces/msg/detail/general_msg_pc2_board__rosidl_typesupport_introspection_cpp.hpp
-- Up-to-date: /home/seldon/Documents/gitrepo/rm.cv.std.ros2_transplant/install/my_interfaces/include/my_interfaces/my_interfaces/msg/detail/robot_status__type_support.cpp
-- Up-to-date: /home/seldon/Documents/gitrepo/rm.cv.std.ros2_transplant/install/my_interfaces/include/my_interfaces/my_interfaces/msg/detail/aim_shoot_msg_board2_pc__rosidl_typesupport_introspection_cpp.hpp
-- Up-to-date: /home/seldon/Documents/gitrepo/rm.cv.std.ros2_transplant/install/my_interfaces/include/my_interfaces/my_interfaces/msg/detail/d_pack_identifier__type_support.cpp
-- Up-to-date: /home/seldon/Documents/gitrepo/rm.cv.std.ros2_transplant/install/my_interfaces/include/my_interfaces/my_interfaces/msg/detail/navigation_board2_pc__type_support.cpp
-- Up-to-date: /home/seldon/Documents/gitrepo/rm.cv.std.ros2_transplant/install/my_interfaces/include/my_interfaces/my_interfaces/msg/detail/reload_flag__type_support.cpp
-- Up-to-date: /home/seldon/Documents/gitrepo/rm.cv.std.ros2_transplant/install/my_interfaces/include/my_interfaces/my_interfaces/msg/detail/aim_shoot_msg_pc2_board__type_support.cpp
-- Up-to-date: /home/seldon/Documents/gitrepo/rm.cv.std.ros2_transplant/install/my_interfaces/include/my_interfaces/my_interfaces/msg/detail/navigation_board2_pc__rosidl_typesupport_introspection_cpp.hpp
-- Up-to-date: /home/seldon/Documents/gitrepo/rm.cv.std.ros2_transplant/install/my_interfaces/include/my_interfaces/my_interfaces/msg/detail/navigation_pc2_board__rosidl_typesupport_introspection_cpp.hpp
-- Up-to-date: /home/seldon/Documents/gitrepo/rm.cv.std.ros2_transplant/install/my_interfaces/include/my_interfaces/my_interfaces/msg/detail/game_status_msg_board2_pc__rosidl_typesupport_introspection_cpp.hpp
-- Up-to-date: /home/seldon/Documents/gitrepo/rm.cv.std.ros2_transplant/install/my_interfaces/include/my_interfaces/my_interfaces/msg/detail/d_pack_identifier__rosidl_typesupport_introspection_cpp.hpp
-- Up-to-date: /home/seldon/Documents/gitrepo/rm.cv.std.ros2_transplant/install/my_interfaces/include/my_interfaces/my_interfaces/msg/detail/navigation_pc2_board__type_support.cpp
-- Up-to-date: /home/seldon/Documents/gitrepo/rm.cv.std.ros2_transplant/install/my_interfaces/include/my_interfaces/my_interfaces/msg/detail/detected_armor__type_support.cpp
-- Up-to-date: /home/seldon/Documents/gitrepo/rm.cv.std.ros2_transplant/install/my_interfaces/include/my_interfaces/my_interfaces/msg/detail/detection_result__rosidl_typesupport_introspection_cpp.hpp
-- Up-to-date: /home/seldon/Documents/gitrepo/rm.cv.std.ros2_transplant/install/my_interfaces/include/my_interfaces/my_interfaces/msg/detail/game_status_pc2_board__type_support.cpp
-- Up-to-date: /home/seldon/Documents/gitrepo/rm.cv.std.ros2_transplant/install/my_interfaces/include/my_interfaces/my_interfaces/msg/detail/aim_shoot_msg_board2_pc__type_support.cpp
-- Up-to-date: /home/seldon/Documents/gitrepo/rm.cv.std.ros2_transplant/install/my_interfaces/include/my_interfaces/my_interfaces/msg/detail/reload_flag__rosidl_typesupport_introspection_cpp.hpp
-- Up-to-date: /home/seldon/Documents/gitrepo/rm.cv.std.ros2_transplant/install/my_interfaces/include/my_interfaces/my_interfaces/msg/detail/general_msg_board2_pc__type_support.cpp
-- Up-to-date: /home/seldon/Documents/gitrepo/rm.cv.std.ros2_transplant/install/my_interfaces/include/my_interfaces/my_interfaces/msg/detail/robot_status__rosidl_typesupport_introspection_cpp.hpp
-- Up-to-date: /home/seldon/Documents/gitrepo/rm.cv.std.ros2_transplant/install/my_interfaces/include/my_interfaces/my_interfaces/msg/detail/robot_cmd__type_support.cpp
-- Up-to-date: /home/seldon/Documents/gitrepo/rm.cv.std.ros2_transplant/install/my_interfaces/include/my_interfaces/my_interfaces/msg/detail/robot_cmd__rosidl_typesupport_introspection_cpp.hpp
-- Up-to-date: /home/seldon/Documents/gitrepo/rm.cv.std.ros2_transplant/install/my_interfaces/include/my_interfaces/my_interfaces/msg/detail/game_status_msg_board2_pc__type_support.cpp
-- Up-to-date: /home/seldon/Documents/gitrepo/rm.cv.std.ros2_transplant/install/my_interfaces/include/my_interfaces/my_interfaces/msg/detail/detection_result__type_support.cpp
-- Up-to-date: /home/seldon/Documents/gitrepo/rm.cv.std.ros2_transplant/install/my_interfaces/include/my_interfaces/my_interfaces/msg/detail/game_status_pc2_board__rosidl_typesupport_introspection_cpp.hpp
-- Up-to-date: /home/seldon/Documents/gitrepo/rm.cv.std.ros2_transplant/install/my_interfaces/include/my_interfaces/my_interfaces/msg/detail/pc_work_mode__type_support.cpp
-- Up-to-date: /home/seldon/Documents/gitrepo/rm.cv.std.ros2_transplant/install/my_interfaces/include/my_interfaces/my_interfaces/msg/detail/detected_armor__rosidl_typesupport_introspection_cpp.hpp
-- Up-to-date: /home/seldon/Documents/gitrepo/rm.cv.std.ros2_transplant/install/my_interfaces/include/my_interfaces/my_interfaces/msg/detail/general_msg_pc2_board__type_support.cpp
-- Up-to-date: /home/seldon/Documents/gitrepo/rm.cv.std.ros2_transplant/install/my_interfaces/include/my_interfaces/my_interfaces/msg/detail/general_msg_board2_pc__rosidl_typesupport_introspection_cpp.hpp
-- Up-to-date: /home/seldon/Documents/gitrepo/rm.cv.std.ros2_transplant/install/my_interfaces/include/my_interfaces/my_interfaces/srv
-- Up-to-date: /home/seldon/Documents/gitrepo/rm.cv.std.ros2_transplant/install/my_interfaces/include/my_interfaces/my_interfaces/srv/detail
-- Up-to-date: /home/seldon/Documents/gitrepo/rm.cv.std.ros2_transplant/install/my_interfaces/include/my_interfaces/my_interfaces/srv/detail/debug_info__type_support.cpp
-- Up-to-date: /home/seldon/Documents/gitrepo/rm.cv.std.ros2_transplant/install/my_interfaces/include/my_interfaces/my_interfaces/srv/detail/debug_info__rosidl_typesupport_introspection_cpp.hpp
-- Up-to-date: /home/seldon/Documents/gitrepo/rm.cv.std.ros2_transplant/install/my_interfaces/lib/libmy_interfaces__rosidl_typesupport_introspection_cpp.so
-- Up-to-date: /home/seldon/Documents/gitrepo/rm.cv.std.ros2_transplant/install/my_interfaces/lib/libmy_interfaces__rosidl_typesupport_cpp.so
-- Up-to-date: /home/seldon/Documents/gitrepo/rm.cv.std.ros2_transplant/install/my_interfaces/share/my_interfaces/environment/pythonpath.sh
-- Up-to-date: /home/seldon/Documents/gitrepo/rm.cv.std.ros2_transplant/install/my_interfaces/share/my_interfaces/environment/pythonpath.dsv
-- Up-to-date: /home/seldon/Documents/gitrepo/rm.cv.std.ros2_transplant/install/my_interfaces/local/lib/python3.10/dist-packages/my_interfaces-0.0.0-py3.10.egg-info
-- Installing: /home/seldon/Documents/gitrepo/rm.cv.std.ros2_transplant/install/my_interfaces/local/lib/python3.10/dist-packages/my_interfaces-0.0.0-py3.10.egg-info/dependency_links.txt
-- Installing: /home/seldon/Documents/gitrepo/rm.cv.std.ros2_transplant/install/my_interfaces/local/lib/python3.10/dist-packages/my_interfaces-0.0.0-py3.10.egg-info/top_level.txt
-- Installing: /home/seldon/Documents/gitrepo/rm.cv.std.ros2_transplant/install/my_interfaces/local/lib/python3.10/dist-packages/my_interfaces-0.0.0-py3.10.egg-info/SOURCES.txt
-- Installing: /home/seldon/Documents/gitrepo/rm.cv.std.ros2_transplant/install/my_interfaces/local/lib/python3.10/dist-packages/my_interfaces-0.0.0-py3.10.egg-info/PKG-INFO
-- Up-to-date: /home/seldon/Documents/gitrepo/rm.cv.std.ros2_transplant/install/my_interfaces/local/lib/python3.10/dist-packages/my_interfaces
-- Up-to-date: /home/seldon/Documents/gitrepo/rm.cv.std.ros2_transplant/install/my_interfaces/local/lib/python3.10/dist-packages/my_interfaces/my_interfaces_s__rosidl_typesupport_fastrtps_c.cpython-310-x86_64-linux-gnu.so
-- Up-to-date: /home/seldon/Documents/gitrepo/rm.cv.std.ros2_transplant/install/my_interfaces/local/lib/python3.10/dist-packages/my_interfaces/msg
-- Up-to-date: /home/seldon/Documents/gitrepo/rm.cv.std.ros2_transplant/install/my_interfaces/local/lib/python3.10/dist-packages/my_interfaces/msg/_d_pack_identifier.py
-- Up-to-date: /home/seldon/Documents/gitrepo/rm.cv.std.ros2_transplant/install/my_interfaces/local/lib/python3.10/dist-packages/my_interfaces/msg/_aim_shoot_msg_board2_pc.py
-- Up-to-date: /home/seldon/Documents/gitrepo/rm.cv.std.ros2_transplant/install/my_interfaces/local/lib/python3.10/dist-packages/my_interfaces/msg/_aim_shoot_msg_pc2_board_s.c
-- Up-to-date: /home/seldon/Documents/gitrepo/rm.cv.std.ros2_transplant/install/my_interfaces/local/lib/python3.10/dist-packages/my_interfaces/msg/_detected_armor.py
-- Up-to-date: /home/seldon/Documents/gitrepo/rm.cv.std.ros2_transplant/install/my_interfaces/local/lib/python3.10/dist-packages/my_interfaces/msg/_aim_shoot_msg_board2_pc_s.c
-- Up-to-date: /home/seldon/Documents/gitrepo/rm.cv.std.ros2_transplant/install/my_interfaces/local/lib/python3.10/dist-packages/my_interfaces/msg/_detection_result.py
-- Up-to-date: /home/seldon/Documents/gitrepo/rm.cv.std.ros2_transplant/install/my_interfaces/local/lib/python3.10/dist-packages/my_interfaces/msg/_game_status_msg_board2_pc.py
-- Up-to-date: /home/seldon/Documents/gitrepo/rm.cv.std.ros2_transplant/install/my_interfaces/local/lib/python3.10/dist-packages/my_interfaces/msg/_robot_cmd.py
-- Up-to-date: /home/seldon/Documents/gitrepo/rm.cv.std.ros2_transplant/install/my_interfaces/local/lib/python3.10/dist-packages/my_interfaces/msg/_detection_result_s.c
-- Up-to-date: /home/seldon/Documents/gitrepo/rm.cv.std.ros2_transplant/install/my_interfaces/local/lib/python3.10/dist-packages/my_interfaces/msg/_general_msg_pc2_board_s.c
-- Up-to-date: /home/seldon/Documents/gitrepo/rm.cv.std.ros2_transplant/install/my_interfaces/local/lib/python3.10/dist-packages/my_interfaces/msg/_navigation_board2_pc.py
-- Up-to-date: /home/seldon/Documents/gitrepo/rm.cv.std.ros2_transplant/install/my_interfaces/local/lib/python3.10/dist-packages/my_interfaces/msg/_pc_work_mode.py
-- Up-to-date: /home/seldon/Documents/gitrepo/rm.cv.std.ros2_transplant/install/my_interfaces/local/lib/python3.10/dist-packages/my_interfaces/msg/_general_msg_board2_pc.py
-- Up-to-date: /home/seldon/Documents/gitrepo/rm.cv.std.ros2_transplant/install/my_interfaces/local/lib/python3.10/dist-packages/my_interfaces/msg/_navigation_pc2_board_s.c
-- Up-to-date: /home/seldon/Documents/gitrepo/rm.cv.std.ros2_transplant/install/my_interfaces/local/lib/python3.10/dist-packages/my_interfaces/msg/_aim_shoot_msg_pc2_board.py
-- Up-to-date: /home/seldon/Documents/gitrepo/rm.cv.std.ros2_transplant/install/my_interfaces/local/lib/python3.10/dist-packages/my_interfaces/msg/_navigation_board2_pc_s.c
-- Up-to-date: /home/seldon/Documents/gitrepo/rm.cv.std.ros2_transplant/install/my_interfaces/local/lib/python3.10/dist-packages/my_interfaces/msg/_robot_status.py
-- Up-to-date: /home/seldon/Documents/gitrepo/rm.cv.std.ros2_transplant/install/my_interfaces/local/lib/python3.10/dist-packages/my_interfaces/msg/_reload_flag.py
-- Up-to-date: /home/seldon/Documents/gitrepo/rm.cv.std.ros2_transplant/install/my_interfaces/local/lib/python3.10/dist-packages/my_interfaces/msg/__init__.py
-- Up-to-date: /home/seldon/Documents/gitrepo/rm.cv.std.ros2_transplant/install/my_interfaces/local/lib/python3.10/dist-packages/my_interfaces/msg/_navigation_pc2_board.py
-- Up-to-date: /home/seldon/Documents/gitrepo/rm.cv.std.ros2_transplant/install/my_interfaces/local/lib/python3.10/dist-packages/my_interfaces/msg/_reload_flag_s.c
-- Up-to-date: /home/seldon/Documents/gitrepo/rm.cv.std.ros2_transplant/install/my_interfaces/local/lib/python3.10/dist-packages/my_interfaces/msg/_detected_armor_s.c
-- Up-to-date: /home/seldon/Documents/gitrepo/rm.cv.std.ros2_transplant/install/my_interfaces/local/lib/python3.10/dist-packages/my_interfaces/msg/_general_msg_board2_pc_s.c
-- Up-to-date: /home/seldon/Documents/gitrepo/rm.cv.std.ros2_transplant/install/my_interfaces/local/lib/python3.10/dist-packages/my_interfaces/msg/_robot_cmd_s.c
-- Up-to-date: /home/seldon/Documents/gitrepo/rm.cv.std.ros2_transplant/install/my_interfaces/local/lib/python3.10/dist-packages/my_interfaces/msg/_d_pack_identifier_s.c
-- Up-to-date: /home/seldon/Documents/gitrepo/rm.cv.std.ros2_transplant/install/my_interfaces/local/lib/python3.10/dist-packages/my_interfaces/msg/_game_status_msg_board2_pc_s.c
-- Up-to-date: /home/seldon/Documents/gitrepo/rm.cv.std.ros2_transplant/install/my_interfaces/local/lib/python3.10/dist-packages/my_interfaces/msg/_robot_status_s.c
-- Up-to-date: /home/seldon/Documents/gitrepo/rm.cv.std.ros2_transplant/install/my_interfaces/local/lib/python3.10/dist-packages/my_interfaces/msg/_general_msg_pc2_board.py
-- Up-to-date: /home/seldon/Documents/gitrepo/rm.cv.std.ros2_transplant/install/my_interfaces/local/lib/python3.10/dist-packages/my_interfaces/msg/_game_status_pc2_board.py
-- Up-to-date: /home/seldon/Documents/gitrepo/rm.cv.std.ros2_transplant/install/my_interfaces/local/lib/python3.10/dist-packages/my_interfaces/msg/_pc_work_mode_s.c
-- Up-to-date: /home/seldon/Documents/gitrepo/rm.cv.std.ros2_transplant/install/my_interfaces/local/lib/python3.10/dist-packages/my_interfaces/msg/_game_status_pc2_board_s.c
-- Up-to-date: /home/seldon/Documents/gitrepo/rm.cv.std.ros2_transplant/install/my_interfaces/local/lib/python3.10/dist-packages/my_interfaces/my_interfaces_s__rosidl_typesupport_introspection_c.cpython-310-x86_64-linux-gnu.so
-- Up-to-date: /home/seldon/Documents/gitrepo/rm.cv.std.ros2_transplant/install/my_interfaces/local/lib/python3.10/dist-packages/my_interfaces/_my_interfaces_s.ep.rosidl_typesupport_fastrtps_c.c
-- Up-to-date: /home/seldon/Documents/gitrepo/rm.cv.std.ros2_transplant/install/my_interfaces/local/lib/python3.10/dist-packages/my_interfaces/srv
-- Up-to-date: /home/seldon/Documents/gitrepo/rm.cv.std.ros2_transplant/install/my_interfaces/local/lib/python3.10/dist-packages/my_interfaces/srv/_debug_info_s.c
-- Up-to-date: /home/seldon/Documents/gitrepo/rm.cv.std.ros2_transplant/install/my_interfaces/local/lib/python3.10/dist-packages/my_interfaces/srv/__init__.py
-- Up-to-date: /home/seldon/Documents/gitrepo/rm.cv.std.ros2_transplant/install/my_interfaces/local/lib/python3.10/dist-packages/my_interfaces/srv/_debug_info.py
-- Up-to-date: /home/seldon/Documents/gitrepo/rm.cv.std.ros2_transplant/install/my_interfaces/local/lib/python3.10/dist-packages/my_interfaces/__init__.py
-- Up-to-date: /home/seldon/Documents/gitrepo/rm.cv.std.ros2_transplant/install/my_interfaces/local/lib/python3.10/dist-packages/my_interfaces/my_interfaces_s__rosidl_typesupport_c.cpython-310-x86_64-linux-gnu.so
-- Up-to-date: /home/seldon/Documents/gitrepo/rm.cv.std.ros2_transplant/install/my_interfaces/local/lib/python3.10/dist-packages/my_interfaces/_my_interfaces_s.ep.rosidl_typesupport_c.c
-- Up-to-date: /home/seldon/Documents/gitrepo/rm.cv.std.ros2_transplant/install/my_interfaces/local/lib/python3.10/dist-packages/my_interfaces/_my_interfaces_s.ep.rosidl_typesupport_introspection_c.c
-- Up-to-date: /home/seldon/Documents/gitrepo/rm.cv.std.ros2_transplant/install/my_interfaces/local/lib/python3.10/dist-packages/my_interfaces/libmy_interfaces__rosidl_generator_py.so
Listing '/home/seldon/Documents/gitrepo/rm.cv.std.ros2_transplant/install/my_interfaces/local/lib/python3.10/dist-packages/my_interfaces'...
Listing '/home/seldon/Documents/gitrepo/rm.cv.std.ros2_transplant/install/my_interfaces/local/lib/python3.10/dist-packages/my_interfaces/msg'...
Listing '/home/seldon/Documents/gitrepo/rm.cv.std.ros2_transplant/install/my_interfaces/local/lib/python3.10/dist-packages/my_interfaces/srv'...
-- Up-to-date: /home/seldon/Documents/gitrepo/rm.cv.std.ros2_transplant/install/my_interfaces/local/lib/python3.10/dist-packages/my_interfaces/my_interfaces_s__rosidl_typesupport_fastrtps_c.cpython-310-x86_64-linux-gnu.so
-- Up-to-date: /home/seldon/Documents/gitrepo/rm.cv.std.ros2_transplant/install/my_interfaces/local/lib/python3.10/dist-packages/my_interfaces/my_interfaces_s__rosidl_typesupport_introspection_c.cpython-310-x86_64-linux-gnu.so
-- Up-to-date: /home/seldon/Documents/gitrepo/rm.cv.std.ros2_transplant/install/my_interfaces/local/lib/python3.10/dist-packages/my_interfaces/my_interfaces_s__rosidl_typesupport_c.cpython-310-x86_64-linux-gnu.so
-- Up-to-date: /home/seldon/Documents/gitrepo/rm.cv.std.ros2_transplant/install/my_interfaces/lib/libmy_interfaces__rosidl_generator_py.so
-- Up-to-date: /home/seldon/Documents/gitrepo/rm.cv.std.ros2_transplant/install/my_interfaces/share/my_interfaces/msg/AimShootMsgBoard2PC.idl
-- Up-to-date: /home/seldon/Documents/gitrepo/rm.cv.std.ros2_transplant/install/my_interfaces/share/my_interfaces/msg/AimShootMsgPC2Board.idl
-- Up-to-date: /home/seldon/Documents/gitrepo/rm.cv.std.ros2_transplant/install/my_interfaces/share/my_interfaces/msg/GameStatusPC2Board.idl
-- Up-to-date: /home/seldon/Documents/gitrepo/rm.cv.std.ros2_transplant/install/my_interfaces/share/my_interfaces/msg/GameStatusMsgBoard2PC.idl
-- Up-to-date: /home/seldon/Documents/gitrepo/rm.cv.std.ros2_transplant/install/my_interfaces/share/my_interfaces/msg/GeneralMsgBoard2PC.idl
-- Up-to-date: /home/seldon/Documents/gitrepo/rm.cv.std.ros2_transplant/install/my_interfaces/share/my_interfaces/msg/GeneralMsgPC2Board.idl
-- Up-to-date: /home/seldon/Documents/gitrepo/rm.cv.std.ros2_transplant/install/my_interfaces/share/my_interfaces/msg/DPackIdentifier.idl
-- Up-to-date: /home/seldon/Documents/gitrepo/rm.cv.std.ros2_transplant/install/my_interfaces/share/my_interfaces/msg/NavigationBoard2PC.idl
-- Up-to-date: /home/seldon/Documents/gitrepo/rm.cv.std.ros2_transplant/install/my_interfaces/share/my_interfaces/msg/NavigationPC2Board.idl
-- Up-to-date: /home/seldon/Documents/gitrepo/rm.cv.std.ros2_transplant/install/my_interfaces/share/my_interfaces/msg/PCWorkMode.idl
-- Up-to-date: /home/seldon/Documents/gitrepo/rm.cv.std.ros2_transplant/install/my_interfaces/share/my_interfaces/msg/RobotCmd.idl
-- Up-to-date: /home/seldon/Documents/gitrepo/rm.cv.std.ros2_transplant/install/my_interfaces/share/my_interfaces/msg/RobotStatus.idl
-- Up-to-date: /home/seldon/Documents/gitrepo/rm.cv.std.ros2_transplant/install/my_interfaces/share/my_interfaces/msg/DetectedArmor.idl
-- Up-to-date: /home/seldon/Documents/gitrepo/rm.cv.std.ros2_transplant/install/my_interfaces/share/my_interfaces/msg/DetectionResult.idl
-- Up-to-date: /home/seldon/Documents/gitrepo/rm.cv.std.ros2_transplant/install/my_interfaces/share/my_interfaces/msg/ReloadFlag.idl
-- Up-to-date: /home/seldon/Documents/gitrepo/rm.cv.std.ros2_transplant/install/my_interfaces/share/my_interfaces/srv/DebugInfo.idl
-- Up-to-date: /home/seldon/Documents/gitrepo/rm.cv.std.ros2_transplant/install/my_interfaces/share/my_interfaces/msg/AimShootMsgBoard2PC.msg
-- Up-to-date: /home/seldon/Documents/gitrepo/rm.cv.std.ros2_transplant/install/my_interfaces/share/my_interfaces/msg/AimShootMsgPC2Board.msg
-- Up-to-date: /home/seldon/Documents/gitrepo/rm.cv.std.ros2_transplant/install/my_interfaces/share/my_interfaces/msg/GameStatusPC2Board.msg
-- Up-to-date: /home/seldon/Documents/gitrepo/rm.cv.std.ros2_transplant/install/my_interfaces/share/my_interfaces/msg/GameStatusMsgBoard2PC.msg
-- Up-to-date: /home/seldon/Documents/gitrepo/rm.cv.std.ros2_transplant/install/my_interfaces/share/my_interfaces/msg/GeneralMsgBoard2PC.msg
-- Up-to-date: /home/seldon/Documents/gitrepo/rm.cv.std.ros2_transplant/install/my_interfaces/share/my_interfaces/msg/GeneralMsgPC2Board.msg
-- Up-to-date: /home/seldon/Documents/gitrepo/rm.cv.std.ros2_transplant/install/my_interfaces/share/my_interfaces/msg/DPackIdentifier.msg
-- Up-to-date: /home/seldon/Documents/gitrepo/rm.cv.std.ros2_transplant/install/my_interfaces/share/my_interfaces/msg/NavigationBoard2PC.msg
-- Up-to-date: /home/seldon/Documents/gitrepo/rm.cv.std.ros2_transplant/install/my_interfaces/share/my_interfaces/msg/NavigationPC2Board.msg
-- Up-to-date: /home/seldon/Documents/gitrepo/rm.cv.std.ros2_transplant/install/my_interfaces/share/my_interfaces/msg/PCWorkMode.msg
-- Up-to-date: /home/seldon/Documents/gitrepo/rm.cv.std.ros2_transplant/install/my_interfaces/share/my_interfaces/msg/RobotCmd.msg
-- Up-to-date: /home/seldon/Documents/gitrepo/rm.cv.std.ros2_transplant/install/my_interfaces/share/my_interfaces/msg/RobotStatus.msg
-- Up-to-date: /home/seldon/Documents/gitrepo/rm.cv.std.ros2_transplant/install/my_interfaces/share/my_interfaces/msg/DetectedArmor.msg
-- Up-to-date: /home/seldon/Documents/gitrepo/rm.cv.std.ros2_transplant/install/my_interfaces/share/my_interfaces/msg/DetectionResult.msg
-- Up-to-date: /home/seldon/Documents/gitrepo/rm.cv.std.ros2_transplant/install/my_interfaces/share/my_interfaces/msg/ReloadFlag.msg
-- Up-to-date: /home/seldon/Documents/gitrepo/rm.cv.std.ros2_transplant/install/my_interfaces/share/my_interfaces/srv/DebugInfo.srv
-- Up-to-date: /home/seldon/Documents/gitrepo/rm.cv.std.ros2_transplant/install/my_interfaces/share/my_interfaces/srv/DebugInfo_Request.msg
-- Up-to-date: /home/seldon/Documents/gitrepo/rm.cv.std.ros2_transplant/install/my_interfaces/share/my_interfaces/srv/DebugInfo_Response.msg
-- Up-to-date: /home/seldon/Documents/gitrepo/rm.cv.std.ros2_transplant/install/my_interfaces/share/ament_index/resource_index/package_run_dependencies/my_interfaces
-- Up-to-date: /home/seldon/Documents/gitrepo/rm.cv.std.ros2_transplant/install/my_interfaces/share/ament_index/resource_index/parent_prefix_path/my_interfaces
-- Up-to-date: /home/seldon/Documents/gitrepo/rm.cv.std.ros2_transplant/install/my_interfaces/share/my_interfaces/environment/ament_prefix_path.sh
-- Up-to-date: /home/seldon/Documents/gitrepo/rm.cv.std.ros2_transplant/install/my_interfaces/share/my_interfaces/environment/ament_prefix_path.dsv
-- Up-to-date: /home/seldon/Documents/gitrepo/rm.cv.std.ros2_transplant/install/my_interfaces/share/my_interfaces/environment/path.sh
-- Up-to-date: /home/seldon/Documents/gitrepo/rm.cv.std.ros2_transplant/install/my_interfaces/share/my_interfaces/environment/path.dsv
-- Up-to-date: /home/seldon/Documents/gitrepo/rm.cv.std.ros2_transplant/install/my_interfaces/share/my_interfaces/local_setup.bash
-- Up-to-date: /home/seldon/Documents/gitrepo/rm.cv.std.ros2_transplant/install/my_interfaces/share/my_interfaces/local_setup.sh
-- Up-to-date: /home/seldon/Documents/gitrepo/rm.cv.std.ros2_transplant/install/my_interfaces/share/my_interfaces/local_setup.zsh
-- Up-to-date: /home/seldon/Documents/gitrepo/rm.cv.std.ros2_transplant/install/my_interfaces/share/my_interfaces/local_setup.dsv
-- Installing: /home/seldon/Documents/gitrepo/rm.cv.std.ros2_transplant/install/my_interfaces/share/my_interfaces/package.dsv
-- Up-to-date: /home/seldon/Documents/gitrepo/rm.cv.std.ros2_transplant/install/my_interfaces/share/ament_index/resource_index/packages/my_interfaces
-- Up-to-date: /home/seldon/Documents/gitrepo/rm.cv.std.ros2_transplant/install/my_interfaces/share/my_interfaces/cmake/export_my_interfaces__rosidl_generator_cExport.cmake
-- Up-to-date: /home/seldon/Documents/gitrepo/rm.cv.std.ros2_transplant/install/my_interfaces/share/my_interfaces/cmake/export_my_interfaces__rosidl_generator_cExport-noconfig.cmake
-- Up-to-date: /home/seldon/Documents/gitrepo/rm.cv.std.ros2_transplant/install/my_interfaces/share/my_interfaces/cmake/export_my_interfaces__rosidl_typesupport_fastrtps_cExport.cmake
-- Up-to-date: /home/seldon/Documents/gitrepo/rm.cv.std.ros2_transplant/install/my_interfaces/share/my_interfaces/cmake/export_my_interfaces__rosidl_typesupport_fastrtps_cExport-noconfig.cmake
-- Up-to-date: /home/seldon/Documents/gitrepo/rm.cv.std.ros2_transplant/install/my_interfaces/share/my_interfaces/cmake/export_my_interfaces__rosidl_generator_cppExport.cmake
-- Up-to-date: /home/seldon/Documents/gitrepo/rm.cv.std.ros2_transplant/install/my_interfaces/share/my_interfaces/cmake/export_my_interfaces__rosidl_typesupport_fastrtps_cppExport.cmake
-- Up-to-date: /home/seldon/Documents/gitrepo/rm.cv.std.ros2_transplant/install/my_interfaces/share/my_interfaces/cmake/export_my_interfaces__rosidl_typesupport_fastrtps_cppExport-noconfig.cmake
-- Up-to-date: /home/seldon/Documents/gitrepo/rm.cv.std.ros2_transplant/install/my_interfaces/share/my_interfaces/cmake/my_interfaces__rosidl_typesupport_introspection_cExport.cmake
-- Up-to-date: /home/seldon/Documents/gitrepo/rm.cv.std.ros2_transplant/install/my_interfaces/share/my_interfaces/cmake/my_interfaces__rosidl_typesupport_introspection_cExport-noconfig.cmake
-- Up-to-date: /home/seldon/Documents/gitrepo/rm.cv.std.ros2_transplant/install/my_interfaces/share/my_interfaces/cmake/my_interfaces__rosidl_typesupport_cExport.cmake
-- Up-to-date: /home/seldon/Documents/gitrepo/rm.cv.std.ros2_transplant/install/my_interfaces/share/my_interfaces/cmake/my_interfaces__rosidl_typesupport_cExport-noconfig.cmake
-- Up-to-date: /home/seldon/Documents/gitrepo/rm.cv.std.ros2_transplant/install/my_interfaces/share/my_interfaces/cmake/my_interfaces__rosidl_typesupport_introspection_cppExport.cmake
-- Up-to-date: /home/seldon/Documents/gitrepo/rm.cv.std.ros2_transplant/install/my_interfaces/share/my_interfaces/cmake/my_interfaces__rosidl_typesupport_introspection_cppExport-noconfig.cmake
-- Up-to-date: /home/seldon/Documents/gitrepo/rm.cv.std.ros2_transplant/install/my_interfaces/share/my_interfaces/cmake/my_interfaces__rosidl_typesupport_cppExport.cmake
-- Up-to-date: /home/seldon/Documents/gitrepo/rm.cv.std.ros2_transplant/install/my_interfaces/share/my_interfaces/cmake/my_interfaces__rosidl_typesupport_cppExport-noconfig.cmake
-- Up-to-date: /home/seldon/Documents/gitrepo/rm.cv.std.ros2_transplant/install/my_interfaces/share/my_interfaces/cmake/export_my_interfaces__rosidl_generator_pyExport.cmake
-- Up-to-date: /home/seldon/Documents/gitrepo/rm.cv.std.ros2_transplant/install/my_interfaces/share/my_interfaces/cmake/export_my_interfaces__rosidl_generator_pyExport-noconfig.cmake
-- Up-to-date: /home/seldon/Documents/gitrepo/rm.cv.std.ros2_transplant/install/my_interfaces/share/my_interfaces/cmake/rosidl_cmake-extras.cmake
-- Up-to-date: /home/seldon/Documents/gitrepo/rm.cv.std.ros2_transplant/install/my_interfaces/share/my_interfaces/cmake/ament_cmake_export_dependencies-extras.cmake
-- Up-to-date: /home/seldon/Documents/gitrepo/rm.cv.std.ros2_transplant/install/my_interfaces/share/my_interfaces/cmake/ament_cmake_export_include_directories-extras.cmake
-- Up-to-date: /home/seldon/Documents/gitrepo/rm.cv.std.ros2_transplant/install/my_interfaces/share/my_interfaces/cmake/ament_cmake_export_libraries-extras.cmake
-- Up-to-date: /home/seldon/Documents/gitrepo/rm.cv.std.ros2_transplant/install/my_interfaces/share/my_interfaces/cmake/ament_cmake_export_targets-extras.cmake
-- Up-to-date: /home/seldon/Documents/gitrepo/rm.cv.std.ros2_transplant/install/my_interfaces/share/my_interfaces/cmake/rosidl_cmake_export_typesupport_targets-extras.cmake
-- Up-to-date: /home/seldon/Documents/gitrepo/rm.cv.std.ros2_transplant/install/my_interfaces/share/my_interfaces/cmake/rosidl_cmake_export_typesupport_libraries-extras.cmake
-- Up-to-date: /home/seldon/Documents/gitrepo/rm.cv.std.ros2_transplant/install/my_interfaces/share/my_interfaces/cmake/my_interfacesConfig.cmake
-- Up-to-date: /home/seldon/Documents/gitrepo/rm.cv.std.ros2_transplant/install/my_interfaces/share/my_interfaces/cmake/my_interfacesConfig-version.cmake
-- Up-to-date: /home/seldon/Documents/gitrepo/rm.cv.std.ros2_transplant/install/my_interfaces/share/my_interfaces/package.xml
