[0.227s] Invoking command in '/home/seldon/Documents/gitrepo/rm.cv.std.ros2_transplant/build/ros2addon': AMENT_PREFIX_PATH=/home/seldon/Documents/gitrepo/rm.cv.std.ros2_transplant/install/my_interfaces:/home/seldon/Documents/gitrepo/rm.cv.std.ros2_transplant/install/aimer_base:${AMENT_PREFIX_PATH} CMAKE_PREFIX_PATH=/home/seldon/Documents/gitrepo/rm.cv.std.ros2_transplant/install/my_interfaces:/home/seldon/Documents/gitrepo/rm.cv.std.ros2_transplant/install/aimer_base:/opt/ros/humble LD_LIBRARY_PATH=/home/seldon/Documents/gitrepo/rm.cv.std.ros2_transplant/install/my_interfaces/lib:/home/seldon/Documents/gitrepo/rm.cv.std.ros2_transplant/install/aimer_base/lib:/usr/local/cuda/lib64:/opt/MVS/lib/64:/opt/MVS/lib/32:/usr/local/cuda/lib64:/usr/local/cuda/lib64:/opt/MVS/lib/64:/opt/MVS/lib/32:/opt/ros/humble/opt/rviz_ogre_vendor/lib:/opt/ros/humble/lib/x86_64-linux-gnu:/opt/ros/humble/lib:/usr/local/cuda/lib64:/opt/MVS/lib/64:/opt/MVS/lib/32:/opt/MVS/lib/64:/opt/MVS/lib/32 PYTHONPATH=/home/seldon/Documents/gitrepo/rm.cv.std.ros2_transplant/install/my_interfaces/local/lib/python3.10/dist-packages:${PYTHONPATH} /usr/bin/cmake --build /home/seldon/Documents/gitrepo/rm.cv.std.ros2_transplant/build/ros2addon -- -j20 -l20
[0.258s] [100%] Built target ros2addon
[0.262s] Invoked command in '/home/seldon/Documents/gitrepo/rm.cv.std.ros2_transplant/build/ros2addon' returned '0': AMENT_PREFIX_PATH=/home/seldon/Documents/gitrepo/rm.cv.std.ros2_transplant/install/my_interfaces:/home/seldon/Documents/gitrepo/rm.cv.std.ros2_transplant/install/aimer_base:${AMENT_PREFIX_PATH} CMAKE_PREFIX_PATH=/home/seldon/Documents/gitrepo/rm.cv.std.ros2_transplant/install/my_interfaces:/home/seldon/Documents/gitrepo/rm.cv.std.ros2_transplant/install/aimer_base:/opt/ros/humble LD_LIBRARY_PATH=/home/seldon/Documents/gitrepo/rm.cv.std.ros2_transplant/install/my_interfaces/lib:/home/seldon/Documents/gitrepo/rm.cv.std.ros2_transplant/install/aimer_base/lib:/usr/local/cuda/lib64:/opt/MVS/lib/64:/opt/MVS/lib/32:/usr/local/cuda/lib64:/usr/local/cuda/lib64:/opt/MVS/lib/64:/opt/MVS/lib/32:/opt/ros/humble/opt/rviz_ogre_vendor/lib:/opt/ros/humble/lib/x86_64-linux-gnu:/opt/ros/humble/lib:/usr/local/cuda/lib64:/opt/MVS/lib/64:/opt/MVS/lib/32:/opt/MVS/lib/64:/opt/MVS/lib/32 PYTHONPATH=/home/seldon/Documents/gitrepo/rm.cv.std.ros2_transplant/install/my_interfaces/local/lib/python3.10/dist-packages:${PYTHONPATH} /usr/bin/cmake --build /home/seldon/Documents/gitrepo/rm.cv.std.ros2_transplant/build/ros2addon -- -j20 -l20
[0.285s] Invoking command in '/home/seldon/Documents/gitrepo/rm.cv.std.ros2_transplant/build/ros2addon': AMENT_PREFIX_PATH=/home/seldon/Documents/gitrepo/rm.cv.std.ros2_transplant/install/my_interfaces:/home/seldon/Documents/gitrepo/rm.cv.std.ros2_transplant/install/aimer_base:${AMENT_PREFIX_PATH} CMAKE_PREFIX_PATH=/home/seldon/Documents/gitrepo/rm.cv.std.ros2_transplant/install/my_interfaces:/home/seldon/Documents/gitrepo/rm.cv.std.ros2_transplant/install/aimer_base:/opt/ros/humble LD_LIBRARY_PATH=/home/seldon/Documents/gitrepo/rm.cv.std.ros2_transplant/install/my_interfaces/lib:/home/seldon/Documents/gitrepo/rm.cv.std.ros2_transplant/install/aimer_base/lib:/usr/local/cuda/lib64:/opt/MVS/lib/64:/opt/MVS/lib/32:/usr/local/cuda/lib64:/usr/local/cuda/lib64:/opt/MVS/lib/64:/opt/MVS/lib/32:/opt/ros/humble/opt/rviz_ogre_vendor/lib:/opt/ros/humble/lib/x86_64-linux-gnu:/opt/ros/humble/lib:/usr/local/cuda/lib64:/opt/MVS/lib/64:/opt/MVS/lib/32:/opt/MVS/lib/64:/opt/MVS/lib/32 PYTHONPATH=/home/seldon/Documents/gitrepo/rm.cv.std.ros2_transplant/install/my_interfaces/local/lib/python3.10/dist-packages:${PYTHONPATH} /usr/bin/cmake --install /home/seldon/Documents/gitrepo/rm.cv.std.ros2_transplant/build/ros2addon
[0.289s] -- Install configuration: ""
[0.289s] -- Up-to-date: /home/seldon/Documents/gitrepo/rm.cv.std.ros2_transplant/install/ros2addon/include
[0.289s] -- Up-to-date: /home/seldon/Documents/gitrepo/rm.cv.std.ros2_transplant/install/ros2addon/include/debugger.hpp
[0.289s] -- Up-to-date: /home/seldon/Documents/gitrepo/rm.cv.std.ros2_transplant/install/ros2addon/include/param
[0.289s] -- Up-to-date: /home/seldon/Documents/gitrepo/rm.cv.std.ros2_transplant/install/ros2addon/include/param/param.hpp
[0.289s] -- Up-to-date: /home/seldon/Documents/gitrepo/rm.cv.std.ros2_transplant/install/ros2addon/include/type_convert.hpp
[0.289s] -- Up-to-date: /home/seldon/Documents/gitrepo/rm.cv.std.ros2_transplant/install/ros2addon/include/coord_convert
[0.289s] -- Up-to-date: /home/seldon/Documents/gitrepo/rm.cv.std.ros2_transplant/install/ros2addon/include/coord_convert/coord_converter.hpp
[0.289s] -- Up-to-date: /home/seldon/Documents/gitrepo/rm.cv.std.ros2_transplant/install/ros2addon/include/cv_drawer.hpp
[0.289s] -- Up-to-date: /home/seldon/Documents/gitrepo/rm.cv.std.ros2_transplant/install/ros2addon/share/ros2addon/environment/library_path.sh
[0.289s] -- Up-to-date: /home/seldon/Documents/gitrepo/rm.cv.std.ros2_transplant/install/ros2addon/share/ros2addon/environment/library_path.dsv
[0.289s] -- Up-to-date: /home/seldon/Documents/gitrepo/rm.cv.std.ros2_transplant/install/ros2addon/lib/libros2addon.so
[0.290s] -- Up-to-date: /home/seldon/Documents/gitrepo/rm.cv.std.ros2_transplant/install/ros2addon/share/ament_index/resource_index/package_run_dependencies/ros2addon
[0.290s] -- Up-to-date: /home/seldon/Documents/gitrepo/rm.cv.std.ros2_transplant/install/ros2addon/share/ament_index/resource_index/parent_prefix_path/ros2addon
[0.290s] -- Up-to-date: /home/seldon/Documents/gitrepo/rm.cv.std.ros2_transplant/install/ros2addon/share/ros2addon/environment/ament_prefix_path.sh
[0.290s] -- Up-to-date: /home/seldon/Documents/gitrepo/rm.cv.std.ros2_transplant/install/ros2addon/share/ros2addon/environment/ament_prefix_path.dsv
[0.290s] -- Up-to-date: /home/seldon/Documents/gitrepo/rm.cv.std.ros2_transplant/install/ros2addon/share/ros2addon/environment/path.sh
[0.290s] -- Up-to-date: /home/seldon/Documents/gitrepo/rm.cv.std.ros2_transplant/install/ros2addon/share/ros2addon/environment/path.dsv
[0.290s] -- Up-to-date: /home/seldon/Documents/gitrepo/rm.cv.std.ros2_transplant/install/ros2addon/share/ros2addon/local_setup.bash
[0.290s] -- Up-to-date: /home/seldon/Documents/gitrepo/rm.cv.std.ros2_transplant/install/ros2addon/share/ros2addon/local_setup.sh
[0.290s] -- Up-to-date: /home/seldon/Documents/gitrepo/rm.cv.std.ros2_transplant/install/ros2addon/share/ros2addon/local_setup.zsh
[0.290s] -- Up-to-date: /home/seldon/Documents/gitrepo/rm.cv.std.ros2_transplant/install/ros2addon/share/ros2addon/local_setup.dsv
[0.290s] -- Installing: /home/seldon/Documents/gitrepo/rm.cv.std.ros2_transplant/install/ros2addon/share/ros2addon/package.dsv
[0.290s] -- Up-to-date: /home/seldon/Documents/gitrepo/rm.cv.std.ros2_transplant/install/ros2addon/share/ament_index/resource_index/packages/ros2addon
[0.290s] -- Up-to-date: /home/seldon/Documents/gitrepo/rm.cv.std.ros2_transplant/install/ros2addon/share/ros2addon/cmake/ament_cmake_export_dependencies-extras.cmake
[0.290s] -- Up-to-date: /home/seldon/Documents/gitrepo/rm.cv.std.ros2_transplant/install/ros2addon/share/ros2addon/cmake/ament_cmake_export_include_directories-extras.cmake
[0.290s] -- Up-to-date: /home/seldon/Documents/gitrepo/rm.cv.std.ros2_transplant/install/ros2addon/share/ros2addon/cmake/ament_cmake_export_libraries-extras.cmake
[0.290s] -- Up-to-date: /home/seldon/Documents/gitrepo/rm.cv.std.ros2_transplant/install/ros2addon/share/ros2addon/cmake/ros2addonConfig.cmake
[0.290s] -- Up-to-date: /home/seldon/Documents/gitrepo/rm.cv.std.ros2_transplant/install/ros2addon/share/ros2addon/cmake/ros2addonConfig-version.cmake
[0.290s] -- Up-to-date: /home/seldon/Documents/gitrepo/rm.cv.std.ros2_transplant/install/ros2addon/share/ros2addon/package.xml
[0.339s] Invoked command in '/home/seldon/Documents/gitrepo/rm.cv.std.ros2_transplant/build/ros2addon' returned '0': AMENT_PREFIX_PATH=/home/seldon/Documents/gitrepo/rm.cv.std.ros2_transplant/install/my_interfaces:/home/seldon/Documents/gitrepo/rm.cv.std.ros2_transplant/install/aimer_base:${AMENT_PREFIX_PATH} CMAKE_PREFIX_PATH=/home/seldon/Documents/gitrepo/rm.cv.std.ros2_transplant/install/my_interfaces:/home/seldon/Documents/gitrepo/rm.cv.std.ros2_transplant/install/aimer_base:/opt/ros/humble LD_LIBRARY_PATH=/home/seldon/Documents/gitrepo/rm.cv.std.ros2_transplant/install/my_interfaces/lib:/home/seldon/Documents/gitrepo/rm.cv.std.ros2_transplant/install/aimer_base/lib:/usr/local/cuda/lib64:/opt/MVS/lib/64:/opt/MVS/lib/32:/usr/local/cuda/lib64:/usr/local/cuda/lib64:/opt/MVS/lib/64:/opt/MVS/lib/32:/opt/ros/humble/opt/rviz_ogre_vendor/lib:/opt/ros/humble/lib/x86_64-linux-gnu:/opt/ros/humble/lib:/usr/local/cuda/lib64:/opt/MVS/lib/64:/opt/MVS/lib/32:/opt/MVS/lib/64:/opt/MVS/lib/32 PYTHONPATH=/home/seldon/Documents/gitrepo/rm.cv.std.ros2_transplant/install/my_interfaces/local/lib/python3.10/dist-packages:${PYTHONPATH} /usr/bin/cmake --install /home/seldon/Documents/gitrepo/rm.cv.std.ros2_transplant/build/ros2addon
