In file included from [01m[K/home/seldon/Documents/gitrepo/rm.cv.std.ros2_transplant/src/autoaim/enemy_predictor_node/./predictor/enemy/enemy_state.hpp:14[m[K,
                 from [01m[K/home/seldon/Documents/gitrepo/rm.cv.std.ros2_transplant/src/autoaim/enemy_predictor_node/./predictor/motion/armor_model.hpp:14[m[K,
                 from [01m[K/home/seldon/Documents/gitrepo/rm.cv.std.ros2_transplant/src/autoaim/enemy_predictor_node/predictor/motion/armor_model.cpp:1[m[K:
[01m[K/home/seldon/Documents/gitrepo/rm.cv.std.ros2_transplant/install/aimer_base/include/robot.hpp:43:34:[m[K [01;35m[Kwarning: [m[Kdefault member initializers for bit-fields only available with ‘[01m[K-std=c++20[m[K’ or ‘[01m[K-std=gnu++20[m[K’
   43 |     ::EnemyColor enemy_color : 1 [01;35m[K=[m[K ::EnemyColor::BLUE; // 这是字节
      |                                  [01;35m[K^[m[K
[01m[K/home/seldon/Documents/gitrepo/rm.cv.std.ros2_transplant/install/aimer_base/include/robot.hpp:44:31:[m[K [01;35m[Kwarning: [m[Kdefault member initializers for bit-fields only available with ‘[01m[K-std=c++20[m[K’ or ‘[01m[K-std=gnu++20[m[K’
   44 |     uint8_t is_big_energy : 1 [01;35m[K=[m[K false;
      |                               [01;35m[K^[m[K
[01m[K/home/seldon/Documents/gitrepo/rm.cv.std.ros2_transplant/install/aimer_base/include/robot.hpp:45:36:[m[K [01;35m[Kwarning: [m[Kdefault member initializers for bit-fields only available with ‘[01m[K-std=c++20[m[K’ or ‘[01m[K-std=gnu++20[m[K’
   45 |     ::ProgramMode program_mode : 6 [01;35m[K=[m[K ::ProgramMode::NOT_RECEIVED;
      |                                    [01;35m[K^[m[K
In file included from [01m[K/home/seldon/Documents/gitrepo/rm.cv.std.ros2_transplant/install/ros2addon/include/coord_convert/coord_converter.hpp:17[m[K,
                 from [01m[K/home/seldon/Documents/gitrepo/rm.cv.std.ros2_transplant/src/autoaim/enemy_predictor_node/./predictor/aim/aim_corrector.hpp:12[m[K,
                 from [01m[K/home/seldon/Documents/gitrepo/rm.cv.std.ros2_transplant/src/autoaim/enemy_predictor_node/./predictor/enemy_predictor/enemy_predictor.hpp:16[m[K,
                 from [01m[K/home/seldon/Documents/gitrepo/rm.cv.std.ros2_transplant/src/autoaim/enemy_predictor_node/predictor/enemy_predictor/enemy_predictor.cpp:1[m[K:
[01m[K/home/seldon/Documents/gitrepo/rm.cv.std.ros2_transplant/install/aimer_base/include/robot.hpp:43:34:[m[K [01;35m[Kwarning: [m[Kdefault member initializers for bit-fields only available with ‘[01m[K-std=c++20[m[K’ or ‘[01m[K-std=gnu++20[m[K’
   43 |     ::EnemyColor enemy_color : 1 [01;35m[K=[m[K ::EnemyColor::BLUE; // 这是字节
      |                                  [01;35m[K^[m[K
[01m[K/home/seldon/Documents/gitrepo/rm.cv.std.ros2_transplant/install/aimer_base/include/robot.hpp:44:31:[m[K [01;35m[Kwarning: [m[Kdefault member initializers for bit-fields only available with ‘[01m[K-std=c++20[m[K’ or ‘[01m[K-std=gnu++20[m[K’
   44 |     uint8_t is_big_energy : 1 [01;35m[K=[m[K false;
      |                               [01;35m[K^[m[K
[01m[K/home/seldon/Documents/gitrepo/rm.cv.std.ros2_transplant/install/aimer_base/include/robot.hpp:45:36:[m[K [01;35m[Kwarning: [m[Kdefault member initializers for bit-fields only available with ‘[01m[K-std=c++20[m[K’ or ‘[01m[K-std=gnu++20[m[K’
   45 |     ::ProgramMode program_mode : 6 [01;35m[K=[m[K ::ProgramMode::NOT_RECEIVED;
      |                                    [01;35m[K^[m[K
In file included from [01m[K/home/seldon/Documents/gitrepo/rm.cv.std.ros2_transplant/install/ros2addon/include/coord_convert/coord_converter.hpp:17[m[K,
                 from [01m[K/home/seldon/Documents/gitrepo/rm.cv.std.ros2_transplant/src/autoaim/enemy_predictor_node/./predictor/aim/aim_corrector.hpp:12[m[K,
                 from [01m[K/home/seldon/Documents/gitrepo/rm.cv.std.ros2_transplant/src/autoaim/enemy_predictor_node/predictor/aim/aim_corrector.cpp:1[m[K:
[01m[K/home/seldon/Documents/gitrepo/rm.cv.std.ros2_transplant/install/aimer_base/include/robot.hpp:43:34:[m[K [01;35m[Kwarning: [m[Kdefault member initializers for bit-fields only available with ‘[01m[K-std=c++20[m[K’ or ‘[01m[K-std=gnu++20[m[K’
   43 |     ::EnemyColor enemy_color : 1 [01;35m[K=[m[K ::EnemyColor::BLUE; // 这是字节
      |                                  [01;35m[K^[m[K
[01m[K/home/seldon/Documents/gitrepo/rm.cv.std.ros2_transplant/install/aimer_base/include/robot.hpp:44:31:[m[K [01;35m[Kwarning: [m[Kdefault member initializers for bit-fields only available with ‘[01m[K-std=c++20[m[K’ or ‘[01m[K-std=gnu++20[m[K’
   44 |     uint8_t is_big_energy : 1 [01;35m[K=[m[K false;
      |                               [01;35m[K^[m[K
[01m[K/home/seldon/Documents/gitrepo/rm.cv.std.ros2_transplant/install/aimer_base/include/robot.hpp:45:36:[m[K [01;35m[Kwarning: [m[Kdefault member initializers for bit-fields only available with ‘[01m[K-std=c++20[m[K’ or ‘[01m[K-std=gnu++20[m[K’
   45 |     ::ProgramMode program_mode : 6 [01;35m[K=[m[K ::ProgramMode::NOT_RECEIVED;
      |                                    [01;35m[K^[m[K
In file included from [01m[K/home/seldon/Documents/gitrepo/rm.cv.std.ros2_transplant/src/autoaim/enemy_predictor_node/./predictor/enemy/enemy_state.hpp:14[m[K,
                 from [01m[K/home/seldon/Documents/gitrepo/rm.cv.std.ros2_transplant/src/autoaim/enemy_predictor_node/predictor/enemy/enemy_state.cpp:1[m[K:
[01m[K/home/seldon/Documents/gitrepo/rm.cv.std.ros2_transplant/install/aimer_base/include/robot.hpp:43:34:[m[K [01;35m[Kwarning: [m[Kdefault member initializers for bit-fields only available with ‘[01m[K-std=c++20[m[K’ or ‘[01m[K-std=gnu++20[m[K’
   43 |     ::EnemyColor enemy_color : 1 [01;35m[K=[m[K ::EnemyColor::BLUE; // 这是字节
      |                                  [01;35m[K^[m[K
[01m[K/home/seldon/Documents/gitrepo/rm.cv.std.ros2_transplant/install/aimer_base/include/robot.hpp:44:31:[m[K [01;35m[Kwarning: [m[Kdefault member initializers for bit-fields only available with ‘[01m[K-std=c++20[m[K’ or ‘[01m[K-std=gnu++20[m[K’
   44 |     uint8_t is_big_energy : 1 [01;35m[K=[m[K false;
      |                               [01;35m[K^[m[K
[01m[K/home/seldon/Documents/gitrepo/rm.cv.std.ros2_transplant/install/aimer_base/include/robot.hpp:45:36:[m[K [01;35m[Kwarning: [m[Kdefault member initializers for bit-fields only available with ‘[01m[K-std=c++20[m[K’ or ‘[01m[K-std=gnu++20[m[K’
   45 |     ::ProgramMode program_mode : 6 [01;35m[K=[m[K ::ProgramMode::NOT_RECEIVED;
      |                                    [01;35m[K^[m[K
In file included from [01m[K/home/seldon/Documents/gitrepo/rm.cv.std.ros2_transplant/install/ros2addon/include/coord_convert/coord_converter.hpp:17[m[K,
                 from [01m[K/home/seldon/Documents/gitrepo/rm.cv.std.ros2_transplant/src/autoaim/enemy_predictor_node/./predictor/enemy/armor_identifier.hpp:12[m[K,
                 from [01m[K/home/seldon/Documents/gitrepo/rm.cv.std.ros2_transplant/src/autoaim/enemy_predictor_node/predictor/enemy/armor_identifier.cpp:1[m[K:
[01m[K/home/seldon/Documents/gitrepo/rm.cv.std.ros2_transplant/install/aimer_base/include/robot.hpp:43:34:[m[K [01;35m[Kwarning: [m[Kdefault member initializers for bit-fields only available with ‘[01m[K-std=c++20[m[K’ or ‘[01m[K-std=gnu++20[m[K’
   43 |     ::EnemyColor enemy_color : 1 [01;35m[K=[m[K ::EnemyColor::BLUE; // 这是字节
      |                                  [01;35m[K^[m[K
[01m[K/home/seldon/Documents/gitrepo/rm.cv.std.ros2_transplant/install/aimer_base/include/robot.hpp:44:31:[m[K [01;35m[Kwarning: [m[Kdefault member initializers for bit-fields only available with ‘[01m[K-std=c++20[m[K’ or ‘[01m[K-std=gnu++20[m[K’
   44 |     uint8_t is_big_energy : 1 [01;35m[K=[m[K false;
      |                               [01;35m[K^[m[K
[01m[K/home/seldon/Documents/gitrepo/rm.cv.std.ros2_transplant/install/aimer_base/include/robot.hpp:45:36:[m[K [01;35m[Kwarning: [m[Kdefault member initializers for bit-fields only available with ‘[01m[K-std=c++20[m[K’ or ‘[01m[K-std=gnu++20[m[K’
   45 |     ::ProgramMode program_mode : 6 [01;35m[K=[m[K ::ProgramMode::NOT_RECEIVED;
      |                                    [01;35m[K^[m[K
In file included from [01m[K/home/seldon/Documents/gitrepo/rm.cv.std.ros2_transplant/install/ros2addon/include/coord_convert/coord_converter.hpp:17[m[K,
                 from [01m[K/home/seldon/Documents/gitrepo/rm.cv.std.ros2_transplant/src/autoaim/enemy_predictor_node/./predictor/motion/enemy_model.hpp:7[m[K,
                 from [01m[K/home/seldon/Documents/gitrepo/rm.cv.std.ros2_transplant/src/autoaim/enemy_predictor_node/predictor/motion/enemy_model.cpp:1[m[K:
[01m[K/home/seldon/Documents/gitrepo/rm.cv.std.ros2_transplant/install/aimer_base/include/robot.hpp:43:34:[m[K [01;35m[Kwarning: [m[Kdefault member initializers for bit-fields only available with ‘[01m[K-std=c++20[m[K’ or ‘[01m[K-std=gnu++20[m[K’
   43 |     ::EnemyColor enemy_color : 1 [01;35m[K=[m[K ::EnemyColor::BLUE; // 这是字节
      |                                  [01;35m[K^[m[K
[01m[K/home/seldon/Documents/gitrepo/rm.cv.std.ros2_transplant/install/aimer_base/include/robot.hpp:44:31:[m[K [01;35m[Kwarning: [m[Kdefault member initializers for bit-fields only available with ‘[01m[K-std=c++20[m[K’ or ‘[01m[K-std=gnu++20[m[K’
   44 |     uint8_t is_big_energy : 1 [01;35m[K=[m[K false;
      |                               [01;35m[K^[m[K
[01m[K/home/seldon/Documents/gitrepo/rm.cv.std.ros2_transplant/install/aimer_base/include/robot.hpp:45:36:[m[K [01;35m[Kwarning: [m[Kdefault member initializers for bit-fields only available with ‘[01m[K-std=c++20[m[K’ or ‘[01m[K-std=gnu++20[m[K’
   45 |     ::ProgramMode program_mode : 6 [01;35m[K=[m[K ::ProgramMode::NOT_RECEIVED;
      |                                    [01;35m[K^[m[K
In file included from [01m[K/home/seldon/Documents/gitrepo/rm.cv.std.ros2_transplant/install/ros2addon/include/coord_convert/coord_converter.hpp:17[m[K,
                 from [01m[K/home/seldon/Documents/gitrepo/rm.cv.std.ros2_transplant/src/autoaim/enemy_predictor_node/./predictor/pnp/pnp.hpp:10[m[K,
                 from [01m[K/home/seldon/Documents/gitrepo/rm.cv.std.ros2_transplant/src/autoaim/enemy_predictor_node/predictor/pnp/pnp.cpp:1[m[K:
[01m[K/home/seldon/Documents/gitrepo/rm.cv.std.ros2_transplant/install/aimer_base/include/robot.hpp:43:34:[m[K [01;35m[Kwarning: [m[Kdefault member initializers for bit-fields only available with ‘[01m[K-std=c++20[m[K’ or ‘[01m[K-std=gnu++20[m[K’
   43 |     ::EnemyColor enemy_color : 1 [01;35m[K=[m[K ::EnemyColor::BLUE; // 这是字节
      |                                  [01;35m[K^[m[K
[01m[K/home/seldon/Documents/gitrepo/rm.cv.std.ros2_transplant/install/aimer_base/include/robot.hpp:44:31:[m[K [01;35m[Kwarning: [m[Kdefault member initializers for bit-fields only available with ‘[01m[K-std=c++20[m[K’ or ‘[01m[K-std=gnu++20[m[K’
   44 |     uint8_t is_big_energy : 1 [01;35m[K=[m[K false;
      |                               [01;35m[K^[m[K
[01m[K/home/seldon/Documents/gitrepo/rm.cv.std.ros2_transplant/install/aimer_base/include/robot.hpp:45:36:[m[K [01;35m[Kwarning: [m[Kdefault member initializers for bit-fields only available with ‘[01m[K-std=c++20[m[K’ or ‘[01m[K-std=gnu++20[m[K’
   45 |     ::ProgramMode program_mode : 6 [01;35m[K=[m[K ::ProgramMode::NOT_RECEIVED;
      |                                    [01;35m[K^[m[K
In file included from [01m[K/home/seldon/Documents/gitrepo/rm.cv.std.ros2_transplant/src/autoaim/enemy_predictor_node/./predictor/enemy/enemy_state.hpp:14[m[K,
                 from [01m[K/home/seldon/Documents/gitrepo/rm.cv.std.ros2_transplant/src/autoaim/enemy_predictor_node/./predictor/motion/cj_top_model.hpp:6[m[K,
                 from [01m[K/home/seldon/Documents/gitrepo/rm.cv.std.ros2_transplant/src/autoaim/enemy_predictor_node/predictor/motion/cj_top_model.cpp:1[m[K:
[01m[K/home/seldon/Documents/gitrepo/rm.cv.std.ros2_transplant/install/aimer_base/include/robot.hpp:43:34:[m[K [01;35m[Kwarning: [m[Kdefault member initializers for bit-fields only available with ‘[01m[K-std=c++20[m[K’ or ‘[01m[K-std=gnu++20[m[K’
   43 |     ::EnemyColor enemy_color : 1 [01;35m[K=[m[K ::EnemyColor::BLUE; // 这是字节
      |                                  [01;35m[K^[m[K
[01m[K/home/seldon/Documents/gitrepo/rm.cv.std.ros2_transplant/install/aimer_base/include/robot.hpp:44:31:[m[K [01;35m[Kwarning: [m[Kdefault member initializers for bit-fields only available with ‘[01m[K-std=c++20[m[K’ or ‘[01m[K-std=gnu++20[m[K’
   44 |     uint8_t is_big_energy : 1 [01;35m[K=[m[K false;
      |                               [01;35m[K^[m[K
[01m[K/home/seldon/Documents/gitrepo/rm.cv.std.ros2_transplant/install/aimer_base/include/robot.hpp:45:36:[m[K [01;35m[Kwarning: [m[Kdefault member initializers for bit-fields only available with ‘[01m[K-std=c++20[m[K’ or ‘[01m[K-std=gnu++20[m[K’
   45 |     ::ProgramMode program_mode : 6 [01;35m[K=[m[K ::ProgramMode::NOT_RECEIVED;
      |                                    [01;35m[K^[m[K
[01m[K/home/seldon/Documents/gitrepo/rm.cv.std.ros2_transplant/src/autoaim/enemy_predictor_node/predictor/pnp/pnp.cpp:[m[K In function ‘[01m[Kaimer::ArmorInfo aimer::detected_to_info(const aimer::DetectedArmor&, const aimer::SampleArmor&, const double&, const aimer::CoordConverter*, param::ParamVisitor)[m[K’:
[01m[K/home/seldon/Documents/gitrepo/rm.cv.std.ros2_transplant/src/autoaim/enemy_predictor_node/predictor/pnp/pnp.cpp:87:83:[m[K [01;35m[Kwarning: [m[K‘[01m[Kdouble aimer::PnpDistanceFixer::fixed_dis(const double&) const[m[K’ is deprecated [[01;35m[K]8;;https://gcc.gnu.org/onlinedocs/gcc/Warning-Options.html#index-Wdeprecated-declarations-Wdeprecated-declarations]8;;[m[K]
   87 |                                                       [01;35m[Kpnp_distance_fixer.fixed_dis(ypd_c.dis)[m[K };
      |                                                       [01;35m[K~~~~~~~~~~~~~~~~~~~~~~~~~~~~^~~~~~~~~~~[m[K
In file included from [01m[K/home/seldon/Documents/gitrepo/rm.cv.std.ros2_transplant/src/autoaim/enemy_predictor_node/./predictor/pnp/pnp.hpp:10[m[K,
                 from [01m[K/home/seldon/Documents/gitrepo/rm.cv.std.ros2_transplant/src/autoaim/enemy_predictor_node/predictor/pnp/pnp.cpp:1[m[K:
[01m[K/home/seldon/Documents/gitrepo/rm.cv.std.ros2_transplant/install/ros2addon/include/coord_convert/coord_converter.hpp:68:27:[m[K [01;36m[Knote: [m[Kdeclared here
   68 |     [[deprecated]] double [01;36m[Kfixed_dis[m[K(const double& dis) const {
      |                           [01;36m[K^~~~~~~~~[m[K
In file included from [01m[K/home/seldon/Documents/gitrepo/rm.cv.std.ros2_transplant/src/autoaim/enemy_predictor_node/./predictor/enemy/enemy_state.hpp:14[m[K,
                 from [01m[K/home/seldon/Documents/gitrepo/rm.cv.std.ros2_transplant/src/autoaim/enemy_predictor_node/./predictor/motion/top_model.hpp:15[m[K,
                 from [01m[K/home/seldon/Documents/gitrepo/rm.cv.std.ros2_transplant/src/autoaim/enemy_predictor_node/./predictor/motion/top4_model.hpp:5[m[K,
                 from [01m[K/home/seldon/Documents/gitrepo/rm.cv.std.ros2_transplant/src/autoaim/enemy_predictor_node/predictor/motion/top4_model.cpp:1[m[K:
[01m[K/home/seldon/Documents/gitrepo/rm.cv.std.ros2_transplant/install/aimer_base/include/robot.hpp:43:34:[m[K [01;35m[Kwarning: [m[Kdefault member initializers for bit-fields only available with ‘[01m[K-std=c++20[m[K’ or ‘[01m[K-std=gnu++20[m[K’
   43 |     ::EnemyColor enemy_color : 1 [01;35m[K=[m[K ::EnemyColor::BLUE; // 这是字节
      |                                  [01;35m[K^[m[K
[01m[K/home/seldon/Documents/gitrepo/rm.cv.std.ros2_transplant/install/aimer_base/include/robot.hpp:44:31:[m[K [01;35m[Kwarning: [m[Kdefault member initializers for bit-fields only available with ‘[01m[K-std=c++20[m[K’ or ‘[01m[K-std=gnu++20[m[K’
   44 |     uint8_t is_big_energy : 1 [01;35m[K=[m[K false;
      |                               [01;35m[K^[m[K
[01m[K/home/seldon/Documents/gitrepo/rm.cv.std.ros2_transplant/install/aimer_base/include/robot.hpp:45:36:[m[K [01;35m[Kwarning: [m[Kdefault member initializers for bit-fields only available with ‘[01m[K-std=c++20[m[K’ or ‘[01m[K-std=gnu++20[m[K’
   45 |     ::ProgramMode program_mode : 6 [01;35m[K=[m[K ::ProgramMode::NOT_RECEIVED;
      |                                    [01;35m[K^[m[K
[01m[K/home/seldon/Documents/gitrepo/rm.cv.std.ros2_transplant/src/autoaim/enemy_predictor_node/predictor/enemy_predictor/enemy_predictor.cpp:[m[K In member function ‘[01m[Kvoid aimer::EnemyPredictor::update_database(const aimer::DetectionResult&)[m[K’:
[01m[K/home/seldon/Documents/gitrepo/rm.cv.std.ros2_transplant/src/autoaim/enemy_predictor_node/predictor/enemy_predictor/enemy_predictor.cpp:559:64:[m[K [01;35m[Kwarning: [m[K‘[01m[Kaimer::DetectedArmor aimer::DetectedFixer::fixed(const aimer::DetectedArmor&)[m[K’ is deprecated [[01;35m[K]8;;https://gcc.gnu.org/onlinedocs/gcc/Warning-Options.html#index-Wdeprecated-declarations-Wdeprecated-declarations]8;;[m[K]
  559 |         aimer::DetectedArmor fixed = [01;35m[Kthis->detected_fixer.fixed(d)[m[K;
      |                                      [01;35m[K~~~~~~~~~~~~~~~~~~~~~~~~~~^~~[m[K
In file included from [01m[K/home/seldon/Documents/gitrepo/rm.cv.std.ros2_transplant/src/autoaim/enemy_predictor_node/predictor/enemy_predictor/enemy_predictor.cpp:1[m[K:
[01m[K/home/seldon/Documents/gitrepo/rm.cv.std.ros2_transplant/src/autoaim/enemy_predictor_node/./predictor/enemy_predictor/enemy_predictor.hpp:61:41:[m[K [01;36m[Knote: [m[Kdeclared here
   61 |     [[deprecated]] aimer::DetectedArmor [01;36m[Kfixed[m[K(const aimer::DetectedArmor& detected) {
      |                                         [01;36m[K^~~~~[m[K
In file included from [01m[K/home/seldon/Documents/gitrepo/rm.cv.std.ros2_transplant/src/autoaim/enemy_predictor_node/./predictor/enemy/enemy_state.hpp:14[m[K,
                 from [01m[K/home/seldon/Documents/gitrepo/rm.cv.std.ros2_transplant/src/autoaim/enemy_predictor_node/./predictor/motion/top_model.hpp:15[m[K,
                 from [01m[K/home/seldon/Documents/gitrepo/rm.cv.std.ros2_transplant/src/autoaim/enemy_predictor_node/predictor/motion/top_model.cpp:1[m[K:
[01m[K/home/seldon/Documents/gitrepo/rm.cv.std.ros2_transplant/install/aimer_base/include/robot.hpp:43:34:[m[K [01;35m[Kwarning: [m[Kdefault member initializers for bit-fields only available with ‘[01m[K-std=c++20[m[K’ or ‘[01m[K-std=gnu++20[m[K’
   43 |     ::EnemyColor enemy_color : 1 [01;35m[K=[m[K ::EnemyColor::BLUE; // 这是字节
      |                                  [01;35m[K^[m[K
[01m[K/home/seldon/Documents/gitrepo/rm.cv.std.ros2_transplant/install/aimer_base/include/robot.hpp:44:31:[m[K [01;35m[Kwarning: [m[Kdefault member initializers for bit-fields only available with ‘[01m[K-std=c++20[m[K’ or ‘[01m[K-std=gnu++20[m[K’
   44 |     uint8_t is_big_energy : 1 [01;35m[K=[m[K false;
      |                               [01;35m[K^[m[K
[01m[K/home/seldon/Documents/gitrepo/rm.cv.std.ros2_transplant/install/aimer_base/include/robot.hpp:45:36:[m[K [01;35m[Kwarning: [m[Kdefault member initializers for bit-fields only available with ‘[01m[K-std=c++20[m[K’ or ‘[01m[K-std=gnu++20[m[K’
   45 |     ::ProgramMode program_mode : 6 [01;35m[K=[m[K ::ProgramMode::NOT_RECEIVED;
      |                                    [01;35m[K^[m[K
