[0.015s] Invoking command in '/home/seldon/Documents/gitrepo/rm.cv.std.ros2_transplant/build/enemy_predictor': CMAKE_PREFIX_PATH=/home/seldon/Documents/gitrepo/rm.cv.std.ros2_transplant/install/ros2addon:/home/seldon/Documents/gitrepo/rm.cv.std.ros2_transplant/install/my_interfaces:/home/seldon/Documents/gitrepo/rm.cv.std.ros2_transplant/install/aimer_base:/home/seldon/Documents/gitrepo/rm.cv.std.ros2_transplant/install/sensor:/home/seldon/Documents/gitrepo/rm.cv.std.ros2_transplant/install/enemy_predictor:/home/seldon/Documents/gitrepo/rm.cv.std.ros2_transplant/install/armor_detector:/home/seldon/Documents/gitrepo/rm.cv.std.ros2_transplant/install/record:/home/seldon/Documents/gitrepo/rm.cv.std.ros2_transplant/install/param:/home/seldon/Documents/gitrepo/rm.cv.std.ros2_transplant/install/io_debug_v2:/home/seldon/Documents/gitrepo/rm.cv.std.ros2_transplant/install/io_debug:/home/seldon/Documents/gitrepo/rm.cv.std.ros2_transplant/install/file_io:/home/seldon/Documents/gitrepo/rm.cv.std.ros2_transplant/install/fast_record:/home/seldon/Documents/gitrepo/rm.cv.std.ros2_transplant/install/coreio:/home/seldon/Documents/gitrepo/rm.cv.std.ros2_transplant/install/calib:/home/seldon/Documents/gitrepo/rm.cv.std.ros2_transplant/install/web_debugger:/opt/ros/humble LD_LIBRARY_PATH=/home/seldon/Documents/gitrepo/rm.cv.std.ros2_transplant/install/ros2addon/lib:/home/seldon/Documents/gitrepo/rm.cv.std.ros2_transplant/install/my_interfaces/lib:/home/seldon/Documents/gitrepo/rm.cv.std.ros2_transplant/install/aimer_base/lib:/home/seldon/Documents/gitrepo/rm.cv.std.ros2_transplant/install/sensor/lib:/home/seldon/Documents/gitrepo/rm.cv.std.ros2_transplant/install/enemy_predictor/lib:/home/seldon/Documents/gitrepo/rm.cv.std.ros2_transplant/install/armor_detector/lib:/home/seldon/Documents/gitrepo/rm.cv.std.ros2_transplant/install/record/lib:/home/seldon/Documents/gitrepo/rm.cv.std.ros2_transplant/install/io_debug_v2/lib:/home/seldon/Documents/gitrepo/rm.cv.std.ros2_transplant/install/io_debug/lib:/home/seldon/Documents/gitrepo/rm.cv.std.ros2_transplant/install/file_io/lib:/home/seldon/Documents/gitrepo/rm.cv.std.ros2_transplant/install/fast_record/lib:/home/seldon/Documents/gitrepo/rm.cv.std.ros2_transplant/install/coreio/lib:/home/seldon/Documents/gitrepo/rm.cv.std.ros2_transplant/install/calib/lib:/usr/local/cuda/lib64:/opt/MVS/lib/64:/opt/MVS/lib/32:/usr/local/cuda/lib64:/usr/local/cuda/lib64:/opt/MVS/lib/64:/opt/MVS/lib/32:/opt/ros/humble/opt/rviz_ogre_vendor/lib:/opt/ros/humble/lib/x86_64-linux-gnu:/opt/ros/humble/lib:/usr/local/cuda/lib64:/opt/MVS/lib/64:/opt/MVS/lib/32:/opt/MVS/lib/64:/opt/MVS/lib/32 /usr/bin/cmake --build /home/seldon/Documents/gitrepo/rm.cv.std.ros2_transplant/build/enemy_predictor -- -j20 -l20
[0.030s] -- Found ament_cmake_auto: 1.3.8 (/opt/ros/humble/share/ament_cmake_auto/cmake)
[0.182s] -- Found rosidl_generator_c: 3.1.5 (/opt/ros/humble/share/rosidl_generator_c/cmake)
[0.184s] -- Found rosidl_adapter: 3.1.5 (/opt/ros/humble/share/rosidl_adapter/cmake)
[0.187s] -- Found rosidl_generator_cpp: 3.1.5 (/opt/ros/humble/share/rosidl_generator_cpp/cmake)
[0.199s] -- Using all available rosidl_typesupport_c: rosidl_typesupport_fastrtps_c;rosidl_typesupport_introspection_c
[0.214s] -- Using all available rosidl_typesupport_cpp: rosidl_typesupport_fastrtps_cpp;rosidl_typesupport_introspection_cpp
[0.253s] -- Found rmw_implementation_cmake: 6.1.1 (/opt/ros/humble/share/rmw_implementation_cmake/cmake)
[0.254s] -- Found rmw_fastrtps_cpp: 6.2.6 (/opt/ros/humble/share/rmw_fastrtps_cpp/cmake)
[0.372s] -- Using RMW implementation 'rmw_fastrtps_cpp' as default
[0.873s] -- Configuring done
[0.899s] -- Generating done
[0.901s] -- Build files have been written to: /home/seldon/Documents/gitrepo/rm.cv.std.ros2_transplant/build/enemy_predictor
[0.921s] [  4%] [32mBuilding CXX object CMakeFiles/enemy_predictor_node.dir/rclcpp_components/node_main_enemy_predictor_node.cpp.o[0m
[0.960s] [  9%] [32mBuilding CXX object predictor/CMakeFiles/predictor_lib.dir/aim/aim_corrector.cpp.o[0m
[0.960s] [ 14%] [32mBuilding CXX object predictor/CMakeFiles/predictor_lib.dir/aim/detect_bullet.cpp.o[0m
[0.960s] [ 19%] [32mBuilding CXX object predictor/CMakeFiles/predictor_lib.dir/aim/do_reproj.cpp.o[0m
[0.961s] [ 23%] [32mBuilding CXX object predictor/CMakeFiles/predictor_lib.dir/enemy/armor_identifier.cpp.o[0m
[0.961s] [ 28%] [32mBuilding CXX object predictor/CMakeFiles/predictor_lib.dir/enemy/balance.cpp.o[0m
[0.962s] [ 33%] [32mBuilding CXX object predictor/CMakeFiles/predictor_lib.dir/enemy/enemy_state.cpp.o[0m
[0.963s] [ 38%] [32mBuilding CXX object predictor/CMakeFiles/predictor_lib.dir/enemy/outpost_fixer.cpp.o[0m
[0.964s] [ 42%] [32mBuilding CXX object predictor/CMakeFiles/predictor_lib.dir/enemy_predictor/Stm32Shoot.cpp.o[0m
[0.965s] [ 47%] [32mBuilding CXX object predictor/CMakeFiles/predictor_lib.dir/pnp/pnp.cpp.o[0m
[0.967s] [ 52%] [32mBuilding CXX object predictor/CMakeFiles/predictor_lib.dir/enemy_predictor/enemy_predictor.cpp.o[0m
[0.967s] [ 61%] [32mBuilding CXX object predictor/CMakeFiles/predictor_lib.dir/motion/armor_model.cpp.o[0m
[0.967s] [ 61%] [32mBuilding CXX object predictor/CMakeFiles/predictor_lib.dir/motion/cj_top4_model.cpp.o[0m
[0.969s] [ 66%] [32mBuilding CXX object predictor/CMakeFiles/predictor_lib.dir/motion/cj_top_model.cpp.o[0m
[0.970s] [ 71%] [32mBuilding CXX object predictor/CMakeFiles/predictor_lib.dir/motion/enemy_model.cpp.o[0m
[0.971s] [ 76%] [32mBuilding CXX object predictor/CMakeFiles/predictor_lib.dir/motion/top4_model.cpp.o[0m
[0.972s] [ 80%] [32mBuilding CXX object predictor/CMakeFiles/predictor_lib.dir/motion/top_model.cpp.o[0m
[3.164s] In file included from [01m[K/home/seldon/Documents/gitrepo/rm.cv.std.ros2_transplant/src/autoaim/enemy_predictor_node/./predictor/enemy/enemy_state.hpp:14[m[K,
[3.164s]                  from [01m[K/home/seldon/Documents/gitrepo/rm.cv.std.ros2_transplant/src/autoaim/enemy_predictor_node/./predictor/motion/armor_model.hpp:14[m[K,
[3.164s]                  from [01m[K/home/seldon/Documents/gitrepo/rm.cv.std.ros2_transplant/src/autoaim/enemy_predictor_node/predictor/motion/armor_model.cpp:1[m[K:
[3.164s] [01m[K/home/seldon/Documents/gitrepo/rm.cv.std.ros2_transplant/install/aimer_base/include/robot.hpp:43:34:[m[K [01;35m[Kwarning: [m[Kdefault member initializers for bit-fields only available with ‘[01m[K-std=c++20[m[K’ or ‘[01m[K-std=gnu++20[m[K’
[3.164s]    43 |     ::EnemyColor enemy_color : 1 [01;35m[K=[m[K ::EnemyColor::BLUE; // 这是字节
[3.164s]       |                                  [01;35m[K^[m[K
[3.164s] [01m[K/home/seldon/Documents/gitrepo/rm.cv.std.ros2_transplant/install/aimer_base/include/robot.hpp:44:31:[m[K [01;35m[Kwarning: [m[Kdefault member initializers for bit-fields only available with ‘[01m[K-std=c++20[m[K’ or ‘[01m[K-std=gnu++20[m[K’
[3.164s]    44 |     uint8_t is_big_energy : 1 [01;35m[K=[m[K false;
[3.165s]       |                               [01;35m[K^[m[K
[3.165s] [01m[K/home/seldon/Documents/gitrepo/rm.cv.std.ros2_transplant/install/aimer_base/include/robot.hpp:45:36:[m[K [01;35m[Kwarning: [m[Kdefault member initializers for bit-fields only available with ‘[01m[K-std=c++20[m[K’ or ‘[01m[K-std=gnu++20[m[K’
[3.165s]    45 |     ::ProgramMode program_mode : 6 [01;35m[K=[m[K ::ProgramMode::NOT_RECEIVED;
[3.165s]       |                                    [01;35m[K^[m[K
[3.343s] In file included from [01m[K/home/seldon/Documents/gitrepo/rm.cv.std.ros2_transplant/install/ros2addon/include/coord_convert/coord_converter.hpp:17[m[K,
[3.343s]                  from [01m[K/home/seldon/Documents/gitrepo/rm.cv.std.ros2_transplant/src/autoaim/enemy_predictor_node/./predictor/aim/aim_corrector.hpp:12[m[K,
[3.343s]                  from [01m[K/home/seldon/Documents/gitrepo/rm.cv.std.ros2_transplant/src/autoaim/enemy_predictor_node/./predictor/enemy_predictor/enemy_predictor.hpp:16[m[K,
[3.343s]                  from [01m[K/home/seldon/Documents/gitrepo/rm.cv.std.ros2_transplant/src/autoaim/enemy_predictor_node/predictor/enemy_predictor/enemy_predictor.cpp:1[m[K:
[3.344s] [01m[K/home/seldon/Documents/gitrepo/rm.cv.std.ros2_transplant/install/aimer_base/include/robot.hpp:43:34:[m[K [01;35m[Kwarning: [m[Kdefault member initializers for bit-fields only available with ‘[01m[K-std=c++20[m[K’ or ‘[01m[K-std=gnu++20[m[K’
[3.344s]    43 |     ::EnemyColor enemy_color : 1 [01;35m[K=[m[K ::EnemyColor::BLUE; // 这是字节
[3.344s]       |                                  [01;35m[K^[m[K
[3.344s] [01m[K/home/seldon/Documents/gitrepo/rm.cv.std.ros2_transplant/install/aimer_base/include/robot.hpp:44:31:[m[K [01;35m[Kwarning: [m[Kdefault member initializers for bit-fields only available with ‘[01m[K-std=c++20[m[K’ or ‘[01m[K-std=gnu++20[m[K’
[3.344s]    44 |     uint8_t is_big_energy : 1 [01;35m[K=[m[K false;
[3.344s]       |                               [01;35m[K^[m[K
[3.344s] [01m[K/home/seldon/Documents/gitrepo/rm.cv.std.ros2_transplant/install/aimer_base/include/robot.hpp:45:36:[m[K [01;35m[Kwarning: [m[Kdefault member initializers for bit-fields only available with ‘[01m[K-std=c++20[m[K’ or ‘[01m[K-std=gnu++20[m[K’
[3.344s]    45 |     ::ProgramMode program_mode : 6 [01;35m[K=[m[K ::ProgramMode::NOT_RECEIVED;
[3.344s]       |                                    [01;35m[K^[m[K
[3.354s] In file included from [01m[K/home/seldon/Documents/gitrepo/rm.cv.std.ros2_transplant/install/ros2addon/include/coord_convert/coord_converter.hpp:17[m[K,
[3.354s]                  from [01m[K/home/seldon/Documents/gitrepo/rm.cv.std.ros2_transplant/src/autoaim/enemy_predictor_node/./predictor/aim/aim_corrector.hpp:12[m[K,
[3.354s]                  from [01m[K/home/seldon/Documents/gitrepo/rm.cv.std.ros2_transplant/src/autoaim/enemy_predictor_node/predictor/aim/aim_corrector.cpp:1[m[K:
[3.354s] [01m[K/home/seldon/Documents/gitrepo/rm.cv.std.ros2_transplant/install/aimer_base/include/robot.hpp:43:34:[m[K [01;35m[Kwarning: [m[Kdefault member initializers for bit-fields only available with ‘[01m[K-std=c++20[m[K’ or ‘[01m[K-std=gnu++20[m[K’
[3.354s]    43 |     ::EnemyColor enemy_color : 1 [01;35m[K=[m[K ::EnemyColor::BLUE; // 这是字节
[3.354s]       |                                  [01;35m[K^[m[K
[3.354s] [01m[K/home/seldon/Documents/gitrepo/rm.cv.std.ros2_transplant/install/aimer_base/include/robot.hpp:44:31:[m[K [01;35m[Kwarning: [m[Kdefault member initializers for bit-fields only available with ‘[01m[K-std=c++20[m[K’ or ‘[01m[K-std=gnu++20[m[K’
[3.354s]    44 |     uint8_t is_big_energy : 1 [01;35m[K=[m[K false;
[3.354s]       |                               [01;35m[K^[m[K
[3.354s] [01m[K/home/seldon/Documents/gitrepo/rm.cv.std.ros2_transplant/install/aimer_base/include/robot.hpp:45:36:[m[K [01;35m[Kwarning: [m[Kdefault member initializers for bit-fields only available with ‘[01m[K-std=c++20[m[K’ or ‘[01m[K-std=gnu++20[m[K’
[3.354s]    45 |     ::ProgramMode program_mode : 6 [01;35m[K=[m[K ::ProgramMode::NOT_RECEIVED;
[3.354s]       |                                    [01;35m[K^[m[K
[4.054s] In file included from [01m[K/home/seldon/Documents/gitrepo/rm.cv.std.ros2_transplant/src/autoaim/enemy_predictor_node/./predictor/enemy/enemy_state.hpp:14[m[K,
[4.054s]                  from [01m[K/home/seldon/Documents/gitrepo/rm.cv.std.ros2_transplant/src/autoaim/enemy_predictor_node/predictor/enemy/enemy_state.cpp:1[m[K:
[4.054s] [01m[K/home/seldon/Documents/gitrepo/rm.cv.std.ros2_transplant/install/aimer_base/include/robot.hpp:43:34:[m[K [01;35m[Kwarning: [m[Kdefault member initializers for bit-fields only available with ‘[01m[K-std=c++20[m[K’ or ‘[01m[K-std=gnu++20[m[K’
[4.054s]    43 |     ::EnemyColor enemy_color : 1 [01;35m[K=[m[K ::EnemyColor::BLUE; // 这是字节
[4.054s]       |                                  [01;35m[K^[m[K
[4.054s] [01m[K/home/seldon/Documents/gitrepo/rm.cv.std.ros2_transplant/install/aimer_base/include/robot.hpp:44:31:[m[K [01;35m[Kwarning: [m[Kdefault member initializers for bit-fields only available with ‘[01m[K-std=c++20[m[K’ or ‘[01m[K-std=gnu++20[m[K’
[4.054s]    44 |     uint8_t is_big_energy : 1 [01;35m[K=[m[K false;
[4.054s]       |                               [01;35m[K^[m[K
[4.054s] [01m[K/home/seldon/Documents/gitrepo/rm.cv.std.ros2_transplant/install/aimer_base/include/robot.hpp:45:36:[m[K [01;35m[Kwarning: [m[Kdefault member initializers for bit-fields only available with ‘[01m[K-std=c++20[m[K’ or ‘[01m[K-std=gnu++20[m[K’
[4.054s]    45 |     ::ProgramMode program_mode : 6 [01;35m[K=[m[K ::ProgramMode::NOT_RECEIVED;
[4.055s]       |                                    [01;35m[K^[m[K
[4.100s] In file included from [01m[K/home/seldon/Documents/gitrepo/rm.cv.std.ros2_transplant/install/ros2addon/include/coord_convert/coord_converter.hpp:17[m[K,
[4.101s]                  from [01m[K/home/seldon/Documents/gitrepo/rm.cv.std.ros2_transplant/src/autoaim/enemy_predictor_node/./predictor/enemy/armor_identifier.hpp:12[m[K,
[4.101s]                  from [01m[K/home/seldon/Documents/gitrepo/rm.cv.std.ros2_transplant/src/autoaim/enemy_predictor_node/predictor/enemy/armor_identifier.cpp:1[m[K:
[4.101s] [01m[K/home/seldon/Documents/gitrepo/rm.cv.std.ros2_transplant/install/aimer_base/include/robot.hpp:43:34:[m[K [01;35m[Kwarning: [m[Kdefault member initializers for bit-fields only available with ‘[01m[K-std=c++20[m[K’ or ‘[01m[K-std=gnu++20[m[K’
[4.101s]    43 |     ::EnemyColor enemy_color : 1 [01;35m[K=[m[K ::EnemyColor::BLUE; // 这是字节
[4.101s]       |                                  [01;35m[K^[m[K
[4.101s] [01m[K/home/seldon/Documents/gitrepo/rm.cv.std.ros2_transplant/install/aimer_base/include/robot.hpp:44:31:[m[K [01;35m[Kwarning: [m[Kdefault member initializers for bit-fields only available with ‘[01m[K-std=c++20[m[K’ or ‘[01m[K-std=gnu++20[m[K’
[4.101s]    44 |     uint8_t is_big_energy : 1 [01;35m[K=[m[K false;
[4.101s]       |                               [01;35m[K^[m[K
[4.101s] [01m[K/home/seldon/Documents/gitrepo/rm.cv.std.ros2_transplant/install/aimer_base/include/robot.hpp:45:36:[m[K [01;35m[Kwarning: [m[Kdefault member initializers for bit-fields only available with ‘[01m[K-std=c++20[m[K’ or ‘[01m[K-std=gnu++20[m[K’
[4.101s]    45 |     ::ProgramMode program_mode : 6 [01;35m[K=[m[K ::ProgramMode::NOT_RECEIVED;
[4.101s]       |                                    [01;35m[K^[m[K
[4.143s] In file included from [01m[K/home/seldon/Documents/gitrepo/rm.cv.std.ros2_transplant/install/ros2addon/include/coord_convert/coord_converter.hpp:17[m[K,
[4.143s]                  from [01m[K/home/seldon/Documents/gitrepo/rm.cv.std.ros2_transplant/src/autoaim/enemy_predictor_node/./predictor/motion/enemy_model.hpp:7[m[K,
[4.143s]                  from [01m[K/home/seldon/Documents/gitrepo/rm.cv.std.ros2_transplant/src/autoaim/enemy_predictor_node/predictor/motion/enemy_model.cpp:1[m[K:
[4.143s] [01m[K/home/seldon/Documents/gitrepo/rm.cv.std.ros2_transplant/install/aimer_base/include/robot.hpp:43:34:[m[K [01;35m[Kwarning: [m[Kdefault member initializers for bit-fields only available with ‘[01m[K-std=c++20[m[K’ or ‘[01m[K-std=gnu++20[m[K’
[4.143s]    43 |     ::EnemyColor enemy_color : 1 [01;35m[K=[m[K ::EnemyColor::BLUE; // 这是字节
[4.143s]       |                                  [01;35m[K^[m[K
[4.143s] [01m[K/home/seldon/Documents/gitrepo/rm.cv.std.ros2_transplant/install/aimer_base/include/robot.hpp:44:31:[m[K [01;35m[Kwarning: [m[Kdefault member initializers for bit-fields only available with ‘[01m[K-std=c++20[m[K’ or ‘[01m[K-std=gnu++20[m[K’
[4.143s]    44 |     uint8_t is_big_energy : 1 [01;35m[K=[m[K false;
[4.143s]       |                               [01;35m[K^[m[K
[4.143s] [01m[K/home/seldon/Documents/gitrepo/rm.cv.std.ros2_transplant/install/aimer_base/include/robot.hpp:45:36:[m[K [01;35m[Kwarning: [m[Kdefault member initializers for bit-fields only available with ‘[01m[K-std=c++20[m[K’ or ‘[01m[K-std=gnu++20[m[K’
[4.143s]    45 |     ::ProgramMode program_mode : 6 [01;35m[K=[m[K ::ProgramMode::NOT_RECEIVED;
[4.143s]       |                                    [01;35m[K^[m[K
[4.247s] In file included from [01m[K/home/seldon/Documents/gitrepo/rm.cv.std.ros2_transplant/install/ros2addon/include/coord_convert/coord_converter.hpp:17[m[K,
[4.247s]                  from [01m[K/home/seldon/Documents/gitrepo/rm.cv.std.ros2_transplant/src/autoaim/enemy_predictor_node/./predictor/pnp/pnp.hpp:10[m[K,
[4.247s]                  from [01m[K/home/seldon/Documents/gitrepo/rm.cv.std.ros2_transplant/src/autoaim/enemy_predictor_node/predictor/pnp/pnp.cpp:1[m[K:
[4.247s] [01m[K/home/seldon/Documents/gitrepo/rm.cv.std.ros2_transplant/install/aimer_base/include/robot.hpp:43:34:[m[K [01;35m[Kwarning: [m[Kdefault member initializers for bit-fields only available with ‘[01m[K-std=c++20[m[K’ or ‘[01m[K-std=gnu++20[m[K’
[4.247s]    43 |     ::EnemyColor enemy_color : 1 [01;35m[K=[m[K ::EnemyColor::BLUE; // 这是字节
[4.247s]       |                                  [01;35m[K^[m[K
[4.247s] [01m[K/home/seldon/Documents/gitrepo/rm.cv.std.ros2_transplant/install/aimer_base/include/robot.hpp:44:31:[m[K [01;35m[Kwarning: [m[Kdefault member initializers for bit-fields only available with ‘[01m[K-std=c++20[m[K’ or ‘[01m[K-std=gnu++20[m[K’
[4.247s]    44 |     uint8_t is_big_energy : 1 [01;35m[K=[m[K false;
[4.247s]       |                               [01;35m[K^[m[K
[4.247s] [01m[K/home/seldon/Documents/gitrepo/rm.cv.std.ros2_transplant/install/aimer_base/include/robot.hpp:45:36:[m[K [01;35m[Kwarning: [m[Kdefault member initializers for bit-fields only available with ‘[01m[K-std=c++20[m[K’ or ‘[01m[K-std=gnu++20[m[K’
[4.247s]    45 |     ::ProgramMode program_mode : 6 [01;35m[K=[m[K ::ProgramMode::NOT_RECEIVED;
[4.248s]       |                                    [01;35m[K^[m[K
[4.439s] In file included from [01m[K/home/seldon/Documents/gitrepo/rm.cv.std.ros2_transplant/src/autoaim/enemy_predictor_node/./predictor/enemy/enemy_state.hpp:14[m[K,
[4.440s]                  from [01m[K/home/seldon/Documents/gitrepo/rm.cv.std.ros2_transplant/src/autoaim/enemy_predictor_node/./predictor/motion/cj_top_model.hpp:6[m[K,
[4.440s]                  from [01m[K/home/seldon/Documents/gitrepo/rm.cv.std.ros2_transplant/src/autoaim/enemy_predictor_node/predictor/motion/cj_top_model.cpp:1[m[K:
[4.440s] [01m[K/home/seldon/Documents/gitrepo/rm.cv.std.ros2_transplant/install/aimer_base/include/robot.hpp:43:34:[m[K [01;35m[Kwarning: [m[Kdefault member initializers for bit-fields only available with ‘[01m[K-std=c++20[m[K’ or ‘[01m[K-std=gnu++20[m[K’
[4.440s]    43 |     ::EnemyColor enemy_color : 1 [01;35m[K=[m[K ::EnemyColor::BLUE; // 这是字节
[4.440s]       |                                  [01;35m[K^[m[K
[4.440s] [01m[K/home/seldon/Documents/gitrepo/rm.cv.std.ros2_transplant/install/aimer_base/include/robot.hpp:44:31:[m[K [01;35m[Kwarning: [m[Kdefault member initializers for bit-fields only available with ‘[01m[K-std=c++20[m[K’ or ‘[01m[K-std=gnu++20[m[K’
[4.440s]    44 |     uint8_t is_big_energy : 1 [01;35m[K=[m[K false;
[4.440s]       |                               [01;35m[K^[m[K
[4.440s] [01m[K/home/seldon/Documents/gitrepo/rm.cv.std.ros2_transplant/install/aimer_base/include/robot.hpp:45:36:[m[K [01;35m[Kwarning: [m[Kdefault member initializers for bit-fields only available with ‘[01m[K-std=c++20[m[K’ or ‘[01m[K-std=gnu++20[m[K’
[4.440s]    45 |     ::ProgramMode program_mode : 6 [01;35m[K=[m[K ::ProgramMode::NOT_RECEIVED;
[4.440s]       |                                    [01;35m[K^[m[K
[4.520s] [ 85%] [32m[1mLinking CXX executable enemy_predictor_node[0m
[4.627s] [01m[K/home/seldon/Documents/gitrepo/rm.cv.std.ros2_transplant/src/autoaim/enemy_predictor_node/predictor/pnp/pnp.cpp:[m[K In function ‘[01m[Kaimer::ArmorInfo aimer::detected_to_info(const aimer::DetectedArmor&, const aimer::SampleArmor&, const double&, const aimer::CoordConverter*, param::ParamVisitor)[m[K’:
[4.627s] [01m[K/home/seldon/Documents/gitrepo/rm.cv.std.ros2_transplant/src/autoaim/enemy_predictor_node/predictor/pnp/pnp.cpp:87:83:[m[K [01;35m[Kwarning: [m[K‘[01m[Kdouble aimer::PnpDistanceFixer::fixed_dis(const double&) const[m[K’ is deprecated [[01;35m[K]8;;https://gcc.gnu.org/onlinedocs/gcc/Warning-Options.html#index-Wdeprecated-declarations-Wdeprecated-declarations]8;;[m[K]
[4.627s]    87 |                                                       [01;35m[Kpnp_distance_fixer.fixed_dis(ypd_c.dis)[m[K };
[4.627s]       |                                                       [01;35m[K~~~~~~~~~~~~~~~~~~~~~~~~~~~~^~~~~~~~~~~[m[K
[4.627s] In file included from [01m[K/home/seldon/Documents/gitrepo/rm.cv.std.ros2_transplant/src/autoaim/enemy_predictor_node/./predictor/pnp/pnp.hpp:10[m[K,
[4.627s]                  from [01m[K/home/seldon/Documents/gitrepo/rm.cv.std.ros2_transplant/src/autoaim/enemy_predictor_node/predictor/pnp/pnp.cpp:1[m[K:
[4.628s] [01m[K/home/seldon/Documents/gitrepo/rm.cv.std.ros2_transplant/install/ros2addon/include/coord_convert/coord_converter.hpp:68:27:[m[K [01;36m[Knote: [m[Kdeclared here
[4.628s]    68 |     [[deprecated]] double [01;36m[Kfixed_dis[m[K(const double& dis) const {
[4.628s]       |                           [01;36m[K^~~~~~~~~[m[K
[4.659s] [ 85%] Built target enemy_predictor_node
[4.854s] In file included from [01m[K/home/seldon/Documents/gitrepo/rm.cv.std.ros2_transplant/src/autoaim/enemy_predictor_node/./predictor/enemy/enemy_state.hpp:14[m[K,
[4.854s]                  from [01m[K/home/seldon/Documents/gitrepo/rm.cv.std.ros2_transplant/src/autoaim/enemy_predictor_node/./predictor/motion/top_model.hpp:15[m[K,
[4.854s]                  from [01m[K/home/seldon/Documents/gitrepo/rm.cv.std.ros2_transplant/src/autoaim/enemy_predictor_node/./predictor/motion/top4_model.hpp:5[m[K,
[4.854s]                  from [01m[K/home/seldon/Documents/gitrepo/rm.cv.std.ros2_transplant/src/autoaim/enemy_predictor_node/predictor/motion/top4_model.cpp:1[m[K:
[4.854s] [01m[K/home/seldon/Documents/gitrepo/rm.cv.std.ros2_transplant/install/aimer_base/include/robot.hpp:43:34:[m[K [01;35m[Kwarning: [m[Kdefault member initializers for bit-fields only available with ‘[01m[K-std=c++20[m[K’ or ‘[01m[K-std=gnu++20[m[K’
[4.854s]    43 |     ::EnemyColor enemy_color : 1 [01;35m[K=[m[K ::EnemyColor::BLUE; // 这是字节
[4.854s]       |                                  [01;35m[K^[m[K
[4.854s] [01m[K/home/seldon/Documents/gitrepo/rm.cv.std.ros2_transplant/install/aimer_base/include/robot.hpp:44:31:[m[K [01;35m[Kwarning: [m[Kdefault member initializers for bit-fields only available with ‘[01m[K-std=c++20[m[K’ or ‘[01m[K-std=gnu++20[m[K’
[4.854s]    44 |     uint8_t is_big_energy : 1 [01;35m[K=[m[K false;
[4.854s]       |                               [01;35m[K^[m[K
[4.854s] [01m[K/home/seldon/Documents/gitrepo/rm.cv.std.ros2_transplant/install/aimer_base/include/robot.hpp:45:36:[m[K [01;35m[Kwarning: [m[Kdefault member initializers for bit-fields only available with ‘[01m[K-std=c++20[m[K’ or ‘[01m[K-std=gnu++20[m[K’
[4.854s]    45 |     ::ProgramMode program_mode : 6 [01;35m[K=[m[K ::ProgramMode::NOT_RECEIVED;
[4.854s]       |                                    [01;35m[K^[m[K
[5.049s] [01m[K/home/seldon/Documents/gitrepo/rm.cv.std.ros2_transplant/src/autoaim/enemy_predictor_node/predictor/enemy_predictor/enemy_predictor.cpp:[m[K In member function ‘[01m[Kvoid aimer::EnemyPredictor::update_database(const aimer::DetectionResult&)[m[K’:
[5.049s] [01m[K/home/seldon/Documents/gitrepo/rm.cv.std.ros2_transplant/src/autoaim/enemy_predictor_node/predictor/enemy_predictor/enemy_predictor.cpp:559:64:[m[K [01;35m[Kwarning: [m[K‘[01m[Kaimer::DetectedArmor aimer::DetectedFixer::fixed(const aimer::DetectedArmor&)[m[K’ is deprecated [[01;35m[K]8;;https://gcc.gnu.org/onlinedocs/gcc/Warning-Options.html#index-Wdeprecated-declarations-Wdeprecated-declarations]8;;[m[K]
[5.049s]   559 |         aimer::DetectedArmor fixed = [01;35m[Kthis->detected_fixer.fixed(d)[m[K;
[5.049s]       |                                      [01;35m[K~~~~~~~~~~~~~~~~~~~~~~~~~~^~~[m[K
[5.049s] In file included from [01m[K/home/seldon/Documents/gitrepo/rm.cv.std.ros2_transplant/src/autoaim/enemy_predictor_node/predictor/enemy_predictor/enemy_predictor.cpp:1[m[K:
[5.049s] [01m[K/home/seldon/Documents/gitrepo/rm.cv.std.ros2_transplant/src/autoaim/enemy_predictor_node/./predictor/enemy_predictor/enemy_predictor.hpp:61:41:[m[K [01;36m[Knote: [m[Kdeclared here
[5.049s]    61 |     [[deprecated]] aimer::DetectedArmor [01;36m[Kfixed[m[K(const aimer::DetectedArmor& detected) {
[5.049s]       |                                         [01;36m[K^~~~~[m[K
[5.442s] In file included from [01m[K/home/seldon/Documents/gitrepo/rm.cv.std.ros2_transplant/src/autoaim/enemy_predictor_node/./predictor/enemy/enemy_state.hpp:14[m[K,
[5.442s]                  from [01m[K/home/seldon/Documents/gitrepo/rm.cv.std.ros2_transplant/src/autoaim/enemy_predictor_node/./predictor/motion/top_model.hpp:15[m[K,
[5.442s]                  from [01m[K/home/seldon/Documents/gitrepo/rm.cv.std.ros2_transplant/src/autoaim/enemy_predictor_node/predictor/motion/top_model.cpp:1[m[K:
[5.442s] [01m[K/home/seldon/Documents/gitrepo/rm.cv.std.ros2_transplant/install/aimer_base/include/robot.hpp:43:34:[m[K [01;35m[Kwarning: [m[Kdefault member initializers for bit-fields only available with ‘[01m[K-std=c++20[m[K’ or ‘[01m[K-std=gnu++20[m[K’
[5.442s]    43 |     ::EnemyColor enemy_color : 1 [01;35m[K=[m[K ::EnemyColor::BLUE; // 这是字节
[5.442s]       |                                  [01;35m[K^[m[K
[5.442s] [01m[K/home/seldon/Documents/gitrepo/rm.cv.std.ros2_transplant/install/aimer_base/include/robot.hpp:44:31:[m[K [01;35m[Kwarning: [m[Kdefault member initializers for bit-fields only available with ‘[01m[K-std=c++20[m[K’ or ‘[01m[K-std=gnu++20[m[K’
[5.442s]    44 |     uint8_t is_big_energy : 1 [01;35m[K=[m[K false;
[5.442s]       |                               [01;35m[K^[m[K
[5.442s] [01m[K/home/seldon/Documents/gitrepo/rm.cv.std.ros2_transplant/install/aimer_base/include/robot.hpp:45:36:[m[K [01;35m[Kwarning: [m[Kdefault member initializers for bit-fields only available with ‘[01m[K-std=c++20[m[K’ or ‘[01m[K-std=gnu++20[m[K’
[5.442s]    45 |     ::ProgramMode program_mode : 6 [01;35m[K=[m[K ::ProgramMode::NOT_RECEIVED;
[5.442s]       |                                    [01;35m[K^[m[K
[12.077s] [ 90%] [32m[1mLinking CXX shared library libpredictor_lib.so[0m
[12.172s] [ 90%] Built target predictor_lib
[12.191s] [ 95%] [32mBuilding CXX object CMakeFiles/enemy_predictor.dir/src/predictor_node.cpp.o[0m
[23.685s] [100%] [32m[1mLinking CXX shared library libenemy_predictor.so[0m
[23.836s] [100%] Built target enemy_predictor
[23.847s] Invoked command in '/home/seldon/Documents/gitrepo/rm.cv.std.ros2_transplant/build/enemy_predictor' returned '0': CMAKE_PREFIX_PATH=/home/seldon/Documents/gitrepo/rm.cv.std.ros2_transplant/install/ros2addon:/home/seldon/Documents/gitrepo/rm.cv.std.ros2_transplant/install/my_interfaces:/home/seldon/Documents/gitrepo/rm.cv.std.ros2_transplant/install/aimer_base:/home/seldon/Documents/gitrepo/rm.cv.std.ros2_transplant/install/sensor:/home/seldon/Documents/gitrepo/rm.cv.std.ros2_transplant/install/enemy_predictor:/home/seldon/Documents/gitrepo/rm.cv.std.ros2_transplant/install/armor_detector:/home/seldon/Documents/gitrepo/rm.cv.std.ros2_transplant/install/record:/home/seldon/Documents/gitrepo/rm.cv.std.ros2_transplant/install/param:/home/seldon/Documents/gitrepo/rm.cv.std.ros2_transplant/install/io_debug_v2:/home/seldon/Documents/gitrepo/rm.cv.std.ros2_transplant/install/io_debug:/home/seldon/Documents/gitrepo/rm.cv.std.ros2_transplant/install/file_io:/home/seldon/Documents/gitrepo/rm.cv.std.ros2_transplant/install/fast_record:/home/seldon/Documents/gitrepo/rm.cv.std.ros2_transplant/install/coreio:/home/seldon/Documents/gitrepo/rm.cv.std.ros2_transplant/install/calib:/home/seldon/Documents/gitrepo/rm.cv.std.ros2_transplant/install/web_debugger:/opt/ros/humble LD_LIBRARY_PATH=/home/seldon/Documents/gitrepo/rm.cv.std.ros2_transplant/install/ros2addon/lib:/home/seldon/Documents/gitrepo/rm.cv.std.ros2_transplant/install/my_interfaces/lib:/home/seldon/Documents/gitrepo/rm.cv.std.ros2_transplant/install/aimer_base/lib:/home/seldon/Documents/gitrepo/rm.cv.std.ros2_transplant/install/sensor/lib:/home/seldon/Documents/gitrepo/rm.cv.std.ros2_transplant/install/enemy_predictor/lib:/home/seldon/Documents/gitrepo/rm.cv.std.ros2_transplant/install/armor_detector/lib:/home/seldon/Documents/gitrepo/rm.cv.std.ros2_transplant/install/record/lib:/home/seldon/Documents/gitrepo/rm.cv.std.ros2_transplant/install/io_debug_v2/lib:/home/seldon/Documents/gitrepo/rm.cv.std.ros2_transplant/install/io_debug/lib:/home/seldon/Documents/gitrepo/rm.cv.std.ros2_transplant/install/file_io/lib:/home/seldon/Documents/gitrepo/rm.cv.std.ros2_transplant/install/fast_record/lib:/home/seldon/Documents/gitrepo/rm.cv.std.ros2_transplant/install/coreio/lib:/home/seldon/Documents/gitrepo/rm.cv.std.ros2_transplant/install/calib/lib:/usr/local/cuda/lib64:/opt/MVS/lib/64:/opt/MVS/lib/32:/usr/local/cuda/lib64:/usr/local/cuda/lib64:/opt/MVS/lib/64:/opt/MVS/lib/32:/opt/ros/humble/opt/rviz_ogre_vendor/lib:/opt/ros/humble/lib/x86_64-linux-gnu:/opt/ros/humble/lib:/usr/local/cuda/lib64:/opt/MVS/lib/64:/opt/MVS/lib/32:/opt/MVS/lib/64:/opt/MVS/lib/32 /usr/bin/cmake --build /home/seldon/Documents/gitrepo/rm.cv.std.ros2_transplant/build/enemy_predictor -- -j20 -l20
[23.867s] Invoking command in '/home/seldon/Documents/gitrepo/rm.cv.std.ros2_transplant/build/enemy_predictor': CMAKE_PREFIX_PATH=/home/seldon/Documents/gitrepo/rm.cv.std.ros2_transplant/install/ros2addon:/home/seldon/Documents/gitrepo/rm.cv.std.ros2_transplant/install/my_interfaces:/home/seldon/Documents/gitrepo/rm.cv.std.ros2_transplant/install/aimer_base:/home/seldon/Documents/gitrepo/rm.cv.std.ros2_transplant/install/sensor:/home/seldon/Documents/gitrepo/rm.cv.std.ros2_transplant/install/enemy_predictor:/home/seldon/Documents/gitrepo/rm.cv.std.ros2_transplant/install/armor_detector:/home/seldon/Documents/gitrepo/rm.cv.std.ros2_transplant/install/record:/home/seldon/Documents/gitrepo/rm.cv.std.ros2_transplant/install/param:/home/seldon/Documents/gitrepo/rm.cv.std.ros2_transplant/install/io_debug_v2:/home/seldon/Documents/gitrepo/rm.cv.std.ros2_transplant/install/io_debug:/home/seldon/Documents/gitrepo/rm.cv.std.ros2_transplant/install/file_io:/home/seldon/Documents/gitrepo/rm.cv.std.ros2_transplant/install/fast_record:/home/seldon/Documents/gitrepo/rm.cv.std.ros2_transplant/install/coreio:/home/seldon/Documents/gitrepo/rm.cv.std.ros2_transplant/install/calib:/home/seldon/Documents/gitrepo/rm.cv.std.ros2_transplant/install/web_debugger:/opt/ros/humble LD_LIBRARY_PATH=/home/seldon/Documents/gitrepo/rm.cv.std.ros2_transplant/install/ros2addon/lib:/home/seldon/Documents/gitrepo/rm.cv.std.ros2_transplant/install/my_interfaces/lib:/home/seldon/Documents/gitrepo/rm.cv.std.ros2_transplant/install/aimer_base/lib:/home/seldon/Documents/gitrepo/rm.cv.std.ros2_transplant/install/sensor/lib:/home/seldon/Documents/gitrepo/rm.cv.std.ros2_transplant/install/enemy_predictor/lib:/home/seldon/Documents/gitrepo/rm.cv.std.ros2_transplant/install/armor_detector/lib:/home/seldon/Documents/gitrepo/rm.cv.std.ros2_transplant/install/record/lib:/home/seldon/Documents/gitrepo/rm.cv.std.ros2_transplant/install/io_debug_v2/lib:/home/seldon/Documents/gitrepo/rm.cv.std.ros2_transplant/install/io_debug/lib:/home/seldon/Documents/gitrepo/rm.cv.std.ros2_transplant/install/file_io/lib:/home/seldon/Documents/gitrepo/rm.cv.std.ros2_transplant/install/fast_record/lib:/home/seldon/Documents/gitrepo/rm.cv.std.ros2_transplant/install/coreio/lib:/home/seldon/Documents/gitrepo/rm.cv.std.ros2_transplant/install/calib/lib:/usr/local/cuda/lib64:/opt/MVS/lib/64:/opt/MVS/lib/32:/usr/local/cuda/lib64:/usr/local/cuda/lib64:/opt/MVS/lib/64:/opt/MVS/lib/32:/opt/ros/humble/opt/rviz_ogre_vendor/lib:/opt/ros/humble/lib/x86_64-linux-gnu:/opt/ros/humble/lib:/usr/local/cuda/lib64:/opt/MVS/lib/64:/opt/MVS/lib/32:/opt/MVS/lib/64:/opt/MVS/lib/32 /usr/bin/cmake --install /home/seldon/Documents/gitrepo/rm.cv.std.ros2_transplant/build/enemy_predictor
[23.869s] -- Install configuration: "Release"
[23.869s] -- Installing: /home/seldon/Documents/gitrepo/rm.cv.std.ros2_transplant/install/enemy_predictor/lib/enemy_predictor/enemy_predictor_node
[23.870s] -- Set runtime path of "/home/seldon/Documents/gitrepo/rm.cv.std.ros2_transplant/install/enemy_predictor/lib/enemy_predictor/enemy_predictor_node" to ""
[23.870s] -- Up-to-date: /home/seldon/Documents/gitrepo/rm.cv.std.ros2_transplant/install/enemy_predictor/share/enemy_predictor/environment/library_path.sh
[23.870s] -- Installing: /home/seldon/Documents/gitrepo/rm.cv.std.ros2_transplant/install/enemy_predictor/share/enemy_predictor/environment/library_path.dsv
[23.870s] -- Installing: /home/seldon/Documents/gitrepo/rm.cv.std.ros2_transplant/install/enemy_predictor/lib/libenemy_predictor.so
[23.871s] -- Set runtime path of "/home/seldon/Documents/gitrepo/rm.cv.std.ros2_transplant/install/enemy_predictor/lib/libenemy_predictor.so" to ""
[23.871s] -- Up-to-date: /home/seldon/Documents/gitrepo/rm.cv.std.ros2_transplant/install/enemy_predictor/share/ament_index/resource_index/package_run_dependencies/enemy_predictor
[23.871s] -- Installing: /home/seldon/Documents/gitrepo/rm.cv.std.ros2_transplant/install/enemy_predictor/share/ament_index/resource_index/parent_prefix_path/enemy_predictor
[23.871s] -- Up-to-date: /home/seldon/Documents/gitrepo/rm.cv.std.ros2_transplant/install/enemy_predictor/share/enemy_predictor/environment/ament_prefix_path.sh
[23.871s] -- Installing: /home/seldon/Documents/gitrepo/rm.cv.std.ros2_transplant/install/enemy_predictor/share/enemy_predictor/environment/ament_prefix_path.dsv
[23.872s] -- Up-to-date: /home/seldon/Documents/gitrepo/rm.cv.std.ros2_transplant/install/enemy_predictor/share/enemy_predictor/environment/path.sh
[23.872s] -- Installing: /home/seldon/Documents/gitrepo/rm.cv.std.ros2_transplant/install/enemy_predictor/share/enemy_predictor/environment/path.dsv
[23.872s] -- Up-to-date: /home/seldon/Documents/gitrepo/rm.cv.std.ros2_transplant/install/enemy_predictor/share/enemy_predictor/local_setup.bash
[23.872s] -- Up-to-date: /home/seldon/Documents/gitrepo/rm.cv.std.ros2_transplant/install/enemy_predictor/share/enemy_predictor/local_setup.sh
[23.872s] -- Up-to-date: /home/seldon/Documents/gitrepo/rm.cv.std.ros2_transplant/install/enemy_predictor/share/enemy_predictor/local_setup.zsh
[23.872s] -- Installing: /home/seldon/Documents/gitrepo/rm.cv.std.ros2_transplant/install/enemy_predictor/share/enemy_predictor/local_setup.dsv
[23.872s] -- Installing: /home/seldon/Documents/gitrepo/rm.cv.std.ros2_transplant/install/enemy_predictor/share/enemy_predictor/package.dsv
[23.872s] -- Up-to-date: /home/seldon/Documents/gitrepo/rm.cv.std.ros2_transplant/install/enemy_predictor/share/ament_index/resource_index/packages/enemy_predictor
[23.872s] -- Up-to-date: /home/seldon/Documents/gitrepo/rm.cv.std.ros2_transplant/install/enemy_predictor/share/ament_index/resource_index/rclcpp_components/enemy_predictor
[23.872s] -- Up-to-date: /home/seldon/Documents/gitrepo/rm.cv.std.ros2_transplant/install/enemy_predictor/share/enemy_predictor/cmake/ament_cmake_export_dependencies-extras.cmake
[23.872s] -- Up-to-date: /home/seldon/Documents/gitrepo/rm.cv.std.ros2_transplant/install/enemy_predictor/share/enemy_predictor/cmake/ament_cmake_export_libraries-extras.cmake
[23.872s] -- Up-to-date: /home/seldon/Documents/gitrepo/rm.cv.std.ros2_transplant/install/enemy_predictor/share/enemy_predictor/cmake/enemy_predictorConfig.cmake
[23.872s] -- Up-to-date: /home/seldon/Documents/gitrepo/rm.cv.std.ros2_transplant/install/enemy_predictor/share/enemy_predictor/cmake/enemy_predictorConfig-version.cmake
[23.872s] -- Up-to-date: /home/seldon/Documents/gitrepo/rm.cv.std.ros2_transplant/install/enemy_predictor/share/enemy_predictor/package.xml
[23.872s] -- Installing: /home/seldon/Documents/gitrepo/rm.cv.std.ros2_transplant/install/enemy_predictor/lib/libpredictor_lib.so
[23.873s] -- Set runtime path of "/home/seldon/Documents/gitrepo/rm.cv.std.ros2_transplant/install/enemy_predictor/lib/libpredictor_lib.so" to ""
[23.874s] Invoked command in '/home/seldon/Documents/gitrepo/rm.cv.std.ros2_transplant/build/enemy_predictor' returned '0': CMAKE_PREFIX_PATH=/home/seldon/Documents/gitrepo/rm.cv.std.ros2_transplant/install/ros2addon:/home/seldon/Documents/gitrepo/rm.cv.std.ros2_transplant/install/my_interfaces:/home/seldon/Documents/gitrepo/rm.cv.std.ros2_transplant/install/aimer_base:/home/seldon/Documents/gitrepo/rm.cv.std.ros2_transplant/install/sensor:/home/seldon/Documents/gitrepo/rm.cv.std.ros2_transplant/install/enemy_predictor:/home/seldon/Documents/gitrepo/rm.cv.std.ros2_transplant/install/armor_detector:/home/seldon/Documents/gitrepo/rm.cv.std.ros2_transplant/install/record:/home/seldon/Documents/gitrepo/rm.cv.std.ros2_transplant/install/param:/home/seldon/Documents/gitrepo/rm.cv.std.ros2_transplant/install/io_debug_v2:/home/seldon/Documents/gitrepo/rm.cv.std.ros2_transplant/install/io_debug:/home/seldon/Documents/gitrepo/rm.cv.std.ros2_transplant/install/file_io:/home/seldon/Documents/gitrepo/rm.cv.std.ros2_transplant/install/fast_record:/home/seldon/Documents/gitrepo/rm.cv.std.ros2_transplant/install/coreio:/home/seldon/Documents/gitrepo/rm.cv.std.ros2_transplant/install/calib:/home/seldon/Documents/gitrepo/rm.cv.std.ros2_transplant/install/web_debugger:/opt/ros/humble LD_LIBRARY_PATH=/home/seldon/Documents/gitrepo/rm.cv.std.ros2_transplant/install/ros2addon/lib:/home/seldon/Documents/gitrepo/rm.cv.std.ros2_transplant/install/my_interfaces/lib:/home/seldon/Documents/gitrepo/rm.cv.std.ros2_transplant/install/aimer_base/lib:/home/seldon/Documents/gitrepo/rm.cv.std.ros2_transplant/install/sensor/lib:/home/seldon/Documents/gitrepo/rm.cv.std.ros2_transplant/install/enemy_predictor/lib:/home/seldon/Documents/gitrepo/rm.cv.std.ros2_transplant/install/armor_detector/lib:/home/seldon/Documents/gitrepo/rm.cv.std.ros2_transplant/install/record/lib:/home/seldon/Documents/gitrepo/rm.cv.std.ros2_transplant/install/io_debug_v2/lib:/home/seldon/Documents/gitrepo/rm.cv.std.ros2_transplant/install/io_debug/lib:/home/seldon/Documents/gitrepo/rm.cv.std.ros2_transplant/install/file_io/lib:/home/seldon/Documents/gitrepo/rm.cv.std.ros2_transplant/install/fast_record/lib:/home/seldon/Documents/gitrepo/rm.cv.std.ros2_transplant/install/coreio/lib:/home/seldon/Documents/gitrepo/rm.cv.std.ros2_transplant/install/calib/lib:/usr/local/cuda/lib64:/opt/MVS/lib/64:/opt/MVS/lib/32:/usr/local/cuda/lib64:/usr/local/cuda/lib64:/opt/MVS/lib/64:/opt/MVS/lib/32:/opt/ros/humble/opt/rviz_ogre_vendor/lib:/opt/ros/humble/lib/x86_64-linux-gnu:/opt/ros/humble/lib:/usr/local/cuda/lib64:/opt/MVS/lib/64:/opt/MVS/lib/32:/opt/MVS/lib/64:/opt/MVS/lib/32 /usr/bin/cmake --install /home/seldon/Documents/gitrepo/rm.cv.std.ros2_transplant/build/enemy_predictor
