[0.143s] Invoking command in '/home/seldon/Documents/gitrepo/rm.cv.std.ros2_transplant/build/calib': CMAKE_PREFIX_PATH=${CMAKE_PREFIX_PATH}:/home/seldon/Documents/gitrepo/rm.cv.std.ros2_transplant/install/web_debugger:/opt/ros/humble /usr/bin/cmake --build /home/seldon/Documents/gitrepo/rm.cv.std.ros2_transplant/build/calib -- -j20 -l20
[0.164s] [ 50%] Built target calib
[0.166s] [100%] Built target calib_node
[0.398s] Invoked command in '/home/seldon/Documents/gitrepo/rm.cv.std.ros2_transplant/build/calib' returned '0': CMAKE_PREFIX_PATH=${CMAKE_PREFIX_PATH}:/home/seldon/Documents/gitrepo/rm.cv.std.ros2_transplant/install/web_debugger:/opt/ros/humble /usr/bin/cmake --build /home/seldon/Documents/gitrepo/rm.cv.std.ros2_transplant/build/calib -- -j20 -l20
[0.419s] Invoking command in '/home/seldon/Documents/gitrepo/rm.cv.std.ros2_transplant/build/calib': CMAKE_PREFIX_PATH=${CMAKE_PREFIX_PATH}:/home/seldon/Documents/gitrepo/rm.cv.std.ros2_transplant/install/web_debugger:/opt/ros/humble /usr/bin/cmake --install /home/seldon/Documents/gitrepo/rm.cv.std.ros2_transplant/build/calib
[0.421s] -- Install configuration: ""
[0.422s] -- Up-to-date: /home/seldon/Documents/gitrepo/rm.cv.std.ros2_transplant/install/calib/lib/calib/calib_node
[0.423s] -- Up-to-date: /home/seldon/Documents/gitrepo/rm.cv.std.ros2_transplant/install/calib/include
[0.423s] -- Up-to-date: /home/seldon/Documents/gitrepo/rm.cv.std.ros2_transplant/install/calib/include/toml.hpp
[0.424s] -- Up-to-date: /home/seldon/Documents/gitrepo/rm.cv.std.ros2_transplant/install/calib/share/calib/environment/library_path.sh
[0.424s] -- Up-to-date: /home/seldon/Documents/gitrepo/rm.cv.std.ros2_transplant/install/calib/share/calib/environment/library_path.dsv
[0.424s] -- Up-to-date: /home/seldon/Documents/gitrepo/rm.cv.std.ros2_transplant/install/calib/lib/libcalib.so
[0.424s] -- Up-to-date: /home/seldon/Documents/gitrepo/rm.cv.std.ros2_transplant/install/calib/share/calib/launch
[0.425s] -- Up-to-date: /home/seldon/Documents/gitrepo/rm.cv.std.ros2_transplant/install/calib/share/calib/launch/calib.launch.py
[0.425s] -- Up-to-date: /home/seldon/Documents/gitrepo/rm.cv.std.ros2_transplant/install/calib/share/ament_index/resource_index/package_run_dependencies/calib
[0.425s] -- Up-to-date: /home/seldon/Documents/gitrepo/rm.cv.std.ros2_transplant/install/calib/share/ament_index/resource_index/parent_prefix_path/calib
[0.425s] -- Up-to-date: /home/seldon/Documents/gitrepo/rm.cv.std.ros2_transplant/install/calib/share/calib/environment/ament_prefix_path.sh
[0.425s] -- Up-to-date: /home/seldon/Documents/gitrepo/rm.cv.std.ros2_transplant/install/calib/share/calib/environment/ament_prefix_path.dsv
[0.425s] -- Up-to-date: /home/seldon/Documents/gitrepo/rm.cv.std.ros2_transplant/install/calib/share/calib/environment/path.sh
[0.425s] -- Up-to-date: /home/seldon/Documents/gitrepo/rm.cv.std.ros2_transplant/install/calib/share/calib/environment/path.dsv
[0.425s] -- Up-to-date: /home/seldon/Documents/gitrepo/rm.cv.std.ros2_transplant/install/calib/share/calib/local_setup.bash
[0.425s] -- Up-to-date: /home/seldon/Documents/gitrepo/rm.cv.std.ros2_transplant/install/calib/share/calib/local_setup.sh
[0.425s] -- Up-to-date: /home/seldon/Documents/gitrepo/rm.cv.std.ros2_transplant/install/calib/share/calib/local_setup.zsh
[0.425s] -- Up-to-date: /home/seldon/Documents/gitrepo/rm.cv.std.ros2_transplant/install/calib/share/calib/local_setup.dsv
[0.425s] -- Installing: /home/seldon/Documents/gitrepo/rm.cv.std.ros2_transplant/install/calib/share/calib/package.dsv
[0.425s] -- Up-to-date: /home/seldon/Documents/gitrepo/rm.cv.std.ros2_transplant/install/calib/share/ament_index/resource_index/packages/calib
[0.425s] -- Up-to-date: /home/seldon/Documents/gitrepo/rm.cv.std.ros2_transplant/install/calib/share/ament_index/resource_index/rclcpp_components/calib
[0.426s] -- Up-to-date: /home/seldon/Documents/gitrepo/rm.cv.std.ros2_transplant/install/calib/share/calib/cmake/ament_cmake_export_dependencies-extras.cmake
[0.426s] -- Up-to-date: /home/seldon/Documents/gitrepo/rm.cv.std.ros2_transplant/install/calib/share/calib/cmake/ament_cmake_export_include_directories-extras.cmake
[0.426s] -- Up-to-date: /home/seldon/Documents/gitrepo/rm.cv.std.ros2_transplant/install/calib/share/calib/cmake/ament_cmake_export_libraries-extras.cmake
[0.426s] -- Up-to-date: /home/seldon/Documents/gitrepo/rm.cv.std.ros2_transplant/install/calib/share/calib/cmake/calibConfig.cmake
[0.427s] -- Up-to-date: /home/seldon/Documents/gitrepo/rm.cv.std.ros2_transplant/install/calib/share/calib/cmake/calibConfig-version.cmake
[0.427s] -- Up-to-date: /home/seldon/Documents/gitrepo/rm.cv.std.ros2_transplant/install/calib/share/calib/package.xml
[0.428s] Invoked command in '/home/seldon/Documents/gitrepo/rm.cv.std.ros2_transplant/build/calib' returned '0': CMAKE_PREFIX_PATH=${CMAKE_PREFIX_PATH}:/home/seldon/Documents/gitrepo/rm.cv.std.ros2_transplant/install/web_debugger:/opt/ros/humble /usr/bin/cmake --install /home/seldon/Documents/gitrepo/rm.cv.std.ros2_transplant/build/calib
