-- The C compiler identification is GNU 11.4.0
-- The CXX compiler identification is GNU 11.4.0
-- Detecting C compiler ABI info
-- Detecting C compiler ABI info - done
-- Check for working C compiler: /usr/bin/cc - skipped
-- Detecting C compile features
-- Detecting C compile features - done
-- Detecting CXX compiler ABI info
-- Detecting CXX compiler ABI info - done
-- Check for working CXX compiler: /usr/bin/c++ - skipped
-- Detecting CXX compile features
-- Detecting CXX compile features - done
-- Found OpenCV: /usr/local (found suitable version "4.7.0", minimum required is "4") 
-- Found ament_cmake: 1.3.8 (/opt/ros/humble/share/ament_cmake/cmake)
-- Found Python3: /usr/bin/python3 (found version "3.10.12") found components: Interpreter 
-- Found rclcpp: 16.0.8 (/opt/ros/humble/share/rclcpp/cmake)
-- Found rosidl_generator_c: 3.1.5 (/opt/ros/humble/share/rosidl_generator_c/cmake)
-- Found rosidl_adapter: 3.1.5 (/opt/ros/humble/share/rosidl_adapter/cmake)
-- Found rosidl_generator_cpp: 3.1.5 (/opt/ros/humble/share/rosidl_generator_cpp/cmake)
-- Using all available rosidl_typesupport_c: rosidl_typesupport_fastrtps_c;rosidl_typesupport_introspection_c
-- Using all available rosidl_typesupport_cpp: rosidl_typesupport_fastrtps_cpp;rosidl_typesupport_introspection_cpp
-- Found rmw_implementation_cmake: 6.1.1 (/opt/ros/humble/share/rmw_implementation_cmake/cmake)
-- Found rmw_fastrtps_cpp: 6.2.6 (/opt/ros/humble/share/rmw_fastrtps_cpp/cmake)
-- Found OpenSSL: /usr/lib/x86_64-linux-gnu/libcrypto.so (found version "3.0.2")  
-- Found FastRTPS: /opt/ros/humble/include  
-- Using RMW implementation 'rmw_fastrtps_cpp' as default
-- Performing Test CMAKE_HAVE_LIBC_PTHREAD
-- Performing Test CMAKE_HAVE_LIBC_PTHREAD - Success
-- Found Threads: TRUE  
-- Found rclcpp_components: 16.0.8 (/opt/ros/humble/share/rclcpp_components/cmake)
-- Found my_interfaces: 0.0.0 (/home/seldon/Documents/gitrepo/rm.cv.std.ros2_transplant/install/my_interfaces/share/my_interfaces/cmake)
-- Found image_transport: 3.1.8 (/opt/ros/humble/share/image_transport/cmake)
-- Found camera_info_manager: 3.1.8 (/opt/ros/humble/share/camera_info_manager/cmake)
-- Found cv_bridge: 3.2.1 (/opt/ros/humble/share/cv_bridge/cmake)
-- Found ament_lint_auto: 0.12.10 (/opt/ros/humble/share/ament_lint_auto/cmake)
-- Added test 'cppcheck' to perform static code analysis on C / C++ code
-- Configured cppcheck include dirs: 
-- Configured cppcheck exclude dirs and/or files: 
-- Added test 'flake8' to check Python code syntax and style conventions
-- Added test 'lint_cmake' to check CMake code style
-- Added test 'pep257' to check Python code against some of the docstring style conventions in PEP 257
-- Added test 'uncrustify' to check C / C++ code style
-- Configured uncrustify additional arguments: 
-- Added test 'xmllint' to check XML markup files
-- Configuring done
-- Generating done
-- Build files have been written to: /home/seldon/Documents/gitrepo/rm.cv.std.ros2_transplant/build/fast_record
[ 25%] [32mBuilding CXX object CMakeFiles/fast_record.dir/src/record.cpp.o[0m
[ 50%] [32mBuilding CXX object CMakeFiles/fast_record_node.dir/rclcpp_components/node_main_fast_record_node.cpp.o[0m
[ 75%] [32m[1mLinking CXX executable fast_record_node[0m
[ 75%] Built target fast_record_node
[100%] [32m[1mLinking CXX shared library libfast_record.so[0m
[100%] Built target fast_record
-- Install configuration: ""
-- Installing: /home/seldon/Documents/gitrepo/rm.cv.std.ros2_transplant/install/fast_record/lib/libfast_record.so
-- Set runtime path of "/home/seldon/Documents/gitrepo/rm.cv.std.ros2_transplant/install/fast_record/lib/libfast_record.so" to ""
-- Installing: /home/seldon/Documents/gitrepo/rm.cv.std.ros2_transplant/install/fast_record/lib/fast_record/fast_record_node
-- Set runtime path of "/home/seldon/Documents/gitrepo/rm.cv.std.ros2_transplant/install/fast_record/lib/fast_record/fast_record_node" to ""
-- Installing: /home/seldon/Documents/gitrepo/rm.cv.std.ros2_transplant/install/fast_record/share/fast_record/launch
-- Installing: /home/seldon/Documents/gitrepo/rm.cv.std.ros2_transplant/install/fast_record/share/fast_record/launch/launch.record.py
-- Installing: /home/seldon/Documents/gitrepo/rm.cv.std.ros2_transplant/install/fast_record/share/ament_index/resource_index/package_run_dependencies/fast_record
-- Installing: /home/seldon/Documents/gitrepo/rm.cv.std.ros2_transplant/install/fast_record/share/ament_index/resource_index/parent_prefix_path/fast_record
-- Installing: /home/seldon/Documents/gitrepo/rm.cv.std.ros2_transplant/install/fast_record/share/fast_record/environment/ament_prefix_path.sh
-- Installing: /home/seldon/Documents/gitrepo/rm.cv.std.ros2_transplant/install/fast_record/share/fast_record/environment/ament_prefix_path.dsv
-- Installing: /home/seldon/Documents/gitrepo/rm.cv.std.ros2_transplant/install/fast_record/share/fast_record/environment/path.sh
-- Installing: /home/seldon/Documents/gitrepo/rm.cv.std.ros2_transplant/install/fast_record/share/fast_record/environment/path.dsv
-- Installing: /home/seldon/Documents/gitrepo/rm.cv.std.ros2_transplant/install/fast_record/share/fast_record/local_setup.bash
-- Installing: /home/seldon/Documents/gitrepo/rm.cv.std.ros2_transplant/install/fast_record/share/fast_record/local_setup.sh
-- Installing: /home/seldon/Documents/gitrepo/rm.cv.std.ros2_transplant/install/fast_record/share/fast_record/local_setup.zsh
-- Installing: /home/seldon/Documents/gitrepo/rm.cv.std.ros2_transplant/install/fast_record/share/fast_record/local_setup.dsv
-- Installing: /home/seldon/Documents/gitrepo/rm.cv.std.ros2_transplant/install/fast_record/share/fast_record/package.dsv
-- Installing: /home/seldon/Documents/gitrepo/rm.cv.std.ros2_transplant/install/fast_record/share/ament_index/resource_index/packages/fast_record
-- Installing: /home/seldon/Documents/gitrepo/rm.cv.std.ros2_transplant/install/fast_record/share/ament_index/resource_index/rclcpp_components/fast_record
-- Installing: /home/seldon/Documents/gitrepo/rm.cv.std.ros2_transplant/install/fast_record/share/fast_record/cmake/fast_recordConfig.cmake
-- Installing: /home/seldon/Documents/gitrepo/rm.cv.std.ros2_transplant/install/fast_record/share/fast_record/cmake/fast_recordConfig-version.cmake
-- Installing: /home/seldon/Documents/gitrepo/rm.cv.std.ros2_transplant/install/fast_record/share/fast_record/package.xml
