[0.157s] Invoking command in '/home/seldon/Documents/gitrepo/rm.cv.std.ros2_transplant/build/fast_record': AMENT_PREFIX_PATH=/home/seldon/Documents/gitrepo/rm.cv.std.ros2_transplant/install/my_interfaces:${AMENT_PREFIX_PATH} CMAKE_PREFIX_PATH=/home/seldon/Documents/gitrepo/rm.cv.std.ros2_transplant/install/my_interfaces:/opt/ros/humble LD_LIBRARY_PATH=/home/seldon/Documents/gitrepo/rm.cv.std.ros2_transplant/install/my_interfaces/lib:/usr/local/cuda/lib64:/opt/MVS/lib/64:/opt/MVS/lib/32:/usr/local/cuda/lib64:/usr/local/cuda/lib64:/opt/MVS/lib/64:/opt/MVS/lib/32:/opt/ros/humble/opt/rviz_ogre_vendor/lib:/opt/ros/humble/lib/x86_64-linux-gnu:/opt/ros/humble/lib:/usr/local/cuda/lib64:/opt/MVS/lib/64:/opt/MVS/lib/32:/opt/MVS/lib/64:/opt/MVS/lib/32 PYTHONPATH=/home/seldon/Documents/gitrepo/rm.cv.std.ros2_transplant/install/my_interfaces/local/lib/python3.10/dist-packages:${PYTHONPATH} /usr/bin/cmake /home/seldon/Documents/gitrepo/rm.cv.std.ros2_transplant/src/fast_record -DCMAKE_INSTALL_PREFIX=/home/seldon/Documents/gitrepo/rm.cv.std.ros2_transplant/install/fast_record
[0.189s] -- The C compiler identification is GNU 11.4.0
[0.227s] -- The CXX compiler identification is GNU 11.4.0
[0.235s] -- Detecting C compiler ABI info
[0.274s] -- Detecting C compiler ABI info - done
[0.279s] -- Check for working C compiler: /usr/bin/cc - skipped
[0.280s] -- Detecting C compile features
[0.280s] -- Detecting C compile features - done
[0.282s] -- Detecting CXX compiler ABI info
[0.324s] -- Detecting CXX compiler ABI info - done
[0.333s] -- Check for working CXX compiler: /usr/bin/c++ - skipped
[0.334s] -- Detecting CXX compile features
[0.334s] -- Detecting CXX compile features - done
[0.339s] -- Found OpenCV: /usr/local (found suitable version "4.7.0", minimum required is "4") 
[0.348s] -- Found ament_cmake: 1.3.8 (/opt/ros/humble/share/ament_cmake/cmake)
[0.445s] -- Found Python3: /usr/bin/python3 (found version "3.10.12") found components: Interpreter 
[0.508s] -- Found rclcpp: 16.0.8 (/opt/ros/humble/share/rclcpp/cmake)
[0.552s] -- Found rosidl_generator_c: 3.1.5 (/opt/ros/humble/share/rosidl_generator_c/cmake)
[0.557s] -- Found rosidl_adapter: 3.1.5 (/opt/ros/humble/share/rosidl_adapter/cmake)
[0.566s] -- Found rosidl_generator_cpp: 3.1.5 (/opt/ros/humble/share/rosidl_generator_cpp/cmake)
[0.580s] -- Using all available rosidl_typesupport_c: rosidl_typesupport_fastrtps_c;rosidl_typesupport_introspection_c
[0.602s] -- Using all available rosidl_typesupport_cpp: rosidl_typesupport_fastrtps_cpp;rosidl_typesupport_introspection_cpp
[0.679s] -- Found rmw_implementation_cmake: 6.1.1 (/opt/ros/humble/share/rmw_implementation_cmake/cmake)
[0.682s] -- Found rmw_fastrtps_cpp: 6.2.6 (/opt/ros/humble/share/rmw_fastrtps_cpp/cmake)
[0.768s] -- Found OpenSSL: /usr/lib/x86_64-linux-gnu/libcrypto.so (found version "3.0.2")  
[0.797s] -- Found FastRTPS: /opt/ros/humble/include  
[0.839s] -- Using RMW implementation 'rmw_fastrtps_cpp' as default
[0.845s] -- Performing Test CMAKE_HAVE_LIBC_PTHREAD
[0.887s] -- Performing Test CMAKE_HAVE_LIBC_PTHREAD - Success
[0.888s] -- Found Threads: TRUE  
[1.012s] -- Found rclcpp_components: 16.0.8 (/opt/ros/humble/share/rclcpp_components/cmake)
[1.057s] -- Found my_interfaces: 0.0.0 (/home/seldon/Documents/gitrepo/rm.cv.std.ros2_transplant/install/my_interfaces/share/my_interfaces/cmake)
[1.243s] -- Found image_transport: 3.1.8 (/opt/ros/humble/share/image_transport/cmake)
[1.286s] -- Found camera_info_manager: 3.1.8 (/opt/ros/humble/share/camera_info_manager/cmake)
[1.346s] -- Found cv_bridge: 3.2.1 (/opt/ros/humble/share/cv_bridge/cmake)
[1.358s] -- Found ament_lint_auto: 0.12.10 (/opt/ros/humble/share/ament_lint_auto/cmake)
[1.459s] -- Added test 'cppcheck' to perform static code analysis on C / C++ code
[1.460s] -- Configured cppcheck include dirs: 
[1.460s] -- Configured cppcheck exclude dirs and/or files: 
[1.461s] -- Added test 'flake8' to check Python code syntax and style conventions
[1.462s] -- Added test 'lint_cmake' to check CMake code style
[1.462s] -- Added test 'pep257' to check Python code against some of the docstring style conventions in PEP 257
[1.464s] -- Added test 'uncrustify' to check C / C++ code style
[1.464s] -- Configured uncrustify additional arguments: 
[1.465s] -- Added test 'xmllint' to check XML markup files
[1.469s] -- Configuring done
[1.517s] -- Generating done
[1.528s] -- Build files have been written to: /home/seldon/Documents/gitrepo/rm.cv.std.ros2_transplant/build/fast_record
[1.549s] Invoked command in '/home/seldon/Documents/gitrepo/rm.cv.std.ros2_transplant/build/fast_record' returned '0': AMENT_PREFIX_PATH=/home/seldon/Documents/gitrepo/rm.cv.std.ros2_transplant/install/my_interfaces:${AMENT_PREFIX_PATH} CMAKE_PREFIX_PATH=/home/seldon/Documents/gitrepo/rm.cv.std.ros2_transplant/install/my_interfaces:/opt/ros/humble LD_LIBRARY_PATH=/home/seldon/Documents/gitrepo/rm.cv.std.ros2_transplant/install/my_interfaces/lib:/usr/local/cuda/lib64:/opt/MVS/lib/64:/opt/MVS/lib/32:/usr/local/cuda/lib64:/usr/local/cuda/lib64:/opt/MVS/lib/64:/opt/MVS/lib/32:/opt/ros/humble/opt/rviz_ogre_vendor/lib:/opt/ros/humble/lib/x86_64-linux-gnu:/opt/ros/humble/lib:/usr/local/cuda/lib64:/opt/MVS/lib/64:/opt/MVS/lib/32:/opt/MVS/lib/64:/opt/MVS/lib/32 PYTHONPATH=/home/seldon/Documents/gitrepo/rm.cv.std.ros2_transplant/install/my_interfaces/local/lib/python3.10/dist-packages:${PYTHONPATH} /usr/bin/cmake /home/seldon/Documents/gitrepo/rm.cv.std.ros2_transplant/src/fast_record -DCMAKE_INSTALL_PREFIX=/home/seldon/Documents/gitrepo/rm.cv.std.ros2_transplant/install/fast_record
[1.549s] Invoking command in '/home/seldon/Documents/gitrepo/rm.cv.std.ros2_transplant/build/fast_record': AMENT_PREFIX_PATH=/home/seldon/Documents/gitrepo/rm.cv.std.ros2_transplant/install/my_interfaces:${AMENT_PREFIX_PATH} CMAKE_PREFIX_PATH=/home/seldon/Documents/gitrepo/rm.cv.std.ros2_transplant/install/my_interfaces:/opt/ros/humble LD_LIBRARY_PATH=/home/seldon/Documents/gitrepo/rm.cv.std.ros2_transplant/install/my_interfaces/lib:/usr/local/cuda/lib64:/opt/MVS/lib/64:/opt/MVS/lib/32:/usr/local/cuda/lib64:/usr/local/cuda/lib64:/opt/MVS/lib/64:/opt/MVS/lib/32:/opt/ros/humble/opt/rviz_ogre_vendor/lib:/opt/ros/humble/lib/x86_64-linux-gnu:/opt/ros/humble/lib:/usr/local/cuda/lib64:/opt/MVS/lib/64:/opt/MVS/lib/32:/opt/MVS/lib/64:/opt/MVS/lib/32 PYTHONPATH=/home/seldon/Documents/gitrepo/rm.cv.std.ros2_transplant/install/my_interfaces/local/lib/python3.10/dist-packages:${PYTHONPATH} /usr/bin/cmake --build /home/seldon/Documents/gitrepo/rm.cv.std.ros2_transplant/build/fast_record -- -j20 -l20
[1.589s] [ 25%] [32mBuilding CXX object CMakeFiles/fast_record.dir/src/record.cpp.o[0m
[1.627s] [ 50%] [32mBuilding CXX object CMakeFiles/fast_record_node.dir/rclcpp_components/node_main_fast_record_node.cpp.o[0m
[5.016s] [ 75%] [32m[1mLinking CXX executable fast_record_node[0m
[5.114s] [ 75%] Built target fast_record_node
[6.413s] [01m[K/home/seldon/Documents/gitrepo/rm.cv.std.ros2_transplant/src/fast_record/src/record.cpp:[m[K In member function ‘[01m[Kvoid recorder::RecorderNode::img_subcallback(sensor_msgs::msg::Image_<std::allocator<void> >::ConstSharedPtr, sensor_msgs::msg::CameraInfo_<std::allocator<void> >::ConstSharedPtr)[m[K’:
[6.414s] [01m[K/home/seldon/Documents/gitrepo/rm.cv.std.ros2_transplant/src/fast_record/src/record.cpp:165:56:[m[K [01;35m[Kwarning: [m[Kunused parameter ‘[01m[Kcam_info[m[K’ [[01;35m[K]8;;https://gcc.gnu.org/onlinedocs/gcc/Warning-Options.html#index-Wunused-parameter-Wunused-parameter]8;;[m[K]
[6.414s]   165 |     [01;35m[Kconst sensor_msgs::msg::CameraInfo::ConstSharedPtr cam_info[m[K
[6.414s]       |     [01;35m[K~~~~~~~~~~~~~~~~~~~~~~~~~~~~~~~~~~~~~~~~~~~~~~~~~~~^~~~~~~~[m[K
[11.416s] [100%] [32m[1mLinking CXX shared library libfast_record.so[0m
[12.208s] [100%] Built target fast_record
[12.220s] Invoked command in '/home/seldon/Documents/gitrepo/rm.cv.std.ros2_transplant/build/fast_record' returned '0': AMENT_PREFIX_PATH=/home/seldon/Documents/gitrepo/rm.cv.std.ros2_transplant/install/my_interfaces:${AMENT_PREFIX_PATH} CMAKE_PREFIX_PATH=/home/seldon/Documents/gitrepo/rm.cv.std.ros2_transplant/install/my_interfaces:/opt/ros/humble LD_LIBRARY_PATH=/home/seldon/Documents/gitrepo/rm.cv.std.ros2_transplant/install/my_interfaces/lib:/usr/local/cuda/lib64:/opt/MVS/lib/64:/opt/MVS/lib/32:/usr/local/cuda/lib64:/usr/local/cuda/lib64:/opt/MVS/lib/64:/opt/MVS/lib/32:/opt/ros/humble/opt/rviz_ogre_vendor/lib:/opt/ros/humble/lib/x86_64-linux-gnu:/opt/ros/humble/lib:/usr/local/cuda/lib64:/opt/MVS/lib/64:/opt/MVS/lib/32:/opt/MVS/lib/64:/opt/MVS/lib/32 PYTHONPATH=/home/seldon/Documents/gitrepo/rm.cv.std.ros2_transplant/install/my_interfaces/local/lib/python3.10/dist-packages:${PYTHONPATH} /usr/bin/cmake --build /home/seldon/Documents/gitrepo/rm.cv.std.ros2_transplant/build/fast_record -- -j20 -l20
[12.548s] Invoking command in '/home/seldon/Documents/gitrepo/rm.cv.std.ros2_transplant/build/fast_record': AMENT_PREFIX_PATH=/home/seldon/Documents/gitrepo/rm.cv.std.ros2_transplant/install/my_interfaces:${AMENT_PREFIX_PATH} CMAKE_PREFIX_PATH=/home/seldon/Documents/gitrepo/rm.cv.std.ros2_transplant/install/my_interfaces:/opt/ros/humble LD_LIBRARY_PATH=/home/seldon/Documents/gitrepo/rm.cv.std.ros2_transplant/install/my_interfaces/lib:/usr/local/cuda/lib64:/opt/MVS/lib/64:/opt/MVS/lib/32:/usr/local/cuda/lib64:/usr/local/cuda/lib64:/opt/MVS/lib/64:/opt/MVS/lib/32:/opt/ros/humble/opt/rviz_ogre_vendor/lib:/opt/ros/humble/lib/x86_64-linux-gnu:/opt/ros/humble/lib:/usr/local/cuda/lib64:/opt/MVS/lib/64:/opt/MVS/lib/32:/opt/MVS/lib/64:/opt/MVS/lib/32 PYTHONPATH=/home/seldon/Documents/gitrepo/rm.cv.std.ros2_transplant/install/my_interfaces/local/lib/python3.10/dist-packages:${PYTHONPATH} /usr/bin/cmake --install /home/seldon/Documents/gitrepo/rm.cv.std.ros2_transplant/build/fast_record
[12.568s] -- Install configuration: ""
[12.568s] -- Installing: /home/seldon/Documents/gitrepo/rm.cv.std.ros2_transplant/install/fast_record/lib/libfast_record.so
[12.568s] -- Set runtime path of "/home/seldon/Documents/gitrepo/rm.cv.std.ros2_transplant/install/fast_record/lib/libfast_record.so" to ""
[12.568s] -- Installing: /home/seldon/Documents/gitrepo/rm.cv.std.ros2_transplant/install/fast_record/lib/fast_record/fast_record_node
[12.568s] -- Set runtime path of "/home/seldon/Documents/gitrepo/rm.cv.std.ros2_transplant/install/fast_record/lib/fast_record/fast_record_node" to ""
[12.568s] -- Installing: /home/seldon/Documents/gitrepo/rm.cv.std.ros2_transplant/install/fast_record/share/fast_record/launch
[12.569s] -- Installing: /home/seldon/Documents/gitrepo/rm.cv.std.ros2_transplant/install/fast_record/share/fast_record/launch/launch.record.py
[12.576s] -- Installing: /home/seldon/Documents/gitrepo/rm.cv.std.ros2_transplant/install/fast_record/share/ament_index/resource_index/package_run_dependencies/fast_record
[12.576s] -- Installing: /home/seldon/Documents/gitrepo/rm.cv.std.ros2_transplant/install/fast_record/share/ament_index/resource_index/parent_prefix_path/fast_record
[12.576s] -- Installing: /home/seldon/Documents/gitrepo/rm.cv.std.ros2_transplant/install/fast_record/share/fast_record/environment/ament_prefix_path.sh
[12.576s] -- Installing: /home/seldon/Documents/gitrepo/rm.cv.std.ros2_transplant/install/fast_record/share/fast_record/environment/ament_prefix_path.dsv
[12.576s] -- Installing: /home/seldon/Documents/gitrepo/rm.cv.std.ros2_transplant/install/fast_record/share/fast_record/environment/path.sh
[12.576s] -- Installing: /home/seldon/Documents/gitrepo/rm.cv.std.ros2_transplant/install/fast_record/share/fast_record/environment/path.dsv
[12.577s] -- Installing: /home/seldon/Documents/gitrepo/rm.cv.std.ros2_transplant/install/fast_record/share/fast_record/local_setup.bash
[12.577s] -- Installing: /home/seldon/Documents/gitrepo/rm.cv.std.ros2_transplant/install/fast_record/share/fast_record/local_setup.sh
[12.577s] -- Installing: /home/seldon/Documents/gitrepo/rm.cv.std.ros2_transplant/install/fast_record/share/fast_record/local_setup.zsh
[12.577s] -- Installing: /home/seldon/Documents/gitrepo/rm.cv.std.ros2_transplant/install/fast_record/share/fast_record/local_setup.dsv
[12.577s] -- Installing: /home/seldon/Documents/gitrepo/rm.cv.std.ros2_transplant/install/fast_record/share/fast_record/package.dsv
[12.577s] -- Installing: /home/seldon/Documents/gitrepo/rm.cv.std.ros2_transplant/install/fast_record/share/ament_index/resource_index/packages/fast_record
[12.578s] -- Installing: /home/seldon/Documents/gitrepo/rm.cv.std.ros2_transplant/install/fast_record/share/ament_index/resource_index/rclcpp_components/fast_record
[12.578s] -- Installing: /home/seldon/Documents/gitrepo/rm.cv.std.ros2_transplant/install/fast_record/share/fast_record/cmake/fast_recordConfig.cmake
[12.578s] -- Installing: /home/seldon/Documents/gitrepo/rm.cv.std.ros2_transplant/install/fast_record/share/fast_record/cmake/fast_recordConfig-version.cmake
[12.578s] -- Installing: /home/seldon/Documents/gitrepo/rm.cv.std.ros2_transplant/install/fast_record/share/fast_record/package.xml
[12.585s] Invoked command in '/home/seldon/Documents/gitrepo/rm.cv.std.ros2_transplant/build/fast_record' returned '0': AMENT_PREFIX_PATH=/home/seldon/Documents/gitrepo/rm.cv.std.ros2_transplant/install/my_interfaces:${AMENT_PREFIX_PATH} CMAKE_PREFIX_PATH=/home/seldon/Documents/gitrepo/rm.cv.std.ros2_transplant/install/my_interfaces:/opt/ros/humble LD_LIBRARY_PATH=/home/seldon/Documents/gitrepo/rm.cv.std.ros2_transplant/install/my_interfaces/lib:/usr/local/cuda/lib64:/opt/MVS/lib/64:/opt/MVS/lib/32:/usr/local/cuda/lib64:/usr/local/cuda/lib64:/opt/MVS/lib/64:/opt/MVS/lib/32:/opt/ros/humble/opt/rviz_ogre_vendor/lib:/opt/ros/humble/lib/x86_64-linux-gnu:/opt/ros/humble/lib:/usr/local/cuda/lib64:/opt/MVS/lib/64:/opt/MVS/lib/32:/opt/MVS/lib/64:/opt/MVS/lib/32 PYTHONPATH=/home/seldon/Documents/gitrepo/rm.cv.std.ros2_transplant/install/my_interfaces/local/lib/python3.10/dist-packages:${PYTHONPATH} /usr/bin/cmake --install /home/seldon/Documents/gitrepo/rm.cv.std.ros2_transplant/build/fast_record
