[0.084s] Invoking command in '/home/seldon/Documents/gitrepo/rm.cv.std.ros2_transplant/build/sensor': CMAKE_PREFIX_PATH=/opt/ros/humble /usr/bin/cmake --build /home/seldon/Documents/gitrepo/rm.cv.std.ros2_transplant/build/sensor -- -j20 -l20
[0.106s] [ 20%] Built target ExtImu
[0.106s] [ 60%] Built target serial_lib
[0.110s] [ 80%] Built target sensor_node
[0.117s] [ 90%] [32mBuilding CXX object CMakeFiles/sensor.dir/src/sensor_node.cpp.o[0m
[3.012s] [100%] [32m[1mLinking CXX shared library libsensor.so[0m
[3.161s] [100%] Built target sensor
[3.165s] Invoked command in '/home/seldon/Documents/gitrepo/rm.cv.std.ros2_transplant/build/sensor' returned '0': CMAKE_PREFIX_PATH=/opt/ros/humble /usr/bin/cmake --build /home/seldon/Documents/gitrepo/rm.cv.std.ros2_transplant/build/sensor -- -j20 -l20
[3.180s] Invoking command in '/home/seldon/Documents/gitrepo/rm.cv.std.ros2_transplant/build/sensor': CMAKE_PREFIX_PATH=/opt/ros/humble /usr/bin/cmake --install /home/seldon/Documents/gitrepo/rm.cv.std.ros2_transplant/build/sensor
[3.182s] -- Install configuration: ""
[3.182s] -- Up-to-date: /home/seldon/Documents/gitrepo/rm.cv.std.ros2_transplant/install/sensor/lib
[3.182s] -- Up-to-date: /home/seldon/Documents/gitrepo/rm.cv.std.ros2_transplant/install/sensor/lib/libFormatConversion.so
[3.182s] -- Up-to-date: /home/seldon/Documents/gitrepo/rm.cv.std.ros2_transplant/install/sensor/lib/libMediaProcess.so
[3.182s] -- Up-to-date: /home/seldon/Documents/gitrepo/rm.cv.std.ros2_transplant/install/sensor/lib/libMVRender.so
[3.182s] -- Up-to-date: /home/seldon/Documents/gitrepo/rm.cv.std.ros2_transplant/install/sensor/lib/libMvCameraControl.so
[3.182s] -- Up-to-date: /home/seldon/Documents/gitrepo/rm.cv.std.ros2_transplant/install/sensor/lib/libMvUsb3vTL.so
[3.182s] -- Up-to-date: /home/seldon/Documents/gitrepo/rm.cv.std.ros2_transplant/install/sensor/lib/sensor/sensor_node
[3.182s] -- Up-to-date: /home/seldon/Documents/gitrepo/rm.cv.std.ros2_transplant/install/sensor/share/sensor/environment/library_path.sh
[3.182s] -- Up-to-date: /home/seldon/Documents/gitrepo/rm.cv.std.ros2_transplant/install/sensor/share/sensor/environment/library_path.dsv
[3.183s] -- Installing: /home/seldon/Documents/gitrepo/rm.cv.std.ros2_transplant/install/sensor/lib/libsensor.so
[3.184s] -- Set runtime path of "/home/seldon/Documents/gitrepo/rm.cv.std.ros2_transplant/install/sensor/lib/libsensor.so" to ""
[3.184s] -- Up-to-date: /home/seldon/Documents/gitrepo/rm.cv.std.ros2_transplant/install/sensor/share/sensor/config
[3.184s] -- Up-to-date: /home/seldon/Documents/gitrepo/rm.cv.std.ros2_transplant/install/sensor/share/sensor/config/camera_info.yaml
[3.184s] -- Up-to-date: /home/seldon/Documents/gitrepo/rm.cv.std.ros2_transplant/install/sensor/share/sensor/config/MV-CA016-10UC_00K31937955.mfs
[3.184s] -- Up-to-date: /home/seldon/Documents/gitrepo/rm.cv.std.ros2_transplant/install/sensor/share/sensor/launch
[3.184s] -- Up-to-date: /home/seldon/Documents/gitrepo/rm.cv.std.ros2_transplant/install/sensor/share/sensor/launch/sensor.launch.py
[3.184s] -- Up-to-date: /home/seldon/Documents/gitrepo/rm.cv.std.ros2_transplant/install/sensor/share/ament_index/resource_index/package_run_dependencies/sensor
[3.184s] -- Up-to-date: /home/seldon/Documents/gitrepo/rm.cv.std.ros2_transplant/install/sensor/share/ament_index/resource_index/parent_prefix_path/sensor
[3.184s] -- Up-to-date: /home/seldon/Documents/gitrepo/rm.cv.std.ros2_transplant/install/sensor/share/sensor/environment/ament_prefix_path.sh
[3.184s] -- Up-to-date: /home/seldon/Documents/gitrepo/rm.cv.std.ros2_transplant/install/sensor/share/sensor/environment/ament_prefix_path.dsv
[3.184s] -- Up-to-date: /home/seldon/Documents/gitrepo/rm.cv.std.ros2_transplant/install/sensor/share/sensor/environment/path.sh
[3.184s] -- Up-to-date: /home/seldon/Documents/gitrepo/rm.cv.std.ros2_transplant/install/sensor/share/sensor/environment/path.dsv
[3.184s] -- Up-to-date: /home/seldon/Documents/gitrepo/rm.cv.std.ros2_transplant/install/sensor/share/sensor/local_setup.bash
[3.184s] -- Up-to-date: /home/seldon/Documents/gitrepo/rm.cv.std.ros2_transplant/install/sensor/share/sensor/local_setup.sh
[3.184s] -- Up-to-date: /home/seldon/Documents/gitrepo/rm.cv.std.ros2_transplant/install/sensor/share/sensor/local_setup.zsh
[3.185s] -- Up-to-date: /home/seldon/Documents/gitrepo/rm.cv.std.ros2_transplant/install/sensor/share/sensor/local_setup.dsv
[3.185s] -- Installing: /home/seldon/Documents/gitrepo/rm.cv.std.ros2_transplant/install/sensor/share/sensor/package.dsv
[3.185s] -- Up-to-date: /home/seldon/Documents/gitrepo/rm.cv.std.ros2_transplant/install/sensor/share/ament_index/resource_index/packages/sensor
[3.185s] -- Up-to-date: /home/seldon/Documents/gitrepo/rm.cv.std.ros2_transplant/install/sensor/share/ament_index/resource_index/rclcpp_components/sensor
[3.185s] -- Up-to-date: /home/seldon/Documents/gitrepo/rm.cv.std.ros2_transplant/install/sensor/share/sensor/cmake/ament_cmake_export_dependencies-extras.cmake
[3.185s] -- Up-to-date: /home/seldon/Documents/gitrepo/rm.cv.std.ros2_transplant/install/sensor/share/sensor/cmake/ament_cmake_export_libraries-extras.cmake
[3.185s] -- Up-to-date: /home/seldon/Documents/gitrepo/rm.cv.std.ros2_transplant/install/sensor/share/sensor/cmake/sensorConfig.cmake
[3.185s] -- Up-to-date: /home/seldon/Documents/gitrepo/rm.cv.std.ros2_transplant/install/sensor/share/sensor/cmake/sensorConfig-version.cmake
[3.185s] -- Up-to-date: /home/seldon/Documents/gitrepo/rm.cv.std.ros2_transplant/install/sensor/share/sensor/package.xml
[3.185s] -- Up-to-date: /home/seldon/Documents/gitrepo/rm.cv.std.ros2_transplant/install/sensor/lib/libExtImu.so
[3.185s] -- Up-to-date: /home/seldon/Documents/gitrepo/rm.cv.std.ros2_transplant/install/sensor/lib/libserial_lib.so
[3.186s] Invoked command in '/home/seldon/Documents/gitrepo/rm.cv.std.ros2_transplant/build/sensor' returned '0': CMAKE_PREFIX_PATH=/opt/ros/humble /usr/bin/cmake --install /home/seldon/Documents/gitrepo/rm.cv.std.ros2_transplant/build/sensor
