-- The C compiler identification is GNU 11.4.0
-- The CXX compiler identification is GNU 11.4.0
-- Detecting C compiler ABI info
-- Detecting C compiler ABI info - done
-- Check for working C compiler: /usr/bin/cc - skipped
-- Detecting C compile features
-- Detecting C compile features - done
-- Detecting CXX compiler ABI info
-- Detecting CXX compiler ABI info - done
-- Check for working CXX compiler: /usr/bin/c++ - skipped
-- Detecting CXX compile features
-- Detecting CXX compile features - done
-- Found ament_cmake_auto: 1.3.8 (/opt/ros/humble/share/ament_cmake_auto/cmake)
-- Found Python3: /usr/bin/python3 (found version "3.10.12") found components: Interpreter 
-- Found rosidl_generator_c: 3.1.5 (/opt/ros/humble/share/rosidl_generator_c/cmake)
-- Found rosidl_adapter: 3.1.5 (/opt/ros/humble/share/rosidl_adapter/cmake)
-- Found rosidl_generator_cpp: 3.1.5 (/opt/ros/humble/share/rosidl_generator_cpp/cmake)
-- Using all available rosidl_typesupport_c: rosidl_typesupport_fastrtps_c;rosidl_typesupport_introspection_c
-- Using all available rosidl_typesupport_cpp: rosidl_typesupport_fastrtps_cpp;rosidl_typesupport_introspection_cpp
-- Found rmw_implementation_cmake: 6.1.1 (/opt/ros/humble/share/rmw_implementation_cmake/cmake)
-- Found rmw_fastrtps_cpp: 6.2.6 (/opt/ros/humble/share/rmw_fastrtps_cpp/cmake)
-- Found OpenSSL: /usr/lib/x86_64-linux-gnu/libcrypto.so (found version "3.0.2")  
-- Found FastRTPS: /opt/ros/humble/include  
-- Using RMW implementation 'rmw_fastrtps_cpp' as default
-- Performing Test CMAKE_HAVE_LIBC_PTHREAD
-- Performing Test CMAKE_HAVE_LIBC_PTHREAD - Success
-- Found Threads: TRUE  
-- Configuring done
-- Generating done
-- Build files have been written to: /home/seldon/Documents/gitrepo/rm.cv.std.ros2_transplant/build/sensor
[ 10%] [32mBuilding CXX object ExtImu/CMakeFiles/ExtImu.dir/ExtImu.cpp.o[0m
[ 20%] [32mBuilding CXX object CMakeFiles/sensor_node.dir/rclcpp_components/node_main_sensor_node.cpp.o[0m
[ 30%] [32mBuilding CXX object serial/CMakeFiles/serial_lib.dir/src/serial.cc.o[0m
[ 50%] [32mBuilding CXX object serial/CMakeFiles/serial_lib.dir/src/impl/list_ports/list_ports_linux.cc.o[0m
[ 50%] [32mBuilding CXX object serial/CMakeFiles/serial_lib.dir/src/impl/unix.cc.o[0m
[ 60%] [32m[1mLinking CXX shared library libExtImu.so[0m
[ 60%] Built target ExtImu
[ 70%] [32m[1mLinking CXX shared library libserial_lib.so[0m
[ 70%] Built target serial_lib
[ 80%] [32mBuilding CXX object CMakeFiles/sensor.dir/src/sensor_node.cpp.o[0m
[ 90%] [32m[1mLinking CXX executable sensor_node[0m
[ 90%] Built target sensor_node
[100%] [32m[1mLinking CXX shared library libsensor.so[0m
[100%] Built target sensor
-- Install configuration: ""
-- Installing: /home/seldon/Documents/gitrepo/rm.cv.std.ros2_transplant/install/sensor/lib
-- Installing: /home/seldon/Documents/gitrepo/rm.cv.std.ros2_transplant/install/sensor/lib/libFormatConversion.so
-- Installing: /home/seldon/Documents/gitrepo/rm.cv.std.ros2_transplant/install/sensor/lib/libMediaProcess.so
-- Installing: /home/seldon/Documents/gitrepo/rm.cv.std.ros2_transplant/install/sensor/lib/libMVRender.so
-- Installing: /home/seldon/Documents/gitrepo/rm.cv.std.ros2_transplant/install/sensor/lib/libMvCameraControl.so
-- Installing: /home/seldon/Documents/gitrepo/rm.cv.std.ros2_transplant/install/sensor/lib/libMvUsb3vTL.so
-- Installing: /home/seldon/Documents/gitrepo/rm.cv.std.ros2_transplant/install/sensor/lib/sensor/sensor_node
-- Set runtime path of "/home/seldon/Documents/gitrepo/rm.cv.std.ros2_transplant/install/sensor/lib/sensor/sensor_node" to ""
-- Installing: /home/seldon/Documents/gitrepo/rm.cv.std.ros2_transplant/install/sensor/share/sensor/environment/library_path.sh
-- Installing: /home/seldon/Documents/gitrepo/rm.cv.std.ros2_transplant/install/sensor/share/sensor/environment/library_path.dsv
-- Installing: /home/seldon/Documents/gitrepo/rm.cv.std.ros2_transplant/install/sensor/lib/libsensor.so
-- Set runtime path of "/home/seldon/Documents/gitrepo/rm.cv.std.ros2_transplant/install/sensor/lib/libsensor.so" to ""
-- Installing: /home/seldon/Documents/gitrepo/rm.cv.std.ros2_transplant/install/sensor/share/sensor/config
-- Installing: /home/seldon/Documents/gitrepo/rm.cv.std.ros2_transplant/install/sensor/share/sensor/config/camera_info.yaml
-- Installing: /home/seldon/Documents/gitrepo/rm.cv.std.ros2_transplant/install/sensor/share/sensor/config/MV-CA016-10UC_00K31937955.mfs
-- Installing: /home/seldon/Documents/gitrepo/rm.cv.std.ros2_transplant/install/sensor/share/sensor/launch
-- Installing: /home/seldon/Documents/gitrepo/rm.cv.std.ros2_transplant/install/sensor/share/sensor/launch/sensor.launch.py
-- Installing: /home/seldon/Documents/gitrepo/rm.cv.std.ros2_transplant/install/sensor/share/ament_index/resource_index/package_run_dependencies/sensor
-- Installing: /home/seldon/Documents/gitrepo/rm.cv.std.ros2_transplant/install/sensor/share/ament_index/resource_index/parent_prefix_path/sensor
-- Installing: /home/seldon/Documents/gitrepo/rm.cv.std.ros2_transplant/install/sensor/share/sensor/environment/ament_prefix_path.sh
-- Installing: /home/seldon/Documents/gitrepo/rm.cv.std.ros2_transplant/install/sensor/share/sensor/environment/ament_prefix_path.dsv
-- Installing: /home/seldon/Documents/gitrepo/rm.cv.std.ros2_transplant/install/sensor/share/sensor/environment/path.sh
-- Installing: /home/seldon/Documents/gitrepo/rm.cv.std.ros2_transplant/install/sensor/share/sensor/environment/path.dsv
-- Installing: /home/seldon/Documents/gitrepo/rm.cv.std.ros2_transplant/install/sensor/share/sensor/local_setup.bash
-- Installing: /home/seldon/Documents/gitrepo/rm.cv.std.ros2_transplant/install/sensor/share/sensor/local_setup.sh
-- Installing: /home/seldon/Documents/gitrepo/rm.cv.std.ros2_transplant/install/sensor/share/sensor/local_setup.zsh
-- Installing: /home/seldon/Documents/gitrepo/rm.cv.std.ros2_transplant/install/sensor/share/sensor/local_setup.dsv
-- Installing: /home/seldon/Documents/gitrepo/rm.cv.std.ros2_transplant/install/sensor/share/sensor/package.dsv
-- Installing: /home/seldon/Documents/gitrepo/rm.cv.std.ros2_transplant/install/sensor/share/ament_index/resource_index/packages/sensor
-- Installing: /home/seldon/Documents/gitrepo/rm.cv.std.ros2_transplant/install/sensor/share/ament_index/resource_index/rclcpp_components/sensor
-- Installing: /home/seldon/Documents/gitrepo/rm.cv.std.ros2_transplant/install/sensor/share/sensor/cmake/ament_cmake_export_dependencies-extras.cmake
-- Installing: /home/seldon/Documents/gitrepo/rm.cv.std.ros2_transplant/install/sensor/share/sensor/cmake/ament_cmake_export_libraries-extras.cmake
-- Installing: /home/seldon/Documents/gitrepo/rm.cv.std.ros2_transplant/install/sensor/share/sensor/cmake/sensorConfig.cmake
-- Installing: /home/seldon/Documents/gitrepo/rm.cv.std.ros2_transplant/install/sensor/share/sensor/cmake/sensorConfig-version.cmake
-- Installing: /home/seldon/Documents/gitrepo/rm.cv.std.ros2_transplant/install/sensor/share/sensor/package.xml
-- Installing: /home/seldon/Documents/gitrepo/rm.cv.std.ros2_transplant/install/sensor/lib/libExtImu.so
-- Installing: /home/seldon/Documents/gitrepo/rm.cv.std.ros2_transplant/install/sensor/lib/libserial_lib.so
