[0.102s] Invoking command in '/home/seldon/Documents/gitrepo/rm.cv.std.ros2_transplant/build/sensor': CMAKE_PREFIX_PATH=${CMAKE_PREFIX_PATH}:/home/seldon/Documents/gitrepo/rm.cv.std.ros2_transplant/install/web_debugger:/opt/ros/humble /usr/bin/cmake /home/seldon/Documents/gitrepo/rm.cv.std.ros2_transplant/src/sensor_node -DCMAKE_INSTALL_PREFIX=/home/seldon/Documents/gitrepo/rm.cv.std.ros2_transplant/install/sensor
[0.156s] -- The C compiler identification is GNU 11.4.0
[0.192s] -- The CXX compiler identification is GNU 11.4.0
[0.200s] -- Detecting C compiler ABI info
[0.236s] -- Detecting C compiler ABI info - done
[0.240s] -- Check for working C compiler: /usr/bin/cc - skipped
[0.240s] -- Detecting C compile features
[0.241s] -- Detecting C compile features - done
[0.243s] -- Detecting CXX compiler ABI info
[0.288s] -- Detecting CXX compiler ABI info - done
[0.293s] -- Check for working CXX compiler: /usr/bin/c++ - skipped
[0.293s] -- Detecting CXX compile features
[0.293s] -- Detecting CXX compile features - done
[0.294s] -- Found ament_cmake_auto: 1.3.8 (/opt/ros/humble/share/ament_cmake_auto/cmake)
[0.380s] -- Found Python3: /usr/bin/python3 (found version "3.10.12") found components: Interpreter 
[0.507s] -- Found rosidl_generator_c: 3.1.5 (/opt/ros/humble/share/rosidl_generator_c/cmake)
[0.510s] -- Found rosidl_adapter: 3.1.5 (/opt/ros/humble/share/rosidl_adapter/cmake)
[0.515s] -- Found rosidl_generator_cpp: 3.1.5 (/opt/ros/humble/share/rosidl_generator_cpp/cmake)
[0.524s] -- Using all available rosidl_typesupport_c: rosidl_typesupport_fastrtps_c;rosidl_typesupport_introspection_c
[0.536s] -- Using all available rosidl_typesupport_cpp: rosidl_typesupport_fastrtps_cpp;rosidl_typesupport_introspection_cpp
[0.585s] -- Found rmw_implementation_cmake: 6.1.1 (/opt/ros/humble/share/rmw_implementation_cmake/cmake)
[0.587s] -- Found rmw_fastrtps_cpp: 6.2.6 (/opt/ros/humble/share/rmw_fastrtps_cpp/cmake)
[0.653s] -- Found OpenSSL: /usr/lib/x86_64-linux-gnu/libcrypto.so (found version "3.0.2")  
[0.673s] -- Found FastRTPS: /opt/ros/humble/include  
[0.708s] -- Using RMW implementation 'rmw_fastrtps_cpp' as default
[0.714s] -- Performing Test CMAKE_HAVE_LIBC_PTHREAD
[0.753s] -- Performing Test CMAKE_HAVE_LIBC_PTHREAD - Success
[0.754s] -- Found Threads: TRUE  
[1.055s] [0mCMake Deprecation Warning at serial/CMakeLists.txt:1 (cmake_minimum_required):
[1.055s]   Compatibility with CMake < 2.8.12 will be removed from a future version of
[1.055s]   CMake.
[1.055s] 
[1.056s]   Update the VERSION argument <min> value or use a ...<max> suffix to tell
[1.056s]   CMake that the project does not need compatibility with older versions.
[1.056s] 
[1.056s] [0m
[1.060s] -- Configuring done
[1.071s] -- Generating done
[1.073s] -- Build files have been written to: /home/seldon/Documents/gitrepo/rm.cv.std.ros2_transplant/build/sensor
[1.081s] Invoked command in '/home/seldon/Documents/gitrepo/rm.cv.std.ros2_transplant/build/sensor' returned '0': CMAKE_PREFIX_PATH=${CMAKE_PREFIX_PATH}:/home/seldon/Documents/gitrepo/rm.cv.std.ros2_transplant/install/web_debugger:/opt/ros/humble /usr/bin/cmake /home/seldon/Documents/gitrepo/rm.cv.std.ros2_transplant/src/sensor_node -DCMAKE_INSTALL_PREFIX=/home/seldon/Documents/gitrepo/rm.cv.std.ros2_transplant/install/sensor
[1.082s] Invoking command in '/home/seldon/Documents/gitrepo/rm.cv.std.ros2_transplant/build/sensor': CMAKE_PREFIX_PATH=${CMAKE_PREFIX_PATH}:/home/seldon/Documents/gitrepo/rm.cv.std.ros2_transplant/install/web_debugger:/opt/ros/humble /usr/bin/cmake --build /home/seldon/Documents/gitrepo/rm.cv.std.ros2_transplant/build/sensor -- -j20 -l20
[1.099s] [ 10%] [32mBuilding CXX object ExtImu/CMakeFiles/ExtImu.dir/ExtImu.cpp.o[0m
[1.099s] [ 20%] [32mBuilding CXX object CMakeFiles/sensor_node.dir/rclcpp_components/node_main_sensor_node.cpp.o[0m
[1.101s] [ 30%] [32mBuilding CXX object serial/CMakeFiles/serial_lib.dir/src/serial.cc.o[0m
[1.102s] [ 50%] [32mBuilding CXX object serial/CMakeFiles/serial_lib.dir/src/impl/list_ports/list_ports_linux.cc.o[0m
[1.102s] [ 50%] [32mBuilding CXX object serial/CMakeFiles/serial_lib.dir/src/impl/unix.cc.o[0m
[1.252s] [ 60%] [32m[1mLinking CXX shared library libExtImu.so[0m
[1.296s] [ 60%] Built target ExtImu
[1.369s] [ 70%] [32m[1mLinking CXX shared library libserial_lib.so[0m
[1.416s] [ 70%] Built target serial_lib
[1.424s] [ 80%] [32mBuilding CXX object CMakeFiles/sensor.dir/src/sensor_node.cpp.o[0m
[3.090s] [ 90%] [32m[1mLinking CXX executable sensor_node[0m
[3.173s] [ 90%] Built target sensor_node
[5.358s] [100%] [32m[1mLinking CXX shared library libsensor.so[0m
[5.490s] [100%] Built target sensor
[5.495s] Invoked command in '/home/seldon/Documents/gitrepo/rm.cv.std.ros2_transplant/build/sensor' returned '0': CMAKE_PREFIX_PATH=${CMAKE_PREFIX_PATH}:/home/seldon/Documents/gitrepo/rm.cv.std.ros2_transplant/install/web_debugger:/opt/ros/humble /usr/bin/cmake --build /home/seldon/Documents/gitrepo/rm.cv.std.ros2_transplant/build/sensor -- -j20 -l20
[5.513s] Invoking command in '/home/seldon/Documents/gitrepo/rm.cv.std.ros2_transplant/build/sensor': CMAKE_PREFIX_PATH=${CMAKE_PREFIX_PATH}:/home/seldon/Documents/gitrepo/rm.cv.std.ros2_transplant/install/web_debugger:/opt/ros/humble /usr/bin/cmake --install /home/seldon/Documents/gitrepo/rm.cv.std.ros2_transplant/build/sensor
[5.515s] -- Install configuration: ""
[5.515s] -- Installing: /home/seldon/Documents/gitrepo/rm.cv.std.ros2_transplant/install/sensor/lib
[5.515s] -- Installing: /home/seldon/Documents/gitrepo/rm.cv.std.ros2_transplant/install/sensor/lib/libFormatConversion.so
[5.516s] -- Installing: /home/seldon/Documents/gitrepo/rm.cv.std.ros2_transplant/install/sensor/lib/libMediaProcess.so
[5.518s] -- Installing: /home/seldon/Documents/gitrepo/rm.cv.std.ros2_transplant/install/sensor/lib/libMVRender.so
[5.519s] -- Installing: /home/seldon/Documents/gitrepo/rm.cv.std.ros2_transplant/install/sensor/lib/libMvCameraControl.so
[5.524s] -- Installing: /home/seldon/Documents/gitrepo/rm.cv.std.ros2_transplant/install/sensor/lib/libMvUsb3vTL.so
[5.529s] -- Installing: /home/seldon/Documents/gitrepo/rm.cv.std.ros2_transplant/install/sensor/lib/sensor/sensor_node
[5.529s] -- Set runtime path of "/home/seldon/Documents/gitrepo/rm.cv.std.ros2_transplant/install/sensor/lib/sensor/sensor_node" to ""
[5.529s] -- Installing: /home/seldon/Documents/gitrepo/rm.cv.std.ros2_transplant/install/sensor/share/sensor/environment/library_path.sh
[5.529s] -- Installing: /home/seldon/Documents/gitrepo/rm.cv.std.ros2_transplant/install/sensor/share/sensor/environment/library_path.dsv
[5.529s] -- Installing: /home/seldon/Documents/gitrepo/rm.cv.std.ros2_transplant/install/sensor/lib/libsensor.so
[5.530s] -- Set runtime path of "/home/seldon/Documents/gitrepo/rm.cv.std.ros2_transplant/install/sensor/lib/libsensor.so" to ""
[5.530s] -- Installing: /home/seldon/Documents/gitrepo/rm.cv.std.ros2_transplant/install/sensor/share/sensor/config
[5.530s] -- Installing: /home/seldon/Documents/gitrepo/rm.cv.std.ros2_transplant/install/sensor/share/sensor/config/camera_info.yaml
[5.530s] -- Installing: /home/seldon/Documents/gitrepo/rm.cv.std.ros2_transplant/install/sensor/share/sensor/config/MV-CA016-10UC_00K31937955.mfs
[5.531s] -- Installing: /home/seldon/Documents/gitrepo/rm.cv.std.ros2_transplant/install/sensor/share/sensor/launch
[5.531s] -- Installing: /home/seldon/Documents/gitrepo/rm.cv.std.ros2_transplant/install/sensor/share/sensor/launch/sensor.launch.py
[5.531s] -- Installing: /home/seldon/Documents/gitrepo/rm.cv.std.ros2_transplant/install/sensor/share/ament_index/resource_index/package_run_dependencies/sensor
[5.531s] -- Installing: /home/seldon/Documents/gitrepo/rm.cv.std.ros2_transplant/install/sensor/share/ament_index/resource_index/parent_prefix_path/sensor
[5.531s] -- Installing: /home/seldon/Documents/gitrepo/rm.cv.std.ros2_transplant/install/sensor/share/sensor/environment/ament_prefix_path.sh
[5.531s] -- Installing: /home/seldon/Documents/gitrepo/rm.cv.std.ros2_transplant/install/sensor/share/sensor/environment/ament_prefix_path.dsv
[5.531s] -- Installing: /home/seldon/Documents/gitrepo/rm.cv.std.ros2_transplant/install/sensor/share/sensor/environment/path.sh
[5.531s] -- Installing: /home/seldon/Documents/gitrepo/rm.cv.std.ros2_transplant/install/sensor/share/sensor/environment/path.dsv
[5.531s] -- Installing: /home/seldon/Documents/gitrepo/rm.cv.std.ros2_transplant/install/sensor/share/sensor/local_setup.bash
[5.531s] -- Installing: /home/seldon/Documents/gitrepo/rm.cv.std.ros2_transplant/install/sensor/share/sensor/local_setup.sh
[5.531s] -- Installing: /home/seldon/Documents/gitrepo/rm.cv.std.ros2_transplant/install/sensor/share/sensor/local_setup.zsh
[5.531s] -- Installing: /home/seldon/Documents/gitrepo/rm.cv.std.ros2_transplant/install/sensor/share/sensor/local_setup.dsv
[5.531s] -- Installing: /home/seldon/Documents/gitrepo/rm.cv.std.ros2_transplant/install/sensor/share/sensor/package.dsv
[5.531s] -- Installing: /home/seldon/Documents/gitrepo/rm.cv.std.ros2_transplant/install/sensor/share/ament_index/resource_index/packages/sensor
[5.531s] -- Installing: /home/seldon/Documents/gitrepo/rm.cv.std.ros2_transplant/install/sensor/share/ament_index/resource_index/rclcpp_components/sensor
[5.531s] -- Installing: /home/seldon/Documents/gitrepo/rm.cv.std.ros2_transplant/install/sensor/share/sensor/cmake/ament_cmake_export_dependencies-extras.cmake
[5.531s] -- Installing: /home/seldon/Documents/gitrepo/rm.cv.std.ros2_transplant/install/sensor/share/sensor/cmake/ament_cmake_export_libraries-extras.cmake
[5.531s] -- Installing: /home/seldon/Documents/gitrepo/rm.cv.std.ros2_transplant/install/sensor/share/sensor/cmake/sensorConfig.cmake
[5.531s] -- Installing: /home/seldon/Documents/gitrepo/rm.cv.std.ros2_transplant/install/sensor/share/sensor/cmake/sensorConfig-version.cmake
[5.531s] -- Installing: /home/seldon/Documents/gitrepo/rm.cv.std.ros2_transplant/install/sensor/share/sensor/package.xml
[5.532s] -- Installing: /home/seldon/Documents/gitrepo/rm.cv.std.ros2_transplant/install/sensor/lib/libExtImu.so
[5.532s] -- Installing: /home/seldon/Documents/gitrepo/rm.cv.std.ros2_transplant/install/sensor/lib/libserial_lib.so
[5.533s] Invoked command in '/home/seldon/Documents/gitrepo/rm.cv.std.ros2_transplant/build/sensor' returned '0': CMAKE_PREFIX_PATH=${CMAKE_PREFIX_PATH}:/home/seldon/Documents/gitrepo/rm.cv.std.ros2_transplant/install/web_debugger:/opt/ros/humble /usr/bin/cmake --install /home/seldon/Documents/gitrepo/rm.cv.std.ros2_transplant/build/sensor
