[0.011s] Invoking command in '/home/seldon/Documents/gitrepo/rm.cv.std.ros2_transplant/build/ros2addon': CMAKE_PREFIX_PATH=/home/seldon/Documents/gitrepo/rm.cv.std.ros2_transplant/install/my_interfaces:/home/seldon/Documents/gitrepo/rm.cv.std.ros2_transplant/install/aimer_base:/home/seldon/Documents/gitrepo/rm.cv.std.ros2_transplant/install/sensor:/home/seldon/Documents/gitrepo/rm.cv.std.ros2_transplant/install/enemy_predictor:/home/seldon/Documents/gitrepo/rm.cv.std.ros2_transplant/install/armor_detector:/home/seldon/Documents/gitrepo/rm.cv.std.ros2_transplant/install/ros2addon:/home/seldon/Documents/gitrepo/rm.cv.std.ros2_transplant/install/record:/home/seldon/Documents/gitrepo/rm.cv.std.ros2_transplant/install/param:/home/seldon/Documents/gitrepo/rm.cv.std.ros2_transplant/install/io_debug_v2:/home/seldon/Documents/gitrepo/rm.cv.std.ros2_transplant/install/io_debug:/home/seldon/Documents/gitrepo/rm.cv.std.ros2_transplant/install/file_io:/home/seldon/Documents/gitrepo/rm.cv.std.ros2_transplant/install/fast_record:/home/seldon/Documents/gitrepo/rm.cv.std.ros2_transplant/install/coreio:/home/seldon/Documents/gitrepo/rm.cv.std.ros2_transplant/install/calib:/home/seldon/Documents/gitrepo/rm.cv.std.ros2_transplant/install/web_debugger:/opt/ros/humble LD_LIBRARY_PATH=/home/seldon/Documents/gitrepo/rm.cv.std.ros2_transplant/install/my_interfaces/lib:/home/seldon/Documents/gitrepo/rm.cv.std.ros2_transplant/install/aimer_base/lib:/home/seldon/Documents/gitrepo/rm.cv.std.ros2_transplant/install/sensor/lib:/home/seldon/Documents/gitrepo/rm.cv.std.ros2_transplant/install/enemy_predictor/lib:/home/seldon/Documents/gitrepo/rm.cv.std.ros2_transplant/install/armor_detector/lib:/home/seldon/Documents/gitrepo/rm.cv.std.ros2_transplant/install/ros2addon/lib:/home/seldon/Documents/gitrepo/rm.cv.std.ros2_transplant/install/record/lib:/home/seldon/Documents/gitrepo/rm.cv.std.ros2_transplant/install/io_debug_v2/lib:/home/seldon/Documents/gitrepo/rm.cv.std.ros2_transplant/install/io_debug/lib:/home/seldon/Documents/gitrepo/rm.cv.std.ros2_transplant/install/file_io/lib:/home/seldon/Documents/gitrepo/rm.cv.std.ros2_transplant/install/fast_record/lib:/home/seldon/Documents/gitrepo/rm.cv.std.ros2_transplant/install/coreio/lib:/home/seldon/Documents/gitrepo/rm.cv.std.ros2_transplant/install/calib/lib:/usr/local/cuda/lib64:/opt/MVS/lib/64:/opt/MVS/lib/32:/usr/local/cuda/lib64:/usr/local/cuda/lib64:/opt/MVS/lib/64:/opt/MVS/lib/32:/opt/ros/humble/opt/rviz_ogre_vendor/lib:/opt/ros/humble/lib/x86_64-linux-gnu:/opt/ros/humble/lib:/usr/local/cuda/lib64:/opt/MVS/lib/64:/opt/MVS/lib/32:/opt/MVS/lib/64:/opt/MVS/lib/32 /usr/bin/cmake --build /home/seldon/Documents/gitrepo/rm.cv.std.ros2_transplant/build/ros2addon -- -j20 -l20
[0.024s] -- Found ament_cmake_auto: 1.3.8 (/opt/ros/humble/share/ament_cmake_auto/cmake)
[0.148s] -- Found rosidl_generator_c: 3.1.5 (/opt/ros/humble/share/rosidl_generator_c/cmake)
[0.149s] -- Found rosidl_adapter: 3.1.5 (/opt/ros/humble/share/rosidl_adapter/cmake)
[0.153s] -- Found rosidl_generator_cpp: 3.1.5 (/opt/ros/humble/share/rosidl_generator_cpp/cmake)
[0.160s] -- Using all available rosidl_typesupport_c: rosidl_typesupport_fastrtps_c;rosidl_typesupport_introspection_c
[0.172s] -- Using all available rosidl_typesupport_cpp: rosidl_typesupport_fastrtps_cpp;rosidl_typesupport_introspection_cpp
[0.418s] -- Found rmw_implementation_cmake: 6.1.1 (/opt/ros/humble/share/rmw_implementation_cmake/cmake)
[0.419s] -- Found rmw_fastrtps_cpp: 6.2.6 (/opt/ros/humble/share/rmw_fastrtps_cpp/cmake)
[0.505s] -- Using RMW implementation 'rmw_fastrtps_cpp' as default
[0.605s] -- Found required Ceres dependency: Eigen version 3.4.0 in /usr/include/eigen3
[0.609s] -- Found required Ceres dependency: glog
[0.610s] -- Found required Ceres dependency: gflags
[0.610s] -- Found Ceres version: 2.0.0 installed in: /usr with components: [EigenSparse, SparseLinearAlgebraLibrary, LAPACK, SuiteSparse, CXSparse, SchurSpecializations, Multithreading]
[0.619s] -- Configuring done
[0.627s] -- Generating done
[0.628s] -- Build files have been written to: /home/seldon/Documents/gitrepo/rm.cv.std.ros2_transplant/build/ros2addon
[0.659s] [ 20%] [32mBuilding CXX object CMakeFiles/ros2addon.dir/src/coord_converter.cpp.o[0m
[0.660s] [ 40%] [32mBuilding CXX object CMakeFiles/ros2addon.dir/src/cv_drawer.cpp.o[0m
[0.661s] [ 80%] [32mBuilding CXX object CMakeFiles/ros2addon.dir/src/debugger.cpp.o[0m
[0.661s] [ 80%] [32mBuilding CXX object CMakeFiles/ros2addon.dir/src/type_convert.cpp.o[0m
[5.510s] [100%] [32m[1mLinking CXX shared library libros2addon.so[0m
[5.593s] [100%] Built target ros2addon
[5.596s] Invoked command in '/home/seldon/Documents/gitrepo/rm.cv.std.ros2_transplant/build/ros2addon' returned '0': CMAKE_PREFIX_PATH=/home/seldon/Documents/gitrepo/rm.cv.std.ros2_transplant/install/my_interfaces:/home/seldon/Documents/gitrepo/rm.cv.std.ros2_transplant/install/aimer_base:/home/seldon/Documents/gitrepo/rm.cv.std.ros2_transplant/install/sensor:/home/seldon/Documents/gitrepo/rm.cv.std.ros2_transplant/install/enemy_predictor:/home/seldon/Documents/gitrepo/rm.cv.std.ros2_transplant/install/armor_detector:/home/seldon/Documents/gitrepo/rm.cv.std.ros2_transplant/install/ros2addon:/home/seldon/Documents/gitrepo/rm.cv.std.ros2_transplant/install/record:/home/seldon/Documents/gitrepo/rm.cv.std.ros2_transplant/install/param:/home/seldon/Documents/gitrepo/rm.cv.std.ros2_transplant/install/io_debug_v2:/home/seldon/Documents/gitrepo/rm.cv.std.ros2_transplant/install/io_debug:/home/seldon/Documents/gitrepo/rm.cv.std.ros2_transplant/install/file_io:/home/seldon/Documents/gitrepo/rm.cv.std.ros2_transplant/install/fast_record:/home/seldon/Documents/gitrepo/rm.cv.std.ros2_transplant/install/coreio:/home/seldon/Documents/gitrepo/rm.cv.std.ros2_transplant/install/calib:/home/seldon/Documents/gitrepo/rm.cv.std.ros2_transplant/install/web_debugger:/opt/ros/humble LD_LIBRARY_PATH=/home/seldon/Documents/gitrepo/rm.cv.std.ros2_transplant/install/my_interfaces/lib:/home/seldon/Documents/gitrepo/rm.cv.std.ros2_transplant/install/aimer_base/lib:/home/seldon/Documents/gitrepo/rm.cv.std.ros2_transplant/install/sensor/lib:/home/seldon/Documents/gitrepo/rm.cv.std.ros2_transplant/install/enemy_predictor/lib:/home/seldon/Documents/gitrepo/rm.cv.std.ros2_transplant/install/armor_detector/lib:/home/seldon/Documents/gitrepo/rm.cv.std.ros2_transplant/install/ros2addon/lib:/home/seldon/Documents/gitrepo/rm.cv.std.ros2_transplant/install/record/lib:/home/seldon/Documents/gitrepo/rm.cv.std.ros2_transplant/install/io_debug_v2/lib:/home/seldon/Documents/gitrepo/rm.cv.std.ros2_transplant/install/io_debug/lib:/home/seldon/Documents/gitrepo/rm.cv.std.ros2_transplant/install/file_io/lib:/home/seldon/Documents/gitrepo/rm.cv.std.ros2_transplant/install/fast_record/lib:/home/seldon/Documents/gitrepo/rm.cv.std.ros2_transplant/install/coreio/lib:/home/seldon/Documents/gitrepo/rm.cv.std.ros2_transplant/install/calib/lib:/usr/local/cuda/lib64:/opt/MVS/lib/64:/opt/MVS/lib/32:/usr/local/cuda/lib64:/usr/local/cuda/lib64:/opt/MVS/lib/64:/opt/MVS/lib/32:/opt/ros/humble/opt/rviz_ogre_vendor/lib:/opt/ros/humble/lib/x86_64-linux-gnu:/opt/ros/humble/lib:/usr/local/cuda/lib64:/opt/MVS/lib/64:/opt/MVS/lib/32:/opt/MVS/lib/64:/opt/MVS/lib/32 /usr/bin/cmake --build /home/seldon/Documents/gitrepo/rm.cv.std.ros2_transplant/build/ros2addon -- -j20 -l20
[5.617s] Invoking command in '/home/seldon/Documents/gitrepo/rm.cv.std.ros2_transplant/build/ros2addon': CMAKE_PREFIX_PATH=/home/seldon/Documents/gitrepo/rm.cv.std.ros2_transplant/install/my_interfaces:/home/seldon/Documents/gitrepo/rm.cv.std.ros2_transplant/install/aimer_base:/home/seldon/Documents/gitrepo/rm.cv.std.ros2_transplant/install/sensor:/home/seldon/Documents/gitrepo/rm.cv.std.ros2_transplant/install/enemy_predictor:/home/seldon/Documents/gitrepo/rm.cv.std.ros2_transplant/install/armor_detector:/home/seldon/Documents/gitrepo/rm.cv.std.ros2_transplant/install/ros2addon:/home/seldon/Documents/gitrepo/rm.cv.std.ros2_transplant/install/record:/home/seldon/Documents/gitrepo/rm.cv.std.ros2_transplant/install/param:/home/seldon/Documents/gitrepo/rm.cv.std.ros2_transplant/install/io_debug_v2:/home/seldon/Documents/gitrepo/rm.cv.std.ros2_transplant/install/io_debug:/home/seldon/Documents/gitrepo/rm.cv.std.ros2_transplant/install/file_io:/home/seldon/Documents/gitrepo/rm.cv.std.ros2_transplant/install/fast_record:/home/seldon/Documents/gitrepo/rm.cv.std.ros2_transplant/install/coreio:/home/seldon/Documents/gitrepo/rm.cv.std.ros2_transplant/install/calib:/home/seldon/Documents/gitrepo/rm.cv.std.ros2_transplant/install/web_debugger:/opt/ros/humble LD_LIBRARY_PATH=/home/seldon/Documents/gitrepo/rm.cv.std.ros2_transplant/install/my_interfaces/lib:/home/seldon/Documents/gitrepo/rm.cv.std.ros2_transplant/install/aimer_base/lib:/home/seldon/Documents/gitrepo/rm.cv.std.ros2_transplant/install/sensor/lib:/home/seldon/Documents/gitrepo/rm.cv.std.ros2_transplant/install/enemy_predictor/lib:/home/seldon/Documents/gitrepo/rm.cv.std.ros2_transplant/install/armor_detector/lib:/home/seldon/Documents/gitrepo/rm.cv.std.ros2_transplant/install/ros2addon/lib:/home/seldon/Documents/gitrepo/rm.cv.std.ros2_transplant/install/record/lib:/home/seldon/Documents/gitrepo/rm.cv.std.ros2_transplant/install/io_debug_v2/lib:/home/seldon/Documents/gitrepo/rm.cv.std.ros2_transplant/install/io_debug/lib:/home/seldon/Documents/gitrepo/rm.cv.std.ros2_transplant/install/file_io/lib:/home/seldon/Documents/gitrepo/rm.cv.std.ros2_transplant/install/fast_record/lib:/home/seldon/Documents/gitrepo/rm.cv.std.ros2_transplant/install/coreio/lib:/home/seldon/Documents/gitrepo/rm.cv.std.ros2_transplant/install/calib/lib:/usr/local/cuda/lib64:/opt/MVS/lib/64:/opt/MVS/lib/32:/usr/local/cuda/lib64:/usr/local/cuda/lib64:/opt/MVS/lib/64:/opt/MVS/lib/32:/opt/ros/humble/opt/rviz_ogre_vendor/lib:/opt/ros/humble/lib/x86_64-linux-gnu:/opt/ros/humble/lib:/usr/local/cuda/lib64:/opt/MVS/lib/64:/opt/MVS/lib/32:/opt/MVS/lib/64:/opt/MVS/lib/32 /usr/bin/cmake --install /home/seldon/Documents/gitrepo/rm.cv.std.ros2_transplant/build/ros2addon
[5.619s] -- Install configuration: ""
[5.619s] -- Up-to-date: /home/seldon/Documents/gitrepo/rm.cv.std.ros2_transplant/install/ros2addon/include
[5.619s] -- Installing: /home/seldon/Documents/gitrepo/rm.cv.std.ros2_transplant/install/ros2addon/include/debugger.hpp
[5.619s] -- Up-to-date: /home/seldon/Documents/gitrepo/rm.cv.std.ros2_transplant/install/ros2addon/include/param
[5.619s] -- Installing: /home/seldon/Documents/gitrepo/rm.cv.std.ros2_transplant/install/ros2addon/include/param/param.hpp
[5.619s] -- Up-to-date: /home/seldon/Documents/gitrepo/rm.cv.std.ros2_transplant/install/ros2addon/include/type_convert.hpp
[5.619s] -- Up-to-date: /home/seldon/Documents/gitrepo/rm.cv.std.ros2_transplant/install/ros2addon/include/coord_convert
[5.619s] -- Installing: /home/seldon/Documents/gitrepo/rm.cv.std.ros2_transplant/install/ros2addon/include/coord_convert/coord_converter.hpp
[5.619s] -- Installing: /home/seldon/Documents/gitrepo/rm.cv.std.ros2_transplant/install/ros2addon/include/cv_drawer.hpp
[5.619s] -- Up-to-date: /home/seldon/Documents/gitrepo/rm.cv.std.ros2_transplant/install/ros2addon/share/ros2addon/environment/library_path.sh
[5.620s] -- Installing: /home/seldon/Documents/gitrepo/rm.cv.std.ros2_transplant/install/ros2addon/share/ros2addon/environment/library_path.dsv
[5.620s] -- Installing: /home/seldon/Documents/gitrepo/rm.cv.std.ros2_transplant/install/ros2addon/lib/libros2addon.so
[5.620s] -- Set runtime path of "/home/seldon/Documents/gitrepo/rm.cv.std.ros2_transplant/install/ros2addon/lib/libros2addon.so" to ""
[5.620s] -- Up-to-date: /home/seldon/Documents/gitrepo/rm.cv.std.ros2_transplant/install/ros2addon/share/ament_index/resource_index/package_run_dependencies/ros2addon
[5.620s] -- Installing: /home/seldon/Documents/gitrepo/rm.cv.std.ros2_transplant/install/ros2addon/share/ament_index/resource_index/parent_prefix_path/ros2addon
[5.621s] -- Up-to-date: /home/seldon/Documents/gitrepo/rm.cv.std.ros2_transplant/install/ros2addon/share/ros2addon/environment/ament_prefix_path.sh
[5.621s] -- Installing: /home/seldon/Documents/gitrepo/rm.cv.std.ros2_transplant/install/ros2addon/share/ros2addon/environment/ament_prefix_path.dsv
[5.621s] -- Up-to-date: /home/seldon/Documents/gitrepo/rm.cv.std.ros2_transplant/install/ros2addon/share/ros2addon/environment/path.sh
[5.621s] -- Installing: /home/seldon/Documents/gitrepo/rm.cv.std.ros2_transplant/install/ros2addon/share/ros2addon/environment/path.dsv
[5.621s] -- Up-to-date: /home/seldon/Documents/gitrepo/rm.cv.std.ros2_transplant/install/ros2addon/share/ros2addon/local_setup.bash
[5.621s] -- Up-to-date: /home/seldon/Documents/gitrepo/rm.cv.std.ros2_transplant/install/ros2addon/share/ros2addon/local_setup.sh
[5.621s] -- Up-to-date: /home/seldon/Documents/gitrepo/rm.cv.std.ros2_transplant/install/ros2addon/share/ros2addon/local_setup.zsh
[5.621s] -- Installing: /home/seldon/Documents/gitrepo/rm.cv.std.ros2_transplant/install/ros2addon/share/ros2addon/local_setup.dsv
[5.621s] -- Installing: /home/seldon/Documents/gitrepo/rm.cv.std.ros2_transplant/install/ros2addon/share/ros2addon/package.dsv
[5.621s] -- Up-to-date: /home/seldon/Documents/gitrepo/rm.cv.std.ros2_transplant/install/ros2addon/share/ament_index/resource_index/packages/ros2addon
[5.621s] -- Up-to-date: /home/seldon/Documents/gitrepo/rm.cv.std.ros2_transplant/install/ros2addon/share/ros2addon/cmake/ament_cmake_export_dependencies-extras.cmake
[5.621s] -- Up-to-date: /home/seldon/Documents/gitrepo/rm.cv.std.ros2_transplant/install/ros2addon/share/ros2addon/cmake/ament_cmake_export_include_directories-extras.cmake
[5.621s] -- Up-to-date: /home/seldon/Documents/gitrepo/rm.cv.std.ros2_transplant/install/ros2addon/share/ros2addon/cmake/ament_cmake_export_libraries-extras.cmake
[5.621s] -- Up-to-date: /home/seldon/Documents/gitrepo/rm.cv.std.ros2_transplant/install/ros2addon/share/ros2addon/cmake/ros2addonConfig.cmake
[5.621s] -- Up-to-date: /home/seldon/Documents/gitrepo/rm.cv.std.ros2_transplant/install/ros2addon/share/ros2addon/cmake/ros2addonConfig-version.cmake
[5.622s] -- Up-to-date: /home/seldon/Documents/gitrepo/rm.cv.std.ros2_transplant/install/ros2addon/share/ros2addon/package.xml
[5.622s] Invoked command in '/home/seldon/Documents/gitrepo/rm.cv.std.ros2_transplant/build/ros2addon' returned '0': CMAKE_PREFIX_PATH=/home/seldon/Documents/gitrepo/rm.cv.std.ros2_transplant/install/my_interfaces:/home/seldon/Documents/gitrepo/rm.cv.std.ros2_transplant/install/aimer_base:/home/seldon/Documents/gitrepo/rm.cv.std.ros2_transplant/install/sensor:/home/seldon/Documents/gitrepo/rm.cv.std.ros2_transplant/install/enemy_predictor:/home/seldon/Documents/gitrepo/rm.cv.std.ros2_transplant/install/armor_detector:/home/seldon/Documents/gitrepo/rm.cv.std.ros2_transplant/install/ros2addon:/home/seldon/Documents/gitrepo/rm.cv.std.ros2_transplant/install/record:/home/seldon/Documents/gitrepo/rm.cv.std.ros2_transplant/install/param:/home/seldon/Documents/gitrepo/rm.cv.std.ros2_transplant/install/io_debug_v2:/home/seldon/Documents/gitrepo/rm.cv.std.ros2_transplant/install/io_debug:/home/seldon/Documents/gitrepo/rm.cv.std.ros2_transplant/install/file_io:/home/seldon/Documents/gitrepo/rm.cv.std.ros2_transplant/install/fast_record:/home/seldon/Documents/gitrepo/rm.cv.std.ros2_transplant/install/coreio:/home/seldon/Documents/gitrepo/rm.cv.std.ros2_transplant/install/calib:/home/seldon/Documents/gitrepo/rm.cv.std.ros2_transplant/install/web_debugger:/opt/ros/humble LD_LIBRARY_PATH=/home/seldon/Documents/gitrepo/rm.cv.std.ros2_transplant/install/my_interfaces/lib:/home/seldon/Documents/gitrepo/rm.cv.std.ros2_transplant/install/aimer_base/lib:/home/seldon/Documents/gitrepo/rm.cv.std.ros2_transplant/install/sensor/lib:/home/seldon/Documents/gitrepo/rm.cv.std.ros2_transplant/install/enemy_predictor/lib:/home/seldon/Documents/gitrepo/rm.cv.std.ros2_transplant/install/armor_detector/lib:/home/seldon/Documents/gitrepo/rm.cv.std.ros2_transplant/install/ros2addon/lib:/home/seldon/Documents/gitrepo/rm.cv.std.ros2_transplant/install/record/lib:/home/seldon/Documents/gitrepo/rm.cv.std.ros2_transplant/install/io_debug_v2/lib:/home/seldon/Documents/gitrepo/rm.cv.std.ros2_transplant/install/io_debug/lib:/home/seldon/Documents/gitrepo/rm.cv.std.ros2_transplant/install/file_io/lib:/home/seldon/Documents/gitrepo/rm.cv.std.ros2_transplant/install/fast_record/lib:/home/seldon/Documents/gitrepo/rm.cv.std.ros2_transplant/install/coreio/lib:/home/seldon/Documents/gitrepo/rm.cv.std.ros2_transplant/install/calib/lib:/usr/local/cuda/lib64:/opt/MVS/lib/64:/opt/MVS/lib/32:/usr/local/cuda/lib64:/usr/local/cuda/lib64:/opt/MVS/lib/64:/opt/MVS/lib/32:/opt/ros/humble/opt/rviz_ogre_vendor/lib:/opt/ros/humble/lib/x86_64-linux-gnu:/opt/ros/humble/lib:/usr/local/cuda/lib64:/opt/MVS/lib/64:/opt/MVS/lib/32:/opt/MVS/lib/64:/opt/MVS/lib/32 /usr/bin/cmake --install /home/seldon/Documents/gitrepo/rm.cv.std.ros2_transplant/build/ros2addon
