[ 50%] Built target serial
[ 71%] Built target minipc_comm
[ 85%] Built target io_debug_v2_node
[100%] Built target io_debug_v2
-- Install configuration: ""
-- Up-to-date: /home/seldon/Documents/gitrepo/rm.cv.std.ros2_transplant/install/io_debug_v2/lib/libio_debug_v2.so
-- Up-to-date: /home/seldon/Documents/gitrepo/rm.cv.std.ros2_transplant/install/io_debug_v2/lib/io_debug_v2/io_debug_v2_node
-- Up-to-date: /home/seldon/Documents/gitrepo/rm.cv.std.ros2_transplant/install/io_debug_v2/share/ament_index/resource_index/package_run_dependencies/io_debug_v2
-- Up-to-date: /home/seldon/Documents/gitrepo/rm.cv.std.ros2_transplant/install/io_debug_v2/share/ament_index/resource_index/parent_prefix_path/io_debug_v2
-- Up-to-date: /home/seldon/Documents/gitrepo/rm.cv.std.ros2_transplant/install/io_debug_v2/share/io_debug_v2/environment/ament_prefix_path.sh
-- Up-to-date: /home/seldon/Documents/gitrepo/rm.cv.std.ros2_transplant/install/io_debug_v2/share/io_debug_v2/environment/ament_prefix_path.dsv
-- Up-to-date: /home/seldon/Documents/gitrepo/rm.cv.std.ros2_transplant/install/io_debug_v2/share/io_debug_v2/environment/path.sh
-- Up-to-date: /home/seldon/Documents/gitrepo/rm.cv.std.ros2_transplant/install/io_debug_v2/share/io_debug_v2/environment/path.dsv
-- Up-to-date: /home/seldon/Documents/gitrepo/rm.cv.std.ros2_transplant/install/io_debug_v2/share/io_debug_v2/local_setup.bash
-- Up-to-date: /home/seldon/Documents/gitrepo/rm.cv.std.ros2_transplant/install/io_debug_v2/share/io_debug_v2/local_setup.sh
-- Up-to-date: /home/seldon/Documents/gitrepo/rm.cv.std.ros2_transplant/install/io_debug_v2/share/io_debug_v2/local_setup.zsh
-- Up-to-date: /home/seldon/Documents/gitrepo/rm.cv.std.ros2_transplant/install/io_debug_v2/share/io_debug_v2/local_setup.dsv
-- Installing: /home/seldon/Documents/gitrepo/rm.cv.std.ros2_transplant/install/io_debug_v2/share/io_debug_v2/package.dsv
-- Up-to-date: /home/seldon/Documents/gitrepo/rm.cv.std.ros2_transplant/install/io_debug_v2/share/ament_index/resource_index/packages/io_debug_v2
-- Up-to-date: /home/seldon/Documents/gitrepo/rm.cv.std.ros2_transplant/install/io_debug_v2/share/ament_index/resource_index/rclcpp_components/io_debug_v2
-- Up-to-date: /home/seldon/Documents/gitrepo/rm.cv.std.ros2_transplant/install/io_debug_v2/share/io_debug_v2/cmake/io_debug_v2Config.cmake
-- Up-to-date: /home/seldon/Documents/gitrepo/rm.cv.std.ros2_transplant/install/io_debug_v2/share/io_debug_v2/cmake/io_debug_v2Config-version.cmake
-- Up-to-date: /home/seldon/Documents/gitrepo/rm.cv.std.ros2_transplant/install/io_debug_v2/share/io_debug_v2/package.xml
-- Up-to-date: /home/seldon/Documents/gitrepo/rm.cv.std.ros2_transplant/install/io_debug_v2/lib/libserial.a
