[0.107s] Invoking command in '/home/seldon/Documents/gitrepo/rm.cv.std.ros2_transplant/build/sensor': CMAKE_PREFIX_PATH=${CMAKE_PREFIX_PATH}:/home/seldon/Documents/gitrepo/rm.cv.std.ros2_transplant/install/web_debugger:/opt/ros/humble /usr/bin/cmake --build /home/seldon/Documents/gitrepo/rm.cv.std.ros2_transplant/build/sensor -- -j20 -l20
[0.124s] [ 20%] Built target ExtImu
[0.126s] [ 60%] Built target serial_lib
[0.131s] [ 80%] Built target sensor_node
[0.140s] [100%] Built target sensor
[0.363s] Invoked command in '/home/seldon/Documents/gitrepo/rm.cv.std.ros2_transplant/build/sensor' returned '0': CMAKE_PREFIX_PATH=${CMAKE_PREFIX_PATH}:/home/seldon/Documents/gitrepo/rm.cv.std.ros2_transplant/install/web_debugger:/opt/ros/humble /usr/bin/cmake --build /home/seldon/Documents/gitrepo/rm.cv.std.ros2_transplant/build/sensor -- -j20 -l20
[0.386s] Invoking command in '/home/seldon/Documents/gitrepo/rm.cv.std.ros2_transplant/build/sensor': CMAKE_PREFIX_PATH=${CMAKE_PREFIX_PATH}:/home/seldon/Documents/gitrepo/rm.cv.std.ros2_transplant/install/web_debugger:/opt/ros/humble /usr/bin/cmake --install /home/seldon/Documents/gitrepo/rm.cv.std.ros2_transplant/build/sensor
[0.387s] -- Install configuration: ""
[0.387s] -- Up-to-date: /home/seldon/Documents/gitrepo/rm.cv.std.ros2_transplant/install/sensor/lib
[0.387s] -- Up-to-date: /home/seldon/Documents/gitrepo/rm.cv.std.ros2_transplant/install/sensor/lib/libFormatConversion.so
[0.387s] -- Up-to-date: /home/seldon/Documents/gitrepo/rm.cv.std.ros2_transplant/install/sensor/lib/libMediaProcess.so
[0.387s] -- Up-to-date: /home/seldon/Documents/gitrepo/rm.cv.std.ros2_transplant/install/sensor/lib/libMVRender.so
[0.388s] -- Up-to-date: /home/seldon/Documents/gitrepo/rm.cv.std.ros2_transplant/install/sensor/lib/libMvCameraControl.so
[0.388s] -- Up-to-date: /home/seldon/Documents/gitrepo/rm.cv.std.ros2_transplant/install/sensor/lib/libMvUsb3vTL.so
[0.388s] -- Up-to-date: /home/seldon/Documents/gitrepo/rm.cv.std.ros2_transplant/install/sensor/lib/sensor/sensor_node
[0.388s] -- Up-to-date: /home/seldon/Documents/gitrepo/rm.cv.std.ros2_transplant/install/sensor/share/sensor/environment/library_path.sh
[0.388s] -- Up-to-date: /home/seldon/Documents/gitrepo/rm.cv.std.ros2_transplant/install/sensor/share/sensor/environment/library_path.dsv
[0.388s] -- Up-to-date: /home/seldon/Documents/gitrepo/rm.cv.std.ros2_transplant/install/sensor/lib/libsensor.so
[0.388s] -- Up-to-date: /home/seldon/Documents/gitrepo/rm.cv.std.ros2_transplant/install/sensor/share/sensor/config
[0.388s] -- Up-to-date: /home/seldon/Documents/gitrepo/rm.cv.std.ros2_transplant/install/sensor/share/sensor/config/camera_info.yaml
[0.388s] -- Up-to-date: /home/seldon/Documents/gitrepo/rm.cv.std.ros2_transplant/install/sensor/share/sensor/config/MV-CA016-10UC_00K31937955.mfs
[0.388s] -- Up-to-date: /home/seldon/Documents/gitrepo/rm.cv.std.ros2_transplant/install/sensor/share/sensor/launch
[0.388s] -- Up-to-date: /home/seldon/Documents/gitrepo/rm.cv.std.ros2_transplant/install/sensor/share/sensor/launch/sensor.launch.py
[0.388s] -- Up-to-date: /home/seldon/Documents/gitrepo/rm.cv.std.ros2_transplant/install/sensor/share/ament_index/resource_index/package_run_dependencies/sensor
[0.388s] -- Up-to-date: /home/seldon/Documents/gitrepo/rm.cv.std.ros2_transplant/install/sensor/share/ament_index/resource_index/parent_prefix_path/sensor
[0.388s] -- Up-to-date: /home/seldon/Documents/gitrepo/rm.cv.std.ros2_transplant/install/sensor/share/sensor/environment/ament_prefix_path.sh
[0.388s] -- Up-to-date: /home/seldon/Documents/gitrepo/rm.cv.std.ros2_transplant/install/sensor/share/sensor/environment/ament_prefix_path.dsv
[0.388s] -- Up-to-date: /home/seldon/Documents/gitrepo/rm.cv.std.ros2_transplant/install/sensor/share/sensor/environment/path.sh
[0.388s] -- Up-to-date: /home/seldon/Documents/gitrepo/rm.cv.std.ros2_transplant/install/sensor/share/sensor/environment/path.dsv
[0.388s] -- Up-to-date: /home/seldon/Documents/gitrepo/rm.cv.std.ros2_transplant/install/sensor/share/sensor/local_setup.bash
[0.388s] -- Up-to-date: /home/seldon/Documents/gitrepo/rm.cv.std.ros2_transplant/install/sensor/share/sensor/local_setup.sh
[0.388s] -- Up-to-date: /home/seldon/Documents/gitrepo/rm.cv.std.ros2_transplant/install/sensor/share/sensor/local_setup.zsh
[0.388s] -- Up-to-date: /home/seldon/Documents/gitrepo/rm.cv.std.ros2_transplant/install/sensor/share/sensor/local_setup.dsv
[0.388s] -- Installing: /home/seldon/Documents/gitrepo/rm.cv.std.ros2_transplant/install/sensor/share/sensor/package.dsv
[0.388s] -- Up-to-date: /home/seldon/Documents/gitrepo/rm.cv.std.ros2_transplant/install/sensor/share/ament_index/resource_index/packages/sensor
[0.388s] -- Up-to-date: /home/seldon/Documents/gitrepo/rm.cv.std.ros2_transplant/install/sensor/share/ament_index/resource_index/rclcpp_components/sensor
[0.388s] -- Up-to-date: /home/seldon/Documents/gitrepo/rm.cv.std.ros2_transplant/install/sensor/share/sensor/cmake/ament_cmake_export_dependencies-extras.cmake
[0.388s] -- Up-to-date: /home/seldon/Documents/gitrepo/rm.cv.std.ros2_transplant/install/sensor/share/sensor/cmake/ament_cmake_export_libraries-extras.cmake
[0.388s] -- Up-to-date: /home/seldon/Documents/gitrepo/rm.cv.std.ros2_transplant/install/sensor/share/sensor/cmake/sensorConfig.cmake
[0.388s] -- Up-to-date: /home/seldon/Documents/gitrepo/rm.cv.std.ros2_transplant/install/sensor/share/sensor/cmake/sensorConfig-version.cmake
[0.388s] -- Up-to-date: /home/seldon/Documents/gitrepo/rm.cv.std.ros2_transplant/install/sensor/share/sensor/package.xml
[0.388s] -- Up-to-date: /home/seldon/Documents/gitrepo/rm.cv.std.ros2_transplant/install/sensor/lib/libExtImu.so
[0.388s] -- Up-to-date: /home/seldon/Documents/gitrepo/rm.cv.std.ros2_transplant/install/sensor/lib/libserial_lib.so
[0.485s] Invoked command in '/home/seldon/Documents/gitrepo/rm.cv.std.ros2_transplant/build/sensor' returned '0': CMAKE_PREFIX_PATH=${CMAKE_PREFIX_PATH}:/home/seldon/Documents/gitrepo/rm.cv.std.ros2_transplant/install/web_debugger:/opt/ros/humble /usr/bin/cmake --install /home/seldon/Documents/gitrepo/rm.cv.std.ros2_transplant/build/sensor
