[0.017s] Invoking command in '/home/seldon/Documents/gitrepo/rm.cv.std.ros2_transplant/build/aimer_base': CMAKE_PREFIX_PATH=${CMAKE_PREFIX_PATH}:/home/seldon/Documents/gitrepo/rm.cv.std.ros2_transplant/install/web_debugger:/opt/ros/humble /usr/bin/cmake --build /home/seldon/Documents/gitrepo/rm.cv.std.ros2_transplant/build/aimer_base -- -j20 -l20
[0.027s] -- Found ament_cmake_auto: 1.3.8 (/opt/ros/humble/share/ament_cmake_auto/cmake)
[0.097s] -- Found required Ceres dependency: Eigen version 3.4.0 in /usr/include/eigen3
[0.099s] -- Found required Ceres dependency: glog
[0.100s] -- Found required Ceres dependency: gflags
[0.100s] -- Found Ceres version: 2.0.0 installed in: /usr with components: [EigenSparse, SparseLinearAlgebraLibrary, LAPACK, SuiteSparse, CXSparse, SchurSpecializations, Multithreading]
[0.152s] -- Configuring done
[0.156s] -- Generating done
[0.156s] -- Build files have been written to: /home/seldon/Documents/gitrepo/rm.cv.std.ros2_transplant/build/aimer_base
[0.172s] [ 50%] [32mBuilding CXX object CMakeFiles/aimer_base.dir/src/math.cpp.o[0m
[2.080s] [100%] [32m[1mLinking CXX shared library libaimer_base.so[0m
[2.229s] [100%] Built target aimer_base
[2.234s] Invoked command in '/home/seldon/Documents/gitrepo/rm.cv.std.ros2_transplant/build/aimer_base' returned '0': CMAKE_PREFIX_PATH=${CMAKE_PREFIX_PATH}:/home/seldon/Documents/gitrepo/rm.cv.std.ros2_transplant/install/web_debugger:/opt/ros/humble /usr/bin/cmake --build /home/seldon/Documents/gitrepo/rm.cv.std.ros2_transplant/build/aimer_base -- -j20 -l20
[2.248s] Invoking command in '/home/seldon/Documents/gitrepo/rm.cv.std.ros2_transplant/build/aimer_base': CMAKE_PREFIX_PATH=${CMAKE_PREFIX_PATH}:/home/seldon/Documents/gitrepo/rm.cv.std.ros2_transplant/install/web_debugger:/opt/ros/humble /usr/bin/cmake --install /home/seldon/Documents/gitrepo/rm.cv.std.ros2_transplant/build/aimer_base
[2.250s] -- Install configuration: ""
[2.250s] -- Up-to-date: /home/seldon/Documents/gitrepo/rm.cv.std.ros2_transplant/install/aimer_base/include
[2.250s] -- Up-to-date: /home/seldon/Documents/gitrepo/rm.cv.std.ros2_transplant/install/aimer_base/include/math
[2.250s] -- Up-to-date: /home/seldon/Documents/gitrepo/rm.cv.std.ros2_transplant/install/aimer_base/include/math/math.hpp
[2.250s] -- Up-to-date: /home/seldon/Documents/gitrepo/rm.cv.std.ros2_transplant/install/aimer_base/include/math/filter
[2.250s] -- Up-to-date: /home/seldon/Documents/gitrepo/rm.cv.std.ros2_transplant/install/aimer_base/include/math/filter/adaptive_ekf.hpp
[2.250s] -- Up-to-date: /home/seldon/Documents/gitrepo/rm.cv.std.ros2_transplant/install/aimer_base/include/math/filter/filter.hpp
[2.250s] -- Up-to-date: /home/seldon/Documents/gitrepo/rm.cv.std.ros2_transplant/install/aimer_base/include/math/filter/kalman.hpp
[2.250s] -- Up-to-date: /home/seldon/Documents/gitrepo/rm.cv.std.ros2_transplant/install/aimer_base/include/defs.hpp
[2.251s] -- Up-to-date: /home/seldon/Documents/gitrepo/rm.cv.std.ros2_transplant/install/aimer_base/include/robot.hpp
[2.251s] -- Up-to-date: /home/seldon/Documents/gitrepo/rm.cv.std.ros2_transplant/install/aimer_base/include/armor_defs.hpp
[2.251s] -- Up-to-date: /home/seldon/Documents/gitrepo/rm.cv.std.ros2_transplant/install/aimer_base/share/aimer_base/environment/library_path.sh
[2.251s] -- Installing: /home/seldon/Documents/gitrepo/rm.cv.std.ros2_transplant/install/aimer_base/share/aimer_base/environment/library_path.dsv
[2.251s] -- Installing: /home/seldon/Documents/gitrepo/rm.cv.std.ros2_transplant/install/aimer_base/lib/libaimer_base.so
[2.251s] -- Set runtime path of "/home/seldon/Documents/gitrepo/rm.cv.std.ros2_transplant/install/aimer_base/lib/libaimer_base.so" to ""
[2.251s] -- Up-to-date: /home/seldon/Documents/gitrepo/rm.cv.std.ros2_transplant/install/aimer_base/share/ament_index/resource_index/package_run_dependencies/aimer_base
[2.251s] -- Installing: /home/seldon/Documents/gitrepo/rm.cv.std.ros2_transplant/install/aimer_base/share/ament_index/resource_index/parent_prefix_path/aimer_base
[2.251s] -- Up-to-date: /home/seldon/Documents/gitrepo/rm.cv.std.ros2_transplant/install/aimer_base/share/aimer_base/environment/ament_prefix_path.sh
[2.251s] -- Installing: /home/seldon/Documents/gitrepo/rm.cv.std.ros2_transplant/install/aimer_base/share/aimer_base/environment/ament_prefix_path.dsv
[2.251s] -- Up-to-date: /home/seldon/Documents/gitrepo/rm.cv.std.ros2_transplant/install/aimer_base/share/aimer_base/environment/path.sh
[2.252s] -- Installing: /home/seldon/Documents/gitrepo/rm.cv.std.ros2_transplant/install/aimer_base/share/aimer_base/environment/path.dsv
[2.252s] -- Up-to-date: /home/seldon/Documents/gitrepo/rm.cv.std.ros2_transplant/install/aimer_base/share/aimer_base/local_setup.bash
[2.252s] -- Up-to-date: /home/seldon/Documents/gitrepo/rm.cv.std.ros2_transplant/install/aimer_base/share/aimer_base/local_setup.sh
[2.252s] -- Up-to-date: /home/seldon/Documents/gitrepo/rm.cv.std.ros2_transplant/install/aimer_base/share/aimer_base/local_setup.zsh
[2.252s] -- Installing: /home/seldon/Documents/gitrepo/rm.cv.std.ros2_transplant/install/aimer_base/share/aimer_base/local_setup.dsv
[2.252s] -- Installing: /home/seldon/Documents/gitrepo/rm.cv.std.ros2_transplant/install/aimer_base/share/aimer_base/package.dsv
[2.252s] -- Up-to-date: /home/seldon/Documents/gitrepo/rm.cv.std.ros2_transplant/install/aimer_base/share/ament_index/resource_index/packages/aimer_base
[2.253s] -- Up-to-date: /home/seldon/Documents/gitrepo/rm.cv.std.ros2_transplant/install/aimer_base/share/aimer_base/cmake/ament_cmake_export_include_directories-extras.cmake
[2.253s] -- Up-to-date: /home/seldon/Documents/gitrepo/rm.cv.std.ros2_transplant/install/aimer_base/share/aimer_base/cmake/ament_cmake_export_libraries-extras.cmake
[2.253s] -- Up-to-date: /home/seldon/Documents/gitrepo/rm.cv.std.ros2_transplant/install/aimer_base/share/aimer_base/cmake/aimer_baseConfig.cmake
[2.253s] -- Up-to-date: /home/seldon/Documents/gitrepo/rm.cv.std.ros2_transplant/install/aimer_base/share/aimer_base/cmake/aimer_baseConfig-version.cmake
[2.253s] -- Up-to-date: /home/seldon/Documents/gitrepo/rm.cv.std.ros2_transplant/install/aimer_base/share/aimer_base/package.xml
[2.254s] Invoked command in '/home/seldon/Documents/gitrepo/rm.cv.std.ros2_transplant/build/aimer_base' returned '0': CMAKE_PREFIX_PATH=${CMAKE_PREFIX_PATH}:/home/seldon/Documents/gitrepo/rm.cv.std.ros2_transplant/install/web_debugger:/opt/ros/humble /usr/bin/cmake --install /home/seldon/Documents/gitrepo/rm.cv.std.ros2_transplant/build/aimer_base
