-- Found ament_cmake: 1.3.8 (/opt/ros/humble/share/ament_cmake/cmake)
-- Found rclcpp: 16.0.8 (/opt/ros/humble/share/rclcpp/cmake)
-- Found rosidl_generator_c: 3.1.5 (/opt/ros/humble/share/rosidl_generator_c/cmake)
-- Found rosidl_adapter: 3.1.5 (/opt/ros/humble/share/rosidl_adapter/cmake)
-- Found rosidl_generator_cpp: 3.1.5 (/opt/ros/humble/share/rosidl_generator_cpp/cmake)
-- Using all available rosidl_typesupport_c: rosidl_typesupport_fastrtps_c;rosidl_typesupport_introspection_c
-- Using all available rosidl_typesupport_cpp: rosidl_typesupport_fastrtps_cpp;rosidl_typesupport_introspection_cpp
-- Found rmw_implementation_cmake: 6.1.1 (/opt/ros/humble/share/rmw_implementation_cmake/cmake)
-- Found rmw_fastrtps_cpp: 6.2.6 (/opt/ros/humble/share/rmw_fastrtps_cpp/cmake)
-- Using RMW implementation 'rmw_fastrtps_cpp' as default
-- Found my_interfaces: 0.0.0 (/home/seldon/Documents/gitrepo/rm.cv.std.ros2_transplant/install/my_interfaces/share/my_interfaces/cmake)
-- Found rclcpp_components: 16.0.8 (/opt/ros/humble/share/rclcpp_components/cmake)
-- Found ament_lint_auto: 0.12.10 (/opt/ros/humble/share/ament_lint_auto/cmake)
-- Added test 'cppcheck' to perform static code analysis on C / C++ code
-- Configured cppcheck include dirs: $<BUILD_INTERFACE:/home/seldon/Documents/gitrepo/rm.cv.std.ros2_transplant/src/io_debug/>
-- Configured cppcheck exclude dirs and/or files: 
-- Added test 'lint_cmake' to check CMake code style
-- Added test 'uncrustify' to check C / C++ code style
-- Configured uncrustify additional arguments: 
-- Added test 'xmllint' to check XML markup files
-- Configuring done
-- Generating done
-- Build files have been written to: /home/seldon/Documents/gitrepo/rm.cv.std.ros2_transplant/build/io_debug
[ 10%] [32mBuilding CXX object minipc_comm/serial_comm/CMakeFiles/serial_comm.dir/src/connect.cpp.o[0m
[ 10%] [32mBuilding CXX object serial/CMakeFiles/serial.dir/src/serial.cc.o[0m
[ 15%] [32mBuilding CXX object serial/CMakeFiles/serial.dir/src/impl/unix.cc.o[0m
[ 21%] [32mBuilding CXX object minipc_comm/serial_comm/CMakeFiles/serial_comm.dir/src/crc.cpp.o[0m
[ 26%] [32mBuilding CXX object CMakeFiles/io_debug_node.dir/rclcpp_components/node_main_io_debug_node.cpp.o[0m
[ 36%] [32mBuilding CXX object serial/CMakeFiles/serial.dir/src/impl/list_ports/list_ports_linux.cc.o[0m
[ 36%] [32mBuilding CXX object CMakeFiles/coreio_node.dir/rclcpp_components/node_main_coreio_node.cpp.o[0m
[ 42%] [32mBuilding CXX object minipc_comm/serial_comm/CMakeFiles/serial_comm.dir/src/fifo_buffer.cpp.o[0m
[ 47%] [32m[1mLinking CXX static library libserial_comm.a[0m
[ 47%] Built target serial_comm
[ 52%] [32mBuilding CXX object minipc_comm/CMakeFiles/minipc_comm.dir/minipc_comm.cpp.o[0m
[ 57%] [32mBuilding CXX object minipc_comm/CMakeFiles/minipc_comm.dir/robot_comm_middleware.cpp.o[0m
[ 63%] [32m[1mLinking CXX static library libserial.a[0m
[ 63%] Built target serial
[ 68%] [32m[1mLinking CXX static library libminipc_comm.a[0m
[ 68%] Built target minipc_comm
[ 73%] [32mBuilding CXX object CMakeFiles/io_debug.dir/src/io_debug.cpp.o[0m
[ 78%] [32mBuilding CXX object CMakeFiles/coreio.dir/src/coreio.cpp.o[0m
[ 84%] [32m[1mLinking CXX executable io_debug_node[0m
[ 89%] [32m[1mLinking CXX executable coreio_node[0m
[ 89%] Built target io_debug_node
[ 89%] Built target coreio_node
[ 94%] [32m[1mLinking CXX shared library libio_debug.so[0m
[100%] [32m[1mLinking CXX shared library libcoreio.so[0m
[100%] Built target io_debug
[100%] Built target coreio
-- Install configuration: ""
-- Installing: /home/seldon/Documents/gitrepo/rm.cv.std.ros2_transplant/install/io_debug/lib/libio_debug.so
-- Set runtime path of "/home/seldon/Documents/gitrepo/rm.cv.std.ros2_transplant/install/io_debug/lib/libio_debug.so" to ""
-- Installing: /home/seldon/Documents/gitrepo/rm.cv.std.ros2_transplant/install/io_debug/lib/libcoreio.so
-- Set runtime path of "/home/seldon/Documents/gitrepo/rm.cv.std.ros2_transplant/install/io_debug/lib/libcoreio.so" to ""
-- Installing: /home/seldon/Documents/gitrepo/rm.cv.std.ros2_transplant/install/io_debug/lib/io_debug/io_debug_node
-- Set runtime path of "/home/seldon/Documents/gitrepo/rm.cv.std.ros2_transplant/install/io_debug/lib/io_debug/io_debug_node" to ""
-- Installing: /home/seldon/Documents/gitrepo/rm.cv.std.ros2_transplant/install/io_debug/lib/io_debug/coreio_node
-- Set runtime path of "/home/seldon/Documents/gitrepo/rm.cv.std.ros2_transplant/install/io_debug/lib/io_debug/coreio_node" to ""
-- Installing: /home/seldon/Documents/gitrepo/rm.cv.std.ros2_transplant/install/io_debug/share/ament_index/resource_index/package_run_dependencies/io_debug
-- Installing: /home/seldon/Documents/gitrepo/rm.cv.std.ros2_transplant/install/io_debug/share/ament_index/resource_index/parent_prefix_path/io_debug
-- Installing: /home/seldon/Documents/gitrepo/rm.cv.std.ros2_transplant/install/io_debug/share/io_debug/environment/ament_prefix_path.sh
-- Installing: /home/seldon/Documents/gitrepo/rm.cv.std.ros2_transplant/install/io_debug/share/io_debug/environment/ament_prefix_path.dsv
-- Installing: /home/seldon/Documents/gitrepo/rm.cv.std.ros2_transplant/install/io_debug/share/io_debug/environment/path.sh
-- Installing: /home/seldon/Documents/gitrepo/rm.cv.std.ros2_transplant/install/io_debug/share/io_debug/environment/path.dsv
-- Installing: /home/seldon/Documents/gitrepo/rm.cv.std.ros2_transplant/install/io_debug/share/io_debug/local_setup.bash
-- Installing: /home/seldon/Documents/gitrepo/rm.cv.std.ros2_transplant/install/io_debug/share/io_debug/local_setup.sh
-- Installing: /home/seldon/Documents/gitrepo/rm.cv.std.ros2_transplant/install/io_debug/share/io_debug/local_setup.zsh
-- Installing: /home/seldon/Documents/gitrepo/rm.cv.std.ros2_transplant/install/io_debug/share/io_debug/local_setup.dsv
-- Installing: /home/seldon/Documents/gitrepo/rm.cv.std.ros2_transplant/install/io_debug/share/io_debug/package.dsv
-- Installing: /home/seldon/Documents/gitrepo/rm.cv.std.ros2_transplant/install/io_debug/share/ament_index/resource_index/packages/io_debug
-- Installing: /home/seldon/Documents/gitrepo/rm.cv.std.ros2_transplant/install/io_debug/share/ament_index/resource_index/rclcpp_components/io_debug
-- Installing: /home/seldon/Documents/gitrepo/rm.cv.std.ros2_transplant/install/io_debug/share/io_debug/cmake/io_debugConfig.cmake
-- Installing: /home/seldon/Documents/gitrepo/rm.cv.std.ros2_transplant/install/io_debug/share/io_debug/cmake/io_debugConfig-version.cmake
-- Installing: /home/seldon/Documents/gitrepo/rm.cv.std.ros2_transplant/install/io_debug/share/io_debug/package.xml
-- Installing: /home/seldon/Documents/gitrepo/rm.cv.std.ros2_transplant/install/io_debug/lib/libserial.a
