running egg_info
creating ../../build/web_debugger/web_debugger.egg-info
writing ../../build/web_debugger/web_debugger.egg-info/PKG-INFO
writing dependency_links to ../../build/web_debugger/web_debugger.egg-info/dependency_links.txt
writing entry points to ../../build/web_debugger/web_debugger.egg-info/entry_points.txt
writing requirements to ../../build/web_debugger/web_debugger.egg-info/requires.txt
writing top-level names to ../../build/web_debugger/web_debugger.egg-info/top_level.txt
writing manifest file '../../build/web_debugger/web_debugger.egg-info/SOURCES.txt'
reading manifest file '../../build/web_debugger/web_debugger.egg-info/SOURCES.txt'
adding license file 'LICENSE'
writing manifest file '../../build/web_debugger/web_debugger.egg-info/SOURCES.txt'
running build
running build_py
creating /home/seldon/Documents/gitrepo/rm.cv.std.ros2_transplant/build/web_debugger/build
creating /home/seldon/Documents/gitrepo/rm.cv.std.ros2_transplant/build/web_debugger/build/lib
creating /home/seldon/Documents/gitrepo/rm.cv.std.ros2_transplant/build/web_debugger/build/lib/web_debugger
copying web_debugger/web_debugger.py -> /home/seldon/Documents/gitrepo/rm.cv.std.ros2_transplant/build/web_debugger/build/lib/web_debugger
copying web_debugger/__init__.py -> /home/seldon/Documents/gitrepo/rm.cv.std.ros2_transplant/build/web_debugger/build/lib/web_debugger
running install
running install_lib
creating /home/seldon/Documents/gitrepo/rm.cv.std.ros2_transplant/install/web_debugger/lib/python3.10/site-packages/web_debugger
copying /home/seldon/Documents/gitrepo/rm.cv.std.ros2_transplant/build/web_debugger/build/lib/web_debugger/web_debugger.py -> /home/seldon/Documents/gitrepo/rm.cv.std.ros2_transplant/install/web_debugger/lib/python3.10/site-packages/web_debugger
copying /home/seldon/Documents/gitrepo/rm.cv.std.ros2_transplant/build/web_debugger/build/lib/web_debugger/__init__.py -> /home/seldon/Documents/gitrepo/rm.cv.std.ros2_transplant/install/web_debugger/lib/python3.10/site-packages/web_debugger
byte-compiling /home/seldon/Documents/gitrepo/rm.cv.std.ros2_transplant/install/web_debugger/lib/python3.10/site-packages/web_debugger/web_debugger.py to web_debugger.cpython-310.pyc
byte-compiling /home/seldon/Documents/gitrepo/rm.cv.std.ros2_transplant/install/web_debugger/lib/python3.10/site-packages/web_debugger/__init__.py to __init__.cpython-310.pyc
running install_data
creating /home/seldon/Documents/gitrepo/rm.cv.std.ros2_transplant/install/web_debugger/share/ament_index
creating /home/seldon/Documents/gitrepo/rm.cv.std.ros2_transplant/install/web_debugger/share/ament_index/resource_index
creating /home/seldon/Documents/gitrepo/rm.cv.std.ros2_transplant/install/web_debugger/share/ament_index/resource_index/packages
copying resource/web_debugger -> /home/seldon/Documents/gitrepo/rm.cv.std.ros2_transplant/install/web_debugger/share/ament_index/resource_index/packages
copying package.xml -> /home/seldon/Documents/gitrepo/rm.cv.std.ros2_transplant/install/web_debugger/share/web_debugger
running install_egg_info
Copying ../../build/web_debugger/web_debugger.egg-info to /home/seldon/Documents/gitrepo/rm.cv.std.ros2_transplant/install/web_debugger/lib/python3.10/site-packages/web_debugger-0.0.0-py3.10.egg-info
running install_scripts
Installing web_debugger script to /home/seldon/Documents/gitrepo/rm.cv.std.ros2_transplant/install/web_debugger/lib/web_debugger
writing list of installed files to '/home/seldon/Documents/gitrepo/rm.cv.std.ros2_transplant/build/web_debugger/install.log'
