[0.115s] Invoking command in '/home/seldon/Documents/gitrepo/rm.cv.std.ros2_transplant/build/armor_detector': AMENT_PREFIX_PATH=/home/seldon/Documents/gitrepo/rm.cv.std.ros2_transplant/install/ros2addon:/home/seldon/Documents/gitrepo/rm.cv.std.ros2_transplant/install/my_interfaces:/home/seldon/Documents/gitrepo/rm.cv.std.ros2_transplant/install/aimer_base:${AMENT_PREFIX_PATH} CMAKE_PREFIX_PATH=/home/seldon/Documents/gitrepo/rm.cv.std.ros2_transplant/install/ros2addon:/home/seldon/Documents/gitrepo/rm.cv.std.ros2_transplant/install/my_interfaces:/home/seldon/Documents/gitrepo/rm.cv.std.ros2_transplant/install/aimer_base:/opt/ros/humble LD_LIBRARY_PATH=/home/seldon/Documents/gitrepo/rm.cv.std.ros2_transplant/install/ros2addon/lib:/home/seldon/Documents/gitrepo/rm.cv.std.ros2_transplant/install/my_interfaces/lib:/home/seldon/Documents/gitrepo/rm.cv.std.ros2_transplant/install/aimer_base/lib:/usr/local/cuda/lib64:/opt/MVS/lib/64:/opt/MVS/lib/32:/usr/local/cuda/lib64:/usr/local/cuda/lib64:/opt/MVS/lib/64:/opt/MVS/lib/32:/opt/ros/humble/opt/rviz_ogre_vendor/lib:/opt/ros/humble/lib/x86_64-linux-gnu:/opt/ros/humble/lib:/usr/local/cuda/lib64:/opt/MVS/lib/64:/opt/MVS/lib/32:/opt/MVS/lib/64:/opt/MVS/lib/32 PYTHONPATH=/home/seldon/Documents/gitrepo/rm.cv.std.ros2_transplant/install/my_interfaces/local/lib/python3.10/dist-packages:${PYTHONPATH} /usr/bin/cmake /home/seldon/Documents/gitrepo/rm.cv.std.ros2_transplant/src/autoaim/armor_detector_node -DCMAKE_INSTALL_PREFIX=/home/seldon/Documents/gitrepo/rm.cv.std.ros2_transplant/install/armor_detector
[0.164s] -- The C compiler identification is GNU 11.4.0
[0.212s] -- The CXX compiler identification is GNU 11.4.0
[0.222s] -- Detecting C compiler ABI info
[0.262s] -- Detecting C compiler ABI info - done
[0.272s] -- Check for working C compiler: /usr/bin/cc - skipped
[0.272s] -- Detecting C compile features
[0.273s] -- Detecting C compile features - done
[0.277s] -- Detecting CXX compiler ABI info
[0.324s] -- Detecting CXX compiler ABI info - done
[0.334s] -- Check for working CXX compiler: /usr/bin/c++ - skipped
[0.334s] -- Detecting CXX compile features
[0.335s] -- Detecting CXX compile features - done
[0.336s] -- Found ament_cmake_auto: 1.3.8 (/opt/ros/humble/share/ament_cmake_auto/cmake)
[0.467s] -- Found Python3: /usr/bin/python3 (found version "3.10.12") found components: Interpreter 
[0.657s] -- Found rosidl_generator_c: 3.1.5 (/opt/ros/humble/share/rosidl_generator_c/cmake)
[0.662s] -- Found rosidl_adapter: 3.1.5 (/opt/ros/humble/share/rosidl_adapter/cmake)
[0.672s] -- Found rosidl_generator_cpp: 3.1.5 (/opt/ros/humble/share/rosidl_generator_cpp/cmake)
[0.688s] -- Using all available rosidl_typesupport_c: rosidl_typesupport_fastrtps_c;rosidl_typesupport_introspection_c
[0.710s] -- Using all available rosidl_typesupport_cpp: rosidl_typesupport_fastrtps_cpp;rosidl_typesupport_introspection_cpp
[0.792s] -- Found rmw_implementation_cmake: 6.1.1 (/opt/ros/humble/share/rmw_implementation_cmake/cmake)
[0.795s] -- Found rmw_fastrtps_cpp: 6.2.6 (/opt/ros/humble/share/rmw_fastrtps_cpp/cmake)
[0.881s] -- Found OpenSSL: /usr/lib/x86_64-linux-gnu/libcrypto.so (found version "3.0.2")  
[0.910s] -- Found FastRTPS: /opt/ros/humble/include  
[0.944s] -- Using RMW implementation 'rmw_fastrtps_cpp' as default
[0.952s] -- Performing Test CMAKE_HAVE_LIBC_PTHREAD
[0.993s] -- Performing Test CMAKE_HAVE_LIBC_PTHREAD - Success
[0.995s] -- Found Threads: TRUE  
[1.464s] -- Found image_transport: 3.1.8 (/opt/ros/humble/share/image_transport/cmake)
[1.496s] -- Found camera_info_manager: 3.1.8 (/opt/ros/humble/share/camera_info_manager/cmake)
[1.554s] -- Found CUDA: /usr/local/cuda (found version "12.1") 
[1.656s] -- Found TensorRT: /usr/include/x86_64-linux-gnu;/usr/src/tensorrt/samples/common;/usr/local/cuda/include  
[1.657s] -- Found OpenCV: /usr/local (found suitable version "4.7.0", minimum required is "4") 
[1.666s] -- Configuring done
[1.688s] -- Generating done
[1.690s] -- Build files have been written to: /home/seldon/Documents/gitrepo/rm.cv.std.ros2_transplant/build/armor_detector
[1.700s] Invoked command in '/home/seldon/Documents/gitrepo/rm.cv.std.ros2_transplant/build/armor_detector' returned '0': AMENT_PREFIX_PATH=/home/seldon/Documents/gitrepo/rm.cv.std.ros2_transplant/install/ros2addon:/home/seldon/Documents/gitrepo/rm.cv.std.ros2_transplant/install/my_interfaces:/home/seldon/Documents/gitrepo/rm.cv.std.ros2_transplant/install/aimer_base:${AMENT_PREFIX_PATH} CMAKE_PREFIX_PATH=/home/seldon/Documents/gitrepo/rm.cv.std.ros2_transplant/install/ros2addon:/home/seldon/Documents/gitrepo/rm.cv.std.ros2_transplant/install/my_interfaces:/home/seldon/Documents/gitrepo/rm.cv.std.ros2_transplant/install/aimer_base:/opt/ros/humble LD_LIBRARY_PATH=/home/seldon/Documents/gitrepo/rm.cv.std.ros2_transplant/install/ros2addon/lib:/home/seldon/Documents/gitrepo/rm.cv.std.ros2_transplant/install/my_interfaces/lib:/home/seldon/Documents/gitrepo/rm.cv.std.ros2_transplant/install/aimer_base/lib:/usr/local/cuda/lib64:/opt/MVS/lib/64:/opt/MVS/lib/32:/usr/local/cuda/lib64:/usr/local/cuda/lib64:/opt/MVS/lib/64:/opt/MVS/lib/32:/opt/ros/humble/opt/rviz_ogre_vendor/lib:/opt/ros/humble/lib/x86_64-linux-gnu:/opt/ros/humble/lib:/usr/local/cuda/lib64:/opt/MVS/lib/64:/opt/MVS/lib/32:/opt/MVS/lib/64:/opt/MVS/lib/32 PYTHONPATH=/home/seldon/Documents/gitrepo/rm.cv.std.ros2_transplant/install/my_interfaces/local/lib/python3.10/dist-packages:${PYTHONPATH} /usr/bin/cmake /home/seldon/Documents/gitrepo/rm.cv.std.ros2_transplant/src/autoaim/armor_detector_node -DCMAKE_INSTALL_PREFIX=/home/seldon/Documents/gitrepo/rm.cv.std.ros2_transplant/install/armor_detector
[1.700s] Invoking command in '/home/seldon/Documents/gitrepo/rm.cv.std.ros2_transplant/build/armor_detector': AMENT_PREFIX_PATH=/home/seldon/Documents/gitrepo/rm.cv.std.ros2_transplant/install/ros2addon:/home/seldon/Documents/gitrepo/rm.cv.std.ros2_transplant/install/my_interfaces:/home/seldon/Documents/gitrepo/rm.cv.std.ros2_transplant/install/aimer_base:${AMENT_PREFIX_PATH} CMAKE_PREFIX_PATH=/home/seldon/Documents/gitrepo/rm.cv.std.ros2_transplant/install/ros2addon:/home/seldon/Documents/gitrepo/rm.cv.std.ros2_transplant/install/my_interfaces:/home/seldon/Documents/gitrepo/rm.cv.std.ros2_transplant/install/aimer_base:/opt/ros/humble LD_LIBRARY_PATH=/home/seldon/Documents/gitrepo/rm.cv.std.ros2_transplant/install/ros2addon/lib:/home/seldon/Documents/gitrepo/rm.cv.std.ros2_transplant/install/my_interfaces/lib:/home/seldon/Documents/gitrepo/rm.cv.std.ros2_transplant/install/aimer_base/lib:/usr/local/cuda/lib64:/opt/MVS/lib/64:/opt/MVS/lib/32:/usr/local/cuda/lib64:/usr/local/cuda/lib64:/opt/MVS/lib/64:/opt/MVS/lib/32:/opt/ros/humble/opt/rviz_ogre_vendor/lib:/opt/ros/humble/lib/x86_64-linux-gnu:/opt/ros/humble/lib:/usr/local/cuda/lib64:/opt/MVS/lib/64:/opt/MVS/lib/32:/opt/MVS/lib/64:/opt/MVS/lib/32 PYTHONPATH=/home/seldon/Documents/gitrepo/rm.cv.std.ros2_transplant/install/my_interfaces/local/lib/python3.10/dist-packages:${PYTHONPATH} /usr/bin/cmake --build /home/seldon/Documents/gitrepo/rm.cv.std.ros2_transplant/build/armor_detector -- -j20 -l20
[1.718s] [ 14%] [32mBuilding CXX object detector_cuda/CMakeFiles/detector_cuda.dir/TRTModule.cpp.o[0m
[1.719s] [ 28%] [32mBuilding CXX object detector_cuda/CMakeFiles/detector_cuda.dir/usr/src/tensorrt/samples/common/logger.cpp.o[0m
[1.719s] [ 42%] [32mBuilding CXX object CMakeFiles/armor_detector_node.dir/rclcpp_components/node_main_armor_detector_node.cpp.o[0m
[5.563s] [ 57%] [32m[1mLinking CXX static library libdetector_cuda.a[0m
[5.654s] [ 57%] Built target detector_cuda
[5.669s] [ 71%] [32mBuilding CXX object CMakeFiles/armor_detector.dir/src/armor_detector_node.cpp.o[0m
[6.087s] [ 85%] [32m[1mLinking CXX executable armor_detector_node[0m
[6.917s] [ 85%] Built target armor_detector_node
[9.539s] In file included from [01m[K/opt/ros/humble/include/rclcpp/rclcpp/logging.hpp:24[m[K,
[9.539s]                  from [01m[K/opt/ros/humble/include/rclcpp/rclcpp/client.hpp:40[m[K,
[9.539s]                  from [01m[K/opt/ros/humble/include/rclcpp/rclcpp/callback_group.hpp:24[m[K,
[9.539s]                  from [01m[K/opt/ros/humble/include/rclcpp/rclcpp/node.hpp:40[m[K,
[9.539s]                  from [01m[K/opt/ros/humble/include/camera_info_manager/camera_info_manager/camera_info_manager.hpp:45[m[K,
[9.539s]                  from [01m[K/home/seldon/Documents/gitrepo/rm.cv.std.ros2_transplant/src/autoaim/armor_detector_node/src/armor_detector_node.hpp:13[m[K,
[9.539s]                  from [01m[K/home/seldon/Documents/gitrepo/rm.cv.std.ros2_transplant/src/autoaim/armor_detector_node/src/armor_detector_node.cpp:1[m[K:
[9.540s] [01m[K/home/seldon/Documents/gitrepo/rm.cv.std.ros2_transplant/src/autoaim/armor_detector_node/src/armor_detector_node.cpp:[m[K In member function ‘[01m[Kvoid detector::DetectorNode::run_detector_once()[m[K’:
[9.540s] [01m[K/home/seldon/Documents/gitrepo/rm.cv.std.ros2_transplant/src/autoaim/armor_detector_node/src/armor_detector_node.cpp:101:41:[m[K [01;35m[Kwarning: [m[Kformat ‘[01m[K%d[m[K’ expects argument of type ‘[01m[Kint[m[K’, but argument 6 has type ‘[01m[Kstd::vector<my_interfaces::msg::DetectedArmor_<std::allocator<void> >, std::allocator<my_interfaces::msg::DetectedArmor_<std::allocator<void> > > >::size_type[m[K’ {aka ‘[01m[Klong unsigned int[m[K’} [[01;35m[K]8;;https://gcc.gnu.org/onlinedocs/gcc/Warning-Options.html#index-Wformat=-Wformat=]8;;[m[K]
[9.540s]   101 |         RCLCPP_INFO(this->get_logger(), [01;35m[K"detect frame successfully! fps: %d, armor num: %d"[m[K,fps,[32m[Kdetected_armor_.size()[m[K);
[9.540s]       |                                         [01;35m[K^~~~~~~~~~~~~~~~~~~~~~~~~~~~~~~~~~~~~~~~~~~~~~~~~~~[m[K     [32m[K~~~~~~~~~~~~~~~~~~~~~~[m[K
[9.540s]       |                                                                                                                     [32m[K|[m[K
[9.540s]       |                                                                                                                     [32m[Kstd::vector<my_interfaces::msg::DetectedArmor_<std::allocator<void> >, std::allocator<my_interfaces::msg::DetectedArmor_<std::allocator<void> > > >::size_type {aka long unsigned int}[m[K
[9.540s] [01m[K/home/seldon/Documents/gitrepo/rm.cv.std.ros2_transplant/src/autoaim/armor_detector_node/src/armor_detector_node.cpp:101:90:[m[K [01;36m[Knote: [m[Kformat string is defined here
[9.540s]   101 |         RCLCPP_INFO(this->get_logger(), "detect frame successfully! fps: %d, armor num: [01;36m[K%d[m[K",fps,detected_armor_.size());
[9.540s]       |                                                                                         [01;36m[K~^[m[K
[9.540s]       |                                                                                          [01;36m[K|[m[K
[9.540s]       |                                                                                          [01;36m[Kint[m[K
[9.541s]       |                                                                                         [32m[K%ld[m[K
[14.159s] [100%] [32m[1mLinking CXX shared library libarmor_detector.so[0m
[14.605s] lto-wrapper: warning: using serial compilation of 8 LTRANS jobs
[19.532s] [100%] Built target armor_detector
[19.536s] Invoked command in '/home/seldon/Documents/gitrepo/rm.cv.std.ros2_transplant/build/armor_detector' returned '0': AMENT_PREFIX_PATH=/home/seldon/Documents/gitrepo/rm.cv.std.ros2_transplant/install/ros2addon:/home/seldon/Documents/gitrepo/rm.cv.std.ros2_transplant/install/my_interfaces:/home/seldon/Documents/gitrepo/rm.cv.std.ros2_transplant/install/aimer_base:${AMENT_PREFIX_PATH} CMAKE_PREFIX_PATH=/home/seldon/Documents/gitrepo/rm.cv.std.ros2_transplant/install/ros2addon:/home/seldon/Documents/gitrepo/rm.cv.std.ros2_transplant/install/my_interfaces:/home/seldon/Documents/gitrepo/rm.cv.std.ros2_transplant/install/aimer_base:/opt/ros/humble LD_LIBRARY_PATH=/home/seldon/Documents/gitrepo/rm.cv.std.ros2_transplant/install/ros2addon/lib:/home/seldon/Documents/gitrepo/rm.cv.std.ros2_transplant/install/my_interfaces/lib:/home/seldon/Documents/gitrepo/rm.cv.std.ros2_transplant/install/aimer_base/lib:/usr/local/cuda/lib64:/opt/MVS/lib/64:/opt/MVS/lib/32:/usr/local/cuda/lib64:/usr/local/cuda/lib64:/opt/MVS/lib/64:/opt/MVS/lib/32:/opt/ros/humble/opt/rviz_ogre_vendor/lib:/opt/ros/humble/lib/x86_64-linux-gnu:/opt/ros/humble/lib:/usr/local/cuda/lib64:/opt/MVS/lib/64:/opt/MVS/lib/32:/opt/MVS/lib/64:/opt/MVS/lib/32 PYTHONPATH=/home/seldon/Documents/gitrepo/rm.cv.std.ros2_transplant/install/my_interfaces/local/lib/python3.10/dist-packages:${PYTHONPATH} /usr/bin/cmake --build /home/seldon/Documents/gitrepo/rm.cv.std.ros2_transplant/build/armor_detector -- -j20 -l20
[19.550s] Invoking command in '/home/seldon/Documents/gitrepo/rm.cv.std.ros2_transplant/build/armor_detector': AMENT_PREFIX_PATH=/home/seldon/Documents/gitrepo/rm.cv.std.ros2_transplant/install/ros2addon:/home/seldon/Documents/gitrepo/rm.cv.std.ros2_transplant/install/my_interfaces:/home/seldon/Documents/gitrepo/rm.cv.std.ros2_transplant/install/aimer_base:${AMENT_PREFIX_PATH} CMAKE_PREFIX_PATH=/home/seldon/Documents/gitrepo/rm.cv.std.ros2_transplant/install/ros2addon:/home/seldon/Documents/gitrepo/rm.cv.std.ros2_transplant/install/my_interfaces:/home/seldon/Documents/gitrepo/rm.cv.std.ros2_transplant/install/aimer_base:/opt/ros/humble LD_LIBRARY_PATH=/home/seldon/Documents/gitrepo/rm.cv.std.ros2_transplant/install/ros2addon/lib:/home/seldon/Documents/gitrepo/rm.cv.std.ros2_transplant/install/my_interfaces/lib:/home/seldon/Documents/gitrepo/rm.cv.std.ros2_transplant/install/aimer_base/lib:/usr/local/cuda/lib64:/opt/MVS/lib/64:/opt/MVS/lib/32:/usr/local/cuda/lib64:/usr/local/cuda/lib64:/opt/MVS/lib/64:/opt/MVS/lib/32:/opt/ros/humble/opt/rviz_ogre_vendor/lib:/opt/ros/humble/lib/x86_64-linux-gnu:/opt/ros/humble/lib:/usr/local/cuda/lib64:/opt/MVS/lib/64:/opt/MVS/lib/32:/opt/MVS/lib/64:/opt/MVS/lib/32 PYTHONPATH=/home/seldon/Documents/gitrepo/rm.cv.std.ros2_transplant/install/my_interfaces/local/lib/python3.10/dist-packages:${PYTHONPATH} /usr/bin/cmake --install /home/seldon/Documents/gitrepo/rm.cv.std.ros2_transplant/build/armor_detector
[19.553s] -- Install configuration: "Release"
[19.553s] -- Installing: /home/seldon/Documents/gitrepo/rm.cv.std.ros2_transplant/install/armor_detector/lib/armor_detector/armor_detector_node
[19.553s] -- Set runtime path of "/home/seldon/Documents/gitrepo/rm.cv.std.ros2_transplant/install/armor_detector/lib/armor_detector/armor_detector_node" to ""
[19.553s] -- Installing: /home/seldon/Documents/gitrepo/rm.cv.std.ros2_transplant/install/armor_detector/share/armor_detector/environment/library_path.sh
[19.553s] -- Installing: /home/seldon/Documents/gitrepo/rm.cv.std.ros2_transplant/install/armor_detector/share/armor_detector/environment/library_path.dsv
[19.553s] -- Installing: /home/seldon/Documents/gitrepo/rm.cv.std.ros2_transplant/install/armor_detector/lib/libarmor_detector.so
[19.554s] -- Set runtime path of "/home/seldon/Documents/gitrepo/rm.cv.std.ros2_transplant/install/armor_detector/lib/libarmor_detector.so" to ""
[19.554s] -- Installing: /home/seldon/Documents/gitrepo/rm.cv.std.ros2_transplant/install/armor_detector/share/armor_detector/launch
[19.554s] -- Installing: /home/seldon/Documents/gitrepo/rm.cv.std.ros2_transplant/install/armor_detector/share/armor_detector/launch/armor_detector.launch.py
[19.554s] -- Installing: /home/seldon/Documents/gitrepo/rm.cv.std.ros2_transplant/install/armor_detector/share/ament_index/resource_index/package_run_dependencies/armor_detector
[19.554s] -- Installing: /home/seldon/Documents/gitrepo/rm.cv.std.ros2_transplant/install/armor_detector/share/ament_index/resource_index/parent_prefix_path/armor_detector
[19.555s] -- Installing: /home/seldon/Documents/gitrepo/rm.cv.std.ros2_transplant/install/armor_detector/share/armor_detector/environment/ament_prefix_path.sh
[19.555s] -- Installing: /home/seldon/Documents/gitrepo/rm.cv.std.ros2_transplant/install/armor_detector/share/armor_detector/environment/ament_prefix_path.dsv
[19.555s] -- Installing: /home/seldon/Documents/gitrepo/rm.cv.std.ros2_transplant/install/armor_detector/share/armor_detector/environment/path.sh
[19.555s] -- Installing: /home/seldon/Documents/gitrepo/rm.cv.std.ros2_transplant/install/armor_detector/share/armor_detector/environment/path.dsv
[19.555s] -- Installing: /home/seldon/Documents/gitrepo/rm.cv.std.ros2_transplant/install/armor_detector/share/armor_detector/local_setup.bash
[19.555s] -- Installing: /home/seldon/Documents/gitrepo/rm.cv.std.ros2_transplant/install/armor_detector/share/armor_detector/local_setup.sh
[19.555s] -- Installing: /home/seldon/Documents/gitrepo/rm.cv.std.ros2_transplant/install/armor_detector/share/armor_detector/local_setup.zsh
[19.555s] -- Installing: /home/seldon/Documents/gitrepo/rm.cv.std.ros2_transplant/install/armor_detector/share/armor_detector/local_setup.dsv
[19.555s] -- Installing: /home/seldon/Documents/gitrepo/rm.cv.std.ros2_transplant/install/armor_detector/share/armor_detector/package.dsv
[19.555s] -- Installing: /home/seldon/Documents/gitrepo/rm.cv.std.ros2_transplant/install/armor_detector/share/ament_index/resource_index/packages/armor_detector
[19.555s] -- Installing: /home/seldon/Documents/gitrepo/rm.cv.std.ros2_transplant/install/armor_detector/share/ament_index/resource_index/rclcpp_components/armor_detector
[19.555s] -- Installing: /home/seldon/Documents/gitrepo/rm.cv.std.ros2_transplant/install/armor_detector/share/armor_detector/cmake/ament_cmake_export_dependencies-extras.cmake
[19.555s] -- Installing: /home/seldon/Documents/gitrepo/rm.cv.std.ros2_transplant/install/armor_detector/share/armor_detector/cmake/ament_cmake_export_libraries-extras.cmake
[19.555s] -- Installing: /home/seldon/Documents/gitrepo/rm.cv.std.ros2_transplant/install/armor_detector/share/armor_detector/cmake/armor_detectorConfig.cmake
[19.555s] -- Installing: /home/seldon/Documents/gitrepo/rm.cv.std.ros2_transplant/install/armor_detector/share/armor_detector/cmake/armor_detectorConfig-version.cmake
[19.555s] -- Installing: /home/seldon/Documents/gitrepo/rm.cv.std.ros2_transplant/install/armor_detector/share/armor_detector/package.xml
[19.556s] Invoked command in '/home/seldon/Documents/gitrepo/rm.cv.std.ros2_transplant/build/armor_detector' returned '0': AMENT_PREFIX_PATH=/home/seldon/Documents/gitrepo/rm.cv.std.ros2_transplant/install/ros2addon:/home/seldon/Documents/gitrepo/rm.cv.std.ros2_transplant/install/my_interfaces:/home/seldon/Documents/gitrepo/rm.cv.std.ros2_transplant/install/aimer_base:${AMENT_PREFIX_PATH} CMAKE_PREFIX_PATH=/home/seldon/Documents/gitrepo/rm.cv.std.ros2_transplant/install/ros2addon:/home/seldon/Documents/gitrepo/rm.cv.std.ros2_transplant/install/my_interfaces:/home/seldon/Documents/gitrepo/rm.cv.std.ros2_transplant/install/aimer_base:/opt/ros/humble LD_LIBRARY_PATH=/home/seldon/Documents/gitrepo/rm.cv.std.ros2_transplant/install/ros2addon/lib:/home/seldon/Documents/gitrepo/rm.cv.std.ros2_transplant/install/my_interfaces/lib:/home/seldon/Documents/gitrepo/rm.cv.std.ros2_transplant/install/aimer_base/lib:/usr/local/cuda/lib64:/opt/MVS/lib/64:/opt/MVS/lib/32:/usr/local/cuda/lib64:/usr/local/cuda/lib64:/opt/MVS/lib/64:/opt/MVS/lib/32:/opt/ros/humble/opt/rviz_ogre_vendor/lib:/opt/ros/humble/lib/x86_64-linux-gnu:/opt/ros/humble/lib:/usr/local/cuda/lib64:/opt/MVS/lib/64:/opt/MVS/lib/32:/opt/MVS/lib/64:/opt/MVS/lib/32 PYTHONPATH=/home/seldon/Documents/gitrepo/rm.cv.std.ros2_transplant/install/my_interfaces/local/lib/python3.10/dist-packages:${PYTHONPATH} /usr/bin/cmake --install /home/seldon/Documents/gitrepo/rm.cv.std.ros2_transplant/build/armor_detector
