-- The C compiler identification is GNU 11.4.0
-- The CXX compiler identification is GNU 11.4.0
-- Detecting C compiler ABI info
-- Detecting C compiler ABI info - done
-- Check for working C compiler: /usr/bin/cc - skipped
-- Detecting C compile features
-- Detecting C compile features - done
-- Detecting CXX compiler ABI info
-- Detecting CXX compiler ABI info - done
-- Check for working CXX compiler: /usr/bin/c++ - skipped
-- Detecting CXX compile features
-- Detecting CXX compile features - done
-- Found ament_cmake_auto: 1.3.8 (/opt/ros/humble/share/ament_cmake_auto/cmake)
-- Found Python3: /usr/bin/python3 (found version "3.10.12") found components: Interpreter 
-- Found OpenCV: /usr/local (found suitable version "4.7.0", minimum required is "4") 
-- Performing Test CMAKE_HAVE_LIBC_PTHREAD
-- Performing Test CMAKE_HAVE_LIBC_PTHREAD - Success
-- Found Threads: TRUE  
-- Found required Ceres dependency: Eigen version 3.4.0 in /usr/include/eigen3
-- Found required Ceres dependency: glog
-- Found required Ceres dependency: gflags
-- Found Ceres version: 2.0.0 installed in: /usr with components: [EigenSparse, SparseLinearAlgebraLibrary, LAPACK, SuiteSparse, CXSparse, SchurSpecializations, Multithreading]
-- Configuring done
-- Generating done
-- Build files have been written to: /home/seldon/Documents/gitrepo/rm.cv.std.ros2_transplant/build/aimer_base
[ 50%] [32mBuilding CXX object CMakeFiles/aimer_base.dir/src/math.cpp.o[0m
[100%] [32m[1mLinking CXX shared library libaimer_base.so[0m
[100%] Built target aimer_base
-- Install configuration: ""
-- Installing: /home/seldon/Documents/gitrepo/rm.cv.std.ros2_transplant/install/aimer_base/include
-- Installing: /home/seldon/Documents/gitrepo/rm.cv.std.ros2_transplant/install/aimer_base/include/math
-- Installing: /home/seldon/Documents/gitrepo/rm.cv.std.ros2_transplant/install/aimer_base/include/math/math.hpp
-- Installing: /home/seldon/Documents/gitrepo/rm.cv.std.ros2_transplant/install/aimer_base/include/math/filter
-- Installing: /home/seldon/Documents/gitrepo/rm.cv.std.ros2_transplant/install/aimer_base/include/math/filter/adaptive_ekf.hpp
-- Installing: /home/seldon/Documents/gitrepo/rm.cv.std.ros2_transplant/install/aimer_base/include/math/filter/filter.hpp
-- Installing: /home/seldon/Documents/gitrepo/rm.cv.std.ros2_transplant/install/aimer_base/include/math/filter/kalman.hpp
-- Installing: /home/seldon/Documents/gitrepo/rm.cv.std.ros2_transplant/install/aimer_base/include/defs.hpp
-- Installing: /home/seldon/Documents/gitrepo/rm.cv.std.ros2_transplant/install/aimer_base/include/robot.hpp
-- Installing: /home/seldon/Documents/gitrepo/rm.cv.std.ros2_transplant/install/aimer_base/include/armor_defs.hpp
-- Installing: /home/seldon/Documents/gitrepo/rm.cv.std.ros2_transplant/install/aimer_base/share/aimer_base/environment/library_path.sh
-- Installing: /home/seldon/Documents/gitrepo/rm.cv.std.ros2_transplant/install/aimer_base/share/aimer_base/environment/library_path.dsv
-- Installing: /home/seldon/Documents/gitrepo/rm.cv.std.ros2_transplant/install/aimer_base/lib/libaimer_base.so
-- Set runtime path of "/home/seldon/Documents/gitrepo/rm.cv.std.ros2_transplant/install/aimer_base/lib/libaimer_base.so" to ""
-- Installing: /home/seldon/Documents/gitrepo/rm.cv.std.ros2_transplant/install/aimer_base/share/ament_index/resource_index/package_run_dependencies/aimer_base
-- Installing: /home/seldon/Documents/gitrepo/rm.cv.std.ros2_transplant/install/aimer_base/share/ament_index/resource_index/parent_prefix_path/aimer_base
-- Installing: /home/seldon/Documents/gitrepo/rm.cv.std.ros2_transplant/install/aimer_base/share/aimer_base/environment/ament_prefix_path.sh
-- Installing: /home/seldon/Documents/gitrepo/rm.cv.std.ros2_transplant/install/aimer_base/share/aimer_base/environment/ament_prefix_path.dsv
-- Installing: /home/seldon/Documents/gitrepo/rm.cv.std.ros2_transplant/install/aimer_base/share/aimer_base/environment/path.sh
-- Installing: /home/seldon/Documents/gitrepo/rm.cv.std.ros2_transplant/install/aimer_base/share/aimer_base/environment/path.dsv
-- Installing: /home/seldon/Documents/gitrepo/rm.cv.std.ros2_transplant/install/aimer_base/share/aimer_base/local_setup.bash
-- Installing: /home/seldon/Documents/gitrepo/rm.cv.std.ros2_transplant/install/aimer_base/share/aimer_base/local_setup.sh
-- Installing: /home/seldon/Documents/gitrepo/rm.cv.std.ros2_transplant/install/aimer_base/share/aimer_base/local_setup.zsh
-- Installing: /home/seldon/Documents/gitrepo/rm.cv.std.ros2_transplant/install/aimer_base/share/aimer_base/local_setup.dsv
-- Installing: /home/seldon/Documents/gitrepo/rm.cv.std.ros2_transplant/install/aimer_base/share/aimer_base/package.dsv
-- Installing: /home/seldon/Documents/gitrepo/rm.cv.std.ros2_transplant/install/aimer_base/share/ament_index/resource_index/packages/aimer_base
-- Installing: /home/seldon/Documents/gitrepo/rm.cv.std.ros2_transplant/install/aimer_base/share/aimer_base/cmake/ament_cmake_export_include_directories-extras.cmake
-- Installing: /home/seldon/Documents/gitrepo/rm.cv.std.ros2_transplant/install/aimer_base/share/aimer_base/cmake/ament_cmake_export_libraries-extras.cmake
-- Installing: /home/seldon/Documents/gitrepo/rm.cv.std.ros2_transplant/install/aimer_base/share/aimer_base/cmake/aimer_baseConfig.cmake
-- Installing: /home/seldon/Documents/gitrepo/rm.cv.std.ros2_transplant/install/aimer_base/share/aimer_base/cmake/aimer_baseConfig-version.cmake
-- Installing: /home/seldon/Documents/gitrepo/rm.cv.std.ros2_transplant/install/aimer_base/share/aimer_base/package.xml
