[0.184s] Invoking command in '/home/seldon/Documents/gitrepo/rm.cv.std.ros2_transplant/build/aimer_base': CMAKE_PREFIX_PATH=${CMAKE_PREFIX_PATH}:/home/seldon/Documents/gitrepo/rm.cv.std.ros2_transplant/install/web_debugger:/opt/ros/humble /usr/bin/cmake /home/seldon/Documents/gitrepo/rm.cv.std.ros2_transplant/src/aimer_base -DCMAKE_INSTALL_PREFIX=/home/seldon/Documents/gitrepo/rm.cv.std.ros2_transplant/install/aimer_base
[0.240s] -- The C compiler identification is GNU 11.4.0
[0.277s] -- The CXX compiler identification is GNU 11.4.0
[0.283s] -- Detecting C compiler ABI info
[0.321s] -- Detecting C compiler ABI info - done
[0.328s] -- Check for working C compiler: /usr/bin/cc - skipped
[0.328s] -- Detecting C compile features
[0.329s] -- Detecting C compile features - done
[0.331s] -- Detecting CXX compiler ABI info
[0.376s] -- Detecting CXX compiler ABI info - done
[0.383s] -- Check for working CXX compiler: /usr/bin/c++ - skipped
[0.383s] -- Detecting CXX compile features
[0.384s] -- Detecting CXX compile features - done
[0.385s] -- Found ament_cmake_auto: 1.3.8 (/opt/ros/humble/share/ament_cmake_auto/cmake)
[0.468s] -- Found Python3: /usr/bin/python3 (found version "3.10.12") found components: Interpreter 
[0.530s] -- Found OpenCV: /usr/local (found suitable version "4.7.0", minimum required is "4") 
[0.536s] -- Performing Test CMAKE_HAVE_LIBC_PTHREAD
[0.575s] -- Performing Test CMAKE_HAVE_LIBC_PTHREAD - Success
[0.576s] -- Found Threads: TRUE  
[0.576s] -- Found required Ceres dependency: Eigen version 3.4.0 in /usr/include/eigen3
[0.580s] -- Found required Ceres dependency: glog
[0.580s] -- Found required Ceres dependency: gflags
[0.580s] -- Found Ceres version: 2.0.0 installed in: /usr with components: [EigenSparse, SparseLinearAlgebraLibrary, LAPACK, SuiteSparse, CXSparse, SchurSpecializations, Multithreading]
[0.623s] -- Configuring done
[0.626s] -- Generating done
[0.626s] -- Build files have been written to: /home/seldon/Documents/gitrepo/rm.cv.std.ros2_transplant/build/aimer_base
[0.631s] Invoked command in '/home/seldon/Documents/gitrepo/rm.cv.std.ros2_transplant/build/aimer_base' returned '0': CMAKE_PREFIX_PATH=${CMAKE_PREFIX_PATH}:/home/seldon/Documents/gitrepo/rm.cv.std.ros2_transplant/install/web_debugger:/opt/ros/humble /usr/bin/cmake /home/seldon/Documents/gitrepo/rm.cv.std.ros2_transplant/src/aimer_base -DCMAKE_INSTALL_PREFIX=/home/seldon/Documents/gitrepo/rm.cv.std.ros2_transplant/install/aimer_base
[0.632s] Invoking command in '/home/seldon/Documents/gitrepo/rm.cv.std.ros2_transplant/build/aimer_base': CMAKE_PREFIX_PATH=${CMAKE_PREFIX_PATH}:/home/seldon/Documents/gitrepo/rm.cv.std.ros2_transplant/install/web_debugger:/opt/ros/humble /usr/bin/cmake --build /home/seldon/Documents/gitrepo/rm.cv.std.ros2_transplant/build/aimer_base -- -j20 -l20
[0.646s] [ 50%] [32mBuilding CXX object CMakeFiles/aimer_base.dir/src/math.cpp.o[0m
[2.391s] [100%] [32m[1mLinking CXX shared library libaimer_base.so[0m
[2.471s] [100%] Built target aimer_base
[2.476s] Invoked command in '/home/seldon/Documents/gitrepo/rm.cv.std.ros2_transplant/build/aimer_base' returned '0': CMAKE_PREFIX_PATH=${CMAKE_PREFIX_PATH}:/home/seldon/Documents/gitrepo/rm.cv.std.ros2_transplant/install/web_debugger:/opt/ros/humble /usr/bin/cmake --build /home/seldon/Documents/gitrepo/rm.cv.std.ros2_transplant/build/aimer_base -- -j20 -l20
[2.503s] Invoking command in '/home/seldon/Documents/gitrepo/rm.cv.std.ros2_transplant/build/aimer_base': CMAKE_PREFIX_PATH=${CMAKE_PREFIX_PATH}:/home/seldon/Documents/gitrepo/rm.cv.std.ros2_transplant/install/web_debugger:/opt/ros/humble /usr/bin/cmake --install /home/seldon/Documents/gitrepo/rm.cv.std.ros2_transplant/build/aimer_base
[2.507s] -- Install configuration: ""
[2.507s] -- Installing: /home/seldon/Documents/gitrepo/rm.cv.std.ros2_transplant/install/aimer_base/include
[2.507s] -- Installing: /home/seldon/Documents/gitrepo/rm.cv.std.ros2_transplant/install/aimer_base/include/math
[2.507s] -- Installing: /home/seldon/Documents/gitrepo/rm.cv.std.ros2_transplant/install/aimer_base/include/math/math.hpp
[2.507s] -- Installing: /home/seldon/Documents/gitrepo/rm.cv.std.ros2_transplant/install/aimer_base/include/math/filter
[2.507s] -- Installing: /home/seldon/Documents/gitrepo/rm.cv.std.ros2_transplant/install/aimer_base/include/math/filter/adaptive_ekf.hpp
[2.507s] -- Installing: /home/seldon/Documents/gitrepo/rm.cv.std.ros2_transplant/install/aimer_base/include/math/filter/filter.hpp
[2.507s] -- Installing: /home/seldon/Documents/gitrepo/rm.cv.std.ros2_transplant/install/aimer_base/include/math/filter/kalman.hpp
[2.508s] -- Installing: /home/seldon/Documents/gitrepo/rm.cv.std.ros2_transplant/install/aimer_base/include/defs.hpp
[2.508s] -- Installing: /home/seldon/Documents/gitrepo/rm.cv.std.ros2_transplant/install/aimer_base/include/robot.hpp
[2.508s] -- Installing: /home/seldon/Documents/gitrepo/rm.cv.std.ros2_transplant/install/aimer_base/include/armor_defs.hpp
[2.508s] -- Installing: /home/seldon/Documents/gitrepo/rm.cv.std.ros2_transplant/install/aimer_base/share/aimer_base/environment/library_path.sh
[2.508s] -- Installing: /home/seldon/Documents/gitrepo/rm.cv.std.ros2_transplant/install/aimer_base/share/aimer_base/environment/library_path.dsv
[2.508s] -- Installing: /home/seldon/Documents/gitrepo/rm.cv.std.ros2_transplant/install/aimer_base/lib/libaimer_base.so
[2.509s] -- Set runtime path of "/home/seldon/Documents/gitrepo/rm.cv.std.ros2_transplant/install/aimer_base/lib/libaimer_base.so" to ""
[2.509s] -- Installing: /home/seldon/Documents/gitrepo/rm.cv.std.ros2_transplant/install/aimer_base/share/ament_index/resource_index/package_run_dependencies/aimer_base
[2.509s] -- Installing: /home/seldon/Documents/gitrepo/rm.cv.std.ros2_transplant/install/aimer_base/share/ament_index/resource_index/parent_prefix_path/aimer_base
[2.509s] -- Installing: /home/seldon/Documents/gitrepo/rm.cv.std.ros2_transplant/install/aimer_base/share/aimer_base/environment/ament_prefix_path.sh
[2.509s] -- Installing: /home/seldon/Documents/gitrepo/rm.cv.std.ros2_transplant/install/aimer_base/share/aimer_base/environment/ament_prefix_path.dsv
[2.509s] -- Installing: /home/seldon/Documents/gitrepo/rm.cv.std.ros2_transplant/install/aimer_base/share/aimer_base/environment/path.sh
[2.510s] -- Installing: /home/seldon/Documents/gitrepo/rm.cv.std.ros2_transplant/install/aimer_base/share/aimer_base/environment/path.dsv
[2.510s] -- Installing: /home/seldon/Documents/gitrepo/rm.cv.std.ros2_transplant/install/aimer_base/share/aimer_base/local_setup.bash
[2.510s] -- Installing: /home/seldon/Documents/gitrepo/rm.cv.std.ros2_transplant/install/aimer_base/share/aimer_base/local_setup.sh
[2.510s] -- Installing: /home/seldon/Documents/gitrepo/rm.cv.std.ros2_transplant/install/aimer_base/share/aimer_base/local_setup.zsh
[2.510s] -- Installing: /home/seldon/Documents/gitrepo/rm.cv.std.ros2_transplant/install/aimer_base/share/aimer_base/local_setup.dsv
[2.510s] -- Installing: /home/seldon/Documents/gitrepo/rm.cv.std.ros2_transplant/install/aimer_base/share/aimer_base/package.dsv
[2.510s] -- Installing: /home/seldon/Documents/gitrepo/rm.cv.std.ros2_transplant/install/aimer_base/share/ament_index/resource_index/packages/aimer_base
[2.510s] -- Installing: /home/seldon/Documents/gitrepo/rm.cv.std.ros2_transplant/install/aimer_base/share/aimer_base/cmake/ament_cmake_export_include_directories-extras.cmake
[2.511s] -- Installing: /home/seldon/Documents/gitrepo/rm.cv.std.ros2_transplant/install/aimer_base/share/aimer_base/cmake/ament_cmake_export_libraries-extras.cmake
[2.511s] -- Installing: /home/seldon/Documents/gitrepo/rm.cv.std.ros2_transplant/install/aimer_base/share/aimer_base/cmake/aimer_baseConfig.cmake
[2.511s] -- Installing: /home/seldon/Documents/gitrepo/rm.cv.std.ros2_transplant/install/aimer_base/share/aimer_base/cmake/aimer_baseConfig-version.cmake
[2.511s] -- Installing: /home/seldon/Documents/gitrepo/rm.cv.std.ros2_transplant/install/aimer_base/share/aimer_base/package.xml
[2.512s] Invoked command in '/home/seldon/Documents/gitrepo/rm.cv.std.ros2_transplant/build/aimer_base' returned '0': CMAKE_PREFIX_PATH=${CMAKE_PREFIX_PATH}:/home/seldon/Documents/gitrepo/rm.cv.std.ros2_transplant/install/web_debugger:/opt/ros/humble /usr/bin/cmake --install /home/seldon/Documents/gitrepo/rm.cv.std.ros2_transplant/build/aimer_base
