-- The C compiler identification is GNU 11.4.0
-- The CXX compiler identification is GNU 11.4.0
-- Detecting C compiler ABI info
-- Detecting C compiler ABI info - done
-- Check for working C compiler: /usr/bin/cc - skipped
-- Detecting C compile features
-- Detecting C compile features - done
-- Detecting CXX compiler ABI info
-- Detecting CXX compiler ABI info - done
-- Check for working CXX compiler: /usr/bin/c++ - skipped
-- Detecting CXX compile features
-- Detecting CXX compile features - done
-- Found ament_cmake_auto: 1.3.8 (/opt/ros/humble/share/ament_cmake_auto/cmake)
-- Found Python3: /usr/bin/python3 (found version "3.10.12") found components: Interpreter 
-- Found rosidl_generator_c: 3.1.5 (/opt/ros/humble/share/rosidl_generator_c/cmake)
-- Found rosidl_adapter: 3.1.5 (/opt/ros/humble/share/rosidl_adapter/cmake)
-- Found rosidl_generator_cpp: 3.1.5 (/opt/ros/humble/share/rosidl_generator_cpp/cmake)
-- Using all available rosidl_typesupport_c: rosidl_typesupport_fastrtps_c;rosidl_typesupport_introspection_c
-- Using all available rosidl_typesupport_cpp: rosidl_typesupport_fastrtps_cpp;rosidl_typesupport_introspection_cpp
-- Found rmw_implementation_cmake: 6.1.1 (/opt/ros/humble/share/rmw_implementation_cmake/cmake)
-- Found rmw_fastrtps_cpp: 6.2.6 (/opt/ros/humble/share/rmw_fastrtps_cpp/cmake)
-- Found OpenSSL: /usr/lib/x86_64-linux-gnu/libcrypto.so (found version "3.0.2")  
-- Found FastRTPS: /opt/ros/humble/include  
-- Using RMW implementation 'rmw_fastrtps_cpp' as default
-- Performing Test CMAKE_HAVE_LIBC_PTHREAD
-- Performing Test CMAKE_HAVE_LIBC_PTHREAD - Success
-- Found Threads: TRUE  
-- Found OpenCV: /usr/local (found version "4.7.0") 
-- Configuring done
-- Generating done
-- Build files have been written to: /home/seldon/Documents/gitrepo/rm.cv.std.ros2_transplant/build/enemy_predictor
[  4%] [32mBuilding CXX object CMakeFiles/enemy_predictor_node.dir/rclcpp_components/node_main_enemy_predictor_node.cpp.o[0m
[  9%] [32mBuilding CXX object predictor/CMakeFiles/predictor_lib.dir/aim/detect_bullet.cpp.o[0m
[ 14%] [32mBuilding CXX object predictor/CMakeFiles/predictor_lib.dir/aim/aim_corrector.cpp.o[0m
[ 19%] [32mBuilding CXX object predictor/CMakeFiles/predictor_lib.dir/aim/do_reproj.cpp.o[0m
[ 28%] [32mBuilding CXX object predictor/CMakeFiles/predictor_lib.dir/enemy/enemy_state.cpp.o[0m
[ 28%] [32mBuilding CXX object predictor/CMakeFiles/predictor_lib.dir/enemy/armor_identifier.cpp.o[0m
[ 33%] [32mBuilding CXX object predictor/CMakeFiles/predictor_lib.dir/enemy/balance.cpp.o[0m
[ 38%] [32mBuilding CXX object predictor/CMakeFiles/predictor_lib.dir/enemy/outpost_fixer.cpp.o[0m
[ 47%] [32mBuilding CXX object predictor/CMakeFiles/predictor_lib.dir/enemy_predictor/enemy_predictor.cpp.o[0m
[ 47%] [32mBuilding CXX object predictor/CMakeFiles/predictor_lib.dir/pnp/pnp.cpp.o[0m
[ 52%] [32mBuilding CXX object predictor/CMakeFiles/predictor_lib.dir/motion/armor_model.cpp.o[0m
[ 57%] [32mBuilding CXX object predictor/CMakeFiles/predictor_lib.dir/enemy_predictor/Stm32Shoot.cpp.o[0m
[ 61%] [32mBuilding CXX object predictor/CMakeFiles/predictor_lib.dir/motion/cj_top4_model.cpp.o[0m
[ 66%] [32mBuilding CXX object predictor/CMakeFiles/predictor_lib.dir/motion/cj_top_model.cpp.o[0m
[ 71%] [32mBuilding CXX object predictor/CMakeFiles/predictor_lib.dir/motion/enemy_model.cpp.o[0m
[ 76%] [32mBuilding CXX object predictor/CMakeFiles/predictor_lib.dir/motion/top4_model.cpp.o[0m
[ 80%] [32mBuilding CXX object predictor/CMakeFiles/predictor_lib.dir/motion/top_model.cpp.o[0m
In file included from [01m[K/home/seldon/Documents/gitrepo/rm.cv.std.ros2_transplant/src/autoaim/enemy_predictor_node/./predictor/enemy/enemy_state.hpp:14[m[K,
                 from [01m[K/home/seldon/Documents/gitrepo/rm.cv.std.ros2_transplant/src/autoaim/enemy_predictor_node/predictor/enemy/enemy_state.cpp:1[m[K:
[01m[K/home/seldon/Documents/gitrepo/rm.cv.std.ros2_transplant/install/aimer_base/include/robot.hpp:43:34:[m[K [01;35m[Kwarning: [m[Kdefault member initializers for bit-fields only available with ‘[01m[K-std=c++20[m[K’ or ‘[01m[K-std=gnu++20[m[K’
   43 |     ::EnemyColor enemy_color : 1 [01;35m[K=[m[K ::EnemyColor::BLUE; // 这是字节
      |                                  [01;35m[K^[m[K
[01m[K/home/seldon/Documents/gitrepo/rm.cv.std.ros2_transplant/install/aimer_base/include/robot.hpp:44:31:[m[K [01;35m[Kwarning: [m[Kdefault member initializers for bit-fields only available with ‘[01m[K-std=c++20[m[K’ or ‘[01m[K-std=gnu++20[m[K’
   44 |     uint8_t is_big_energy : 1 [01;35m[K=[m[K false;
      |                               [01;35m[K^[m[K
[01m[K/home/seldon/Documents/gitrepo/rm.cv.std.ros2_transplant/install/aimer_base/include/robot.hpp:45:36:[m[K [01;35m[Kwarning: [m[Kdefault member initializers for bit-fields only available with ‘[01m[K-std=c++20[m[K’ or ‘[01m[K-std=gnu++20[m[K’
   45 |     ::ProgramMode program_mode : 6 [01;35m[K=[m[K ::ProgramMode::NOT_RECEIVED;
      |                                    [01;35m[K^[m[K
In file included from [01m[K/home/seldon/Documents/gitrepo/rm.cv.std.ros2_transplant/install/ros2addon/include/coord_convert/coord_converter.hpp:17[m[K,
                 from [01m[K/home/seldon/Documents/gitrepo/rm.cv.std.ros2_transplant/src/autoaim/enemy_predictor_node/./predictor/pnp/pnp.hpp:10[m[K,
                 from [01m[K/home/seldon/Documents/gitrepo/rm.cv.std.ros2_transplant/src/autoaim/enemy_predictor_node/predictor/pnp/pnp.cpp:1[m[K:
[01m[K/home/seldon/Documents/gitrepo/rm.cv.std.ros2_transplant/install/aimer_base/include/robot.hpp:43:34:[m[K [01;35m[Kwarning: [m[Kdefault member initializers for bit-fields only available with ‘[01m[K-std=c++20[m[K’ or ‘[01m[K-std=gnu++20[m[K’
   43 |     ::EnemyColor enemy_color : 1 [01;35m[K=[m[K ::EnemyColor::BLUE; // 这是字节
      |                                  [01;35m[K^[m[K
[01m[K/home/seldon/Documents/gitrepo/rm.cv.std.ros2_transplant/install/aimer_base/include/robot.hpp:44:31:[m[K [01;35m[Kwarning: [m[Kdefault member initializers for bit-fields only available with ‘[01m[K-std=c++20[m[K’ or ‘[01m[K-std=gnu++20[m[K’
   44 |     uint8_t is_big_energy : 1 [01;35m[K=[m[K false;
      |                               [01;35m[K^[m[K
[01m[K/home/seldon/Documents/gitrepo/rm.cv.std.ros2_transplant/install/aimer_base/include/robot.hpp:45:36:[m[K [01;35m[Kwarning: [m[Kdefault member initializers for bit-fields only available with ‘[01m[K-std=c++20[m[K’ or ‘[01m[K-std=gnu++20[m[K’
   45 |     ::ProgramMode program_mode : 6 [01;35m[K=[m[K ::ProgramMode::NOT_RECEIVED;
      |                                    [01;35m[K^[m[K
In file included from [01m[K/home/seldon/Documents/gitrepo/rm.cv.std.ros2_transplant/install/ros2addon/include/coord_convert/coord_converter.hpp:17[m[K,
                 from [01m[K/home/seldon/Documents/gitrepo/rm.cv.std.ros2_transplant/src/autoaim/enemy_predictor_node/./predictor/motion/enemy_model.hpp:7[m[K,
                 from [01m[K/home/seldon/Documents/gitrepo/rm.cv.std.ros2_transplant/src/autoaim/enemy_predictor_node/predictor/motion/enemy_model.cpp:1[m[K:
[01m[K/home/seldon/Documents/gitrepo/rm.cv.std.ros2_transplant/install/aimer_base/include/robot.hpp:43:34:[m[K [01;35m[Kwarning: [m[Kdefault member initializers for bit-fields only available with ‘[01m[K-std=c++20[m[K’ or ‘[01m[K-std=gnu++20[m[K’
   43 |     ::EnemyColor enemy_color : 1 [01;35m[K=[m[K ::EnemyColor::BLUE; // 这是字节
      |                                  [01;35m[K^[m[K
[01m[K/home/seldon/Documents/gitrepo/rm.cv.std.ros2_transplant/install/aimer_base/include/robot.hpp:44:31:[m[K [01;35m[Kwarning: [m[Kdefault member initializers for bit-fields only available with ‘[01m[K-std=c++20[m[K’ or ‘[01m[K-std=gnu++20[m[K’
   44 |     uint8_t is_big_energy : 1 [01;35m[K=[m[K false;
      |                               [01;35m[K^[m[K
[01m[K/home/seldon/Documents/gitrepo/rm.cv.std.ros2_transplant/install/aimer_base/include/robot.hpp:45:36:[m[K [01;35m[Kwarning: [m[Kdefault member initializers for bit-fields only available with ‘[01m[K-std=c++20[m[K’ or ‘[01m[K-std=gnu++20[m[K’
   45 |     ::ProgramMode program_mode : 6 [01;35m[K=[m[K ::ProgramMode::NOT_RECEIVED;
      |                                    [01;35m[K^[m[K
In file included from [01m[K/home/seldon/Documents/gitrepo/rm.cv.std.ros2_transplant/src/autoaim/enemy_predictor_node/./predictor/enemy/enemy_state.hpp:14[m[K,
                 from [01m[K/home/seldon/Documents/gitrepo/rm.cv.std.ros2_transplant/src/autoaim/enemy_predictor_node/./predictor/motion/armor_model.hpp:14[m[K,
                 from [01m[K/home/seldon/Documents/gitrepo/rm.cv.std.ros2_transplant/src/autoaim/enemy_predictor_node/predictor/motion/armor_model.cpp:1[m[K:
[01m[K/home/seldon/Documents/gitrepo/rm.cv.std.ros2_transplant/install/aimer_base/include/robot.hpp:43:34:[m[K [01;35m[Kwarning: [m[Kdefault member initializers for bit-fields only available with ‘[01m[K-std=c++20[m[K’ or ‘[01m[K-std=gnu++20[m[K’
   43 |     ::EnemyColor enemy_color : 1 [01;35m[K=[m[K ::EnemyColor::BLUE; // 这是字节
      |                                  [01;35m[K^[m[K
[01m[K/home/seldon/Documents/gitrepo/rm.cv.std.ros2_transplant/install/aimer_base/include/robot.hpp:44:31:[m[K [01;35m[Kwarning: [m[Kdefault member initializers for bit-fields only available with ‘[01m[K-std=c++20[m[K’ or ‘[01m[K-std=gnu++20[m[K’
   44 |     uint8_t is_big_energy : 1 [01;35m[K=[m[K false;
      |                               [01;35m[K^[m[K
[01m[K/home/seldon/Documents/gitrepo/rm.cv.std.ros2_transplant/install/aimer_base/include/robot.hpp:45:36:[m[K [01;35m[Kwarning: [m[Kdefault member initializers for bit-fields only available with ‘[01m[K-std=c++20[m[K’ or ‘[01m[K-std=gnu++20[m[K’
   45 |     ::ProgramMode program_mode : 6 [01;35m[K=[m[K ::ProgramMode::NOT_RECEIVED;
      |                                    [01;35m[K^[m[K
In file included from [01m[K/home/seldon/Documents/gitrepo/rm.cv.std.ros2_transplant/install/ros2addon/include/coord_convert/coord_converter.hpp:17[m[K,
                 from [01m[K/home/seldon/Documents/gitrepo/rm.cv.std.ros2_transplant/src/autoaim/enemy_predictor_node/./predictor/aim/aim_corrector.hpp:12[m[K,
                 from [01m[K/home/seldon/Documents/gitrepo/rm.cv.std.ros2_transplant/src/autoaim/enemy_predictor_node/predictor/aim/aim_corrector.cpp:1[m[K:
[01m[K/home/seldon/Documents/gitrepo/rm.cv.std.ros2_transplant/install/aimer_base/include/robot.hpp:43:34:[m[K [01;35m[Kwarning: [m[Kdefault member initializers for bit-fields only available with ‘[01m[K-std=c++20[m[K’ or ‘[01m[K-std=gnu++20[m[K’
   43 |     ::EnemyColor enemy_color : 1 [01;35m[K=[m[K ::EnemyColor::BLUE; // 这是字节
      |                                  [01;35m[K^[m[K
[01m[K/home/seldon/Documents/gitrepo/rm.cv.std.ros2_transplant/install/aimer_base/include/robot.hpp:44:31:[m[K [01;35m[Kwarning: [m[Kdefault member initializers for bit-fields only available with ‘[01m[K-std=c++20[m[K’ or ‘[01m[K-std=gnu++20[m[K’
   44 |     uint8_t is_big_energy : 1 [01;35m[K=[m[K false;
      |                               [01;35m[K^[m[K
[01m[K/home/seldon/Documents/gitrepo/rm.cv.std.ros2_transplant/install/aimer_base/include/robot.hpp:45:36:[m[K [01;35m[Kwarning: [m[Kdefault member initializers for bit-fields only available with ‘[01m[K-std=c++20[m[K’ or ‘[01m[K-std=gnu++20[m[K’
   45 |     ::ProgramMode program_mode : 6 [01;35m[K=[m[K ::ProgramMode::NOT_RECEIVED;
      |                                    [01;35m[K^[m[K
In file included from [01m[K/home/seldon/Documents/gitrepo/rm.cv.std.ros2_transplant/src/autoaim/enemy_predictor_node/./predictor/enemy/enemy_state.hpp:14[m[K,
                 from [01m[K/home/seldon/Documents/gitrepo/rm.cv.std.ros2_transplant/src/autoaim/enemy_predictor_node/./predictor/motion/cj_top_model.hpp:6[m[K,
                 from [01m[K/home/seldon/Documents/gitrepo/rm.cv.std.ros2_transplant/src/autoaim/enemy_predictor_node/predictor/motion/cj_top_model.cpp:1[m[K:
[01m[K/home/seldon/Documents/gitrepo/rm.cv.std.ros2_transplant/install/aimer_base/include/robot.hpp:43:34:[m[K [01;35m[Kwarning: [m[Kdefault member initializers for bit-fields only available with ‘[01m[K-std=c++20[m[K’ or ‘[01m[K-std=gnu++20[m[K’
   43 |     ::EnemyColor enemy_color : 1 [01;35m[K=[m[K ::EnemyColor::BLUE; // 这是字节
      |                                  [01;35m[K^[m[K
[01m[K/home/seldon/Documents/gitrepo/rm.cv.std.ros2_transplant/install/aimer_base/include/robot.hpp:44:31:[m[K [01;35m[Kwarning: [m[Kdefault member initializers for bit-fields only available with ‘[01m[K-std=c++20[m[K’ or ‘[01m[K-std=gnu++20[m[K’
   44 |     uint8_t is_big_energy : 1 [01;35m[K=[m[K false;
      |                               [01;35m[K^[m[K
[01m[K/home/seldon/Documents/gitrepo/rm.cv.std.ros2_transplant/install/aimer_base/include/robot.hpp:45:36:[m[K [01;35m[Kwarning: [m[Kdefault member initializers for bit-fields only available with ‘[01m[K-std=c++20[m[K’ or ‘[01m[K-std=gnu++20[m[K’
   45 |     ::ProgramMode program_mode : 6 [01;35m[K=[m[K ::ProgramMode::NOT_RECEIVED;
      |                                    [01;35m[K^[m[K
In file included from [01m[K/home/seldon/Documents/gitrepo/rm.cv.std.ros2_transplant/install/ros2addon/include/coord_convert/coord_converter.hpp:17[m[K,
                 from [01m[K/home/seldon/Documents/gitrepo/rm.cv.std.ros2_transplant/src/autoaim/enemy_predictor_node/./predictor/enemy/armor_identifier.hpp:12[m[K,
                 from [01m[K/home/seldon/Documents/gitrepo/rm.cv.std.ros2_transplant/src/autoaim/enemy_predictor_node/predictor/enemy/armor_identifier.cpp:1[m[K:
[01m[K/home/seldon/Documents/gitrepo/rm.cv.std.ros2_transplant/install/aimer_base/include/robot.hpp:43:34:[m[K [01;35m[Kwarning: [m[Kdefault member initializers for bit-fields only available with ‘[01m[K-std=c++20[m[K’ or ‘[01m[K-std=gnu++20[m[K’
   43 |     ::EnemyColor enemy_color : 1 [01;35m[K=[m[K ::EnemyColor::BLUE; // 这是字节
      |                                  [01;35m[K^[m[K
[01m[K/home/seldon/Documents/gitrepo/rm.cv.std.ros2_transplant/install/aimer_base/include/robot.hpp:44:31:[m[K [01;35m[Kwarning: [m[Kdefault member initializers for bit-fields only available with ‘[01m[K-std=c++20[m[K’ or ‘[01m[K-std=gnu++20[m[K’
   44 |     uint8_t is_big_energy : 1 [01;35m[K=[m[K false;
      |                               [01;35m[K^[m[K
[01m[K/home/seldon/Documents/gitrepo/rm.cv.std.ros2_transplant/install/aimer_base/include/robot.hpp:45:36:[m[K [01;35m[Kwarning: [m[Kdefault member initializers for bit-fields only available with ‘[01m[K-std=c++20[m[K’ or ‘[01m[K-std=gnu++20[m[K’
   45 |     ::ProgramMode program_mode : 6 [01;35m[K=[m[K ::ProgramMode::NOT_RECEIVED;
      |                                    [01;35m[K^[m[K
[01m[K/home/seldon/Documents/gitrepo/rm.cv.std.ros2_transplant/src/autoaim/enemy_predictor_node/predictor/pnp/pnp.cpp:[m[K In function ‘[01m[Kaimer::ArmorInfo aimer::detected_to_info(const aimer::DetectedArmor&, const aimer::SampleArmor&, const double&, const aimer::CoordConverter*, param::ParamVisitor)[m[K’:
[01m[K/home/seldon/Documents/gitrepo/rm.cv.std.ros2_transplant/src/autoaim/enemy_predictor_node/predictor/pnp/pnp.cpp:87:83:[m[K [01;35m[Kwarning: [m[K‘[01m[Kdouble aimer::PnpDistanceFixer::fixed_dis(const double&) const[m[K’ is deprecated [[01;35m[K]8;;https://gcc.gnu.org/onlinedocs/gcc/Warning-Options.html#index-Wdeprecated-declarations-Wdeprecated-declarations]8;;[m[K]
   87 |                                                       [01;35m[Kpnp_distance_fixer.fixed_dis(ypd_c.dis)[m[K };
      |                                                       [01;35m[K~~~~~~~~~~~~~~~~~~~~~~~~~~~~^~~~~~~~~~~[m[K
In file included from [01m[K/home/seldon/Documents/gitrepo/rm.cv.std.ros2_transplant/src/autoaim/enemy_predictor_node/./predictor/pnp/pnp.hpp:10[m[K,
                 from [01m[K/home/seldon/Documents/gitrepo/rm.cv.std.ros2_transplant/src/autoaim/enemy_predictor_node/predictor/pnp/pnp.cpp:1[m[K:
[01m[K/home/seldon/Documents/gitrepo/rm.cv.std.ros2_transplant/install/ros2addon/include/coord_convert/coord_converter.hpp:68:27:[m[K [01;36m[Knote: [m[Kdeclared here
   68 |     [[deprecated]] double [01;36m[Kfixed_dis[m[K(const double& dis) const {
      |                           [01;36m[K^~~~~~~~~[m[K
In file included from [01m[K/home/seldon/Documents/gitrepo/rm.cv.std.ros2_transplant/install/ros2addon/include/coord_convert/coord_converter.hpp:17[m[K,
                 from [01m[K/home/seldon/Documents/gitrepo/rm.cv.std.ros2_transplant/src/autoaim/enemy_predictor_node/./predictor/aim/aim_corrector.hpp:12[m[K,
                 from [01m[K/home/seldon/Documents/gitrepo/rm.cv.std.ros2_transplant/src/autoaim/enemy_predictor_node/./predictor/enemy_predictor/enemy_predictor.hpp:16[m[K,
                 from [01m[K/home/seldon/Documents/gitrepo/rm.cv.std.ros2_transplant/src/autoaim/enemy_predictor_node/predictor/enemy_predictor/enemy_predictor.cpp:1[m[K:
[01m[K/home/seldon/Documents/gitrepo/rm.cv.std.ros2_transplant/install/aimer_base/include/robot.hpp:43:34:[m[K [01;35m[Kwarning: [m[Kdefault member initializers for bit-fields only available with ‘[01m[K-std=c++20[m[K’ or ‘[01m[K-std=gnu++20[m[K’
   43 |     ::EnemyColor enemy_color : 1 [01;35m[K=[m[K ::EnemyColor::BLUE; // 这是字节
      |                                  [01;35m[K^[m[K
[01m[K/home/seldon/Documents/gitrepo/rm.cv.std.ros2_transplant/install/aimer_base/include/robot.hpp:44:31:[m[K [01;35m[Kwarning: [m[Kdefault member initializers for bit-fields only available with ‘[01m[K-std=c++20[m[K’ or ‘[01m[K-std=gnu++20[m[K’
   44 |     uint8_t is_big_energy : 1 [01;35m[K=[m[K false;
      |                               [01;35m[K^[m[K
[01m[K/home/seldon/Documents/gitrepo/rm.cv.std.ros2_transplant/install/aimer_base/include/robot.hpp:45:36:[m[K [01;35m[Kwarning: [m[Kdefault member initializers for bit-fields only available with ‘[01m[K-std=c++20[m[K’ or ‘[01m[K-std=gnu++20[m[K’
   45 |     ::ProgramMode program_mode : 6 [01;35m[K=[m[K ::ProgramMode::NOT_RECEIVED;
      |                                    [01;35m[K^[m[K
[ 85%] [32m[1mLinking CXX executable enemy_predictor_node[0m
[ 85%] Built target enemy_predictor_node
In file included from [01m[K/home/seldon/Documents/gitrepo/rm.cv.std.ros2_transplant/src/autoaim/enemy_predictor_node/./predictor/enemy/enemy_state.hpp:14[m[K,
                 from [01m[K/home/seldon/Documents/gitrepo/rm.cv.std.ros2_transplant/src/autoaim/enemy_predictor_node/./predictor/motion/top_model.hpp:15[m[K,
                 from [01m[K/home/seldon/Documents/gitrepo/rm.cv.std.ros2_transplant/src/autoaim/enemy_predictor_node/./predictor/motion/top4_model.hpp:5[m[K,
                 from [01m[K/home/seldon/Documents/gitrepo/rm.cv.std.ros2_transplant/src/autoaim/enemy_predictor_node/predictor/motion/top4_model.cpp:1[m[K:
[01m[K/home/seldon/Documents/gitrepo/rm.cv.std.ros2_transplant/install/aimer_base/include/robot.hpp:43:34:[m[K [01;35m[Kwarning: [m[Kdefault member initializers for bit-fields only available with ‘[01m[K-std=c++20[m[K’ or ‘[01m[K-std=gnu++20[m[K’
   43 |     ::EnemyColor enemy_color : 1 [01;35m[K=[m[K ::EnemyColor::BLUE; // 这是字节
      |                                  [01;35m[K^[m[K
[01m[K/home/seldon/Documents/gitrepo/rm.cv.std.ros2_transplant/install/aimer_base/include/robot.hpp:44:31:[m[K [01;35m[Kwarning: [m[Kdefault member initializers for bit-fields only available with ‘[01m[K-std=c++20[m[K’ or ‘[01m[K-std=gnu++20[m[K’
   44 |     uint8_t is_big_energy : 1 [01;35m[K=[m[K false;
      |                               [01;35m[K^[m[K
[01m[K/home/seldon/Documents/gitrepo/rm.cv.std.ros2_transplant/install/aimer_base/include/robot.hpp:45:36:[m[K [01;35m[Kwarning: [m[Kdefault member initializers for bit-fields only available with ‘[01m[K-std=c++20[m[K’ or ‘[01m[K-std=gnu++20[m[K’
   45 |     ::ProgramMode program_mode : 6 [01;35m[K=[m[K ::ProgramMode::NOT_RECEIVED;
      |                                    [01;35m[K^[m[K
In file included from [01m[K/home/seldon/Documents/gitrepo/rm.cv.std.ros2_transplant/src/autoaim/enemy_predictor_node/./predictor/enemy/enemy_state.hpp:14[m[K,
                 from [01m[K/home/seldon/Documents/gitrepo/rm.cv.std.ros2_transplant/src/autoaim/enemy_predictor_node/./predictor/motion/top_model.hpp:15[m[K,
                 from [01m[K/home/seldon/Documents/gitrepo/rm.cv.std.ros2_transplant/src/autoaim/enemy_predictor_node/predictor/motion/top_model.cpp:1[m[K:
[01m[K/home/seldon/Documents/gitrepo/rm.cv.std.ros2_transplant/install/aimer_base/include/robot.hpp:43:34:[m[K [01;35m[Kwarning: [m[Kdefault member initializers for bit-fields only available with ‘[01m[K-std=c++20[m[K’ or ‘[01m[K-std=gnu++20[m[K’
   43 |     ::EnemyColor enemy_color : 1 [01;35m[K=[m[K ::EnemyColor::BLUE; // 这是字节
      |                                  [01;35m[K^[m[K
[01m[K/home/seldon/Documents/gitrepo/rm.cv.std.ros2_transplant/install/aimer_base/include/robot.hpp:44:31:[m[K [01;35m[Kwarning: [m[Kdefault member initializers for bit-fields only available with ‘[01m[K-std=c++20[m[K’ or ‘[01m[K-std=gnu++20[m[K’
   44 |     uint8_t is_big_energy : 1 [01;35m[K=[m[K false;
      |                               [01;35m[K^[m[K
[01m[K/home/seldon/Documents/gitrepo/rm.cv.std.ros2_transplant/install/aimer_base/include/robot.hpp:45:36:[m[K [01;35m[Kwarning: [m[Kdefault member initializers for bit-fields only available with ‘[01m[K-std=c++20[m[K’ or ‘[01m[K-std=gnu++20[m[K’
   45 |     ::ProgramMode program_mode : 6 [01;35m[K=[m[K ::ProgramMode::NOT_RECEIVED;
      |                                    [01;35m[K^[m[K
[01m[K/home/seldon/Documents/gitrepo/rm.cv.std.ros2_transplant/src/autoaim/enemy_predictor_node/predictor/enemy_predictor/enemy_predictor.cpp:[m[K In member function ‘[01m[Kvoid aimer::EnemyPredictor::update_database(const aimer::DetectionResult&)[m[K’:
[01m[K/home/seldon/Documents/gitrepo/rm.cv.std.ros2_transplant/src/autoaim/enemy_predictor_node/predictor/enemy_predictor/enemy_predictor.cpp:558:64:[m[K [01;35m[Kwarning: [m[K‘[01m[Kaimer::DetectedArmor aimer::DetectedFixer::fixed(const aimer::DetectedArmor&)[m[K’ is deprecated [[01;35m[K]8;;https://gcc.gnu.org/onlinedocs/gcc/Warning-Options.html#index-Wdeprecated-declarations-Wdeprecated-declarations]8;;[m[K]
  558 |         aimer::DetectedArmor fixed = [01;35m[Kthis->detected_fixer.fixed(d)[m[K;
      |                                      [01;35m[K~~~~~~~~~~~~~~~~~~~~~~~~~~^~~[m[K
In file included from [01m[K/home/seldon/Documents/gitrepo/rm.cv.std.ros2_transplant/src/autoaim/enemy_predictor_node/predictor/enemy_predictor/enemy_predictor.cpp:1[m[K:
[01m[K/home/seldon/Documents/gitrepo/rm.cv.std.ros2_transplant/src/autoaim/enemy_predictor_node/./predictor/enemy_predictor/enemy_predictor.hpp:61:41:[m[K [01;36m[Knote: [m[Kdeclared here
   61 |     [[deprecated]] aimer::DetectedArmor [01;36m[Kfixed[m[K(const aimer::DetectedArmor& detected) {
      |                                         [01;36m[K^~~~~[m[K
[ 90%] [32m[1mLinking CXX shared library libpredictor_lib.so[0m
lto-wrapper: warning: using serial compilation of 7 LTRANS jobs
[ 90%] Built target predictor_lib
[ 95%] [32mBuilding CXX object CMakeFiles/enemy_predictor.dir/src/predictor_node.cpp.o[0m
[100%] [32m[1mLinking CXX shared library libenemy_predictor.so[0m
lto-wrapper: warning: using serial compilation of 7 LTRANS jobs
[100%] Built target enemy_predictor
-- Install configuration: "Release"
-- Installing: /home/seldon/Documents/gitrepo/rm.cv.std.ros2_transplant/install/enemy_predictor/lib/enemy_predictor/enemy_predictor_node
-- Set runtime path of "/home/seldon/Documents/gitrepo/rm.cv.std.ros2_transplant/install/enemy_predictor/lib/enemy_predictor/enemy_predictor_node" to ""
-- Installing: /home/seldon/Documents/gitrepo/rm.cv.std.ros2_transplant/install/enemy_predictor/share/enemy_predictor/environment/library_path.sh
-- Installing: /home/seldon/Documents/gitrepo/rm.cv.std.ros2_transplant/install/enemy_predictor/share/enemy_predictor/environment/library_path.dsv
-- Installing: /home/seldon/Documents/gitrepo/rm.cv.std.ros2_transplant/install/enemy_predictor/lib/libenemy_predictor.so
-- Set runtime path of "/home/seldon/Documents/gitrepo/rm.cv.std.ros2_transplant/install/enemy_predictor/lib/libenemy_predictor.so" to ""
-- Installing: /home/seldon/Documents/gitrepo/rm.cv.std.ros2_transplant/install/enemy_predictor/share/ament_index/resource_index/package_run_dependencies/enemy_predictor
-- Installing: /home/seldon/Documents/gitrepo/rm.cv.std.ros2_transplant/install/enemy_predictor/share/ament_index/resource_index/parent_prefix_path/enemy_predictor
-- Installing: /home/seldon/Documents/gitrepo/rm.cv.std.ros2_transplant/install/enemy_predictor/share/enemy_predictor/environment/ament_prefix_path.sh
-- Installing: /home/seldon/Documents/gitrepo/rm.cv.std.ros2_transplant/install/enemy_predictor/share/enemy_predictor/environment/ament_prefix_path.dsv
-- Installing: /home/seldon/Documents/gitrepo/rm.cv.std.ros2_transplant/install/enemy_predictor/share/enemy_predictor/environment/path.sh
-- Installing: /home/seldon/Documents/gitrepo/rm.cv.std.ros2_transplant/install/enemy_predictor/share/enemy_predictor/environment/path.dsv
-- Installing: /home/seldon/Documents/gitrepo/rm.cv.std.ros2_transplant/install/enemy_predictor/share/enemy_predictor/local_setup.bash
-- Installing: /home/seldon/Documents/gitrepo/rm.cv.std.ros2_transplant/install/enemy_predictor/share/enemy_predictor/local_setup.sh
-- Installing: /home/seldon/Documents/gitrepo/rm.cv.std.ros2_transplant/install/enemy_predictor/share/enemy_predictor/local_setup.zsh
-- Installing: /home/seldon/Documents/gitrepo/rm.cv.std.ros2_transplant/install/enemy_predictor/share/enemy_predictor/local_setup.dsv
-- Installing: /home/seldon/Documents/gitrepo/rm.cv.std.ros2_transplant/install/enemy_predictor/share/enemy_predictor/package.dsv
-- Installing: /home/seldon/Documents/gitrepo/rm.cv.std.ros2_transplant/install/enemy_predictor/share/ament_index/resource_index/packages/enemy_predictor
-- Installing: /home/seldon/Documents/gitrepo/rm.cv.std.ros2_transplant/install/enemy_predictor/share/ament_index/resource_index/rclcpp_components/enemy_predictor
-- Installing: /home/seldon/Documents/gitrepo/rm.cv.std.ros2_transplant/install/enemy_predictor/share/enemy_predictor/cmake/ament_cmake_export_dependencies-extras.cmake
-- Installing: /home/seldon/Documents/gitrepo/rm.cv.std.ros2_transplant/install/enemy_predictor/share/enemy_predictor/cmake/ament_cmake_export_libraries-extras.cmake
-- Installing: /home/seldon/Documents/gitrepo/rm.cv.std.ros2_transplant/install/enemy_predictor/share/enemy_predictor/cmake/enemy_predictorConfig.cmake
-- Installing: /home/seldon/Documents/gitrepo/rm.cv.std.ros2_transplant/install/enemy_predictor/share/enemy_predictor/cmake/enemy_predictorConfig-version.cmake
-- Installing: /home/seldon/Documents/gitrepo/rm.cv.std.ros2_transplant/install/enemy_predictor/share/enemy_predictor/package.xml
-- Installing: /home/seldon/Documents/gitrepo/rm.cv.std.ros2_transplant/install/enemy_predictor/lib/libpredictor_lib.so
-- Set runtime path of "/home/seldon/Documents/gitrepo/rm.cv.std.ros2_transplant/install/enemy_predictor/lib/libpredictor_lib.so" to ""
