[0.060s] Invoking command in '/home/seldon/Documents/gitrepo/rm.cv.std.ros2_transplant/build/enemy_predictor': CMAKE_PREFIX_PATH=/home/seldon/Documents/gitrepo/rm.cv.std.ros2_transplant/install/ros2addon:/home/seldon/Documents/gitrepo/rm.cv.std.ros2_transplant/install/my_interfaces:/home/seldon/Documents/gitrepo/rm.cv.std.ros2_transplant/install/aimer_base:/home/seldon/Documents/gitrepo/rm.cv.std.ros2_transplant/install/sensor:/home/seldon/Documents/gitrepo/rm.cv.std.ros2_transplant/install/enemy_predictor:/home/seldon/Documents/gitrepo/rm.cv.std.ros2_transplant/install/armor_detector:/home/seldon/Documents/gitrepo/rm.cv.std.ros2_transplant/install/record:/home/seldon/Documents/gitrepo/rm.cv.std.ros2_transplant/install/param:/home/seldon/Documents/gitrepo/rm.cv.std.ros2_transplant/install/io_debug_v2:/home/seldon/Documents/gitrepo/rm.cv.std.ros2_transplant/install/file_io:/home/seldon/Documents/gitrepo/rm.cv.std.ros2_transplant/install/fast_record:/home/seldon/Documents/gitrepo/rm.cv.std.ros2_transplant/install/coreio:/home/seldon/Documents/gitrepo/rm.cv.std.ros2_transplant/install/calib:/home/seldon/Documents/gitrepo/rm.cv.std.ros2_transplant/install/web_debugger:/opt/ros/humble LD_LIBRARY_PATH=/home/seldon/Documents/gitrepo/rm.cv.std.ros2_transplant/install/ros2addon/lib:/home/seldon/Documents/gitrepo/rm.cv.std.ros2_transplant/install/my_interfaces/lib:/home/seldon/Documents/gitrepo/rm.cv.std.ros2_transplant/install/aimer_base/lib:/home/seldon/Documents/gitrepo/rm.cv.std.ros2_transplant/install/sensor/lib:/home/seldon/Documents/gitrepo/rm.cv.std.ros2_transplant/install/enemy_predictor/lib:/home/seldon/Documents/gitrepo/rm.cv.std.ros2_transplant/install/armor_detector/lib:/home/seldon/Documents/gitrepo/rm.cv.std.ros2_transplant/install/record/lib:/home/seldon/Documents/gitrepo/rm.cv.std.ros2_transplant/install/io_debug_v2/lib:/home/seldon/Documents/gitrepo/rm.cv.std.ros2_transplant/install/file_io/lib:/home/seldon/Documents/gitrepo/rm.cv.std.ros2_transplant/install/fast_record/lib:/home/seldon/Documents/gitrepo/rm.cv.std.ros2_transplant/install/coreio/lib:/home/seldon/Documents/gitrepo/rm.cv.std.ros2_transplant/install/calib/lib:/usr/local/cuda/lib64:/opt/MVS/lib/64:/opt/MVS/lib/32:/usr/local/cuda/lib64:/usr/local/cuda/lib64:/opt/MVS/lib/64:/opt/MVS/lib/32:/opt/ros/humble/opt/rviz_ogre_vendor/lib:/opt/ros/humble/lib/x86_64-linux-gnu:/opt/ros/humble/lib:/usr/local/cuda/lib64:/opt/MVS/lib/64:/opt/MVS/lib/32:/opt/MVS/lib/64:/opt/MVS/lib/32 /usr/bin/cmake /home/seldon/Documents/gitrepo/rm.cv.std.ros2_transplant/src/autoaim/enemy_predictor_node -DCMAKE_INSTALL_PREFIX=/home/seldon/Documents/gitrepo/rm.cv.std.ros2_transplant/install/enemy_predictor
[0.112s] -- The C compiler identification is GNU 11.4.0
[0.169s] -- The CXX compiler identification is GNU 11.4.0
[0.181s] -- Detecting C compiler ABI info
[0.235s] -- Detecting C compiler ABI info - done
[0.244s] -- Check for working C compiler: /usr/bin/cc - skipped
[0.244s] -- Detecting C compile features
[0.244s] -- Detecting C compile features - done
[0.248s] -- Detecting CXX compiler ABI info
[0.302s] -- Detecting CXX compiler ABI info - done
[0.311s] -- Check for working CXX compiler: /usr/bin/c++ - skipped
[0.311s] -- Detecting CXX compile features
[0.311s] -- Detecting CXX compile features - done
[0.314s] -- Found ament_cmake_auto: 1.3.8 (/opt/ros/humble/share/ament_cmake_auto/cmake)
[0.416s] -- Found Python3: /usr/bin/python3 (found version "3.10.12") found components: Interpreter 
[0.620s] -- Found rosidl_generator_c: 3.1.5 (/opt/ros/humble/share/rosidl_generator_c/cmake)
[0.626s] -- Found rosidl_adapter: 3.1.5 (/opt/ros/humble/share/rosidl_adapter/cmake)
[0.636s] -- Found rosidl_generator_cpp: 3.1.5 (/opt/ros/humble/share/rosidl_generator_cpp/cmake)
[0.653s] -- Using all available rosidl_typesupport_c: rosidl_typesupport_fastrtps_c;rosidl_typesupport_introspection_c
[0.678s] -- Using all available rosidl_typesupport_cpp: rosidl_typesupport_fastrtps_cpp;rosidl_typesupport_introspection_cpp
[0.764s] -- Found rmw_implementation_cmake: 6.1.1 (/opt/ros/humble/share/rmw_implementation_cmake/cmake)
[0.768s] -- Found rmw_fastrtps_cpp: 6.2.6 (/opt/ros/humble/share/rmw_fastrtps_cpp/cmake)
[0.868s] -- Found OpenSSL: /usr/lib/x86_64-linux-gnu/libcrypto.so (found version "3.0.2")  
[0.902s] -- Found FastRTPS: /opt/ros/humble/include  
[0.951s] -- Using RMW implementation 'rmw_fastrtps_cpp' as default
[0.961s] -- Performing Test CMAKE_HAVE_LIBC_PTHREAD
[1.010s] -- Performing Test CMAKE_HAVE_LIBC_PTHREAD - Success
[1.011s] -- Found Threads: TRUE  
[1.413s] -- Found OpenCV: /usr/local (found version "4.7.0") 
[1.604s] -- Configuring done
[1.633s] -- Generating done
[1.634s] -- Build files have been written to: /home/seldon/Documents/gitrepo/rm.cv.std.ros2_transplant/build/enemy_predictor
[1.687s] Invoked command in '/home/seldon/Documents/gitrepo/rm.cv.std.ros2_transplant/build/enemy_predictor' returned '0': CMAKE_PREFIX_PATH=/home/seldon/Documents/gitrepo/rm.cv.std.ros2_transplant/install/ros2addon:/home/seldon/Documents/gitrepo/rm.cv.std.ros2_transplant/install/my_interfaces:/home/seldon/Documents/gitrepo/rm.cv.std.ros2_transplant/install/aimer_base:/home/seldon/Documents/gitrepo/rm.cv.std.ros2_transplant/install/sensor:/home/seldon/Documents/gitrepo/rm.cv.std.ros2_transplant/install/enemy_predictor:/home/seldon/Documents/gitrepo/rm.cv.std.ros2_transplant/install/armor_detector:/home/seldon/Documents/gitrepo/rm.cv.std.ros2_transplant/install/record:/home/seldon/Documents/gitrepo/rm.cv.std.ros2_transplant/install/param:/home/seldon/Documents/gitrepo/rm.cv.std.ros2_transplant/install/io_debug_v2:/home/seldon/Documents/gitrepo/rm.cv.std.ros2_transplant/install/file_io:/home/seldon/Documents/gitrepo/rm.cv.std.ros2_transplant/install/fast_record:/home/seldon/Documents/gitrepo/rm.cv.std.ros2_transplant/install/coreio:/home/seldon/Documents/gitrepo/rm.cv.std.ros2_transplant/install/calib:/home/seldon/Documents/gitrepo/rm.cv.std.ros2_transplant/install/web_debugger:/opt/ros/humble LD_LIBRARY_PATH=/home/seldon/Documents/gitrepo/rm.cv.std.ros2_transplant/install/ros2addon/lib:/home/seldon/Documents/gitrepo/rm.cv.std.ros2_transplant/install/my_interfaces/lib:/home/seldon/Documents/gitrepo/rm.cv.std.ros2_transplant/install/aimer_base/lib:/home/seldon/Documents/gitrepo/rm.cv.std.ros2_transplant/install/sensor/lib:/home/seldon/Documents/gitrepo/rm.cv.std.ros2_transplant/install/enemy_predictor/lib:/home/seldon/Documents/gitrepo/rm.cv.std.ros2_transplant/install/armor_detector/lib:/home/seldon/Documents/gitrepo/rm.cv.std.ros2_transplant/install/record/lib:/home/seldon/Documents/gitrepo/rm.cv.std.ros2_transplant/install/io_debug_v2/lib:/home/seldon/Documents/gitrepo/rm.cv.std.ros2_transplant/install/file_io/lib:/home/seldon/Documents/gitrepo/rm.cv.std.ros2_transplant/install/fast_record/lib:/home/seldon/Documents/gitrepo/rm.cv.std.ros2_transplant/install/coreio/lib:/home/seldon/Documents/gitrepo/rm.cv.std.ros2_transplant/install/calib/lib:/usr/local/cuda/lib64:/opt/MVS/lib/64:/opt/MVS/lib/32:/usr/local/cuda/lib64:/usr/local/cuda/lib64:/opt/MVS/lib/64:/opt/MVS/lib/32:/opt/ros/humble/opt/rviz_ogre_vendor/lib:/opt/ros/humble/lib/x86_64-linux-gnu:/opt/ros/humble/lib:/usr/local/cuda/lib64:/opt/MVS/lib/64:/opt/MVS/lib/32:/opt/MVS/lib/64:/opt/MVS/lib/32 /usr/bin/cmake /home/seldon/Documents/gitrepo/rm.cv.std.ros2_transplant/src/autoaim/enemy_predictor_node -DCMAKE_INSTALL_PREFIX=/home/seldon/Documents/gitrepo/rm.cv.std.ros2_transplant/install/enemy_predictor
[1.688s] Invoking command in '/home/seldon/Documents/gitrepo/rm.cv.std.ros2_transplant/build/enemy_predictor': CMAKE_PREFIX_PATH=/home/seldon/Documents/gitrepo/rm.cv.std.ros2_transplant/install/ros2addon:/home/seldon/Documents/gitrepo/rm.cv.std.ros2_transplant/install/my_interfaces:/home/seldon/Documents/gitrepo/rm.cv.std.ros2_transplant/install/aimer_base:/home/seldon/Documents/gitrepo/rm.cv.std.ros2_transplant/install/sensor:/home/seldon/Documents/gitrepo/rm.cv.std.ros2_transplant/install/enemy_predictor:/home/seldon/Documents/gitrepo/rm.cv.std.ros2_transplant/install/armor_detector:/home/seldon/Documents/gitrepo/rm.cv.std.ros2_transplant/install/record:/home/seldon/Documents/gitrepo/rm.cv.std.ros2_transplant/install/param:/home/seldon/Documents/gitrepo/rm.cv.std.ros2_transplant/install/io_debug_v2:/home/seldon/Documents/gitrepo/rm.cv.std.ros2_transplant/install/file_io:/home/seldon/Documents/gitrepo/rm.cv.std.ros2_transplant/install/fast_record:/home/seldon/Documents/gitrepo/rm.cv.std.ros2_transplant/install/coreio:/home/seldon/Documents/gitrepo/rm.cv.std.ros2_transplant/install/calib:/home/seldon/Documents/gitrepo/rm.cv.std.ros2_transplant/install/web_debugger:/opt/ros/humble LD_LIBRARY_PATH=/home/seldon/Documents/gitrepo/rm.cv.std.ros2_transplant/install/ros2addon/lib:/home/seldon/Documents/gitrepo/rm.cv.std.ros2_transplant/install/my_interfaces/lib:/home/seldon/Documents/gitrepo/rm.cv.std.ros2_transplant/install/aimer_base/lib:/home/seldon/Documents/gitrepo/rm.cv.std.ros2_transplant/install/sensor/lib:/home/seldon/Documents/gitrepo/rm.cv.std.ros2_transplant/install/enemy_predictor/lib:/home/seldon/Documents/gitrepo/rm.cv.std.ros2_transplant/install/armor_detector/lib:/home/seldon/Documents/gitrepo/rm.cv.std.ros2_transplant/install/record/lib:/home/seldon/Documents/gitrepo/rm.cv.std.ros2_transplant/install/io_debug_v2/lib:/home/seldon/Documents/gitrepo/rm.cv.std.ros2_transplant/install/file_io/lib:/home/seldon/Documents/gitrepo/rm.cv.std.ros2_transplant/install/fast_record/lib:/home/seldon/Documents/gitrepo/rm.cv.std.ros2_transplant/install/coreio/lib:/home/seldon/Documents/gitrepo/rm.cv.std.ros2_transplant/install/calib/lib:/usr/local/cuda/lib64:/opt/MVS/lib/64:/opt/MVS/lib/32:/usr/local/cuda/lib64:/usr/local/cuda/lib64:/opt/MVS/lib/64:/opt/MVS/lib/32:/opt/ros/humble/opt/rviz_ogre_vendor/lib:/opt/ros/humble/lib/x86_64-linux-gnu:/opt/ros/humble/lib:/usr/local/cuda/lib64:/opt/MVS/lib/64:/opt/MVS/lib/32:/opt/MVS/lib/64:/opt/MVS/lib/32 /usr/bin/cmake --build /home/seldon/Documents/gitrepo/rm.cv.std.ros2_transplant/build/enemy_predictor -- -j20 -l20
[1.707s] [  4%] [32mBuilding CXX object CMakeFiles/enemy_predictor_node.dir/rclcpp_components/node_main_enemy_predictor_node.cpp.o[0m
[1.707s] [  9%] [32mBuilding CXX object predictor/CMakeFiles/predictor_lib.dir/aim/detect_bullet.cpp.o[0m
[1.708s] [ 14%] [32mBuilding CXX object predictor/CMakeFiles/predictor_lib.dir/aim/aim_corrector.cpp.o[0m
[1.708s] [ 19%] [32mBuilding CXX object predictor/CMakeFiles/predictor_lib.dir/aim/do_reproj.cpp.o[0m
[1.709s] [ 28%] [32mBuilding CXX object predictor/CMakeFiles/predictor_lib.dir/enemy/enemy_state.cpp.o[0m
[1.709s] [ 28%] [32mBuilding CXX object predictor/CMakeFiles/predictor_lib.dir/enemy/armor_identifier.cpp.o[0m
[1.709s] [ 33%] [32mBuilding CXX object predictor/CMakeFiles/predictor_lib.dir/enemy/balance.cpp.o[0m
[1.709s] [ 38%] [32mBuilding CXX object predictor/CMakeFiles/predictor_lib.dir/enemy/outpost_fixer.cpp.o[0m
[1.710s] [ 47%] [32mBuilding CXX object predictor/CMakeFiles/predictor_lib.dir/enemy_predictor/enemy_predictor.cpp.o[0m
[1.710s] [ 47%] [32mBuilding CXX object predictor/CMakeFiles/predictor_lib.dir/pnp/pnp.cpp.o[0m
[1.710s] [ 52%] [32mBuilding CXX object predictor/CMakeFiles/predictor_lib.dir/motion/armor_model.cpp.o[0m
[1.711s] [ 57%] [32mBuilding CXX object predictor/CMakeFiles/predictor_lib.dir/enemy_predictor/Stm32Shoot.cpp.o[0m
[1.721s] [ 61%] [32mBuilding CXX object predictor/CMakeFiles/predictor_lib.dir/motion/cj_top4_model.cpp.o[0m
[1.726s] [ 66%] [32mBuilding CXX object predictor/CMakeFiles/predictor_lib.dir/motion/cj_top_model.cpp.o[0m
[1.727s] [ 71%] [32mBuilding CXX object predictor/CMakeFiles/predictor_lib.dir/motion/enemy_model.cpp.o[0m
[1.755s] [ 76%] [32mBuilding CXX object predictor/CMakeFiles/predictor_lib.dir/motion/top4_model.cpp.o[0m
[1.776s] [ 80%] [32mBuilding CXX object predictor/CMakeFiles/predictor_lib.dir/motion/top_model.cpp.o[0m
[5.498s] In file included from [01m[K/home/seldon/Documents/gitrepo/rm.cv.std.ros2_transplant/src/autoaim/enemy_predictor_node/./predictor/enemy/enemy_state.hpp:14[m[K,
[5.498s]                  from [01m[K/home/seldon/Documents/gitrepo/rm.cv.std.ros2_transplant/src/autoaim/enemy_predictor_node/predictor/enemy/enemy_state.cpp:1[m[K:
[5.498s] [01m[K/home/seldon/Documents/gitrepo/rm.cv.std.ros2_transplant/install/aimer_base/include/robot.hpp:43:34:[m[K [01;35m[Kwarning: [m[Kdefault member initializers for bit-fields only available with ‘[01m[K-std=c++20[m[K’ or ‘[01m[K-std=gnu++20[m[K’
[5.498s]    43 |     ::EnemyColor enemy_color : 1 [01;35m[K=[m[K ::EnemyColor::BLUE; // 这是字节
[5.498s]       |                                  [01;35m[K^[m[K
[5.498s] [01m[K/home/seldon/Documents/gitrepo/rm.cv.std.ros2_transplant/install/aimer_base/include/robot.hpp:44:31:[m[K [01;35m[Kwarning: [m[Kdefault member initializers for bit-fields only available with ‘[01m[K-std=c++20[m[K’ or ‘[01m[K-std=gnu++20[m[K’
[5.498s]    44 |     uint8_t is_big_energy : 1 [01;35m[K=[m[K false;
[5.499s]       |                               [01;35m[K^[m[K
[5.499s] [01m[K/home/seldon/Documents/gitrepo/rm.cv.std.ros2_transplant/install/aimer_base/include/robot.hpp:45:36:[m[K [01;35m[Kwarning: [m[Kdefault member initializers for bit-fields only available with ‘[01m[K-std=c++20[m[K’ or ‘[01m[K-std=gnu++20[m[K’
[5.499s]    45 |     ::ProgramMode program_mode : 6 [01;35m[K=[m[K ::ProgramMode::NOT_RECEIVED;
[5.499s]       |                                    [01;35m[K^[m[K
[5.549s] In file included from [01m[K/home/seldon/Documents/gitrepo/rm.cv.std.ros2_transplant/install/ros2addon/include/coord_convert/coord_converter.hpp:17[m[K,
[5.549s]                  from [01m[K/home/seldon/Documents/gitrepo/rm.cv.std.ros2_transplant/src/autoaim/enemy_predictor_node/./predictor/pnp/pnp.hpp:10[m[K,
[5.549s]                  from [01m[K/home/seldon/Documents/gitrepo/rm.cv.std.ros2_transplant/src/autoaim/enemy_predictor_node/predictor/pnp/pnp.cpp:1[m[K:
[5.549s] [01m[K/home/seldon/Documents/gitrepo/rm.cv.std.ros2_transplant/install/aimer_base/include/robot.hpp:43:34:[m[K [01;35m[Kwarning: [m[Kdefault member initializers for bit-fields only available with ‘[01m[K-std=c++20[m[K’ or ‘[01m[K-std=gnu++20[m[K’
[5.549s]    43 |     ::EnemyColor enemy_color : 1 [01;35m[K=[m[K ::EnemyColor::BLUE; // 这是字节
[5.549s]       |                                  [01;35m[K^[m[K
[5.549s] [01m[K/home/seldon/Documents/gitrepo/rm.cv.std.ros2_transplant/install/aimer_base/include/robot.hpp:44:31:[m[K [01;35m[Kwarning: [m[Kdefault member initializers for bit-fields only available with ‘[01m[K-std=c++20[m[K’ or ‘[01m[K-std=gnu++20[m[K’
[5.549s]    44 |     uint8_t is_big_energy : 1 [01;35m[K=[m[K false;
[5.549s]       |                               [01;35m[K^[m[K
[5.549s] [01m[K/home/seldon/Documents/gitrepo/rm.cv.std.ros2_transplant/install/aimer_base/include/robot.hpp:45:36:[m[K [01;35m[Kwarning: [m[Kdefault member initializers for bit-fields only available with ‘[01m[K-std=c++20[m[K’ or ‘[01m[K-std=gnu++20[m[K’
[5.549s]    45 |     ::ProgramMode program_mode : 6 [01;35m[K=[m[K ::ProgramMode::NOT_RECEIVED;
[5.549s]       |                                    [01;35m[K^[m[K
[5.634s] In file included from [01m[K/home/seldon/Documents/gitrepo/rm.cv.std.ros2_transplant/install/ros2addon/include/coord_convert/coord_converter.hpp:17[m[K,
[5.634s]                  from [01m[K/home/seldon/Documents/gitrepo/rm.cv.std.ros2_transplant/src/autoaim/enemy_predictor_node/./predictor/motion/enemy_model.hpp:7[m[K,
[5.635s]                  from [01m[K/home/seldon/Documents/gitrepo/rm.cv.std.ros2_transplant/src/autoaim/enemy_predictor_node/predictor/motion/enemy_model.cpp:1[m[K:
[5.635s] [01m[K/home/seldon/Documents/gitrepo/rm.cv.std.ros2_transplant/install/aimer_base/include/robot.hpp:43:34:[m[K [01;35m[Kwarning: [m[Kdefault member initializers for bit-fields only available with ‘[01m[K-std=c++20[m[K’ or ‘[01m[K-std=gnu++20[m[K’
[5.635s]    43 |     ::EnemyColor enemy_color : 1 [01;35m[K=[m[K ::EnemyColor::BLUE; // 这是字节
[5.635s]       |                                  [01;35m[K^[m[K
[5.635s] [01m[K/home/seldon/Documents/gitrepo/rm.cv.std.ros2_transplant/install/aimer_base/include/robot.hpp:44:31:[m[K [01;35m[Kwarning: [m[Kdefault member initializers for bit-fields only available with ‘[01m[K-std=c++20[m[K’ or ‘[01m[K-std=gnu++20[m[K’
[5.635s]    44 |     uint8_t is_big_energy : 1 [01;35m[K=[m[K false;
[5.635s]       |                               [01;35m[K^[m[K
[5.635s] [01m[K/home/seldon/Documents/gitrepo/rm.cv.std.ros2_transplant/install/aimer_base/include/robot.hpp:45:36:[m[K [01;35m[Kwarning: [m[Kdefault member initializers for bit-fields only available with ‘[01m[K-std=c++20[m[K’ or ‘[01m[K-std=gnu++20[m[K’
[5.635s]    45 |     ::ProgramMode program_mode : 6 [01;35m[K=[m[K ::ProgramMode::NOT_RECEIVED;
[5.635s]       |                                    [01;35m[K^[m[K
[5.788s] In file included from [01m[K/home/seldon/Documents/gitrepo/rm.cv.std.ros2_transplant/src/autoaim/enemy_predictor_node/./predictor/enemy/enemy_state.hpp:14[m[K,
[5.788s]                  from [01m[K/home/seldon/Documents/gitrepo/rm.cv.std.ros2_transplant/src/autoaim/enemy_predictor_node/./predictor/motion/armor_model.hpp:14[m[K,
[5.788s]                  from [01m[K/home/seldon/Documents/gitrepo/rm.cv.std.ros2_transplant/src/autoaim/enemy_predictor_node/predictor/motion/armor_model.cpp:1[m[K:
[5.788s] [01m[K/home/seldon/Documents/gitrepo/rm.cv.std.ros2_transplant/install/aimer_base/include/robot.hpp:43:34:[m[K [01;35m[Kwarning: [m[Kdefault member initializers for bit-fields only available with ‘[01m[K-std=c++20[m[K’ or ‘[01m[K-std=gnu++20[m[K’
[5.788s]    43 |     ::EnemyColor enemy_color : 1 [01;35m[K=[m[K ::EnemyColor::BLUE; // 这是字节
[5.789s]       |                                  [01;35m[K^[m[K
[5.789s] [01m[K/home/seldon/Documents/gitrepo/rm.cv.std.ros2_transplant/install/aimer_base/include/robot.hpp:44:31:[m[K [01;35m[Kwarning: [m[Kdefault member initializers for bit-fields only available with ‘[01m[K-std=c++20[m[K’ or ‘[01m[K-std=gnu++20[m[K’
[5.789s]    44 |     uint8_t is_big_energy : 1 [01;35m[K=[m[K false;
[5.789s]       |                               [01;35m[K^[m[K
[5.789s] [01m[K/home/seldon/Documents/gitrepo/rm.cv.std.ros2_transplant/install/aimer_base/include/robot.hpp:45:36:[m[K [01;35m[Kwarning: [m[Kdefault member initializers for bit-fields only available with ‘[01m[K-std=c++20[m[K’ or ‘[01m[K-std=gnu++20[m[K’
[5.789s]    45 |     ::ProgramMode program_mode : 6 [01;35m[K=[m[K ::ProgramMode::NOT_RECEIVED;
[5.789s]       |                                    [01;35m[K^[m[K
[5.908s] In file included from [01m[K/home/seldon/Documents/gitrepo/rm.cv.std.ros2_transplant/install/ros2addon/include/coord_convert/coord_converter.hpp:17[m[K,
[5.908s]                  from [01m[K/home/seldon/Documents/gitrepo/rm.cv.std.ros2_transplant/src/autoaim/enemy_predictor_node/./predictor/aim/aim_corrector.hpp:12[m[K,
[5.908s]                  from [01m[K/home/seldon/Documents/gitrepo/rm.cv.std.ros2_transplant/src/autoaim/enemy_predictor_node/predictor/aim/aim_corrector.cpp:1[m[K:
[5.908s] [01m[K/home/seldon/Documents/gitrepo/rm.cv.std.ros2_transplant/install/aimer_base/include/robot.hpp:43:34:[m[K [01;35m[Kwarning: [m[Kdefault member initializers for bit-fields only available with ‘[01m[K-std=c++20[m[K’ or ‘[01m[K-std=gnu++20[m[K’
[5.908s]    43 |     ::EnemyColor enemy_color : 1 [01;35m[K=[m[K ::EnemyColor::BLUE; // 这是字节
[5.908s]       |                                  [01;35m[K^[m[K
[5.909s] [01m[K/home/seldon/Documents/gitrepo/rm.cv.std.ros2_transplant/install/aimer_base/include/robot.hpp:44:31:[m[K [01;35m[Kwarning: [m[Kdefault member initializers for bit-fields only available with ‘[01m[K-std=c++20[m[K’ or ‘[01m[K-std=gnu++20[m[K’
[5.909s]    44 |     uint8_t is_big_energy : 1 [01;35m[K=[m[K false;
[5.909s]       |                               [01;35m[K^[m[K
[5.909s] [01m[K/home/seldon/Documents/gitrepo/rm.cv.std.ros2_transplant/install/aimer_base/include/robot.hpp:45:36:[m[K [01;35m[Kwarning: [m[Kdefault member initializers for bit-fields only available with ‘[01m[K-std=c++20[m[K’ or ‘[01m[K-std=gnu++20[m[K’
[5.909s]    45 |     ::ProgramMode program_mode : 6 [01;35m[K=[m[K ::ProgramMode::NOT_RECEIVED;
[5.909s]       |                                    [01;35m[K^[m[K
[5.925s] In file included from [01m[K/home/seldon/Documents/gitrepo/rm.cv.std.ros2_transplant/src/autoaim/enemy_predictor_node/./predictor/enemy/enemy_state.hpp:14[m[K,
[5.925s]                  from [01m[K/home/seldon/Documents/gitrepo/rm.cv.std.ros2_transplant/src/autoaim/enemy_predictor_node/./predictor/motion/cj_top_model.hpp:6[m[K,
[5.925s]                  from [01m[K/home/seldon/Documents/gitrepo/rm.cv.std.ros2_transplant/src/autoaim/enemy_predictor_node/predictor/motion/cj_top_model.cpp:1[m[K:
[5.925s] [01m[K/home/seldon/Documents/gitrepo/rm.cv.std.ros2_transplant/install/aimer_base/include/robot.hpp:43:34:[m[K [01;35m[Kwarning: [m[Kdefault member initializers for bit-fields only available with ‘[01m[K-std=c++20[m[K’ or ‘[01m[K-std=gnu++20[m[K’
[5.925s]    43 |     ::EnemyColor enemy_color : 1 [01;35m[K=[m[K ::EnemyColor::BLUE; // 这是字节
[5.925s]       |                                  [01;35m[K^[m[K
[5.925s] [01m[K/home/seldon/Documents/gitrepo/rm.cv.std.ros2_transplant/install/aimer_base/include/robot.hpp:44:31:[m[K [01;35m[Kwarning: [m[Kdefault member initializers for bit-fields only available with ‘[01m[K-std=c++20[m[K’ or ‘[01m[K-std=gnu++20[m[K’
[5.925s]    44 |     uint8_t is_big_energy : 1 [01;35m[K=[m[K false;
[5.925s]       |                               [01;35m[K^[m[K
[5.925s] [01m[K/home/seldon/Documents/gitrepo/rm.cv.std.ros2_transplant/install/aimer_base/include/robot.hpp:45:36:[m[K [01;35m[Kwarning: [m[Kdefault member initializers for bit-fields only available with ‘[01m[K-std=c++20[m[K’ or ‘[01m[K-std=gnu++20[m[K’
[5.926s]    45 |     ::ProgramMode program_mode : 6 [01;35m[K=[m[K ::ProgramMode::NOT_RECEIVED;
[5.926s]       |                                    [01;35m[K^[m[K
[5.926s] In file included from [01m[K/home/seldon/Documents/gitrepo/rm.cv.std.ros2_transplant/install/ros2addon/include/coord_convert/coord_converter.hpp:17[m[K,
[5.926s]                  from [01m[K/home/seldon/Documents/gitrepo/rm.cv.std.ros2_transplant/src/autoaim/enemy_predictor_node/./predictor/enemy/armor_identifier.hpp:12[m[K,
[5.926s]                  from [01m[K/home/seldon/Documents/gitrepo/rm.cv.std.ros2_transplant/src/autoaim/enemy_predictor_node/predictor/enemy/armor_identifier.cpp:1[m[K:
[5.926s] [01m[K/home/seldon/Documents/gitrepo/rm.cv.std.ros2_transplant/install/aimer_base/include/robot.hpp:43:34:[m[K [01;35m[Kwarning: [m[Kdefault member initializers for bit-fields only available with ‘[01m[K-std=c++20[m[K’ or ‘[01m[K-std=gnu++20[m[K’
[5.926s]    43 |     ::EnemyColor enemy_color : 1 [01;35m[K=[m[K ::EnemyColor::BLUE; // 这是字节
[5.926s]       |                                  [01;35m[K^[m[K
[5.926s] [01m[K/home/seldon/Documents/gitrepo/rm.cv.std.ros2_transplant/install/aimer_base/include/robot.hpp:44:31:[m[K [01;35m[Kwarning: [m[Kdefault member initializers for bit-fields only available with ‘[01m[K-std=c++20[m[K’ or ‘[01m[K-std=gnu++20[m[K’
[5.926s]    44 |     uint8_t is_big_energy : 1 [01;35m[K=[m[K false;
[5.926s]       |                               [01;35m[K^[m[K
[5.926s] [01m[K/home/seldon/Documents/gitrepo/rm.cv.std.ros2_transplant/install/aimer_base/include/robot.hpp:45:36:[m[K [01;35m[Kwarning: [m[Kdefault member initializers for bit-fields only available with ‘[01m[K-std=c++20[m[K’ or ‘[01m[K-std=gnu++20[m[K’
[5.926s]    45 |     ::ProgramMode program_mode : 6 [01;35m[K=[m[K ::ProgramMode::NOT_RECEIVED;
[5.926s]       |                                    [01;35m[K^[m[K
[5.938s] [01m[K/home/seldon/Documents/gitrepo/rm.cv.std.ros2_transplant/src/autoaim/enemy_predictor_node/predictor/pnp/pnp.cpp:[m[K In function ‘[01m[Kaimer::ArmorInfo aimer::detected_to_info(const aimer::DetectedArmor&, const aimer::SampleArmor&, const double&, const aimer::CoordConverter*, param::ParamVisitor)[m[K’:
[5.939s] [01m[K/home/seldon/Documents/gitrepo/rm.cv.std.ros2_transplant/src/autoaim/enemy_predictor_node/predictor/pnp/pnp.cpp:87:83:[m[K [01;35m[Kwarning: [m[K‘[01m[Kdouble aimer::PnpDistanceFixer::fixed_dis(const double&) const[m[K’ is deprecated [[01;35m[K]8;;https://gcc.gnu.org/onlinedocs/gcc/Warning-Options.html#index-Wdeprecated-declarations-Wdeprecated-declarations]8;;[m[K]
[5.939s]    87 |                                                       [01;35m[Kpnp_distance_fixer.fixed_dis(ypd_c.dis)[m[K };
[5.939s]       |                                                       [01;35m[K~~~~~~~~~~~~~~~~~~~~~~~~~~~~^~~~~~~~~~~[m[K
[5.939s] In file included from [01m[K/home/seldon/Documents/gitrepo/rm.cv.std.ros2_transplant/src/autoaim/enemy_predictor_node/./predictor/pnp/pnp.hpp:10[m[K,
[5.939s]                  from [01m[K/home/seldon/Documents/gitrepo/rm.cv.std.ros2_transplant/src/autoaim/enemy_predictor_node/predictor/pnp/pnp.cpp:1[m[K:
[5.939s] [01m[K/home/seldon/Documents/gitrepo/rm.cv.std.ros2_transplant/install/ros2addon/include/coord_convert/coord_converter.hpp:68:27:[m[K [01;36m[Knote: [m[Kdeclared here
[5.939s]    68 |     [[deprecated]] double [01;36m[Kfixed_dis[m[K(const double& dis) const {
[5.939s]       |                           [01;36m[K^~~~~~~~~[m[K
[5.968s] In file included from [01m[K/home/seldon/Documents/gitrepo/rm.cv.std.ros2_transplant/install/ros2addon/include/coord_convert/coord_converter.hpp:17[m[K,
[5.968s]                  from [01m[K/home/seldon/Documents/gitrepo/rm.cv.std.ros2_transplant/src/autoaim/enemy_predictor_node/./predictor/aim/aim_corrector.hpp:12[m[K,
[5.968s]                  from [01m[K/home/seldon/Documents/gitrepo/rm.cv.std.ros2_transplant/src/autoaim/enemy_predictor_node/./predictor/enemy_predictor/enemy_predictor.hpp:16[m[K,
[5.968s]                  from [01m[K/home/seldon/Documents/gitrepo/rm.cv.std.ros2_transplant/src/autoaim/enemy_predictor_node/predictor/enemy_predictor/enemy_predictor.cpp:1[m[K:
[5.968s] [01m[K/home/seldon/Documents/gitrepo/rm.cv.std.ros2_transplant/install/aimer_base/include/robot.hpp:43:34:[m[K [01;35m[Kwarning: [m[Kdefault member initializers for bit-fields only available with ‘[01m[K-std=c++20[m[K’ or ‘[01m[K-std=gnu++20[m[K’
[5.968s]    43 |     ::EnemyColor enemy_color : 1 [01;35m[K=[m[K ::EnemyColor::BLUE; // 这是字节
[5.968s]       |                                  [01;35m[K^[m[K
[5.968s] [01m[K/home/seldon/Documents/gitrepo/rm.cv.std.ros2_transplant/install/aimer_base/include/robot.hpp:44:31:[m[K [01;35m[Kwarning: [m[Kdefault member initializers for bit-fields only available with ‘[01m[K-std=c++20[m[K’ or ‘[01m[K-std=gnu++20[m[K’
[5.968s]    44 |     uint8_t is_big_energy : 1 [01;35m[K=[m[K false;
[5.968s]       |                               [01;35m[K^[m[K
[5.968s] [01m[K/home/seldon/Documents/gitrepo/rm.cv.std.ros2_transplant/install/aimer_base/include/robot.hpp:45:36:[m[K [01;35m[Kwarning: [m[Kdefault member initializers for bit-fields only available with ‘[01m[K-std=c++20[m[K’ or ‘[01m[K-std=gnu++20[m[K’
[5.968s]    45 |     ::ProgramMode program_mode : 6 [01;35m[K=[m[K ::ProgramMode::NOT_RECEIVED;
[5.968s]       |                                    [01;35m[K^[m[K
[6.037s] [ 85%] [32m[1mLinking CXX executable enemy_predictor_node[0m
[6.826s] [ 85%] Built target enemy_predictor_node
[7.987s] In file included from [01m[K/home/seldon/Documents/gitrepo/rm.cv.std.ros2_transplant/src/autoaim/enemy_predictor_node/./predictor/enemy/enemy_state.hpp:14[m[K,
[7.987s]                  from [01m[K/home/seldon/Documents/gitrepo/rm.cv.std.ros2_transplant/src/autoaim/enemy_predictor_node/./predictor/motion/top_model.hpp:15[m[K,
[7.987s]                  from [01m[K/home/seldon/Documents/gitrepo/rm.cv.std.ros2_transplant/src/autoaim/enemy_predictor_node/./predictor/motion/top4_model.hpp:5[m[K,
[7.987s]                  from [01m[K/home/seldon/Documents/gitrepo/rm.cv.std.ros2_transplant/src/autoaim/enemy_predictor_node/predictor/motion/top4_model.cpp:1[m[K:
[7.987s] [01m[K/home/seldon/Documents/gitrepo/rm.cv.std.ros2_transplant/install/aimer_base/include/robot.hpp:43:34:[m[K [01;35m[Kwarning: [m[Kdefault member initializers for bit-fields only available with ‘[01m[K-std=c++20[m[K’ or ‘[01m[K-std=gnu++20[m[K’
[7.987s]    43 |     ::EnemyColor enemy_color : 1 [01;35m[K=[m[K ::EnemyColor::BLUE; // 这是字节
[7.987s]       |                                  [01;35m[K^[m[K
[7.987s] [01m[K/home/seldon/Documents/gitrepo/rm.cv.std.ros2_transplant/install/aimer_base/include/robot.hpp:44:31:[m[K [01;35m[Kwarning: [m[Kdefault member initializers for bit-fields only available with ‘[01m[K-std=c++20[m[K’ or ‘[01m[K-std=gnu++20[m[K’
[7.987s]    44 |     uint8_t is_big_energy : 1 [01;35m[K=[m[K false;
[7.987s]       |                               [01;35m[K^[m[K
[7.987s] [01m[K/home/seldon/Documents/gitrepo/rm.cv.std.ros2_transplant/install/aimer_base/include/robot.hpp:45:36:[m[K [01;35m[Kwarning: [m[Kdefault member initializers for bit-fields only available with ‘[01m[K-std=c++20[m[K’ or ‘[01m[K-std=gnu++20[m[K’
[7.987s]    45 |     ::ProgramMode program_mode : 6 [01;35m[K=[m[K ::ProgramMode::NOT_RECEIVED;
[7.987s]       |                                    [01;35m[K^[m[K
[8.068s] In file included from [01m[K/home/seldon/Documents/gitrepo/rm.cv.std.ros2_transplant/src/autoaim/enemy_predictor_node/./predictor/enemy/enemy_state.hpp:14[m[K,
[8.068s]                  from [01m[K/home/seldon/Documents/gitrepo/rm.cv.std.ros2_transplant/src/autoaim/enemy_predictor_node/./predictor/motion/top_model.hpp:15[m[K,
[8.068s]                  from [01m[K/home/seldon/Documents/gitrepo/rm.cv.std.ros2_transplant/src/autoaim/enemy_predictor_node/predictor/motion/top_model.cpp:1[m[K:
[8.068s] [01m[K/home/seldon/Documents/gitrepo/rm.cv.std.ros2_transplant/install/aimer_base/include/robot.hpp:43:34:[m[K [01;35m[Kwarning: [m[Kdefault member initializers for bit-fields only available with ‘[01m[K-std=c++20[m[K’ or ‘[01m[K-std=gnu++20[m[K’
[8.068s]    43 |     ::EnemyColor enemy_color : 1 [01;35m[K=[m[K ::EnemyColor::BLUE; // 这是字节
[8.068s]       |                                  [01;35m[K^[m[K
[8.068s] [01m[K/home/seldon/Documents/gitrepo/rm.cv.std.ros2_transplant/install/aimer_base/include/robot.hpp:44:31:[m[K [01;35m[Kwarning: [m[Kdefault member initializers for bit-fields only available with ‘[01m[K-std=c++20[m[K’ or ‘[01m[K-std=gnu++20[m[K’
[8.068s]    44 |     uint8_t is_big_energy : 1 [01;35m[K=[m[K false;
[8.068s]       |                               [01;35m[K^[m[K
[8.068s] [01m[K/home/seldon/Documents/gitrepo/rm.cv.std.ros2_transplant/install/aimer_base/include/robot.hpp:45:36:[m[K [01;35m[Kwarning: [m[Kdefault member initializers for bit-fields only available with ‘[01m[K-std=c++20[m[K’ or ‘[01m[K-std=gnu++20[m[K’
[8.069s]    45 |     ::ProgramMode program_mode : 6 [01;35m[K=[m[K ::ProgramMode::NOT_RECEIVED;
[8.069s]       |                                    [01;35m[K^[m[K
[8.334s] [01m[K/home/seldon/Documents/gitrepo/rm.cv.std.ros2_transplant/src/autoaim/enemy_predictor_node/predictor/enemy_predictor/enemy_predictor.cpp:[m[K In member function ‘[01m[Kvoid aimer::EnemyPredictor::update_database(const aimer::DetectionResult&)[m[K’:
[8.334s] [01m[K/home/seldon/Documents/gitrepo/rm.cv.std.ros2_transplant/src/autoaim/enemy_predictor_node/predictor/enemy_predictor/enemy_predictor.cpp:558:64:[m[K [01;35m[Kwarning: [m[K‘[01m[Kaimer::DetectedArmor aimer::DetectedFixer::fixed(const aimer::DetectedArmor&)[m[K’ is deprecated [[01;35m[K]8;;https://gcc.gnu.org/onlinedocs/gcc/Warning-Options.html#index-Wdeprecated-declarations-Wdeprecated-declarations]8;;[m[K]
[8.334s]   558 |         aimer::DetectedArmor fixed = [01;35m[Kthis->detected_fixer.fixed(d)[m[K;
[8.334s]       |                                      [01;35m[K~~~~~~~~~~~~~~~~~~~~~~~~~~^~~[m[K
[8.334s] In file included from [01m[K/home/seldon/Documents/gitrepo/rm.cv.std.ros2_transplant/src/autoaim/enemy_predictor_node/predictor/enemy_predictor/enemy_predictor.cpp:1[m[K:
[8.334s] [01m[K/home/seldon/Documents/gitrepo/rm.cv.std.ros2_transplant/src/autoaim/enemy_predictor_node/./predictor/enemy_predictor/enemy_predictor.hpp:61:41:[m[K [01;36m[Knote: [m[Kdeclared here
[8.334s]    61 |     [[deprecated]] aimer::DetectedArmor [01;36m[Kfixed[m[K(const aimer::DetectedArmor& detected) {
[8.334s]       |                                         [01;36m[K^~~~~[m[K
[14.250s] [ 90%] [32m[1mLinking CXX shared library libpredictor_lib.so[0m
[14.567s] lto-wrapper: warning: using serial compilation of 7 LTRANS jobs
[18.764s] [ 90%] Built target predictor_lib
[18.772s] [ 95%] [32mBuilding CXX object CMakeFiles/enemy_predictor.dir/src/predictor_node.cpp.o[0m
[27.130s] [100%] [32m[1mLinking CXX shared library libenemy_predictor.so[0m
[27.522s] lto-wrapper: warning: using serial compilation of 7 LTRANS jobs
[31.353s] [100%] Built target enemy_predictor
[31.365s] Invoked command in '/home/seldon/Documents/gitrepo/rm.cv.std.ros2_transplant/build/enemy_predictor' returned '0': CMAKE_PREFIX_PATH=/home/seldon/Documents/gitrepo/rm.cv.std.ros2_transplant/install/ros2addon:/home/seldon/Documents/gitrepo/rm.cv.std.ros2_transplant/install/my_interfaces:/home/seldon/Documents/gitrepo/rm.cv.std.ros2_transplant/install/aimer_base:/home/seldon/Documents/gitrepo/rm.cv.std.ros2_transplant/install/sensor:/home/seldon/Documents/gitrepo/rm.cv.std.ros2_transplant/install/enemy_predictor:/home/seldon/Documents/gitrepo/rm.cv.std.ros2_transplant/install/armor_detector:/home/seldon/Documents/gitrepo/rm.cv.std.ros2_transplant/install/record:/home/seldon/Documents/gitrepo/rm.cv.std.ros2_transplant/install/param:/home/seldon/Documents/gitrepo/rm.cv.std.ros2_transplant/install/io_debug_v2:/home/seldon/Documents/gitrepo/rm.cv.std.ros2_transplant/install/file_io:/home/seldon/Documents/gitrepo/rm.cv.std.ros2_transplant/install/fast_record:/home/seldon/Documents/gitrepo/rm.cv.std.ros2_transplant/install/coreio:/home/seldon/Documents/gitrepo/rm.cv.std.ros2_transplant/install/calib:/home/seldon/Documents/gitrepo/rm.cv.std.ros2_transplant/install/web_debugger:/opt/ros/humble LD_LIBRARY_PATH=/home/seldon/Documents/gitrepo/rm.cv.std.ros2_transplant/install/ros2addon/lib:/home/seldon/Documents/gitrepo/rm.cv.std.ros2_transplant/install/my_interfaces/lib:/home/seldon/Documents/gitrepo/rm.cv.std.ros2_transplant/install/aimer_base/lib:/home/seldon/Documents/gitrepo/rm.cv.std.ros2_transplant/install/sensor/lib:/home/seldon/Documents/gitrepo/rm.cv.std.ros2_transplant/install/enemy_predictor/lib:/home/seldon/Documents/gitrepo/rm.cv.std.ros2_transplant/install/armor_detector/lib:/home/seldon/Documents/gitrepo/rm.cv.std.ros2_transplant/install/record/lib:/home/seldon/Documents/gitrepo/rm.cv.std.ros2_transplant/install/io_debug_v2/lib:/home/seldon/Documents/gitrepo/rm.cv.std.ros2_transplant/install/file_io/lib:/home/seldon/Documents/gitrepo/rm.cv.std.ros2_transplant/install/fast_record/lib:/home/seldon/Documents/gitrepo/rm.cv.std.ros2_transplant/install/coreio/lib:/home/seldon/Documents/gitrepo/rm.cv.std.ros2_transplant/install/calib/lib:/usr/local/cuda/lib64:/opt/MVS/lib/64:/opt/MVS/lib/32:/usr/local/cuda/lib64:/usr/local/cuda/lib64:/opt/MVS/lib/64:/opt/MVS/lib/32:/opt/ros/humble/opt/rviz_ogre_vendor/lib:/opt/ros/humble/lib/x86_64-linux-gnu:/opt/ros/humble/lib:/usr/local/cuda/lib64:/opt/MVS/lib/64:/opt/MVS/lib/32:/opt/MVS/lib/64:/opt/MVS/lib/32 /usr/bin/cmake --build /home/seldon/Documents/gitrepo/rm.cv.std.ros2_transplant/build/enemy_predictor -- -j20 -l20
[31.382s] Invoking command in '/home/seldon/Documents/gitrepo/rm.cv.std.ros2_transplant/build/enemy_predictor': CMAKE_PREFIX_PATH=/home/seldon/Documents/gitrepo/rm.cv.std.ros2_transplant/install/ros2addon:/home/seldon/Documents/gitrepo/rm.cv.std.ros2_transplant/install/my_interfaces:/home/seldon/Documents/gitrepo/rm.cv.std.ros2_transplant/install/aimer_base:/home/seldon/Documents/gitrepo/rm.cv.std.ros2_transplant/install/sensor:/home/seldon/Documents/gitrepo/rm.cv.std.ros2_transplant/install/enemy_predictor:/home/seldon/Documents/gitrepo/rm.cv.std.ros2_transplant/install/armor_detector:/home/seldon/Documents/gitrepo/rm.cv.std.ros2_transplant/install/record:/home/seldon/Documents/gitrepo/rm.cv.std.ros2_transplant/install/param:/home/seldon/Documents/gitrepo/rm.cv.std.ros2_transplant/install/io_debug_v2:/home/seldon/Documents/gitrepo/rm.cv.std.ros2_transplant/install/file_io:/home/seldon/Documents/gitrepo/rm.cv.std.ros2_transplant/install/fast_record:/home/seldon/Documents/gitrepo/rm.cv.std.ros2_transplant/install/coreio:/home/seldon/Documents/gitrepo/rm.cv.std.ros2_transplant/install/calib:/home/seldon/Documents/gitrepo/rm.cv.std.ros2_transplant/install/web_debugger:/opt/ros/humble LD_LIBRARY_PATH=/home/seldon/Documents/gitrepo/rm.cv.std.ros2_transplant/install/ros2addon/lib:/home/seldon/Documents/gitrepo/rm.cv.std.ros2_transplant/install/my_interfaces/lib:/home/seldon/Documents/gitrepo/rm.cv.std.ros2_transplant/install/aimer_base/lib:/home/seldon/Documents/gitrepo/rm.cv.std.ros2_transplant/install/sensor/lib:/home/seldon/Documents/gitrepo/rm.cv.std.ros2_transplant/install/enemy_predictor/lib:/home/seldon/Documents/gitrepo/rm.cv.std.ros2_transplant/install/armor_detector/lib:/home/seldon/Documents/gitrepo/rm.cv.std.ros2_transplant/install/record/lib:/home/seldon/Documents/gitrepo/rm.cv.std.ros2_transplant/install/io_debug_v2/lib:/home/seldon/Documents/gitrepo/rm.cv.std.ros2_transplant/install/file_io/lib:/home/seldon/Documents/gitrepo/rm.cv.std.ros2_transplant/install/fast_record/lib:/home/seldon/Documents/gitrepo/rm.cv.std.ros2_transplant/install/coreio/lib:/home/seldon/Documents/gitrepo/rm.cv.std.ros2_transplant/install/calib/lib:/usr/local/cuda/lib64:/opt/MVS/lib/64:/opt/MVS/lib/32:/usr/local/cuda/lib64:/usr/local/cuda/lib64:/opt/MVS/lib/64:/opt/MVS/lib/32:/opt/ros/humble/opt/rviz_ogre_vendor/lib:/opt/ros/humble/lib/x86_64-linux-gnu:/opt/ros/humble/lib:/usr/local/cuda/lib64:/opt/MVS/lib/64:/opt/MVS/lib/32:/opt/MVS/lib/64:/opt/MVS/lib/32 /usr/bin/cmake --install /home/seldon/Documents/gitrepo/rm.cv.std.ros2_transplant/build/enemy_predictor
[31.385s] -- Install configuration: "Release"
[31.385s] -- Installing: /home/seldon/Documents/gitrepo/rm.cv.std.ros2_transplant/install/enemy_predictor/lib/enemy_predictor/enemy_predictor_node
[31.385s] -- Set runtime path of "/home/seldon/Documents/gitrepo/rm.cv.std.ros2_transplant/install/enemy_predictor/lib/enemy_predictor/enemy_predictor_node" to ""
[31.385s] -- Installing: /home/seldon/Documents/gitrepo/rm.cv.std.ros2_transplant/install/enemy_predictor/share/enemy_predictor/environment/library_path.sh
[31.385s] -- Installing: /home/seldon/Documents/gitrepo/rm.cv.std.ros2_transplant/install/enemy_predictor/share/enemy_predictor/environment/library_path.dsv
[31.385s] -- Installing: /home/seldon/Documents/gitrepo/rm.cv.std.ros2_transplant/install/enemy_predictor/lib/libenemy_predictor.so
[31.386s] -- Set runtime path of "/home/seldon/Documents/gitrepo/rm.cv.std.ros2_transplant/install/enemy_predictor/lib/libenemy_predictor.so" to ""
[31.386s] -- Installing: /home/seldon/Documents/gitrepo/rm.cv.std.ros2_transplant/install/enemy_predictor/share/ament_index/resource_index/package_run_dependencies/enemy_predictor
[31.386s] -- Installing: /home/seldon/Documents/gitrepo/rm.cv.std.ros2_transplant/install/enemy_predictor/share/ament_index/resource_index/parent_prefix_path/enemy_predictor
[31.386s] -- Installing: /home/seldon/Documents/gitrepo/rm.cv.std.ros2_transplant/install/enemy_predictor/share/enemy_predictor/environment/ament_prefix_path.sh
[31.386s] -- Installing: /home/seldon/Documents/gitrepo/rm.cv.std.ros2_transplant/install/enemy_predictor/share/enemy_predictor/environment/ament_prefix_path.dsv
[31.386s] -- Installing: /home/seldon/Documents/gitrepo/rm.cv.std.ros2_transplant/install/enemy_predictor/share/enemy_predictor/environment/path.sh
[31.386s] -- Installing: /home/seldon/Documents/gitrepo/rm.cv.std.ros2_transplant/install/enemy_predictor/share/enemy_predictor/environment/path.dsv
[31.386s] -- Installing: /home/seldon/Documents/gitrepo/rm.cv.std.ros2_transplant/install/enemy_predictor/share/enemy_predictor/local_setup.bash
[31.386s] -- Installing: /home/seldon/Documents/gitrepo/rm.cv.std.ros2_transplant/install/enemy_predictor/share/enemy_predictor/local_setup.sh
[31.387s] -- Installing: /home/seldon/Documents/gitrepo/rm.cv.std.ros2_transplant/install/enemy_predictor/share/enemy_predictor/local_setup.zsh
[31.387s] -- Installing: /home/seldon/Documents/gitrepo/rm.cv.std.ros2_transplant/install/enemy_predictor/share/enemy_predictor/local_setup.dsv
[31.387s] -- Installing: /home/seldon/Documents/gitrepo/rm.cv.std.ros2_transplant/install/enemy_predictor/share/enemy_predictor/package.dsv
[31.387s] -- Installing: /home/seldon/Documents/gitrepo/rm.cv.std.ros2_transplant/install/enemy_predictor/share/ament_index/resource_index/packages/enemy_predictor
[31.387s] -- Installing: /home/seldon/Documents/gitrepo/rm.cv.std.ros2_transplant/install/enemy_predictor/share/ament_index/resource_index/rclcpp_components/enemy_predictor
[31.387s] -- Installing: /home/seldon/Documents/gitrepo/rm.cv.std.ros2_transplant/install/enemy_predictor/share/enemy_predictor/cmake/ament_cmake_export_dependencies-extras.cmake
[31.387s] -- Installing: /home/seldon/Documents/gitrepo/rm.cv.std.ros2_transplant/install/enemy_predictor/share/enemy_predictor/cmake/ament_cmake_export_libraries-extras.cmake
[31.387s] -- Installing: /home/seldon/Documents/gitrepo/rm.cv.std.ros2_transplant/install/enemy_predictor/share/enemy_predictor/cmake/enemy_predictorConfig.cmake
[31.387s] -- Installing: /home/seldon/Documents/gitrepo/rm.cv.std.ros2_transplant/install/enemy_predictor/share/enemy_predictor/cmake/enemy_predictorConfig-version.cmake
[31.387s] -- Installing: /home/seldon/Documents/gitrepo/rm.cv.std.ros2_transplant/install/enemy_predictor/share/enemy_predictor/package.xml
[31.387s] -- Installing: /home/seldon/Documents/gitrepo/rm.cv.std.ros2_transplant/install/enemy_predictor/lib/libpredictor_lib.so
[31.387s] -- Set runtime path of "/home/seldon/Documents/gitrepo/rm.cv.std.ros2_transplant/install/enemy_predictor/lib/libpredictor_lib.so" to ""
[31.388s] Invoked command in '/home/seldon/Documents/gitrepo/rm.cv.std.ros2_transplant/build/enemy_predictor' returned '0': CMAKE_PREFIX_PATH=/home/seldon/Documents/gitrepo/rm.cv.std.ros2_transplant/install/ros2addon:/home/seldon/Documents/gitrepo/rm.cv.std.ros2_transplant/install/my_interfaces:/home/seldon/Documents/gitrepo/rm.cv.std.ros2_transplant/install/aimer_base:/home/seldon/Documents/gitrepo/rm.cv.std.ros2_transplant/install/sensor:/home/seldon/Documents/gitrepo/rm.cv.std.ros2_transplant/install/enemy_predictor:/home/seldon/Documents/gitrepo/rm.cv.std.ros2_transplant/install/armor_detector:/home/seldon/Documents/gitrepo/rm.cv.std.ros2_transplant/install/record:/home/seldon/Documents/gitrepo/rm.cv.std.ros2_transplant/install/param:/home/seldon/Documents/gitrepo/rm.cv.std.ros2_transplant/install/io_debug_v2:/home/seldon/Documents/gitrepo/rm.cv.std.ros2_transplant/install/file_io:/home/seldon/Documents/gitrepo/rm.cv.std.ros2_transplant/install/fast_record:/home/seldon/Documents/gitrepo/rm.cv.std.ros2_transplant/install/coreio:/home/seldon/Documents/gitrepo/rm.cv.std.ros2_transplant/install/calib:/home/seldon/Documents/gitrepo/rm.cv.std.ros2_transplant/install/web_debugger:/opt/ros/humble LD_LIBRARY_PATH=/home/seldon/Documents/gitrepo/rm.cv.std.ros2_transplant/install/ros2addon/lib:/home/seldon/Documents/gitrepo/rm.cv.std.ros2_transplant/install/my_interfaces/lib:/home/seldon/Documents/gitrepo/rm.cv.std.ros2_transplant/install/aimer_base/lib:/home/seldon/Documents/gitrepo/rm.cv.std.ros2_transplant/install/sensor/lib:/home/seldon/Documents/gitrepo/rm.cv.std.ros2_transplant/install/enemy_predictor/lib:/home/seldon/Documents/gitrepo/rm.cv.std.ros2_transplant/install/armor_detector/lib:/home/seldon/Documents/gitrepo/rm.cv.std.ros2_transplant/install/record/lib:/home/seldon/Documents/gitrepo/rm.cv.std.ros2_transplant/install/io_debug_v2/lib:/home/seldon/Documents/gitrepo/rm.cv.std.ros2_transplant/install/file_io/lib:/home/seldon/Documents/gitrepo/rm.cv.std.ros2_transplant/install/fast_record/lib:/home/seldon/Documents/gitrepo/rm.cv.std.ros2_transplant/install/coreio/lib:/home/seldon/Documents/gitrepo/rm.cv.std.ros2_transplant/install/calib/lib:/usr/local/cuda/lib64:/opt/MVS/lib/64:/opt/MVS/lib/32:/usr/local/cuda/lib64:/usr/local/cuda/lib64:/opt/MVS/lib/64:/opt/MVS/lib/32:/opt/ros/humble/opt/rviz_ogre_vendor/lib:/opt/ros/humble/lib/x86_64-linux-gnu:/opt/ros/humble/lib:/usr/local/cuda/lib64:/opt/MVS/lib/64:/opt/MVS/lib/32:/opt/MVS/lib/64:/opt/MVS/lib/32 /usr/bin/cmake --install /home/seldon/Documents/gitrepo/rm.cv.std.ros2_transplant/build/enemy_predictor
