[0.539s] Invoking command in '/home/seldon/Documents/gitrepo/rm.cv.std.ros2_transplant/src/web_debugger': PYTHONPATH=/home/seldon/Documents/gitrepo/rm.cv.std.ros2_transplant/build/web_debugger/prefix_override:/home/seldon/Documents/gitrepo/rm.cv.std.ros2_transplant/install/web_debugger/lib/python3.10/site-packages:${PYTHONPATH} /usr/bin/python3 setup.py egg_info --egg-base ../../build/web_debugger build --build-base /home/seldon/Documents/gitrepo/rm.cv.std.ros2_transplant/build/web_debugger/build install --record /home/seldon/Documents/gitrepo/rm.cv.std.ros2_transplant/build/web_debugger/install.log --single-version-externally-managed
[0.712s] running egg_info
[0.713s] creating ../../build/web_debugger/web_debugger.egg-info
[0.713s] writing ../../build/web_debugger/web_debugger.egg-info/PKG-INFO
[0.713s] writing dependency_links to ../../build/web_debugger/web_debugger.egg-info/dependency_links.txt
[0.713s] writing entry points to ../../build/web_debugger/web_debugger.egg-info/entry_points.txt
[0.713s] writing requirements to ../../build/web_debugger/web_debugger.egg-info/requires.txt
[0.713s] writing top-level names to ../../build/web_debugger/web_debugger.egg-info/top_level.txt
[0.714s] writing manifest file '../../build/web_debugger/web_debugger.egg-info/SOURCES.txt'
[0.715s] reading manifest file '../../build/web_debugger/web_debugger.egg-info/SOURCES.txt'
[0.715s] adding license file 'LICENSE'
[0.715s] writing manifest file '../../build/web_debugger/web_debugger.egg-info/SOURCES.txt'
[0.715s] running build
[0.715s] running build_py
[0.716s] creating /home/seldon/Documents/gitrepo/rm.cv.std.ros2_transplant/build/web_debugger/build
[0.716s] creating /home/seldon/Documents/gitrepo/rm.cv.std.ros2_transplant/build/web_debugger/build/lib
[0.716s] creating /home/seldon/Documents/gitrepo/rm.cv.std.ros2_transplant/build/web_debugger/build/lib/web_debugger
[0.716s] copying web_debugger/web_debugger.py -> /home/seldon/Documents/gitrepo/rm.cv.std.ros2_transplant/build/web_debugger/build/lib/web_debugger
[0.716s] copying web_debugger/__init__.py -> /home/seldon/Documents/gitrepo/rm.cv.std.ros2_transplant/build/web_debugger/build/lib/web_debugger
[0.716s] running install
[0.716s] running install_lib
[0.716s] creating /home/seldon/Documents/gitrepo/rm.cv.std.ros2_transplant/install/web_debugger/lib/python3.10/site-packages/web_debugger
[0.716s] copying /home/seldon/Documents/gitrepo/rm.cv.std.ros2_transplant/build/web_debugger/build/lib/web_debugger/web_debugger.py -> /home/seldon/Documents/gitrepo/rm.cv.std.ros2_transplant/install/web_debugger/lib/python3.10/site-packages/web_debugger
[0.716s] copying /home/seldon/Documents/gitrepo/rm.cv.std.ros2_transplant/build/web_debugger/build/lib/web_debugger/__init__.py -> /home/seldon/Documents/gitrepo/rm.cv.std.ros2_transplant/install/web_debugger/lib/python3.10/site-packages/web_debugger
[0.716s] byte-compiling /home/seldon/Documents/gitrepo/rm.cv.std.ros2_transplant/install/web_debugger/lib/python3.10/site-packages/web_debugger/web_debugger.py to web_debugger.cpython-310.pyc
[0.717s] byte-compiling /home/seldon/Documents/gitrepo/rm.cv.std.ros2_transplant/install/web_debugger/lib/python3.10/site-packages/web_debugger/__init__.py to __init__.cpython-310.pyc
[0.717s] running install_data
[0.718s] creating /home/seldon/Documents/gitrepo/rm.cv.std.ros2_transplant/install/web_debugger/share/ament_index
[0.718s] creating /home/seldon/Documents/gitrepo/rm.cv.std.ros2_transplant/install/web_debugger/share/ament_index/resource_index
[0.718s] creating /home/seldon/Documents/gitrepo/rm.cv.std.ros2_transplant/install/web_debugger/share/ament_index/resource_index/packages
[0.718s] copying resource/web_debugger -> /home/seldon/Documents/gitrepo/rm.cv.std.ros2_transplant/install/web_debugger/share/ament_index/resource_index/packages
[0.718s] copying package.xml -> /home/seldon/Documents/gitrepo/rm.cv.std.ros2_transplant/install/web_debugger/share/web_debugger
[0.718s] running install_egg_info
[0.719s] Copying ../../build/web_debugger/web_debugger.egg-info to /home/seldon/Documents/gitrepo/rm.cv.std.ros2_transplant/install/web_debugger/lib/python3.10/site-packages/web_debugger-0.0.0-py3.10.egg-info
[0.719s] running install_scripts
[0.732s] Installing web_debugger script to /home/seldon/Documents/gitrepo/rm.cv.std.ros2_transplant/install/web_debugger/lib/web_debugger
[0.732s] writing list of installed files to '/home/seldon/Documents/gitrepo/rm.cv.std.ros2_transplant/build/web_debugger/install.log'
[0.749s] Invoked command in '/home/seldon/Documents/gitrepo/rm.cv.std.ros2_transplant/src/web_debugger' returned '0': PYTHONPATH=/home/seldon/Documents/gitrepo/rm.cv.std.ros2_transplant/build/web_debugger/prefix_override:/home/seldon/Documents/gitrepo/rm.cv.std.ros2_transplant/install/web_debugger/lib/python3.10/site-packages:${PYTHONPATH} /usr/bin/python3 setup.py egg_info --egg-base ../../build/web_debugger build --build-base /home/seldon/Documents/gitrepo/rm.cv.std.ros2_transplant/build/web_debugger/build install --record /home/seldon/Documents/gitrepo/rm.cv.std.ros2_transplant/build/web_debugger/install.log --single-version-externally-managed
