[0.045s] Invoking command in '/home/seldon/Documents/gitrepo/rm.cv.std.ros2_transplant/build/record': AMENT_PREFIX_PATH=/home/seldon/Documents/gitrepo/rm.cv.std.ros2_transplant/install/my_interfaces:${AMENT_PREFIX_PATH} CMAKE_PREFIX_PATH=/home/seldon/Documents/gitrepo/rm.cv.std.ros2_transplant/install/my_interfaces:/opt/ros/humble LD_LIBRARY_PATH=/home/seldon/Documents/gitrepo/rm.cv.std.ros2_transplant/install/my_interfaces/lib:/usr/local/cuda/lib64:/opt/MVS/lib/64:/opt/MVS/lib/32:/usr/local/cuda/lib64:/usr/local/cuda/lib64:/opt/MVS/lib/64:/opt/MVS/lib/32:/opt/ros/humble/opt/rviz_ogre_vendor/lib:/opt/ros/humble/lib/x86_64-linux-gnu:/opt/ros/humble/lib:/usr/local/cuda/lib64:/opt/MVS/lib/64:/opt/MVS/lib/32:/opt/MVS/lib/64:/opt/MVS/lib/32 PYTHONPATH=/home/seldon/Documents/gitrepo/rm.cv.std.ros2_transplant/install/my_interfaces/local/lib/python3.10/dist-packages:${PYTHONPATH} /usr/bin/cmake /home/seldon/Documents/gitrepo/rm.cv.std.ros2_transplant/src/record -DCMAKE_INSTALL_PREFIX=/home/seldon/Documents/gitrepo/rm.cv.std.ros2_transplant/install/record
[0.082s] -- The C compiler identification is GNU 11.4.0
[0.125s] -- The CXX compiler identification is GNU 11.4.0
[0.131s] -- Detecting C compiler ABI info
[0.165s] -- Detecting C compiler ABI info - done
[0.170s] -- Check for working C compiler: /usr/bin/cc - skipped
[0.170s] -- Detecting C compile features
[0.170s] -- Detecting C compile features - done
[0.172s] -- Detecting CXX compiler ABI info
[0.227s] -- Detecting CXX compiler ABI info - done
[0.232s] -- Check for working CXX compiler: /usr/bin/c++ - skipped
[0.233s] -- Detecting CXX compile features
[0.233s] -- Detecting CXX compile features - done
[0.236s] -- Found OpenCV: /usr/local (found suitable version "4.7.0", minimum required is "4") 
[0.241s] -- Found ament_cmake: 1.3.8 (/opt/ros/humble/share/ament_cmake/cmake)
[0.321s] -- Found Python3: /usr/bin/python3 (found version "3.10.12") found components: Interpreter 
[0.378s] -- Found rclcpp: 16.0.8 (/opt/ros/humble/share/rclcpp/cmake)
[0.405s] -- Found rosidl_generator_c: 3.1.5 (/opt/ros/humble/share/rosidl_generator_c/cmake)
[0.408s] -- Found rosidl_adapter: 3.1.5 (/opt/ros/humble/share/rosidl_adapter/cmake)
[0.413s] -- Found rosidl_generator_cpp: 3.1.5 (/opt/ros/humble/share/rosidl_generator_cpp/cmake)
[0.422s] -- Using all available rosidl_typesupport_c: rosidl_typesupport_fastrtps_c;rosidl_typesupport_introspection_c
[0.435s] -- Using all available rosidl_typesupport_cpp: rosidl_typesupport_fastrtps_cpp;rosidl_typesupport_introspection_cpp
[0.481s] -- Found rmw_implementation_cmake: 6.1.1 (/opt/ros/humble/share/rmw_implementation_cmake/cmake)
[0.482s] -- Found rmw_fastrtps_cpp: 6.2.6 (/opt/ros/humble/share/rmw_fastrtps_cpp/cmake)
[0.539s] -- Found OpenSSL: /usr/lib/x86_64-linux-gnu/libcrypto.so (found version "3.0.2")  
[0.558s] -- Found FastRTPS: /opt/ros/humble/include  
[0.590s] -- Using RMW implementation 'rmw_fastrtps_cpp' as default
[0.596s] -- Performing Test CMAKE_HAVE_LIBC_PTHREAD
[0.633s] -- Performing Test CMAKE_HAVE_LIBC_PTHREAD - Success
[0.634s] -- Found Threads: TRUE  
[0.746s] -- Found rclcpp_components: 16.0.8 (/opt/ros/humble/share/rclcpp_components/cmake)
[0.790s] -- Found my_interfaces: 0.0.0 (/home/seldon/Documents/gitrepo/rm.cv.std.ros2_transplant/install/my_interfaces/share/my_interfaces/cmake)
[0.978s] -- Found image_transport: 3.1.8 (/opt/ros/humble/share/image_transport/cmake)
[1.003s] -- Found camera_info_manager: 3.1.8 (/opt/ros/humble/share/camera_info_manager/cmake)
[1.034s] -- Found cv_bridge: 3.2.1 (/opt/ros/humble/share/cv_bridge/cmake)
[1.040s] -- Found ament_lint_auto: 0.12.10 (/opt/ros/humble/share/ament_lint_auto/cmake)
[1.090s] -- Added test 'cppcheck' to perform static code analysis on C / C++ code
[1.090s] -- Configured cppcheck include dirs: 
[1.090s] -- Configured cppcheck exclude dirs and/or files: 
[1.090s] -- Added test 'flake8' to check Python code syntax and style conventions
[1.091s] -- Added test 'lint_cmake' to check CMake code style
[1.091s] -- Added test 'pep257' to check Python code against some of the docstring style conventions in PEP 257
[1.092s] -- Added test 'uncrustify' to check C / C++ code style
[1.092s] -- Configured uncrustify additional arguments: 
[1.092s] -- Added test 'xmllint' to check XML markup files
[1.093s] -- Configuring done
[1.103s] -- Generating done
[1.105s] -- Build files have been written to: /home/seldon/Documents/gitrepo/rm.cv.std.ros2_transplant/build/record
[1.112s] Invoked command in '/home/seldon/Documents/gitrepo/rm.cv.std.ros2_transplant/build/record' returned '0': AMENT_PREFIX_PATH=/home/seldon/Documents/gitrepo/rm.cv.std.ros2_transplant/install/my_interfaces:${AMENT_PREFIX_PATH} CMAKE_PREFIX_PATH=/home/seldon/Documents/gitrepo/rm.cv.std.ros2_transplant/install/my_interfaces:/opt/ros/humble LD_LIBRARY_PATH=/home/seldon/Documents/gitrepo/rm.cv.std.ros2_transplant/install/my_interfaces/lib:/usr/local/cuda/lib64:/opt/MVS/lib/64:/opt/MVS/lib/32:/usr/local/cuda/lib64:/usr/local/cuda/lib64:/opt/MVS/lib/64:/opt/MVS/lib/32:/opt/ros/humble/opt/rviz_ogre_vendor/lib:/opt/ros/humble/lib/x86_64-linux-gnu:/opt/ros/humble/lib:/usr/local/cuda/lib64:/opt/MVS/lib/64:/opt/MVS/lib/32:/opt/MVS/lib/64:/opt/MVS/lib/32 PYTHONPATH=/home/seldon/Documents/gitrepo/rm.cv.std.ros2_transplant/install/my_interfaces/local/lib/python3.10/dist-packages:${PYTHONPATH} /usr/bin/cmake /home/seldon/Documents/gitrepo/rm.cv.std.ros2_transplant/src/record -DCMAKE_INSTALL_PREFIX=/home/seldon/Documents/gitrepo/rm.cv.std.ros2_transplant/install/record
[1.114s] Invoking command in '/home/seldon/Documents/gitrepo/rm.cv.std.ros2_transplant/build/record': AMENT_PREFIX_PATH=/home/seldon/Documents/gitrepo/rm.cv.std.ros2_transplant/install/my_interfaces:${AMENT_PREFIX_PATH} CMAKE_PREFIX_PATH=/home/seldon/Documents/gitrepo/rm.cv.std.ros2_transplant/install/my_interfaces:/opt/ros/humble LD_LIBRARY_PATH=/home/seldon/Documents/gitrepo/rm.cv.std.ros2_transplant/install/my_interfaces/lib:/usr/local/cuda/lib64:/opt/MVS/lib/64:/opt/MVS/lib/32:/usr/local/cuda/lib64:/usr/local/cuda/lib64:/opt/MVS/lib/64:/opt/MVS/lib/32:/opt/ros/humble/opt/rviz_ogre_vendor/lib:/opt/ros/humble/lib/x86_64-linux-gnu:/opt/ros/humble/lib:/usr/local/cuda/lib64:/opt/MVS/lib/64:/opt/MVS/lib/32:/opt/MVS/lib/64:/opt/MVS/lib/32 PYTHONPATH=/home/seldon/Documents/gitrepo/rm.cv.std.ros2_transplant/install/my_interfaces/local/lib/python3.10/dist-packages:${PYTHONPATH} /usr/bin/cmake --build /home/seldon/Documents/gitrepo/rm.cv.std.ros2_transplant/build/record -- -j20 -l20
[1.136s] [ 50%] [32mBuilding CXX object CMakeFiles/record_node.dir/rclcpp_components/node_main_record_node.cpp.o[0m
[1.136s] [ 50%] [32mBuilding CXX object CMakeFiles/record.dir/src/record.cpp.o[0m
[4.313s] [ 75%] [32m[1mLinking CXX executable record_node[0m
[4.516s] [ 75%] Built target record_node
[5.344s] In file included from [01m[K/home/seldon/Documents/gitrepo/rm.cv.std.ros2_transplant/src/record/src/record.cpp:32[m[K:
[5.344s] [01m[K/opt/ros/humble/include/image_transport/image_transport/image_transport.h:32:89:[m[K [01;36m[Knote: [m[K‘[01m[K#pragma message: Warning: This header is deprecated. Use 'image_transport.hpp' instead[m[K’
[5.344s]    32 | #pragma message ("Warning: This header is deprecated. Use 'image_transport.hpp' instead"[01;36m[K)[m[K
[5.344s]       |                                                                                         [01;36m[K^[m[K
[6.369s] [01m[K/home/seldon/Documents/gitrepo/rm.cv.std.ros2_transplant/src/record/src/record.cpp:[m[K In member function ‘[01m[Kvoid recorder::RecordNode::img_subcallback(sensor_msgs::msg::Image_<std::allocator<void> >::ConstSharedPtr, sensor_msgs::msg::CameraInfo_<std::allocator<void> >::ConstSharedPtr)[m[K’:
[6.370s] [01m[K/home/seldon/Documents/gitrepo/rm.cv.std.ros2_transplant/src/record/src/record.cpp:222:56:[m[K [01;35m[Kwarning: [m[Kunused parameter ‘[01m[Kcam_info[m[K’ [[01;35m[K]8;;https://gcc.gnu.org/onlinedocs/gcc/Warning-Options.html#index-Wunused-parameter-Wunused-parameter]8;;[m[K]
[6.370s]   222 |     [01;35m[Kconst sensor_msgs::msg::CameraInfo::ConstSharedPtr cam_info[m[K
[6.370s]       |     [01;35m[K~~~~~~~~~~~~~~~~~~~~~~~~~~~~~~~~~~~~~~~~~~~~~~~~~~~^~~~~~~~[m[K
[14.033s] [100%] [32m[1mLinking CXX shared library librecord.so[0m
[15.002s] [100%] Built target record
[15.010s] Invoked command in '/home/seldon/Documents/gitrepo/rm.cv.std.ros2_transplant/build/record' returned '0': AMENT_PREFIX_PATH=/home/seldon/Documents/gitrepo/rm.cv.std.ros2_transplant/install/my_interfaces:${AMENT_PREFIX_PATH} CMAKE_PREFIX_PATH=/home/seldon/Documents/gitrepo/rm.cv.std.ros2_transplant/install/my_interfaces:/opt/ros/humble LD_LIBRARY_PATH=/home/seldon/Documents/gitrepo/rm.cv.std.ros2_transplant/install/my_interfaces/lib:/usr/local/cuda/lib64:/opt/MVS/lib/64:/opt/MVS/lib/32:/usr/local/cuda/lib64:/usr/local/cuda/lib64:/opt/MVS/lib/64:/opt/MVS/lib/32:/opt/ros/humble/opt/rviz_ogre_vendor/lib:/opt/ros/humble/lib/x86_64-linux-gnu:/opt/ros/humble/lib:/usr/local/cuda/lib64:/opt/MVS/lib/64:/opt/MVS/lib/32:/opt/MVS/lib/64:/opt/MVS/lib/32 PYTHONPATH=/home/seldon/Documents/gitrepo/rm.cv.std.ros2_transplant/install/my_interfaces/local/lib/python3.10/dist-packages:${PYTHONPATH} /usr/bin/cmake --build /home/seldon/Documents/gitrepo/rm.cv.std.ros2_transplant/build/record -- -j20 -l20
[15.037s] Invoking command in '/home/seldon/Documents/gitrepo/rm.cv.std.ros2_transplant/build/record': AMENT_PREFIX_PATH=/home/seldon/Documents/gitrepo/rm.cv.std.ros2_transplant/install/my_interfaces:${AMENT_PREFIX_PATH} CMAKE_PREFIX_PATH=/home/seldon/Documents/gitrepo/rm.cv.std.ros2_transplant/install/my_interfaces:/opt/ros/humble LD_LIBRARY_PATH=/home/seldon/Documents/gitrepo/rm.cv.std.ros2_transplant/install/my_interfaces/lib:/usr/local/cuda/lib64:/opt/MVS/lib/64:/opt/MVS/lib/32:/usr/local/cuda/lib64:/usr/local/cuda/lib64:/opt/MVS/lib/64:/opt/MVS/lib/32:/opt/ros/humble/opt/rviz_ogre_vendor/lib:/opt/ros/humble/lib/x86_64-linux-gnu:/opt/ros/humble/lib:/usr/local/cuda/lib64:/opt/MVS/lib/64:/opt/MVS/lib/32:/opt/MVS/lib/64:/opt/MVS/lib/32 PYTHONPATH=/home/seldon/Documents/gitrepo/rm.cv.std.ros2_transplant/install/my_interfaces/local/lib/python3.10/dist-packages:${PYTHONPATH} /usr/bin/cmake --install /home/seldon/Documents/gitrepo/rm.cv.std.ros2_transplant/build/record
[15.041s] -- Install configuration: ""
[15.041s] -- Installing: /home/seldon/Documents/gitrepo/rm.cv.std.ros2_transplant/install/record/lib/librecord.so
[15.051s] -- Set runtime path of "/home/seldon/Documents/gitrepo/rm.cv.std.ros2_transplant/install/record/lib/librecord.so" to ""
[15.051s] -- Installing: /home/seldon/Documents/gitrepo/rm.cv.std.ros2_transplant/install/record/lib/record/record_node
[15.052s] -- Set runtime path of "/home/seldon/Documents/gitrepo/rm.cv.std.ros2_transplant/install/record/lib/record/record_node" to ""
[15.052s] -- Installing: /home/seldon/Documents/gitrepo/rm.cv.std.ros2_transplant/install/record/share/record/launch
[15.052s] -- Installing: /home/seldon/Documents/gitrepo/rm.cv.std.ros2_transplant/install/record/share/record/launch/launch.record.py
[15.052s] -- Installing: /home/seldon/Documents/gitrepo/rm.cv.std.ros2_transplant/install/record/share/ament_index/resource_index/package_run_dependencies/record
[15.052s] -- Installing: /home/seldon/Documents/gitrepo/rm.cv.std.ros2_transplant/install/record/share/ament_index/resource_index/parent_prefix_path/record
[15.052s] -- Installing: /home/seldon/Documents/gitrepo/rm.cv.std.ros2_transplant/install/record/share/record/environment/ament_prefix_path.sh
[15.053s] -- Installing: /home/seldon/Documents/gitrepo/rm.cv.std.ros2_transplant/install/record/share/record/environment/ament_prefix_path.dsv
[15.053s] -- Installing: /home/seldon/Documents/gitrepo/rm.cv.std.ros2_transplant/install/record/share/record/environment/path.sh
[15.053s] -- Installing: /home/seldon/Documents/gitrepo/rm.cv.std.ros2_transplant/install/record/share/record/environment/path.dsv
[15.053s] -- Installing: /home/seldon/Documents/gitrepo/rm.cv.std.ros2_transplant/install/record/share/record/local_setup.bash
[15.053s] -- Installing: /home/seldon/Documents/gitrepo/rm.cv.std.ros2_transplant/install/record/share/record/local_setup.sh
[15.053s] -- Installing: /home/seldon/Documents/gitrepo/rm.cv.std.ros2_transplant/install/record/share/record/local_setup.zsh
[15.053s] -- Installing: /home/seldon/Documents/gitrepo/rm.cv.std.ros2_transplant/install/record/share/record/local_setup.dsv
[15.053s] -- Installing: /home/seldon/Documents/gitrepo/rm.cv.std.ros2_transplant/install/record/share/record/package.dsv
[15.054s] -- Installing: /home/seldon/Documents/gitrepo/rm.cv.std.ros2_transplant/install/record/share/ament_index/resource_index/packages/record
[15.054s] -- Installing: /home/seldon/Documents/gitrepo/rm.cv.std.ros2_transplant/install/record/share/ament_index/resource_index/rclcpp_components/record
[15.054s] -- Installing: /home/seldon/Documents/gitrepo/rm.cv.std.ros2_transplant/install/record/share/record/cmake/recordConfig.cmake
[15.054s] -- Installing: /home/seldon/Documents/gitrepo/rm.cv.std.ros2_transplant/install/record/share/record/cmake/recordConfig-version.cmake
[15.054s] -- Installing: /home/seldon/Documents/gitrepo/rm.cv.std.ros2_transplant/install/record/share/record/package.xml
[15.064s] Invoked command in '/home/seldon/Documents/gitrepo/rm.cv.std.ros2_transplant/build/record' returned '0': AMENT_PREFIX_PATH=/home/seldon/Documents/gitrepo/rm.cv.std.ros2_transplant/install/my_interfaces:${AMENT_PREFIX_PATH} CMAKE_PREFIX_PATH=/home/seldon/Documents/gitrepo/rm.cv.std.ros2_transplant/install/my_interfaces:/opt/ros/humble LD_LIBRARY_PATH=/home/seldon/Documents/gitrepo/rm.cv.std.ros2_transplant/install/my_interfaces/lib:/usr/local/cuda/lib64:/opt/MVS/lib/64:/opt/MVS/lib/32:/usr/local/cuda/lib64:/usr/local/cuda/lib64:/opt/MVS/lib/64:/opt/MVS/lib/32:/opt/ros/humble/opt/rviz_ogre_vendor/lib:/opt/ros/humble/lib/x86_64-linux-gnu:/opt/ros/humble/lib:/usr/local/cuda/lib64:/opt/MVS/lib/64:/opt/MVS/lib/32:/opt/MVS/lib/64:/opt/MVS/lib/32 PYTHONPATH=/home/seldon/Documents/gitrepo/rm.cv.std.ros2_transplant/install/my_interfaces/local/lib/python3.10/dist-packages:${PYTHONPATH} /usr/bin/cmake --install /home/seldon/Documents/gitrepo/rm.cv.std.ros2_transplant/build/record
