-- The C compiler identification is GNU 11.4.0
-- The CXX compiler identification is GNU 11.4.0
-- Detecting C compiler ABI info
-- Detecting C compiler ABI info - done
-- Check for working C compiler: /usr/bin/cc - skipped
-- Detecting C compile features
-- Detecting C compile features - done
-- Detecting CXX compiler ABI info
-- Detecting CXX compiler ABI info - done
-- Check for working CXX compiler: /usr/bin/c++ - skipped
-- Detecting CXX compile features
-- Detecting CXX compile features - done
-- Found ament_cmake: 1.3.8 (/opt/ros/humble/share/ament_cmake/cmake)
-- Found Python3: /usr/bin/python3 (found version "3.10.12") found components: Interpreter 
-- Found rclcpp: 16.0.8 (/opt/ros/humble/share/rclcpp/cmake)
-- Found rosidl_generator_c: 3.1.5 (/opt/ros/humble/share/rosidl_generator_c/cmake)
-- Found rosidl_adapter: 3.1.5 (/opt/ros/humble/share/rosidl_adapter/cmake)
-- Found rosidl_generator_cpp: 3.1.5 (/opt/ros/humble/share/rosidl_generator_cpp/cmake)
-- Using all available rosidl_typesupport_c: rosidl_typesupport_fastrtps_c;rosidl_typesupport_introspection_c
-- Using all available rosidl_typesupport_cpp: rosidl_typesupport_fastrtps_cpp;rosidl_typesupport_introspection_cpp
-- Found rmw_implementation_cmake: 6.1.1 (/opt/ros/humble/share/rmw_implementation_cmake/cmake)
-- Found rmw_fastrtps_cpp: 6.2.6 (/opt/ros/humble/share/rmw_fastrtps_cpp/cmake)
-- Found OpenSSL: /usr/lib/x86_64-linux-gnu/libcrypto.so (found version "3.0.2")  
-- Found FastRTPS: /opt/ros/humble/include  
-- Using RMW implementation 'rmw_fastrtps_cpp' as default
-- Performing Test CMAKE_HAVE_LIBC_PTHREAD
-- Performing Test CMAKE_HAVE_LIBC_PTHREAD - Success
-- Found Threads: TRUE  
-- Found my_interfaces: 0.0.0 (/home/seldon/Documents/gitrepo/rm.cv.std.ros2_transplant/install/my_interfaces/share/my_interfaces/cmake)
-- Found rclcpp_components: 16.0.8 (/opt/ros/humble/share/rclcpp_components/cmake)
-- Found ament_lint_auto: 0.12.10 (/opt/ros/humble/share/ament_lint_auto/cmake)
-- Added test 'cppcheck' to perform static code analysis on C / C++ code
-- Configured cppcheck include dirs: $<BUILD_INTERFACE:/home/seldon/Documents/gitrepo/rm.cv.std.ros2_transplant/src/coreio/>
-- Configured cppcheck exclude dirs and/or files: 
-- Added test 'lint_cmake' to check CMake code style
-- Added test 'uncrustify' to check C / C++ code style
-- Configured uncrustify additional arguments: 
-- Added test 'xmllint' to check XML markup files
-- Configuring done
-- Generating done
-- Build files have been written to: /home/seldon/Documents/gitrepo/rm.cv.std.ros2_transplant/build/coreio
[  6%] [32mBuilding CXX object minipc_comm/utils/CMakeFiles/utils.dir/connect.cpp.o[0m
[ 13%] [32mBuilding CXX object minipc_comm/utils/CMakeFiles/utils.dir/crc.cpp.o[0m
[ 20%] [32mBuilding CXX object minipc_comm/utils/CMakeFiles/utils.dir/fifo_buffer.cpp.o[0m
[ 26%] [32mBuilding CXX object CMakeFiles/MiniPC_Node.dir/rclcpp_components/node_main_MiniPC_Node.cpp.o[0m
[ 40%] [32mBuilding CXX object serial/CMakeFiles/serial.dir/src/serial.cc.o[0m
[ 46%] [32mBuilding CXX object serial/CMakeFiles/serial.dir/src/impl/list_ports/list_ports_linux.cc.o[0m
[ 46%] [32mBuilding CXX object serial/CMakeFiles/serial.dir/src/impl/unix.cc.o[0m
[ 53%] [32m[1mLinking CXX static library libutils.a[0m
[ 53%] Built target utils
[ 60%] [32mBuilding CXX object minipc_comm/CMakeFiles/minipc_comm.dir/robot_comm_middleware.cpp.o[0m
[ 66%] [32mBuilding CXX object minipc_comm/CMakeFiles/minipc_comm.dir/minipc_comm.cpp.o[0m
[ 73%] [32m[1mLinking CXX static library libminipc_comm.a[0m
[ 80%] [32m[1mLinking CXX static library libserial.a[0m
[ 80%] Built target minipc_comm
[ 80%] Built target serial
[ 86%] [32mBuilding CXX object CMakeFiles/MiniPC.dir/src/minipc_node.cpp.o[0m
[ 93%] [32m[1mLinking CXX executable MiniPC_Node[0m
[ 93%] Built target MiniPC_Node
[100%] [32m[1mLinking CXX shared library libMiniPC.so[0m
[100%] Built target MiniPC
-- Install configuration: ""
-- Installing: /home/seldon/Documents/gitrepo/rm.cv.std.ros2_transplant/install/coreio/lib/libMiniPC.so
-- Set runtime path of "/home/seldon/Documents/gitrepo/rm.cv.std.ros2_transplant/install/coreio/lib/libMiniPC.so" to ""
-- Installing: /home/seldon/Documents/gitrepo/rm.cv.std.ros2_transplant/install/coreio/lib/coreio/MiniPC_Node
-- Set runtime path of "/home/seldon/Documents/gitrepo/rm.cv.std.ros2_transplant/install/coreio/lib/coreio/MiniPC_Node" to ""
-- Installing: /home/seldon/Documents/gitrepo/rm.cv.std.ros2_transplant/install/coreio/share/ament_index/resource_index/package_run_dependencies/coreio
-- Installing: /home/seldon/Documents/gitrepo/rm.cv.std.ros2_transplant/install/coreio/share/ament_index/resource_index/parent_prefix_path/coreio
-- Installing: /home/seldon/Documents/gitrepo/rm.cv.std.ros2_transplant/install/coreio/share/coreio/environment/ament_prefix_path.sh
-- Installing: /home/seldon/Documents/gitrepo/rm.cv.std.ros2_transplant/install/coreio/share/coreio/environment/ament_prefix_path.dsv
-- Installing: /home/seldon/Documents/gitrepo/rm.cv.std.ros2_transplant/install/coreio/share/coreio/environment/path.sh
-- Installing: /home/seldon/Documents/gitrepo/rm.cv.std.ros2_transplant/install/coreio/share/coreio/environment/path.dsv
-- Installing: /home/seldon/Documents/gitrepo/rm.cv.std.ros2_transplant/install/coreio/share/coreio/local_setup.bash
-- Installing: /home/seldon/Documents/gitrepo/rm.cv.std.ros2_transplant/install/coreio/share/coreio/local_setup.sh
-- Installing: /home/seldon/Documents/gitrepo/rm.cv.std.ros2_transplant/install/coreio/share/coreio/local_setup.zsh
-- Installing: /home/seldon/Documents/gitrepo/rm.cv.std.ros2_transplant/install/coreio/share/coreio/local_setup.dsv
-- Installing: /home/seldon/Documents/gitrepo/rm.cv.std.ros2_transplant/install/coreio/share/coreio/package.dsv
-- Installing: /home/seldon/Documents/gitrepo/rm.cv.std.ros2_transplant/install/coreio/share/ament_index/resource_index/packages/coreio
-- Installing: /home/seldon/Documents/gitrepo/rm.cv.std.ros2_transplant/install/coreio/share/ament_index/resource_index/rclcpp_components/coreio
-- Installing: /home/seldon/Documents/gitrepo/rm.cv.std.ros2_transplant/install/coreio/share/coreio/cmake/coreioConfig.cmake
-- Installing: /home/seldon/Documents/gitrepo/rm.cv.std.ros2_transplant/install/coreio/share/coreio/cmake/coreioConfig-version.cmake
-- Installing: /home/seldon/Documents/gitrepo/rm.cv.std.ros2_transplant/install/coreio/share/coreio/package.xml
-- Installing: /home/seldon/Documents/gitrepo/rm.cv.std.ros2_transplant/install/coreio/lib/libserial.a
