[0.054s] Invoking command in '/home/seldon/Documents/gitrepo/rm.cv.std.ros2_transplant/build/record': CMAKE_PREFIX_PATH=/home/seldon/Documents/gitrepo/rm.cv.std.ros2_transplant/install/my_interfaces:/home/seldon/Documents/gitrepo/rm.cv.std.ros2_transplant/install/sensor:/home/seldon/Documents/gitrepo/rm.cv.std.ros2_transplant/install/enemy_predictor:/home/seldon/Documents/gitrepo/rm.cv.std.ros2_transplant/install/armor_detector:/home/seldon/Documents/gitrepo/rm.cv.std.ros2_transplant/install/ros2addon:/home/seldon/Documents/gitrepo/rm.cv.std.ros2_transplant/install/record:/home/seldon/Documents/gitrepo/rm.cv.std.ros2_transplant/install/param:/home/seldon/Documents/gitrepo/rm.cv.std.ros2_transplant/install/io_debug_v2:/home/seldon/Documents/gitrepo/rm.cv.std.ros2_transplant/install/file_io:/home/seldon/Documents/gitrepo/rm.cv.std.ros2_transplant/install/fast_record:/home/seldon/Documents/gitrepo/rm.cv.std.ros2_transplant/install/coreio:/home/seldon/Documents/gitrepo/rm.cv.std.ros2_transplant/install/calib:/home/seldon/Documents/gitrepo/rm.cv.std.ros2_transplant/install/aimer_base:/home/seldon/Documents/gitrepo/rm.cv.std.ros2_transplant/install/web_debugger:/opt/ros/humble LD_LIBRARY_PATH=/home/seldon/Documents/gitrepo/rm.cv.std.ros2_transplant/install/my_interfaces/lib:/home/seldon/Documents/gitrepo/rm.cv.std.ros2_transplant/install/sensor/lib:/home/seldon/Documents/gitrepo/rm.cv.std.ros2_transplant/install/enemy_predictor/lib:/home/seldon/Documents/gitrepo/rm.cv.std.ros2_transplant/install/armor_detector/lib:/home/seldon/Documents/gitrepo/rm.cv.std.ros2_transplant/install/ros2addon/lib:/home/seldon/Documents/gitrepo/rm.cv.std.ros2_transplant/install/record/lib:/home/seldon/Documents/gitrepo/rm.cv.std.ros2_transplant/install/io_debug_v2/lib:/home/seldon/Documents/gitrepo/rm.cv.std.ros2_transplant/install/file_io/lib:/home/seldon/Documents/gitrepo/rm.cv.std.ros2_transplant/install/fast_record/lib:/home/seldon/Documents/gitrepo/rm.cv.std.ros2_transplant/install/coreio/lib:/home/seldon/Documents/gitrepo/rm.cv.std.ros2_transplant/install/calib/lib:/home/seldon/Documents/gitrepo/rm.cv.std.ros2_transplant/install/aimer_base/lib:/usr/local/cuda/lib64:/opt/MVS/lib/64:/opt/MVS/lib/32:/usr/local/cuda/lib64:/usr/local/cuda/lib64:/opt/MVS/lib/64:/opt/MVS/lib/32:/opt/ros/humble/opt/rviz_ogre_vendor/lib:/opt/ros/humble/lib/x86_64-linux-gnu:/opt/ros/humble/lib:/usr/local/cuda/lib64:/opt/MVS/lib/64:/opt/MVS/lib/32:/opt/MVS/lib/64:/opt/MVS/lib/32 /usr/bin/cmake /home/seldon/Documents/gitrepo/rm.cv.std.ros2_transplant/src/record -DCMAKE_INSTALL_PREFIX=/home/seldon/Documents/gitrepo/rm.cv.std.ros2_transplant/install/record
[0.084s] -- The C compiler identification is GNU 11.4.0
[0.123s] -- The CXX compiler identification is GNU 11.4.0
[0.130s] -- Detecting C compiler ABI info
[0.171s] -- Detecting C compiler ABI info - done
[0.178s] -- Check for working C compiler: /usr/bin/cc - skipped
[0.178s] -- Detecting C compile features
[0.178s] -- Detecting C compile features - done
[0.180s] -- Detecting CXX compiler ABI info
[0.227s] -- Detecting CXX compiler ABI info - done
[0.232s] -- Check for working CXX compiler: /usr/bin/c++ - skipped
[0.233s] -- Detecting CXX compile features
[0.233s] -- Detecting CXX compile features - done
[0.236s] -- Found OpenCV: /usr/local (found suitable version "4.7.0", minimum required is "4") 
[0.242s] -- Found ament_cmake: 1.3.8 (/opt/ros/humble/share/ament_cmake/cmake)
[0.333s] -- Found Python3: /usr/bin/python3 (found version "3.10.12") found components: Interpreter 
[0.391s] -- Found rclcpp: 16.0.8 (/opt/ros/humble/share/rclcpp/cmake)
[0.418s] -- Found rosidl_generator_c: 3.1.5 (/opt/ros/humble/share/rosidl_generator_c/cmake)
[0.421s] -- Found rosidl_adapter: 3.1.5 (/opt/ros/humble/share/rosidl_adapter/cmake)
[0.427s] -- Found rosidl_generator_cpp: 3.1.5 (/opt/ros/humble/share/rosidl_generator_cpp/cmake)
[0.436s] -- Using all available rosidl_typesupport_c: rosidl_typesupport_fastrtps_c;rosidl_typesupport_introspection_c
[0.449s] -- Using all available rosidl_typesupport_cpp: rosidl_typesupport_fastrtps_cpp;rosidl_typesupport_introspection_cpp
[0.495s] -- Found rmw_implementation_cmake: 6.1.1 (/opt/ros/humble/share/rmw_implementation_cmake/cmake)
[0.497s] -- Found rmw_fastrtps_cpp: 6.2.6 (/opt/ros/humble/share/rmw_fastrtps_cpp/cmake)
[0.556s] -- Found OpenSSL: /usr/lib/x86_64-linux-gnu/libcrypto.so (found version "3.0.2")  
[0.575s] -- Found FastRTPS: /opt/ros/humble/include  
[0.608s] -- Using RMW implementation 'rmw_fastrtps_cpp' as default
[0.615s] -- Performing Test CMAKE_HAVE_LIBC_PTHREAD
[0.652s] -- Performing Test CMAKE_HAVE_LIBC_PTHREAD - Success
[0.653s] -- Found Threads: TRUE  
[0.779s] -- Found rclcpp_components: 16.0.8 (/opt/ros/humble/share/rclcpp_components/cmake)
[0.824s] -- Found my_interfaces: 0.0.0 (/home/seldon/Documents/gitrepo/rm.cv.std.ros2_transplant/install/my_interfaces/share/my_interfaces/cmake)
[1.019s] -- Found image_transport: 3.1.8 (/opt/ros/humble/share/image_transport/cmake)
[1.048s] -- Found camera_info_manager: 3.1.8 (/opt/ros/humble/share/camera_info_manager/cmake)
[1.081s] -- Found cv_bridge: 3.2.1 (/opt/ros/humble/share/cv_bridge/cmake)
[1.090s] -- Found ament_lint_auto: 0.12.10 (/opt/ros/humble/share/ament_lint_auto/cmake)
[1.192s] -- Added test 'cppcheck' to perform static code analysis on C / C++ code
[1.193s] -- Configured cppcheck include dirs: 
[1.193s] -- Configured cppcheck exclude dirs and/or files: 
[1.193s] -- Added test 'flake8' to check Python code syntax and style conventions
[1.199s] -- Added test 'lint_cmake' to check CMake code style
[1.200s] -- Added test 'pep257' to check Python code against some of the docstring style conventions in PEP 257
[1.201s] -- Added test 'uncrustify' to check C / C++ code style
[1.201s] -- Configured uncrustify additional arguments: 
[1.202s] -- Added test 'xmllint' to check XML markup files
[1.209s] -- Configuring done
[1.244s] -- Generating done
[1.246s] -- Build files have been written to: /home/seldon/Documents/gitrepo/rm.cv.std.ros2_transplant/build/record
[1.260s] Invoked command in '/home/seldon/Documents/gitrepo/rm.cv.std.ros2_transplant/build/record' returned '0': CMAKE_PREFIX_PATH=/home/seldon/Documents/gitrepo/rm.cv.std.ros2_transplant/install/my_interfaces:/home/seldon/Documents/gitrepo/rm.cv.std.ros2_transplant/install/sensor:/home/seldon/Documents/gitrepo/rm.cv.std.ros2_transplant/install/enemy_predictor:/home/seldon/Documents/gitrepo/rm.cv.std.ros2_transplant/install/armor_detector:/home/seldon/Documents/gitrepo/rm.cv.std.ros2_transplant/install/ros2addon:/home/seldon/Documents/gitrepo/rm.cv.std.ros2_transplant/install/record:/home/seldon/Documents/gitrepo/rm.cv.std.ros2_transplant/install/param:/home/seldon/Documents/gitrepo/rm.cv.std.ros2_transplant/install/io_debug_v2:/home/seldon/Documents/gitrepo/rm.cv.std.ros2_transplant/install/file_io:/home/seldon/Documents/gitrepo/rm.cv.std.ros2_transplant/install/fast_record:/home/seldon/Documents/gitrepo/rm.cv.std.ros2_transplant/install/coreio:/home/seldon/Documents/gitrepo/rm.cv.std.ros2_transplant/install/calib:/home/seldon/Documents/gitrepo/rm.cv.std.ros2_transplant/install/aimer_base:/home/seldon/Documents/gitrepo/rm.cv.std.ros2_transplant/install/web_debugger:/opt/ros/humble LD_LIBRARY_PATH=/home/seldon/Documents/gitrepo/rm.cv.std.ros2_transplant/install/my_interfaces/lib:/home/seldon/Documents/gitrepo/rm.cv.std.ros2_transplant/install/sensor/lib:/home/seldon/Documents/gitrepo/rm.cv.std.ros2_transplant/install/enemy_predictor/lib:/home/seldon/Documents/gitrepo/rm.cv.std.ros2_transplant/install/armor_detector/lib:/home/seldon/Documents/gitrepo/rm.cv.std.ros2_transplant/install/ros2addon/lib:/home/seldon/Documents/gitrepo/rm.cv.std.ros2_transplant/install/record/lib:/home/seldon/Documents/gitrepo/rm.cv.std.ros2_transplant/install/io_debug_v2/lib:/home/seldon/Documents/gitrepo/rm.cv.std.ros2_transplant/install/file_io/lib:/home/seldon/Documents/gitrepo/rm.cv.std.ros2_transplant/install/fast_record/lib:/home/seldon/Documents/gitrepo/rm.cv.std.ros2_transplant/install/coreio/lib:/home/seldon/Documents/gitrepo/rm.cv.std.ros2_transplant/install/calib/lib:/home/seldon/Documents/gitrepo/rm.cv.std.ros2_transplant/install/aimer_base/lib:/usr/local/cuda/lib64:/opt/MVS/lib/64:/opt/MVS/lib/32:/usr/local/cuda/lib64:/usr/local/cuda/lib64:/opt/MVS/lib/64:/opt/MVS/lib/32:/opt/ros/humble/opt/rviz_ogre_vendor/lib:/opt/ros/humble/lib/x86_64-linux-gnu:/opt/ros/humble/lib:/usr/local/cuda/lib64:/opt/MVS/lib/64:/opt/MVS/lib/32:/opt/MVS/lib/64:/opt/MVS/lib/32 /usr/bin/cmake /home/seldon/Documents/gitrepo/rm.cv.std.ros2_transplant/src/record -DCMAKE_INSTALL_PREFIX=/home/seldon/Documents/gitrepo/rm.cv.std.ros2_transplant/install/record
[1.261s] Invoking command in '/home/seldon/Documents/gitrepo/rm.cv.std.ros2_transplant/build/record': CMAKE_PREFIX_PATH=/home/seldon/Documents/gitrepo/rm.cv.std.ros2_transplant/install/my_interfaces:/home/seldon/Documents/gitrepo/rm.cv.std.ros2_transplant/install/sensor:/home/seldon/Documents/gitrepo/rm.cv.std.ros2_transplant/install/enemy_predictor:/home/seldon/Documents/gitrepo/rm.cv.std.ros2_transplant/install/armor_detector:/home/seldon/Documents/gitrepo/rm.cv.std.ros2_transplant/install/ros2addon:/home/seldon/Documents/gitrepo/rm.cv.std.ros2_transplant/install/record:/home/seldon/Documents/gitrepo/rm.cv.std.ros2_transplant/install/param:/home/seldon/Documents/gitrepo/rm.cv.std.ros2_transplant/install/io_debug_v2:/home/seldon/Documents/gitrepo/rm.cv.std.ros2_transplant/install/file_io:/home/seldon/Documents/gitrepo/rm.cv.std.ros2_transplant/install/fast_record:/home/seldon/Documents/gitrepo/rm.cv.std.ros2_transplant/install/coreio:/home/seldon/Documents/gitrepo/rm.cv.std.ros2_transplant/install/calib:/home/seldon/Documents/gitrepo/rm.cv.std.ros2_transplant/install/aimer_base:/home/seldon/Documents/gitrepo/rm.cv.std.ros2_transplant/install/web_debugger:/opt/ros/humble LD_LIBRARY_PATH=/home/seldon/Documents/gitrepo/rm.cv.std.ros2_transplant/install/my_interfaces/lib:/home/seldon/Documents/gitrepo/rm.cv.std.ros2_transplant/install/sensor/lib:/home/seldon/Documents/gitrepo/rm.cv.std.ros2_transplant/install/enemy_predictor/lib:/home/seldon/Documents/gitrepo/rm.cv.std.ros2_transplant/install/armor_detector/lib:/home/seldon/Documents/gitrepo/rm.cv.std.ros2_transplant/install/ros2addon/lib:/home/seldon/Documents/gitrepo/rm.cv.std.ros2_transplant/install/record/lib:/home/seldon/Documents/gitrepo/rm.cv.std.ros2_transplant/install/io_debug_v2/lib:/home/seldon/Documents/gitrepo/rm.cv.std.ros2_transplant/install/file_io/lib:/home/seldon/Documents/gitrepo/rm.cv.std.ros2_transplant/install/fast_record/lib:/home/seldon/Documents/gitrepo/rm.cv.std.ros2_transplant/install/coreio/lib:/home/seldon/Documents/gitrepo/rm.cv.std.ros2_transplant/install/calib/lib:/home/seldon/Documents/gitrepo/rm.cv.std.ros2_transplant/install/aimer_base/lib:/usr/local/cuda/lib64:/opt/MVS/lib/64:/opt/MVS/lib/32:/usr/local/cuda/lib64:/usr/local/cuda/lib64:/opt/MVS/lib/64:/opt/MVS/lib/32:/opt/ros/humble/opt/rviz_ogre_vendor/lib:/opt/ros/humble/lib/x86_64-linux-gnu:/opt/ros/humble/lib:/usr/local/cuda/lib64:/opt/MVS/lib/64:/opt/MVS/lib/32:/opt/MVS/lib/64:/opt/MVS/lib/32 /usr/bin/cmake --build /home/seldon/Documents/gitrepo/rm.cv.std.ros2_transplant/build/record -- -j20 -l20
[1.297s] [ 25%] [32mBuilding CXX object CMakeFiles/record.dir/src/record.cpp.o[0m
[1.310s] [ 50%] [32mBuilding CXX object CMakeFiles/record_node.dir/rclcpp_components/node_main_record_node.cpp.o[0m
[4.846s] [ 75%] [32m[1mLinking CXX executable record_node[0m
[5.014s] [ 75%] Built target record_node
[5.207s] In file included from [01m[K/home/seldon/Documents/gitrepo/rm.cv.std.ros2_transplant/src/record/src/record.cpp:32[m[K:
[5.207s] [01m[K/opt/ros/humble/include/image_transport/image_transport/image_transport.h:32:89:[m[K [01;36m[Knote: [m[K‘[01m[K#pragma message: Warning: This header is deprecated. Use 'image_transport.hpp' instead[m[K’
[5.207s]    32 | #pragma message ("Warning: This header is deprecated. Use 'image_transport.hpp' instead"[01;36m[K)[m[K
[5.207s]       |                                                                                         [01;36m[K^[m[K
[6.338s] [01m[K/home/seldon/Documents/gitrepo/rm.cv.std.ros2_transplant/src/record/src/record.cpp:[m[K In member function ‘[01m[Kvoid recorder::RecordNode::img_subcallback(sensor_msgs::msg::Image_<std::allocator<void> >::ConstSharedPtr, sensor_msgs::msg::CameraInfo_<std::allocator<void> >::ConstSharedPtr)[m[K’:
[6.338s] [01m[K/home/seldon/Documents/gitrepo/rm.cv.std.ros2_transplant/src/record/src/record.cpp:222:56:[m[K [01;35m[Kwarning: [m[Kunused parameter ‘[01m[Kcam_info[m[K’ [[01;35m[K]8;;https://gcc.gnu.org/onlinedocs/gcc/Warning-Options.html#index-Wunused-parameter-Wunused-parameter]8;;[m[K]
[6.338s]   222 |     [01;35m[Kconst sensor_msgs::msg::CameraInfo::ConstSharedPtr cam_info[m[K
[6.338s]       |     [01;35m[K~~~~~~~~~~~~~~~~~~~~~~~~~~~~~~~~~~~~~~~~~~~~~~~~~~~^~~~~~~~[m[K
[15.519s] [100%] [32m[1mLinking CXX shared library librecord.so[0m
[16.248s] [100%] Built target record
[16.252s] Invoked command in '/home/seldon/Documents/gitrepo/rm.cv.std.ros2_transplant/build/record' returned '0': CMAKE_PREFIX_PATH=/home/seldon/Documents/gitrepo/rm.cv.std.ros2_transplant/install/my_interfaces:/home/seldon/Documents/gitrepo/rm.cv.std.ros2_transplant/install/sensor:/home/seldon/Documents/gitrepo/rm.cv.std.ros2_transplant/install/enemy_predictor:/home/seldon/Documents/gitrepo/rm.cv.std.ros2_transplant/install/armor_detector:/home/seldon/Documents/gitrepo/rm.cv.std.ros2_transplant/install/ros2addon:/home/seldon/Documents/gitrepo/rm.cv.std.ros2_transplant/install/record:/home/seldon/Documents/gitrepo/rm.cv.std.ros2_transplant/install/param:/home/seldon/Documents/gitrepo/rm.cv.std.ros2_transplant/install/io_debug_v2:/home/seldon/Documents/gitrepo/rm.cv.std.ros2_transplant/install/file_io:/home/seldon/Documents/gitrepo/rm.cv.std.ros2_transplant/install/fast_record:/home/seldon/Documents/gitrepo/rm.cv.std.ros2_transplant/install/coreio:/home/seldon/Documents/gitrepo/rm.cv.std.ros2_transplant/install/calib:/home/seldon/Documents/gitrepo/rm.cv.std.ros2_transplant/install/aimer_base:/home/seldon/Documents/gitrepo/rm.cv.std.ros2_transplant/install/web_debugger:/opt/ros/humble LD_LIBRARY_PATH=/home/seldon/Documents/gitrepo/rm.cv.std.ros2_transplant/install/my_interfaces/lib:/home/seldon/Documents/gitrepo/rm.cv.std.ros2_transplant/install/sensor/lib:/home/seldon/Documents/gitrepo/rm.cv.std.ros2_transplant/install/enemy_predictor/lib:/home/seldon/Documents/gitrepo/rm.cv.std.ros2_transplant/install/armor_detector/lib:/home/seldon/Documents/gitrepo/rm.cv.std.ros2_transplant/install/ros2addon/lib:/home/seldon/Documents/gitrepo/rm.cv.std.ros2_transplant/install/record/lib:/home/seldon/Documents/gitrepo/rm.cv.std.ros2_transplant/install/io_debug_v2/lib:/home/seldon/Documents/gitrepo/rm.cv.std.ros2_transplant/install/file_io/lib:/home/seldon/Documents/gitrepo/rm.cv.std.ros2_transplant/install/fast_record/lib:/home/seldon/Documents/gitrepo/rm.cv.std.ros2_transplant/install/coreio/lib:/home/seldon/Documents/gitrepo/rm.cv.std.ros2_transplant/install/calib/lib:/home/seldon/Documents/gitrepo/rm.cv.std.ros2_transplant/install/aimer_base/lib:/usr/local/cuda/lib64:/opt/MVS/lib/64:/opt/MVS/lib/32:/usr/local/cuda/lib64:/usr/local/cuda/lib64:/opt/MVS/lib/64:/opt/MVS/lib/32:/opt/ros/humble/opt/rviz_ogre_vendor/lib:/opt/ros/humble/lib/x86_64-linux-gnu:/opt/ros/humble/lib:/usr/local/cuda/lib64:/opt/MVS/lib/64:/opt/MVS/lib/32:/opt/MVS/lib/64:/opt/MVS/lib/32 /usr/bin/cmake --build /home/seldon/Documents/gitrepo/rm.cv.std.ros2_transplant/build/record -- -j20 -l20
[16.271s] Invoking command in '/home/seldon/Documents/gitrepo/rm.cv.std.ros2_transplant/build/record': CMAKE_PREFIX_PATH=/home/seldon/Documents/gitrepo/rm.cv.std.ros2_transplant/install/my_interfaces:/home/seldon/Documents/gitrepo/rm.cv.std.ros2_transplant/install/sensor:/home/seldon/Documents/gitrepo/rm.cv.std.ros2_transplant/install/enemy_predictor:/home/seldon/Documents/gitrepo/rm.cv.std.ros2_transplant/install/armor_detector:/home/seldon/Documents/gitrepo/rm.cv.std.ros2_transplant/install/ros2addon:/home/seldon/Documents/gitrepo/rm.cv.std.ros2_transplant/install/record:/home/seldon/Documents/gitrepo/rm.cv.std.ros2_transplant/install/param:/home/seldon/Documents/gitrepo/rm.cv.std.ros2_transplant/install/io_debug_v2:/home/seldon/Documents/gitrepo/rm.cv.std.ros2_transplant/install/file_io:/home/seldon/Documents/gitrepo/rm.cv.std.ros2_transplant/install/fast_record:/home/seldon/Documents/gitrepo/rm.cv.std.ros2_transplant/install/coreio:/home/seldon/Documents/gitrepo/rm.cv.std.ros2_transplant/install/calib:/home/seldon/Documents/gitrepo/rm.cv.std.ros2_transplant/install/aimer_base:/home/seldon/Documents/gitrepo/rm.cv.std.ros2_transplant/install/web_debugger:/opt/ros/humble LD_LIBRARY_PATH=/home/seldon/Documents/gitrepo/rm.cv.std.ros2_transplant/install/my_interfaces/lib:/home/seldon/Documents/gitrepo/rm.cv.std.ros2_transplant/install/sensor/lib:/home/seldon/Documents/gitrepo/rm.cv.std.ros2_transplant/install/enemy_predictor/lib:/home/seldon/Documents/gitrepo/rm.cv.std.ros2_transplant/install/armor_detector/lib:/home/seldon/Documents/gitrepo/rm.cv.std.ros2_transplant/install/ros2addon/lib:/home/seldon/Documents/gitrepo/rm.cv.std.ros2_transplant/install/record/lib:/home/seldon/Documents/gitrepo/rm.cv.std.ros2_transplant/install/io_debug_v2/lib:/home/seldon/Documents/gitrepo/rm.cv.std.ros2_transplant/install/file_io/lib:/home/seldon/Documents/gitrepo/rm.cv.std.ros2_transplant/install/fast_record/lib:/home/seldon/Documents/gitrepo/rm.cv.std.ros2_transplant/install/coreio/lib:/home/seldon/Documents/gitrepo/rm.cv.std.ros2_transplant/install/calib/lib:/home/seldon/Documents/gitrepo/rm.cv.std.ros2_transplant/install/aimer_base/lib:/usr/local/cuda/lib64:/opt/MVS/lib/64:/opt/MVS/lib/32:/usr/local/cuda/lib64:/usr/local/cuda/lib64:/opt/MVS/lib/64:/opt/MVS/lib/32:/opt/ros/humble/opt/rviz_ogre_vendor/lib:/opt/ros/humble/lib/x86_64-linux-gnu:/opt/ros/humble/lib:/usr/local/cuda/lib64:/opt/MVS/lib/64:/opt/MVS/lib/32:/opt/MVS/lib/64:/opt/MVS/lib/32 /usr/bin/cmake --install /home/seldon/Documents/gitrepo/rm.cv.std.ros2_transplant/build/record
[16.274s] -- Install configuration: ""
[16.274s] -- Installing: /home/seldon/Documents/gitrepo/rm.cv.std.ros2_transplant/install/record/lib/librecord.so
[16.281s] -- Set runtime path of "/home/seldon/Documents/gitrepo/rm.cv.std.ros2_transplant/install/record/lib/librecord.so" to ""
[16.281s] -- Installing: /home/seldon/Documents/gitrepo/rm.cv.std.ros2_transplant/install/record/lib/record/record_node
[16.281s] -- Set runtime path of "/home/seldon/Documents/gitrepo/rm.cv.std.ros2_transplant/install/record/lib/record/record_node" to ""
[16.281s] -- Installing: /home/seldon/Documents/gitrepo/rm.cv.std.ros2_transplant/install/record/share/record/launch
[16.281s] -- Installing: /home/seldon/Documents/gitrepo/rm.cv.std.ros2_transplant/install/record/share/record/launch/launch.record.py
[16.281s] -- Installing: /home/seldon/Documents/gitrepo/rm.cv.std.ros2_transplant/install/record/share/ament_index/resource_index/package_run_dependencies/record
[16.281s] -- Installing: /home/seldon/Documents/gitrepo/rm.cv.std.ros2_transplant/install/record/share/ament_index/resource_index/parent_prefix_path/record
[16.282s] -- Installing: /home/seldon/Documents/gitrepo/rm.cv.std.ros2_transplant/install/record/share/record/environment/ament_prefix_path.sh
[16.282s] -- Installing: /home/seldon/Documents/gitrepo/rm.cv.std.ros2_transplant/install/record/share/record/environment/ament_prefix_path.dsv
[16.282s] -- Installing: /home/seldon/Documents/gitrepo/rm.cv.std.ros2_transplant/install/record/share/record/environment/path.sh
[16.282s] -- Installing: /home/seldon/Documents/gitrepo/rm.cv.std.ros2_transplant/install/record/share/record/environment/path.dsv
[16.282s] -- Installing: /home/seldon/Documents/gitrepo/rm.cv.std.ros2_transplant/install/record/share/record/local_setup.bash
[16.282s] -- Installing: /home/seldon/Documents/gitrepo/rm.cv.std.ros2_transplant/install/record/share/record/local_setup.sh
[16.282s] -- Installing: /home/seldon/Documents/gitrepo/rm.cv.std.ros2_transplant/install/record/share/record/local_setup.zsh
[16.282s] -- Installing: /home/seldon/Documents/gitrepo/rm.cv.std.ros2_transplant/install/record/share/record/local_setup.dsv
[16.282s] -- Installing: /home/seldon/Documents/gitrepo/rm.cv.std.ros2_transplant/install/record/share/record/package.dsv
[16.282s] -- Installing: /home/seldon/Documents/gitrepo/rm.cv.std.ros2_transplant/install/record/share/ament_index/resource_index/packages/record
[16.282s] -- Installing: /home/seldon/Documents/gitrepo/rm.cv.std.ros2_transplant/install/record/share/ament_index/resource_index/rclcpp_components/record
[16.282s] -- Installing: /home/seldon/Documents/gitrepo/rm.cv.std.ros2_transplant/install/record/share/record/cmake/recordConfig.cmake
[16.283s] -- Installing: /home/seldon/Documents/gitrepo/rm.cv.std.ros2_transplant/install/record/share/record/cmake/recordConfig-version.cmake
[16.283s] -- Installing: /home/seldon/Documents/gitrepo/rm.cv.std.ros2_transplant/install/record/share/record/package.xml
[16.284s] Invoked command in '/home/seldon/Documents/gitrepo/rm.cv.std.ros2_transplant/build/record' returned '0': CMAKE_PREFIX_PATH=/home/seldon/Documents/gitrepo/rm.cv.std.ros2_transplant/install/my_interfaces:/home/seldon/Documents/gitrepo/rm.cv.std.ros2_transplant/install/sensor:/home/seldon/Documents/gitrepo/rm.cv.std.ros2_transplant/install/enemy_predictor:/home/seldon/Documents/gitrepo/rm.cv.std.ros2_transplant/install/armor_detector:/home/seldon/Documents/gitrepo/rm.cv.std.ros2_transplant/install/ros2addon:/home/seldon/Documents/gitrepo/rm.cv.std.ros2_transplant/install/record:/home/seldon/Documents/gitrepo/rm.cv.std.ros2_transplant/install/param:/home/seldon/Documents/gitrepo/rm.cv.std.ros2_transplant/install/io_debug_v2:/home/seldon/Documents/gitrepo/rm.cv.std.ros2_transplant/install/file_io:/home/seldon/Documents/gitrepo/rm.cv.std.ros2_transplant/install/fast_record:/home/seldon/Documents/gitrepo/rm.cv.std.ros2_transplant/install/coreio:/home/seldon/Documents/gitrepo/rm.cv.std.ros2_transplant/install/calib:/home/seldon/Documents/gitrepo/rm.cv.std.ros2_transplant/install/aimer_base:/home/seldon/Documents/gitrepo/rm.cv.std.ros2_transplant/install/web_debugger:/opt/ros/humble LD_LIBRARY_PATH=/home/seldon/Documents/gitrepo/rm.cv.std.ros2_transplant/install/my_interfaces/lib:/home/seldon/Documents/gitrepo/rm.cv.std.ros2_transplant/install/sensor/lib:/home/seldon/Documents/gitrepo/rm.cv.std.ros2_transplant/install/enemy_predictor/lib:/home/seldon/Documents/gitrepo/rm.cv.std.ros2_transplant/install/armor_detector/lib:/home/seldon/Documents/gitrepo/rm.cv.std.ros2_transplant/install/ros2addon/lib:/home/seldon/Documents/gitrepo/rm.cv.std.ros2_transplant/install/record/lib:/home/seldon/Documents/gitrepo/rm.cv.std.ros2_transplant/install/io_debug_v2/lib:/home/seldon/Documents/gitrepo/rm.cv.std.ros2_transplant/install/file_io/lib:/home/seldon/Documents/gitrepo/rm.cv.std.ros2_transplant/install/fast_record/lib:/home/seldon/Documents/gitrepo/rm.cv.std.ros2_transplant/install/coreio/lib:/home/seldon/Documents/gitrepo/rm.cv.std.ros2_transplant/install/calib/lib:/home/seldon/Documents/gitrepo/rm.cv.std.ros2_transplant/install/aimer_base/lib:/usr/local/cuda/lib64:/opt/MVS/lib/64:/opt/MVS/lib/32:/usr/local/cuda/lib64:/usr/local/cuda/lib64:/opt/MVS/lib/64:/opt/MVS/lib/32:/opt/ros/humble/opt/rviz_ogre_vendor/lib:/opt/ros/humble/lib/x86_64-linux-gnu:/opt/ros/humble/lib:/usr/local/cuda/lib64:/opt/MVS/lib/64:/opt/MVS/lib/32:/opt/MVS/lib/64:/opt/MVS/lib/32 /usr/bin/cmake --install /home/seldon/Documents/gitrepo/rm.cv.std.ros2_transplant/build/record
