[  9%] Built target enemy_predictor_node
[ 90%] Built target predictor_lib
[100%] Built target enemy_predictor
-- Install configuration: "Release"
-- Up-to-date: /home/seldon/Documents/gitrepo/rm.cv.std.ros2_transplant/install/enemy_predictor/lib/enemy_predictor/enemy_predictor_node
-- Up-to-date: /home/seldon/Documents/gitrepo/rm.cv.std.ros2_transplant/install/enemy_predictor/share/enemy_predictor/environment/library_path.sh
-- Up-to-date: /home/seldon/Documents/gitrepo/rm.cv.std.ros2_transplant/install/enemy_predictor/share/enemy_predictor/environment/library_path.dsv
-- Up-to-date: /home/seldon/Documents/gitrepo/rm.cv.std.ros2_transplant/install/enemy_predictor/lib/libenemy_predictor.so
-- Up-to-date: /home/seldon/Documents/gitrepo/rm.cv.std.ros2_transplant/install/enemy_predictor/share/ament_index/resource_index/package_run_dependencies/enemy_predictor
-- Up-to-date: /home/seldon/Documents/gitrepo/rm.cv.std.ros2_transplant/install/enemy_predictor/share/ament_index/resource_index/parent_prefix_path/enemy_predictor
-- Up-to-date: /home/seldon/Documents/gitrepo/rm.cv.std.ros2_transplant/install/enemy_predictor/share/enemy_predictor/environment/ament_prefix_path.sh
-- Up-to-date: /home/seldon/Documents/gitrepo/rm.cv.std.ros2_transplant/install/enemy_predictor/share/enemy_predictor/environment/ament_prefix_path.dsv
-- Up-to-date: /home/seldon/Documents/gitrepo/rm.cv.std.ros2_transplant/install/enemy_predictor/share/enemy_predictor/environment/path.sh
-- Up-to-date: /home/seldon/Documents/gitrepo/rm.cv.std.ros2_transplant/install/enemy_predictor/share/enemy_predictor/environment/path.dsv
-- Up-to-date: /home/seldon/Documents/gitrepo/rm.cv.std.ros2_transplant/install/enemy_predictor/share/enemy_predictor/local_setup.bash
-- Up-to-date: /home/seldon/Documents/gitrepo/rm.cv.std.ros2_transplant/install/enemy_predictor/share/enemy_predictor/local_setup.sh
-- Up-to-date: /home/seldon/Documents/gitrepo/rm.cv.std.ros2_transplant/install/enemy_predictor/share/enemy_predictor/local_setup.zsh
-- Up-to-date: /home/seldon/Documents/gitrepo/rm.cv.std.ros2_transplant/install/enemy_predictor/share/enemy_predictor/local_setup.dsv
-- Up-to-date: /home/seldon/Documents/gitrepo/rm.cv.std.ros2_transplant/install/enemy_predictor/share/enemy_predictor/package.dsv
-- Up-to-date: /home/seldon/Documents/gitrepo/rm.cv.std.ros2_transplant/install/enemy_predictor/share/ament_index/resource_index/packages/enemy_predictor
-- Up-to-date: /home/seldon/Documents/gitrepo/rm.cv.std.ros2_transplant/install/enemy_predictor/share/ament_index/resource_index/rclcpp_components/enemy_predictor
-- Up-to-date: /home/seldon/Documents/gitrepo/rm.cv.std.ros2_transplant/install/enemy_predictor/share/enemy_predictor/cmake/ament_cmake_export_dependencies-extras.cmake
-- Up-to-date: /home/seldon/Documents/gitrepo/rm.cv.std.ros2_transplant/install/enemy_predictor/share/enemy_predictor/cmake/ament_cmake_export_libraries-extras.cmake
-- Up-to-date: /home/seldon/Documents/gitrepo/rm.cv.std.ros2_transplant/install/enemy_predictor/share/enemy_predictor/cmake/enemy_predictorConfig.cmake
-- Up-to-date: /home/seldon/Documents/gitrepo/rm.cv.std.ros2_transplant/install/enemy_predictor/share/enemy_predictor/cmake/enemy_predictorConfig-version.cmake
-- Up-to-date: /home/seldon/Documents/gitrepo/rm.cv.std.ros2_transplant/install/enemy_predictor/share/enemy_predictor/package.xml
-- Up-to-date: /home/seldon/Documents/gitrepo/rm.cv.std.ros2_transplant/install/enemy_predictor/lib/libpredictor_lib.so
