[0.075s] Invoking command in '/home/seldon/Documents/gitrepo/rm.cv.std.ros2_transplant/build/param': AMENT_PREFIX_PATH=/home/seldon/Documents/gitrepo/rm.cv.std.ros2_transplant/install/my_interfaces:${AMENT_PREFIX_PATH} CMAKE_PREFIX_PATH=/home/seldon/Documents/gitrepo/rm.cv.std.ros2_transplant/install/my_interfaces:/opt/ros/humble LD_LIBRARY_PATH=/home/seldon/Documents/gitrepo/rm.cv.std.ros2_transplant/install/my_interfaces/lib:/usr/local/cuda/lib64:/opt/MVS/lib/64:/opt/MVS/lib/32:/usr/local/cuda/lib64:/usr/local/cuda/lib64:/opt/MVS/lib/64:/opt/MVS/lib/32:/opt/ros/humble/opt/rviz_ogre_vendor/lib:/opt/ros/humble/lib/x86_64-linux-gnu:/opt/ros/humble/lib:/usr/local/cuda/lib64:/opt/MVS/lib/64:/opt/MVS/lib/32:/opt/MVS/lib/64:/opt/MVS/lib/32 PYTHONPATH=/home/seldon/Documents/gitrepo/rm.cv.std.ros2_transplant/install/my_interfaces/local/lib/python3.10/dist-packages:${PYTHONPATH} /usr/bin/cmake --build /home/seldon/Documents/gitrepo/rm.cv.std.ros2_transplant/build/param -- -j20 -l20
[0.098s] [100%] Built target param
[0.101s] Invoked command in '/home/seldon/Documents/gitrepo/rm.cv.std.ros2_transplant/build/param' returned '0': AMENT_PREFIX_PATH=/home/seldon/Documents/gitrepo/rm.cv.std.ros2_transplant/install/my_interfaces:${AMENT_PREFIX_PATH} CMAKE_PREFIX_PATH=/home/seldon/Documents/gitrepo/rm.cv.std.ros2_transplant/install/my_interfaces:/opt/ros/humble LD_LIBRARY_PATH=/home/seldon/Documents/gitrepo/rm.cv.std.ros2_transplant/install/my_interfaces/lib:/usr/local/cuda/lib64:/opt/MVS/lib/64:/opt/MVS/lib/32:/usr/local/cuda/lib64:/usr/local/cuda/lib64:/opt/MVS/lib/64:/opt/MVS/lib/32:/opt/ros/humble/opt/rviz_ogre_vendor/lib:/opt/ros/humble/lib/x86_64-linux-gnu:/opt/ros/humble/lib:/usr/local/cuda/lib64:/opt/MVS/lib/64:/opt/MVS/lib/32:/opt/MVS/lib/64:/opt/MVS/lib/32 PYTHONPATH=/home/seldon/Documents/gitrepo/rm.cv.std.ros2_transplant/install/my_interfaces/local/lib/python3.10/dist-packages:${PYTHONPATH} /usr/bin/cmake --build /home/seldon/Documents/gitrepo/rm.cv.std.ros2_transplant/build/param -- -j20 -l20
[0.117s] Invoking command in '/home/seldon/Documents/gitrepo/rm.cv.std.ros2_transplant/build/param': AMENT_PREFIX_PATH=/home/seldon/Documents/gitrepo/rm.cv.std.ros2_transplant/install/my_interfaces:${AMENT_PREFIX_PATH} CMAKE_PREFIX_PATH=/home/seldon/Documents/gitrepo/rm.cv.std.ros2_transplant/install/my_interfaces:/opt/ros/humble LD_LIBRARY_PATH=/home/seldon/Documents/gitrepo/rm.cv.std.ros2_transplant/install/my_interfaces/lib:/usr/local/cuda/lib64:/opt/MVS/lib/64:/opt/MVS/lib/32:/usr/local/cuda/lib64:/usr/local/cuda/lib64:/opt/MVS/lib/64:/opt/MVS/lib/32:/opt/ros/humble/opt/rviz_ogre_vendor/lib:/opt/ros/humble/lib/x86_64-linux-gnu:/opt/ros/humble/lib:/usr/local/cuda/lib64:/opt/MVS/lib/64:/opt/MVS/lib/32:/opt/MVS/lib/64:/opt/MVS/lib/32 PYTHONPATH=/home/seldon/Documents/gitrepo/rm.cv.std.ros2_transplant/install/my_interfaces/local/lib/python3.10/dist-packages:${PYTHONPATH} /usr/bin/cmake --install /home/seldon/Documents/gitrepo/rm.cv.std.ros2_transplant/build/param
[0.119s] -- Install configuration: ""
[0.119s] -- Up-to-date: /home/seldon/Documents/gitrepo/rm.cv.std.ros2_transplant/install/param/lib/param/param
[0.120s] -- Up-to-date: /home/seldon/Documents/gitrepo/rm.cv.std.ros2_transplant/install/param/share/ament_index/resource_index/package_run_dependencies/param
[0.120s] -- Up-to-date: /home/seldon/Documents/gitrepo/rm.cv.std.ros2_transplant/install/param/share/ament_index/resource_index/parent_prefix_path/param
[0.120s] -- Up-to-date: /home/seldon/Documents/gitrepo/rm.cv.std.ros2_transplant/install/param/share/param/environment/ament_prefix_path.sh
[0.120s] -- Up-to-date: /home/seldon/Documents/gitrepo/rm.cv.std.ros2_transplant/install/param/share/param/environment/ament_prefix_path.dsv
[0.120s] -- Up-to-date: /home/seldon/Documents/gitrepo/rm.cv.std.ros2_transplant/install/param/share/param/environment/path.sh
[0.120s] -- Up-to-date: /home/seldon/Documents/gitrepo/rm.cv.std.ros2_transplant/install/param/share/param/environment/path.dsv
[0.120s] -- Up-to-date: /home/seldon/Documents/gitrepo/rm.cv.std.ros2_transplant/install/param/share/param/local_setup.bash
[0.121s] -- Up-to-date: /home/seldon/Documents/gitrepo/rm.cv.std.ros2_transplant/install/param/share/param/local_setup.sh
[0.121s] -- Up-to-date: /home/seldon/Documents/gitrepo/rm.cv.std.ros2_transplant/install/param/share/param/local_setup.zsh
[0.121s] -- Up-to-date: /home/seldon/Documents/gitrepo/rm.cv.std.ros2_transplant/install/param/share/param/local_setup.dsv
[0.122s] -- Installing: /home/seldon/Documents/gitrepo/rm.cv.std.ros2_transplant/install/param/share/param/package.dsv
[0.122s] -- Up-to-date: /home/seldon/Documents/gitrepo/rm.cv.std.ros2_transplant/install/param/share/ament_index/resource_index/packages/param
[0.122s] -- Up-to-date: /home/seldon/Documents/gitrepo/rm.cv.std.ros2_transplant/install/param/share/param/cmake/paramConfig.cmake
[0.122s] -- Up-to-date: /home/seldon/Documents/gitrepo/rm.cv.std.ros2_transplant/install/param/share/param/cmake/paramConfig-version.cmake
[0.123s] -- Up-to-date: /home/seldon/Documents/gitrepo/rm.cv.std.ros2_transplant/install/param/share/param/package.xml
[0.124s] Invoked command in '/home/seldon/Documents/gitrepo/rm.cv.std.ros2_transplant/build/param' returned '0': AMENT_PREFIX_PATH=/home/seldon/Documents/gitrepo/rm.cv.std.ros2_transplant/install/my_interfaces:${AMENT_PREFIX_PATH} CMAKE_PREFIX_PATH=/home/seldon/Documents/gitrepo/rm.cv.std.ros2_transplant/install/my_interfaces:/opt/ros/humble LD_LIBRARY_PATH=/home/seldon/Documents/gitrepo/rm.cv.std.ros2_transplant/install/my_interfaces/lib:/usr/local/cuda/lib64:/opt/MVS/lib/64:/opt/MVS/lib/32:/usr/local/cuda/lib64:/usr/local/cuda/lib64:/opt/MVS/lib/64:/opt/MVS/lib/32:/opt/ros/humble/opt/rviz_ogre_vendor/lib:/opt/ros/humble/lib/x86_64-linux-gnu:/opt/ros/humble/lib:/usr/local/cuda/lib64:/opt/MVS/lib/64:/opt/MVS/lib/32:/opt/MVS/lib/64:/opt/MVS/lib/32 PYTHONPATH=/home/seldon/Documents/gitrepo/rm.cv.std.ros2_transplant/install/my_interfaces/local/lib/python3.10/dist-packages:${PYTHONPATH} /usr/bin/cmake --install /home/seldon/Documents/gitrepo/rm.cv.std.ros2_transplant/build/param
