[0.105s] Invoking command in '/home/seldon/Documents/gitrepo/rm.cv.std.ros2_transplant/build/calib': CMAKE_PREFIX_PATH=/opt/ros/humble /usr/bin/cmake /home/seldon/Documents/gitrepo/rm.cv.std.ros2_transplant/src/calib_node -DCMAKE_INSTALL_PREFIX=/home/seldon/Documents/gitrepo/rm.cv.std.ros2_transplant/install/calib
[0.156s] -- The C compiler identification is GNU 11.4.0
[0.193s] -- The CXX compiler identification is GNU 11.4.0
[0.200s] -- Detecting C compiler ABI info
[0.234s] -- Detecting C compiler ABI info - done
[0.239s] -- Check for working C compiler: /usr/bin/cc - skipped
[0.239s] -- Detecting C compile features
[0.239s] -- Detecting C compile features - done
[0.241s] -- Detecting CXX compiler ABI info
[0.288s] -- Detecting CXX compiler ABI info - done
[0.295s] -- Check for working CXX compiler: /usr/bin/c++ - skipped
[0.295s] -- Detecting CXX compile features
[0.295s] -- Detecting CXX compile features - done
[0.341s] -- Found CURL: /usr/lib/x86_64-linux-gnu/libcurl.so (found version "7.81.0")  
[0.343s] -- Found rclcpp: 16.0.8 (/opt/ros/humble/share/rclcpp/cmake)
[0.421s] -- Found Python3: /usr/bin/python3 (found version "3.10.12") found components: Interpreter 
[0.506s] -- Found rosidl_generator_c: 3.1.5 (/opt/ros/humble/share/rosidl_generator_c/cmake)
[0.508s] -- Found rosidl_adapter: 3.1.5 (/opt/ros/humble/share/rosidl_adapter/cmake)
[0.513s] -- Found rosidl_generator_cpp: 3.1.5 (/opt/ros/humble/share/rosidl_generator_cpp/cmake)
[0.521s] -- Using all available rosidl_typesupport_c: rosidl_typesupport_fastrtps_c;rosidl_typesupport_introspection_c
[0.533s] -- Using all available rosidl_typesupport_cpp: rosidl_typesupport_fastrtps_cpp;rosidl_typesupport_introspection_cpp
[0.576s] -- Found rmw_implementation_cmake: 6.1.1 (/opt/ros/humble/share/rmw_implementation_cmake/cmake)
[0.577s] -- Found rmw_fastrtps_cpp: 6.2.6 (/opt/ros/humble/share/rmw_fastrtps_cpp/cmake)
[0.631s] -- Found OpenSSL: /usr/lib/x86_64-linux-gnu/libcrypto.so (found version "3.0.2")  
[0.647s] -- Found FastRTPS: /opt/ros/humble/include  
[0.682s] -- Using RMW implementation 'rmw_fastrtps_cpp' as default
[0.687s] -- Performing Test CMAKE_HAVE_LIBC_PTHREAD
[0.727s] -- Performing Test CMAKE_HAVE_LIBC_PTHREAD - Success
[0.728s] -- Found Threads: TRUE  
[0.856s] -- Found sensor_msgs: 4.2.3 (/opt/ros/humble/share/sensor_msgs/cmake)
[0.940s] -- Found OpenCV: /usr/local (found version "4.7.0") 
[0.945s] -- Found image_transport: 3.1.8 (/opt/ros/humble/share/image_transport/cmake)
[0.976s] -- Found camera_info_manager: 3.1.8 (/opt/ros/humble/share/camera_info_manager/cmake)
[1.005s] -- Found cv_bridge: 3.2.1 (/opt/ros/humble/share/cv_bridge/cmake)
[1.008s] -- Found rclcpp_components: 16.0.8 (/opt/ros/humble/share/rclcpp_components/cmake)
[1.046s] -- Found ament_cmake_auto: 1.3.8 (/opt/ros/humble/share/ament_cmake_auto/cmake)
[1.107s] -- Configuring done
[1.122s] -- Generating done
[1.124s] -- Build files have been written to: /home/seldon/Documents/gitrepo/rm.cv.std.ros2_transplant/build/calib
[1.133s] Invoked command in '/home/seldon/Documents/gitrepo/rm.cv.std.ros2_transplant/build/calib' returned '0': CMAKE_PREFIX_PATH=/opt/ros/humble /usr/bin/cmake /home/seldon/Documents/gitrepo/rm.cv.std.ros2_transplant/src/calib_node -DCMAKE_INSTALL_PREFIX=/home/seldon/Documents/gitrepo/rm.cv.std.ros2_transplant/install/calib
[1.135s] Invoking command in '/home/seldon/Documents/gitrepo/rm.cv.std.ros2_transplant/build/calib': CMAKE_PREFIX_PATH=/opt/ros/humble /usr/bin/cmake --build /home/seldon/Documents/gitrepo/rm.cv.std.ros2_transplant/build/calib -- -j20 -l20
[1.162s] [ 50%] [32mBuilding CXX object CMakeFiles/calib.dir/src/calib_node.cpp.o[0m
[1.162s] [ 50%] [32mBuilding CXX object CMakeFiles/calib_node.dir/rclcpp_components/node_main_calib_node.cpp.o[0m
[3.257s] [ 75%] [32m[1mLinking CXX executable calib_node[0m
[3.337s] [ 75%] Built target calib_node
[20.307s] [100%] [32m[1mLinking CXX shared library libcalib.so[0m
[21.741s] [100%] Built target calib
[21.753s] Invoked command in '/home/seldon/Documents/gitrepo/rm.cv.std.ros2_transplant/build/calib' returned '0': CMAKE_PREFIX_PATH=/opt/ros/humble /usr/bin/cmake --build /home/seldon/Documents/gitrepo/rm.cv.std.ros2_transplant/build/calib -- -j20 -l20
[21.782s] Invoking command in '/home/seldon/Documents/gitrepo/rm.cv.std.ros2_transplant/build/calib': CMAKE_PREFIX_PATH=/opt/ros/humble /usr/bin/cmake --install /home/seldon/Documents/gitrepo/rm.cv.std.ros2_transplant/build/calib
[21.787s] -- Install configuration: ""
[21.787s] -- Installing: /home/seldon/Documents/gitrepo/rm.cv.std.ros2_transplant/install/calib/lib/calib/calib_node
[21.788s] -- Set runtime path of "/home/seldon/Documents/gitrepo/rm.cv.std.ros2_transplant/install/calib/lib/calib/calib_node" to ""
[21.788s] -- Installing: /home/seldon/Documents/gitrepo/rm.cv.std.ros2_transplant/install/calib/include
[21.788s] -- Installing: /home/seldon/Documents/gitrepo/rm.cv.std.ros2_transplant/install/calib/include/toml.hpp
[21.795s] -- Installing: /home/seldon/Documents/gitrepo/rm.cv.std.ros2_transplant/install/calib/share/calib/environment/library_path.sh
[21.796s] -- Installing: /home/seldon/Documents/gitrepo/rm.cv.std.ros2_transplant/install/calib/share/calib/environment/library_path.dsv
[21.796s] -- Installing: /home/seldon/Documents/gitrepo/rm.cv.std.ros2_transplant/install/calib/lib/libcalib.so
[21.807s] -- Set runtime path of "/home/seldon/Documents/gitrepo/rm.cv.std.ros2_transplant/install/calib/lib/libcalib.so" to ""
[21.807s] -- Installing: /home/seldon/Documents/gitrepo/rm.cv.std.ros2_transplant/install/calib/share/calib/launch
[21.808s] -- Installing: /home/seldon/Documents/gitrepo/rm.cv.std.ros2_transplant/install/calib/share/calib/launch/calib.launch.py
[21.808s] -- Installing: /home/seldon/Documents/gitrepo/rm.cv.std.ros2_transplant/install/calib/share/ament_index/resource_index/package_run_dependencies/calib
[21.809s] -- Installing: /home/seldon/Documents/gitrepo/rm.cv.std.ros2_transplant/install/calib/share/ament_index/resource_index/parent_prefix_path/calib
[21.810s] -- Installing: /home/seldon/Documents/gitrepo/rm.cv.std.ros2_transplant/install/calib/share/calib/environment/ament_prefix_path.sh
[21.810s] -- Installing: /home/seldon/Documents/gitrepo/rm.cv.std.ros2_transplant/install/calib/share/calib/environment/ament_prefix_path.dsv
[21.810s] -- Installing: /home/seldon/Documents/gitrepo/rm.cv.std.ros2_transplant/install/calib/share/calib/environment/path.sh
[21.810s] -- Installing: /home/seldon/Documents/gitrepo/rm.cv.std.ros2_transplant/install/calib/share/calib/environment/path.dsv
[21.810s] -- Installing: /home/seldon/Documents/gitrepo/rm.cv.std.ros2_transplant/install/calib/share/calib/local_setup.bash
[21.810s] -- Installing: /home/seldon/Documents/gitrepo/rm.cv.std.ros2_transplant/install/calib/share/calib/local_setup.sh
[21.810s] -- Installing: /home/seldon/Documents/gitrepo/rm.cv.std.ros2_transplant/install/calib/share/calib/local_setup.zsh
[21.812s] -- Installing: /home/seldon/Documents/gitrepo/rm.cv.std.ros2_transplant/install/calib/share/calib/local_setup.dsv
[21.812s] -- Installing: /home/seldon/Documents/gitrepo/rm.cv.std.ros2_transplant/install/calib/share/calib/package.dsv
[21.813s] -- Installing: /home/seldon/Documents/gitrepo/rm.cv.std.ros2_transplant/install/calib/share/ament_index/resource_index/packages/calib
[21.813s] -- Installing: /home/seldon/Documents/gitrepo/rm.cv.std.ros2_transplant/install/calib/share/ament_index/resource_index/rclcpp_components/calib
[21.813s] -- Installing: /home/seldon/Documents/gitrepo/rm.cv.std.ros2_transplant/install/calib/share/calib/cmake/ament_cmake_export_dependencies-extras.cmake
[21.813s] -- Installing: /home/seldon/Documents/gitrepo/rm.cv.std.ros2_transplant/install/calib/share/calib/cmake/ament_cmake_export_include_directories-extras.cmake
[21.813s] -- Installing: /home/seldon/Documents/gitrepo/rm.cv.std.ros2_transplant/install/calib/share/calib/cmake/ament_cmake_export_libraries-extras.cmake
[21.813s] -- Installing: /home/seldon/Documents/gitrepo/rm.cv.std.ros2_transplant/install/calib/share/calib/cmake/calibConfig.cmake
[21.813s] -- Installing: /home/seldon/Documents/gitrepo/rm.cv.std.ros2_transplant/install/calib/share/calib/cmake/calibConfig-version.cmake
[21.813s] -- Installing: /home/seldon/Documents/gitrepo/rm.cv.std.ros2_transplant/install/calib/share/calib/package.xml
[21.815s] Invoked command in '/home/seldon/Documents/gitrepo/rm.cv.std.ros2_transplant/build/calib' returned '0': CMAKE_PREFIX_PATH=/opt/ros/humble /usr/bin/cmake --install /home/seldon/Documents/gitrepo/rm.cv.std.ros2_transplant/build/calib
