[0.659s] Invoking command in '/home/seldon/Documents/gitrepo/rm.cv.std.ros2_transplant/src/web_debugger': PYTHONPATH=/home/seldon/Documents/gitrepo/rm.cv.std.ros2_transplant/build/web_debugger/prefix_override:/home/seldon/Documents/gitrepo/rm.cv.std.ros2_transplant/install/web_debugger/lib/python3.10/site-packages:${PYTHONPATH} /usr/bin/python3 setup.py egg_info --egg-base ../../build/web_debugger build --build-base /home/seldon/Documents/gitrepo/rm.cv.std.ros2_transplant/build/web_debugger/build install --record /home/seldon/Documents/gitrepo/rm.cv.std.ros2_transplant/build/web_debugger/install.log --single-version-externally-managed
[0.830s] running egg_info
[0.830s] writing ../../build/web_debugger/web_debugger.egg-info/PKG-INFO
[0.831s] writing dependency_links to ../../build/web_debugger/web_debugger.egg-info/dependency_links.txt
[0.831s] writing entry points to ../../build/web_debugger/web_debugger.egg-info/entry_points.txt
[0.831s] writing requirements to ../../build/web_debugger/web_debugger.egg-info/requires.txt
[0.831s] writing top-level names to ../../build/web_debugger/web_debugger.egg-info/top_level.txt
[0.832s] reading manifest file '../../build/web_debugger/web_debugger.egg-info/SOURCES.txt'
[0.832s] adding license file 'LICENSE'
[0.833s] writing manifest file '../../build/web_debugger/web_debugger.egg-info/SOURCES.txt'
[0.833s] running build
[0.833s] running build_py
[0.833s] running install
[0.833s] running install_lib
[0.834s] running install_data
[0.834s] running install_egg_info
[0.835s] removing '/home/seldon/Documents/gitrepo/rm.cv.std.ros2_transplant/install/web_debugger/lib/python3.10/site-packages/web_debugger-0.0.0-py3.10.egg-info' (and everything under it)
[0.835s] Copying ../../build/web_debugger/web_debugger.egg-info to /home/seldon/Documents/gitrepo/rm.cv.std.ros2_transplant/install/web_debugger/lib/python3.10/site-packages/web_debugger-0.0.0-py3.10.egg-info
[0.836s] running install_scripts
[0.848s] Installing web_debugger script to /home/seldon/Documents/gitrepo/rm.cv.std.ros2_transplant/install/web_debugger/lib/web_debugger
[0.849s] writing list of installed files to '/home/seldon/Documents/gitrepo/rm.cv.std.ros2_transplant/build/web_debugger/install.log'
[0.865s] Invoked command in '/home/seldon/Documents/gitrepo/rm.cv.std.ros2_transplant/src/web_debugger' returned '0': PYTHONPATH=/home/seldon/Documents/gitrepo/rm.cv.std.ros2_transplant/build/web_debugger/prefix_override:/home/seldon/Documents/gitrepo/rm.cv.std.ros2_transplant/install/web_debugger/lib/python3.10/site-packages:${PYTHONPATH} /usr/bin/python3 setup.py egg_info --egg-base ../../build/web_debugger build --build-base /home/seldon/Documents/gitrepo/rm.cv.std.ros2_transplant/build/web_debugger/build install --record /home/seldon/Documents/gitrepo/rm.cv.std.ros2_transplant/build/web_debugger/install.log --single-version-externally-managed
