[0.083s] Invoking command in '/home/seldon/Documents/gitrepo/rm.cv.std.ros2_transplant/build/enemy_predictor': AMENT_PREFIX_PATH=/home/seldon/Documents/gitrepo/rm.cv.std.ros2_transplant/install/ros2addon:/home/seldon/Documents/gitrepo/rm.cv.std.ros2_transplant/install/my_interfaces:/home/seldon/Documents/gitrepo/rm.cv.std.ros2_transplant/install/aimer_base:${AMENT_PREFIX_PATH} CMAKE_PREFIX_PATH=/home/seldon/Documents/gitrepo/rm.cv.std.ros2_transplant/install/ros2addon:/home/seldon/Documents/gitrepo/rm.cv.std.ros2_transplant/install/my_interfaces:/home/seldon/Documents/gitrepo/rm.cv.std.ros2_transplant/install/aimer_base:/opt/ros/humble LD_LIBRARY_PATH=/home/seldon/Documents/gitrepo/rm.cv.std.ros2_transplant/install/ros2addon/lib:/home/seldon/Documents/gitrepo/rm.cv.std.ros2_transplant/install/my_interfaces/lib:/home/seldon/Documents/gitrepo/rm.cv.std.ros2_transplant/install/aimer_base/lib:/usr/local/cuda/lib64:/opt/MVS/lib/64:/opt/MVS/lib/32:/usr/local/cuda/lib64:/usr/local/cuda/lib64:/opt/MVS/lib/64:/opt/MVS/lib/32:/opt/ros/humble/opt/rviz_ogre_vendor/lib:/opt/ros/humble/lib/x86_64-linux-gnu:/opt/ros/humble/lib:/usr/local/cuda/lib64:/opt/MVS/lib/64:/opt/MVS/lib/32:/opt/MVS/lib/64:/opt/MVS/lib/32 PYTHONPATH=/home/seldon/Documents/gitrepo/rm.cv.std.ros2_transplant/install/my_interfaces/local/lib/python3.10/dist-packages:${PYTHONPATH} /usr/bin/cmake /home/seldon/Documents/gitrepo/rm.cv.std.ros2_transplant/src/autoaim/enemy_predictor_node -DCMAKE_INSTALL_PREFIX=/home/seldon/Documents/gitrepo/rm.cv.std.ros2_transplant/install/enemy_predictor
[0.125s] -- The C compiler identification is GNU 11.4.0
[0.174s] -- The CXX compiler identification is GNU 11.4.0
[0.185s] -- Detecting C compiler ABI info
[0.233s] -- Detecting C compiler ABI info - done
[0.239s] -- Check for working C compiler: /usr/bin/cc - skipped
[0.239s] -- Detecting C compile features
[0.240s] -- Detecting C compile features - done
[0.241s] -- Detecting CXX compiler ABI info
[0.288s] -- Detecting CXX compiler ABI info - done
[0.295s] -- Check for working CXX compiler: /usr/bin/c++ - skipped
[0.295s] -- Detecting CXX compile features
[0.295s] -- Detecting CXX compile features - done
[0.297s] -- Found ament_cmake_auto: 1.3.8 (/opt/ros/humble/share/ament_cmake_auto/cmake)
[0.429s] -- Found Python3: /usr/bin/python3 (found version "3.10.12") found components: Interpreter 
[0.620s] -- Found rosidl_generator_c: 3.1.5 (/opt/ros/humble/share/rosidl_generator_c/cmake)
[0.624s] -- Found rosidl_adapter: 3.1.5 (/opt/ros/humble/share/rosidl_adapter/cmake)
[0.632s] -- Found rosidl_generator_cpp: 3.1.5 (/opt/ros/humble/share/rosidl_generator_cpp/cmake)
[0.645s] -- Using all available rosidl_typesupport_c: rosidl_typesupport_fastrtps_c;rosidl_typesupport_introspection_c
[0.667s] -- Using all available rosidl_typesupport_cpp: rosidl_typesupport_fastrtps_cpp;rosidl_typesupport_introspection_cpp
[0.754s] -- Found rmw_implementation_cmake: 6.1.1 (/opt/ros/humble/share/rmw_implementation_cmake/cmake)
[0.758s] -- Found rmw_fastrtps_cpp: 6.2.6 (/opt/ros/humble/share/rmw_fastrtps_cpp/cmake)
[0.833s] -- Found OpenSSL: /usr/lib/x86_64-linux-gnu/libcrypto.so (found version "3.0.2")  
[0.865s] -- Found FastRTPS: /opt/ros/humble/include  
[0.915s] -- Using RMW implementation 'rmw_fastrtps_cpp' as default
[0.925s] -- Performing Test CMAKE_HAVE_LIBC_PTHREAD
[0.978s] -- Performing Test CMAKE_HAVE_LIBC_PTHREAD - Success
[0.979s] -- Found Threads: TRUE  
[1.417s] -- Found OpenCV: /usr/local (found version "4.7.0") 
[1.613s] -- Configuring done
[1.643s] -- Generating done
[1.645s] -- Build files have been written to: /home/seldon/Documents/gitrepo/rm.cv.std.ros2_transplant/build/enemy_predictor
[1.654s] Invoked command in '/home/seldon/Documents/gitrepo/rm.cv.std.ros2_transplant/build/enemy_predictor' returned '0': AMENT_PREFIX_PATH=/home/seldon/Documents/gitrepo/rm.cv.std.ros2_transplant/install/ros2addon:/home/seldon/Documents/gitrepo/rm.cv.std.ros2_transplant/install/my_interfaces:/home/seldon/Documents/gitrepo/rm.cv.std.ros2_transplant/install/aimer_base:${AMENT_PREFIX_PATH} CMAKE_PREFIX_PATH=/home/seldon/Documents/gitrepo/rm.cv.std.ros2_transplant/install/ros2addon:/home/seldon/Documents/gitrepo/rm.cv.std.ros2_transplant/install/my_interfaces:/home/seldon/Documents/gitrepo/rm.cv.std.ros2_transplant/install/aimer_base:/opt/ros/humble LD_LIBRARY_PATH=/home/seldon/Documents/gitrepo/rm.cv.std.ros2_transplant/install/ros2addon/lib:/home/seldon/Documents/gitrepo/rm.cv.std.ros2_transplant/install/my_interfaces/lib:/home/seldon/Documents/gitrepo/rm.cv.std.ros2_transplant/install/aimer_base/lib:/usr/local/cuda/lib64:/opt/MVS/lib/64:/opt/MVS/lib/32:/usr/local/cuda/lib64:/usr/local/cuda/lib64:/opt/MVS/lib/64:/opt/MVS/lib/32:/opt/ros/humble/opt/rviz_ogre_vendor/lib:/opt/ros/humble/lib/x86_64-linux-gnu:/opt/ros/humble/lib:/usr/local/cuda/lib64:/opt/MVS/lib/64:/opt/MVS/lib/32:/opt/MVS/lib/64:/opt/MVS/lib/32 PYTHONPATH=/home/seldon/Documents/gitrepo/rm.cv.std.ros2_transplant/install/my_interfaces/local/lib/python3.10/dist-packages:${PYTHONPATH} /usr/bin/cmake /home/seldon/Documents/gitrepo/rm.cv.std.ros2_transplant/src/autoaim/enemy_predictor_node -DCMAKE_INSTALL_PREFIX=/home/seldon/Documents/gitrepo/rm.cv.std.ros2_transplant/install/enemy_predictor
[1.655s] Invoking command in '/home/seldon/Documents/gitrepo/rm.cv.std.ros2_transplant/build/enemy_predictor': AMENT_PREFIX_PATH=/home/seldon/Documents/gitrepo/rm.cv.std.ros2_transplant/install/ros2addon:/home/seldon/Documents/gitrepo/rm.cv.std.ros2_transplant/install/my_interfaces:/home/seldon/Documents/gitrepo/rm.cv.std.ros2_transplant/install/aimer_base:${AMENT_PREFIX_PATH} CMAKE_PREFIX_PATH=/home/seldon/Documents/gitrepo/rm.cv.std.ros2_transplant/install/ros2addon:/home/seldon/Documents/gitrepo/rm.cv.std.ros2_transplant/install/my_interfaces:/home/seldon/Documents/gitrepo/rm.cv.std.ros2_transplant/install/aimer_base:/opt/ros/humble LD_LIBRARY_PATH=/home/seldon/Documents/gitrepo/rm.cv.std.ros2_transplant/install/ros2addon/lib:/home/seldon/Documents/gitrepo/rm.cv.std.ros2_transplant/install/my_interfaces/lib:/home/seldon/Documents/gitrepo/rm.cv.std.ros2_transplant/install/aimer_base/lib:/usr/local/cuda/lib64:/opt/MVS/lib/64:/opt/MVS/lib/32:/usr/local/cuda/lib64:/usr/local/cuda/lib64:/opt/MVS/lib/64:/opt/MVS/lib/32:/opt/ros/humble/opt/rviz_ogre_vendor/lib:/opt/ros/humble/lib/x86_64-linux-gnu:/opt/ros/humble/lib:/usr/local/cuda/lib64:/opt/MVS/lib/64:/opt/MVS/lib/32:/opt/MVS/lib/64:/opt/MVS/lib/32 PYTHONPATH=/home/seldon/Documents/gitrepo/rm.cv.std.ros2_transplant/install/my_interfaces/local/lib/python3.10/dist-packages:${PYTHONPATH} /usr/bin/cmake --build /home/seldon/Documents/gitrepo/rm.cv.std.ros2_transplant/build/enemy_predictor -- -j20 -l20
[1.674s] [  4%] [32mBuilding CXX object CMakeFiles/enemy_predictor_node.dir/rclcpp_components/node_main_enemy_predictor_node.cpp.o[0m
[1.675s] [  9%] [32mBuilding CXX object predictor/CMakeFiles/predictor_lib.dir/aim/aim_corrector.cpp.o[0m
[1.676s] [ 19%] [32mBuilding CXX object predictor/CMakeFiles/predictor_lib.dir/aim/detect_bullet.cpp.o[0m
[1.676s] [ 19%] [32mBuilding CXX object predictor/CMakeFiles/predictor_lib.dir/aim/do_reproj.cpp.o[0m
[1.676s] [ 23%] [32mBuilding CXX object predictor/CMakeFiles/predictor_lib.dir/enemy/armor_identifier.cpp.o[0m
[1.677s] [ 33%] [32mBuilding CXX object predictor/CMakeFiles/predictor_lib.dir/enemy/outpost_fixer.cpp.o[0m
[1.677s] [ 33%] [32mBuilding CXX object predictor/CMakeFiles/predictor_lib.dir/enemy/balance.cpp.o[0m
[1.677s] [ 38%] [32mBuilding CXX object predictor/CMakeFiles/predictor_lib.dir/enemy/enemy_state.cpp.o[0m
[1.677s] [ 42%] [32mBuilding CXX object predictor/CMakeFiles/predictor_lib.dir/pnp/pnp.cpp.o[0m
[1.677s] [ 47%] [32mBuilding CXX object predictor/CMakeFiles/predictor_lib.dir/motion/armor_model.cpp.o[0m
[1.678s] [ 52%] [32mBuilding CXX object predictor/CMakeFiles/predictor_lib.dir/enemy_predictor/enemy_predictor.cpp.o[0m
[1.678s] [ 57%] [32mBuilding CXX object predictor/CMakeFiles/predictor_lib.dir/enemy_predictor/Stm32Shoot.cpp.o[0m
[1.678s] [ 61%] [32mBuilding CXX object predictor/CMakeFiles/predictor_lib.dir/motion/cj_top4_model.cpp.o[0m
[1.680s] [ 66%] [32mBuilding CXX object predictor/CMakeFiles/predictor_lib.dir/motion/cj_top_model.cpp.o[0m
[1.691s] [ 71%] [32mBuilding CXX object predictor/CMakeFiles/predictor_lib.dir/motion/enemy_model.cpp.o[0m
[1.705s] [ 76%] [32mBuilding CXX object predictor/CMakeFiles/predictor_lib.dir/motion/top4_model.cpp.o[0m
[1.721s] [ 80%] [32mBuilding CXX object predictor/CMakeFiles/predictor_lib.dir/motion/top_model.cpp.o[0m
[5.048s] In file included from [01m[K/home/seldon/Documents/gitrepo/rm.cv.std.ros2_transplant/src/autoaim/enemy_predictor_node/./predictor/enemy/enemy_state.hpp:14[m[K,
[5.048s]                  from [01m[K/home/seldon/Documents/gitrepo/rm.cv.std.ros2_transplant/src/autoaim/enemy_predictor_node/predictor/enemy/enemy_state.cpp:1[m[K:
[5.049s] [01m[K/home/seldon/Documents/gitrepo/rm.cv.std.ros2_transplant/install/aimer_base/include/robot.hpp:43:34:[m[K [01;35m[Kwarning: [m[Kdefault member initializers for bit-fields only available with ‘[01m[K-std=c++20[m[K’ or ‘[01m[K-std=gnu++20[m[K’
[5.049s]    43 |     ::EnemyColor enemy_color : 1 [01;35m[K=[m[K ::EnemyColor::BLUE; // 这是字节
[5.049s]       |                                  [01;35m[K^[m[K
[5.049s] [01m[K/home/seldon/Documents/gitrepo/rm.cv.std.ros2_transplant/install/aimer_base/include/robot.hpp:44:31:[m[K [01;35m[Kwarning: [m[Kdefault member initializers for bit-fields only available with ‘[01m[K-std=c++20[m[K’ or ‘[01m[K-std=gnu++20[m[K’
[5.049s]    44 |     uint8_t is_big_energy : 1 [01;35m[K=[m[K false;
[5.049s]       |                               [01;35m[K^[m[K
[5.049s] [01m[K/home/seldon/Documents/gitrepo/rm.cv.std.ros2_transplant/install/aimer_base/include/robot.hpp:45:36:[m[K [01;35m[Kwarning: [m[Kdefault member initializers for bit-fields only available with ‘[01m[K-std=c++20[m[K’ or ‘[01m[K-std=gnu++20[m[K’
[5.049s]    45 |     ::ProgramMode program_mode : 6 [01;35m[K=[m[K ::ProgramMode::NOT_RECEIVED;
[5.049s]       |                                    [01;35m[K^[m[K
[5.257s] In file included from [01m[K/home/seldon/Documents/gitrepo/rm.cv.std.ros2_transplant/install/ros2addon/include/coord_convert/coord_converter.hpp:17[m[K,
[5.257s]                  from [01m[K/home/seldon/Documents/gitrepo/rm.cv.std.ros2_transplant/src/autoaim/enemy_predictor_node/./predictor/pnp/pnp.hpp:10[m[K,
[5.257s]                  from [01m[K/home/seldon/Documents/gitrepo/rm.cv.std.ros2_transplant/src/autoaim/enemy_predictor_node/predictor/pnp/pnp.cpp:1[m[K:
[5.257s] [01m[K/home/seldon/Documents/gitrepo/rm.cv.std.ros2_transplant/install/aimer_base/include/robot.hpp:43:34:[m[K [01;35m[Kwarning: [m[Kdefault member initializers for bit-fields only available with ‘[01m[K-std=c++20[m[K’ or ‘[01m[K-std=gnu++20[m[K’
[5.257s]    43 |     ::EnemyColor enemy_color : 1 [01;35m[K=[m[K ::EnemyColor::BLUE; // 这是字节
[5.257s]       |                                  [01;35m[K^[m[K
[5.257s] [01m[K/home/seldon/Documents/gitrepo/rm.cv.std.ros2_transplant/install/aimer_base/include/robot.hpp:44:31:[m[K [01;35m[Kwarning: [m[Kdefault member initializers for bit-fields only available with ‘[01m[K-std=c++20[m[K’ or ‘[01m[K-std=gnu++20[m[K’
[5.257s]    44 |     uint8_t is_big_energy : 1 [01;35m[K=[m[K false;
[5.257s]       |                               [01;35m[K^[m[K
[5.257s] [01m[K/home/seldon/Documents/gitrepo/rm.cv.std.ros2_transplant/install/aimer_base/include/robot.hpp:45:36:[m[K [01;35m[Kwarning: [m[Kdefault member initializers for bit-fields only available with ‘[01m[K-std=c++20[m[K’ or ‘[01m[K-std=gnu++20[m[K’
[5.257s]    45 |     ::ProgramMode program_mode : 6 [01;35m[K=[m[K ::ProgramMode::NOT_RECEIVED;
[5.257s]       |                                    [01;35m[K^[m[K
[5.324s] In file included from [01m[K/home/seldon/Documents/gitrepo/rm.cv.std.ros2_transplant/install/ros2addon/include/coord_convert/coord_converter.hpp:17[m[K,
[5.324s]                  from [01m[K/home/seldon/Documents/gitrepo/rm.cv.std.ros2_transplant/src/autoaim/enemy_predictor_node/./predictor/enemy/armor_identifier.hpp:12[m[K,
[5.325s]                  from [01m[K/home/seldon/Documents/gitrepo/rm.cv.std.ros2_transplant/src/autoaim/enemy_predictor_node/predictor/enemy/armor_identifier.cpp:1[m[K:
[5.325s] [01m[K/home/seldon/Documents/gitrepo/rm.cv.std.ros2_transplant/install/aimer_base/include/robot.hpp:43:34:[m[K [01;35m[Kwarning: [m[Kdefault member initializers for bit-fields only available with ‘[01m[K-std=c++20[m[K’ or ‘[01m[K-std=gnu++20[m[K’
[5.325s]    43 |     ::EnemyColor enemy_color : 1 [01;35m[K=[m[K ::EnemyColor::BLUE; // 这是字节
[5.325s]       |                                  [01;35m[K^[m[K
[5.325s] [01m[K/home/seldon/Documents/gitrepo/rm.cv.std.ros2_transplant/install/aimer_base/include/robot.hpp:44:31:[m[K [01;35m[Kwarning: [m[Kdefault member initializers for bit-fields only available with ‘[01m[K-std=c++20[m[K’ or ‘[01m[K-std=gnu++20[m[K’
[5.325s]    44 |     uint8_t is_big_energy : 1 [01;35m[K=[m[K false;
[5.325s]       |                               [01;35m[K^[m[K
[5.325s] [01m[K/home/seldon/Documents/gitrepo/rm.cv.std.ros2_transplant/install/aimer_base/include/robot.hpp:45:36:[m[K [01;35m[Kwarning: [m[Kdefault member initializers for bit-fields only available with ‘[01m[K-std=c++20[m[K’ or ‘[01m[K-std=gnu++20[m[K’
[5.325s]    45 |     ::ProgramMode program_mode : 6 [01;35m[K=[m[K ::ProgramMode::NOT_RECEIVED;
[5.325s]       |                                    [01;35m[K^[m[K
[5.457s] In file included from [01m[K/home/seldon/Documents/gitrepo/rm.cv.std.ros2_transplant/src/autoaim/enemy_predictor_node/./predictor/enemy/enemy_state.hpp:14[m[K,
[5.457s]                  from [01m[K/home/seldon/Documents/gitrepo/rm.cv.std.ros2_transplant/src/autoaim/enemy_predictor_node/./predictor/motion/cj_top_model.hpp:6[m[K,
[5.457s]                  from [01m[K/home/seldon/Documents/gitrepo/rm.cv.std.ros2_transplant/src/autoaim/enemy_predictor_node/predictor/motion/cj_top_model.cpp:1[m[K:
[5.457s] [01m[K/home/seldon/Documents/gitrepo/rm.cv.std.ros2_transplant/install/aimer_base/include/robot.hpp:43:34:[m[K [01;35m[Kwarning: [m[Kdefault member initializers for bit-fields only available with ‘[01m[K-std=c++20[m[K’ or ‘[01m[K-std=gnu++20[m[K’
[5.457s]    43 |     ::EnemyColor enemy_color : 1 [01;35m[K=[m[K ::EnemyColor::BLUE; // 这是字节
[5.457s]       |                                  [01;35m[K^[m[K
[5.458s] [01m[K/home/seldon/Documents/gitrepo/rm.cv.std.ros2_transplant/install/aimer_base/include/robot.hpp:44:31:[m[K [01;35m[Kwarning: [m[Kdefault member initializers for bit-fields only available with ‘[01m[K-std=c++20[m[K’ or ‘[01m[K-std=gnu++20[m[K’
[5.458s]    44 |     uint8_t is_big_energy : 1 [01;35m[K=[m[K false;
[5.458s]       |                               [01;35m[K^[m[K
[5.458s] [01m[K/home/seldon/Documents/gitrepo/rm.cv.std.ros2_transplant/install/aimer_base/include/robot.hpp:45:36:[m[K [01;35m[Kwarning: [m[Kdefault member initializers for bit-fields only available with ‘[01m[K-std=c++20[m[K’ or ‘[01m[K-std=gnu++20[m[K’
[5.458s]    45 |     ::ProgramMode program_mode : 6 [01;35m[K=[m[K ::ProgramMode::NOT_RECEIVED;
[5.458s]       |                                    [01;35m[K^[m[K
[5.595s] In file included from [01m[K/home/seldon/Documents/gitrepo/rm.cv.std.ros2_transplant/src/autoaim/enemy_predictor_node/./predictor/enemy/enemy_state.hpp:14[m[K,
[5.595s]                  from [01m[K/home/seldon/Documents/gitrepo/rm.cv.std.ros2_transplant/src/autoaim/enemy_predictor_node/./predictor/motion/armor_model.hpp:14[m[K,
[5.595s]                  from [01m[K/home/seldon/Documents/gitrepo/rm.cv.std.ros2_transplant/src/autoaim/enemy_predictor_node/predictor/motion/armor_model.cpp:1[m[K:
[5.595s] [01m[K/home/seldon/Documents/gitrepo/rm.cv.std.ros2_transplant/install/aimer_base/include/robot.hpp:43:34:[m[K [01;35m[Kwarning: [m[Kdefault member initializers for bit-fields only available with ‘[01m[K-std=c++20[m[K’ or ‘[01m[K-std=gnu++20[m[K’
[5.595s]    43 |     ::EnemyColor enemy_color : 1 [01;35m[K=[m[K ::EnemyColor::BLUE; // 这是字节
[5.595s]       |                                  [01;35m[K^[m[K
[5.595s] [01m[K/home/seldon/Documents/gitrepo/rm.cv.std.ros2_transplant/install/aimer_base/include/robot.hpp:44:31:[m[K [01;35m[Kwarning: [m[Kdefault member initializers for bit-fields only available with ‘[01m[K-std=c++20[m[K’ or ‘[01m[K-std=gnu++20[m[K’
[5.595s]    44 |     uint8_t is_big_energy : 1 [01;35m[K=[m[K false;
[5.595s]       |                               [01;35m[K^[m[K
[5.595s] [01m[K/home/seldon/Documents/gitrepo/rm.cv.std.ros2_transplant/install/aimer_base/include/robot.hpp:45:36:[m[K [01;35m[Kwarning: [m[Kdefault member initializers for bit-fields only available with ‘[01m[K-std=c++20[m[K’ or ‘[01m[K-std=gnu++20[m[K’
[5.595s]    45 |     ::ProgramMode program_mode : 6 [01;35m[K=[m[K ::ProgramMode::NOT_RECEIVED;
[5.596s]       |                                    [01;35m[K^[m[K
[5.635s] [01m[K/home/seldon/Documents/gitrepo/rm.cv.std.ros2_transplant/src/autoaim/enemy_predictor_node/predictor/pnp/pnp.cpp:[m[K In function ‘[01m[Kaimer::ArmorInfo aimer::detected_to_info(const aimer::DetectedArmor&, const aimer::SampleArmor&, const double&, const aimer::CoordConverter*, param::ParamVisitor)[m[K’:
[5.635s] [01m[K/home/seldon/Documents/gitrepo/rm.cv.std.ros2_transplant/src/autoaim/enemy_predictor_node/predictor/pnp/pnp.cpp:87:83:[m[K [01;35m[Kwarning: [m[K‘[01m[Kdouble aimer::PnpDistanceFixer::fixed_dis(const double&) const[m[K’ is deprecated [[01;35m[K]8;;https://gcc.gnu.org/onlinedocs/gcc/Warning-Options.html#index-Wdeprecated-declarations-Wdeprecated-declarations]8;;[m[K]
[5.635s]    87 |                                                       [01;35m[Kpnp_distance_fixer.fixed_dis(ypd_c.dis)[m[K };
[5.635s]       |                                                       [01;35m[K~~~~~~~~~~~~~~~~~~~~~~~~~~~~^~~~~~~~~~~[m[K
[5.635s] In file included from [01m[K/home/seldon/Documents/gitrepo/rm.cv.std.ros2_transplant/src/autoaim/enemy_predictor_node/./predictor/pnp/pnp.hpp:10[m[K,
[5.635s]                  from [01m[K/home/seldon/Documents/gitrepo/rm.cv.std.ros2_transplant/src/autoaim/enemy_predictor_node/predictor/pnp/pnp.cpp:1[m[K:
[5.635s] [01m[K/home/seldon/Documents/gitrepo/rm.cv.std.ros2_transplant/install/ros2addon/include/coord_convert/coord_converter.hpp:68:27:[m[K [01;36m[Knote: [m[Kdeclared here
[5.635s]    68 |     [[deprecated]] double [01;36m[Kfixed_dis[m[K(const double& dis) const {
[5.635s]       |                           [01;36m[K^~~~~~~~~[m[K
[5.676s] In file included from [01m[K/home/seldon/Documents/gitrepo/rm.cv.std.ros2_transplant/install/ros2addon/include/coord_convert/coord_converter.hpp:17[m[K,
[5.676s]                  from [01m[K/home/seldon/Documents/gitrepo/rm.cv.std.ros2_transplant/src/autoaim/enemy_predictor_node/./predictor/aim/aim_corrector.hpp:12[m[K,
[5.676s]                  from [01m[K/home/seldon/Documents/gitrepo/rm.cv.std.ros2_transplant/src/autoaim/enemy_predictor_node/./predictor/enemy_predictor/enemy_predictor.hpp:16[m[K,
[5.676s]                  from [01m[K/home/seldon/Documents/gitrepo/rm.cv.std.ros2_transplant/src/autoaim/enemy_predictor_node/predictor/enemy_predictor/enemy_predictor.cpp:1[m[K:
[5.676s] [01m[K/home/seldon/Documents/gitrepo/rm.cv.std.ros2_transplant/install/aimer_base/include/robot.hpp:43:34:[m[K [01;35m[Kwarning: [m[Kdefault member initializers for bit-fields only available with ‘[01m[K-std=c++20[m[K’ or ‘[01m[K-std=gnu++20[m[K’
[5.676s]    43 |     ::EnemyColor enemy_color : 1 [01;35m[K=[m[K ::EnemyColor::BLUE; // 这是字节
[5.676s]       |                                  [01;35m[K^[m[K
[5.676s] [01m[K/home/seldon/Documents/gitrepo/rm.cv.std.ros2_transplant/install/aimer_base/include/robot.hpp:44:31:[m[K [01;35m[Kwarning: [m[Kdefault member initializers for bit-fields only available with ‘[01m[K-std=c++20[m[K’ or ‘[01m[K-std=gnu++20[m[K’
[5.676s]    44 |     uint8_t is_big_energy : 1 [01;35m[K=[m[K false;
[5.676s]       |                               [01;35m[K^[m[K
[5.676s] [01m[K/home/seldon/Documents/gitrepo/rm.cv.std.ros2_transplant/install/aimer_base/include/robot.hpp:45:36:[m[K [01;35m[Kwarning: [m[Kdefault member initializers for bit-fields only available with ‘[01m[K-std=c++20[m[K’ or ‘[01m[K-std=gnu++20[m[K’
[5.676s]    45 |     ::ProgramMode program_mode : 6 [01;35m[K=[m[K ::ProgramMode::NOT_RECEIVED;
[5.676s]       |                                    [01;35m[K^[m[K
[5.677s] In file included from [01m[K/home/seldon/Documents/gitrepo/rm.cv.std.ros2_transplant/install/ros2addon/include/coord_convert/coord_converter.hpp:17[m[K,
[5.677s]                  from [01m[K/home/seldon/Documents/gitrepo/rm.cv.std.ros2_transplant/src/autoaim/enemy_predictor_node/./predictor/motion/enemy_model.hpp:7[m[K,
[5.677s]                  from [01m[K/home/seldon/Documents/gitrepo/rm.cv.std.ros2_transplant/src/autoaim/enemy_predictor_node/predictor/motion/enemy_model.cpp:1[m[K:
[5.677s] [01m[K/home/seldon/Documents/gitrepo/rm.cv.std.ros2_transplant/install/aimer_base/include/robot.hpp:43:34:[m[K [01;35m[Kwarning: [m[Kdefault member initializers for bit-fields only available with ‘[01m[K-std=c++20[m[K’ or ‘[01m[K-std=gnu++20[m[K’
[5.677s]    43 |     ::EnemyColor enemy_color : 1 [01;35m[K=[m[K ::EnemyColor::BLUE; // 这是字节
[5.677s]       |                                  [01;35m[K^[m[K
[5.677s] [01m[K/home/seldon/Documents/gitrepo/rm.cv.std.ros2_transplant/install/aimer_base/include/robot.hpp:44:31:[m[K [01;35m[Kwarning: [m[Kdefault member initializers for bit-fields only available with ‘[01m[K-std=c++20[m[K’ or ‘[01m[K-std=gnu++20[m[K’
[5.677s]    44 |     uint8_t is_big_energy : 1 [01;35m[K=[m[K false;
[5.677s]       |                               [01;35m[K^[m[K
[5.677s] [01m[K/home/seldon/Documents/gitrepo/rm.cv.std.ros2_transplant/install/aimer_base/include/robot.hpp:45:36:[m[K [01;35m[Kwarning: [m[Kdefault member initializers for bit-fields only available with ‘[01m[K-std=c++20[m[K’ or ‘[01m[K-std=gnu++20[m[K’
[5.677s]    45 |     ::ProgramMode program_mode : 6 [01;35m[K=[m[K ::ProgramMode::NOT_RECEIVED;
[5.677s]       |                                    [01;35m[K^[m[K
[6.069s] [ 85%] [32m[1mLinking CXX executable enemy_predictor_node[0m
[6.277s] In file included from [01m[K/home/seldon/Documents/gitrepo/rm.cv.std.ros2_transplant/install/ros2addon/include/coord_convert/coord_converter.hpp:17[m[K,
[6.277s]                  from [01m[K/home/seldon/Documents/gitrepo/rm.cv.std.ros2_transplant/src/autoaim/enemy_predictor_node/./predictor/aim/aim_corrector.hpp:12[m[K,
[6.277s]                  from [01m[K/home/seldon/Documents/gitrepo/rm.cv.std.ros2_transplant/src/autoaim/enemy_predictor_node/predictor/aim/aim_corrector.cpp:1[m[K:
[6.278s] [01m[K/home/seldon/Documents/gitrepo/rm.cv.std.ros2_transplant/install/aimer_base/include/robot.hpp:43:34:[m[K [01;35m[Kwarning: [m[Kdefault member initializers for bit-fields only available with ‘[01m[K-std=c++20[m[K’ or ‘[01m[K-std=gnu++20[m[K’
[6.278s]    43 |     ::EnemyColor enemy_color : 1 [01;35m[K=[m[K ::EnemyColor::BLUE; // 这是字节
[6.278s]       |                                  [01;35m[K^[m[K
[6.278s] [01m[K/home/seldon/Documents/gitrepo/rm.cv.std.ros2_transplant/install/aimer_base/include/robot.hpp:44:31:[m[K [01;35m[Kwarning: [m[Kdefault member initializers for bit-fields only available with ‘[01m[K-std=c++20[m[K’ or ‘[01m[K-std=gnu++20[m[K’
[6.278s]    44 |     uint8_t is_big_energy : 1 [01;35m[K=[m[K false;
[6.278s]       |                               [01;35m[K^[m[K
[6.278s] [01m[K/home/seldon/Documents/gitrepo/rm.cv.std.ros2_transplant/install/aimer_base/include/robot.hpp:45:36:[m[K [01;35m[Kwarning: [m[Kdefault member initializers for bit-fields only available with ‘[01m[K-std=c++20[m[K’ or ‘[01m[K-std=gnu++20[m[K’
[6.278s]    45 |     ::ProgramMode program_mode : 6 [01;35m[K=[m[K ::ProgramMode::NOT_RECEIVED;
[6.278s]       |                                    [01;35m[K^[m[K
[6.761s] [ 85%] Built target enemy_predictor_node
[7.536s] In file included from [01m[K/home/seldon/Documents/gitrepo/rm.cv.std.ros2_transplant/src/autoaim/enemy_predictor_node/./predictor/enemy/enemy_state.hpp:14[m[K,
[7.536s]                  from [01m[K/home/seldon/Documents/gitrepo/rm.cv.std.ros2_transplant/src/autoaim/enemy_predictor_node/./predictor/motion/top_model.hpp:15[m[K,
[7.536s]                  from [01m[K/home/seldon/Documents/gitrepo/rm.cv.std.ros2_transplant/src/autoaim/enemy_predictor_node/./predictor/motion/top4_model.hpp:5[m[K,
[7.536s]                  from [01m[K/home/seldon/Documents/gitrepo/rm.cv.std.ros2_transplant/src/autoaim/enemy_predictor_node/predictor/motion/top4_model.cpp:1[m[K:
[7.536s] [01m[K/home/seldon/Documents/gitrepo/rm.cv.std.ros2_transplant/install/aimer_base/include/robot.hpp:43:34:[m[K [01;35m[Kwarning: [m[Kdefault member initializers for bit-fields only available with ‘[01m[K-std=c++20[m[K’ or ‘[01m[K-std=gnu++20[m[K’
[7.536s]    43 |     ::EnemyColor enemy_color : 1 [01;35m[K=[m[K ::EnemyColor::BLUE; // 这是字节
[7.536s]       |                                  [01;35m[K^[m[K
[7.536s] [01m[K/home/seldon/Documents/gitrepo/rm.cv.std.ros2_transplant/install/aimer_base/include/robot.hpp:44:31:[m[K [01;35m[Kwarning: [m[Kdefault member initializers for bit-fields only available with ‘[01m[K-std=c++20[m[K’ or ‘[01m[K-std=gnu++20[m[K’
[7.536s]    44 |     uint8_t is_big_energy : 1 [01;35m[K=[m[K false;
[7.536s]       |                               [01;35m[K^[m[K
[7.536s] [01m[K/home/seldon/Documents/gitrepo/rm.cv.std.ros2_transplant/install/aimer_base/include/robot.hpp:45:36:[m[K [01;35m[Kwarning: [m[Kdefault member initializers for bit-fields only available with ‘[01m[K-std=c++20[m[K’ or ‘[01m[K-std=gnu++20[m[K’
[7.536s]    45 |     ::ProgramMode program_mode : 6 [01;35m[K=[m[K ::ProgramMode::NOT_RECEIVED;
[7.536s]       |                                    [01;35m[K^[m[K
[7.544s] In file included from [01m[K/home/seldon/Documents/gitrepo/rm.cv.std.ros2_transplant/src/autoaim/enemy_predictor_node/./predictor/enemy/enemy_state.hpp:14[m[K,
[7.544s]                  from [01m[K/home/seldon/Documents/gitrepo/rm.cv.std.ros2_transplant/src/autoaim/enemy_predictor_node/./predictor/motion/top_model.hpp:15[m[K,
[7.544s]                  from [01m[K/home/seldon/Documents/gitrepo/rm.cv.std.ros2_transplant/src/autoaim/enemy_predictor_node/predictor/motion/top_model.cpp:1[m[K:
[7.544s] [01m[K/home/seldon/Documents/gitrepo/rm.cv.std.ros2_transplant/install/aimer_base/include/robot.hpp:43:34:[m[K [01;35m[Kwarning: [m[Kdefault member initializers for bit-fields only available with ‘[01m[K-std=c++20[m[K’ or ‘[01m[K-std=gnu++20[m[K’
[7.544s]    43 |     ::EnemyColor enemy_color : 1 [01;35m[K=[m[K ::EnemyColor::BLUE; // 这是字节
[7.544s]       |                                  [01;35m[K^[m[K
[7.545s] [01m[K/home/seldon/Documents/gitrepo/rm.cv.std.ros2_transplant/install/aimer_base/include/robot.hpp:44:31:[m[K [01;35m[Kwarning: [m[Kdefault member initializers for bit-fields only available with ‘[01m[K-std=c++20[m[K’ or ‘[01m[K-std=gnu++20[m[K’
[7.545s]    44 |     uint8_t is_big_energy : 1 [01;35m[K=[m[K false;
[7.545s]       |                               [01;35m[K^[m[K
[7.545s] [01m[K/home/seldon/Documents/gitrepo/rm.cv.std.ros2_transplant/install/aimer_base/include/robot.hpp:45:36:[m[K [01;35m[Kwarning: [m[Kdefault member initializers for bit-fields only available with ‘[01m[K-std=c++20[m[K’ or ‘[01m[K-std=gnu++20[m[K’
[7.545s]    45 |     ::ProgramMode program_mode : 6 [01;35m[K=[m[K ::ProgramMode::NOT_RECEIVED;
[7.545s]       |                                    [01;35m[K^[m[K
[8.154s] [01m[K/home/seldon/Documents/gitrepo/rm.cv.std.ros2_transplant/src/autoaim/enemy_predictor_node/predictor/enemy_predictor/enemy_predictor.cpp:[m[K In member function ‘[01m[Kvoid aimer::EnemyPredictor::update_database(const aimer::DetectionResult&)[m[K’:
[8.154s] [01m[K/home/seldon/Documents/gitrepo/rm.cv.std.ros2_transplant/src/autoaim/enemy_predictor_node/predictor/enemy_predictor/enemy_predictor.cpp:558:64:[m[K [01;35m[Kwarning: [m[K‘[01m[Kaimer::DetectedArmor aimer::DetectedFixer::fixed(const aimer::DetectedArmor&)[m[K’ is deprecated [[01;35m[K]8;;https://gcc.gnu.org/onlinedocs/gcc/Warning-Options.html#index-Wdeprecated-declarations-Wdeprecated-declarations]8;;[m[K]
[8.155s]   558 |         aimer::DetectedArmor fixed = [01;35m[Kthis->detected_fixer.fixed(d)[m[K;
[8.155s]       |                                      [01;35m[K~~~~~~~~~~~~~~~~~~~~~~~~~~^~~[m[K
[8.155s] In file included from [01m[K/home/seldon/Documents/gitrepo/rm.cv.std.ros2_transplant/src/autoaim/enemy_predictor_node/predictor/enemy_predictor/enemy_predictor.cpp:1[m[K:
[8.155s] [01m[K/home/seldon/Documents/gitrepo/rm.cv.std.ros2_transplant/src/autoaim/enemy_predictor_node/./predictor/enemy_predictor/enemy_predictor.hpp:61:41:[m[K [01;36m[Knote: [m[Kdeclared here
[8.155s]    61 |     [[deprecated]] aimer::DetectedArmor [01;36m[Kfixed[m[K(const aimer::DetectedArmor& detected) {
[8.155s]       |                                         [01;36m[K^~~~~[m[K
[13.108s] [ 90%] [32m[1mLinking CXX shared library libpredictor_lib.so[0m
[13.413s] lto-wrapper: warning: using serial compilation of 8 LTRANS jobs
[17.573s] [ 90%] Built target predictor_lib
[17.580s] [ 95%] [32mBuilding CXX object CMakeFiles/enemy_predictor.dir/src/predictor_node.cpp.o[0m
[26.076s] [100%] [32m[1mLinking CXX shared library libenemy_predictor.so[0m
[26.461s] lto-wrapper: warning: using serial compilation of 7 LTRANS jobs
[30.226s] [100%] Built target enemy_predictor
[30.230s] Invoked command in '/home/seldon/Documents/gitrepo/rm.cv.std.ros2_transplant/build/enemy_predictor' returned '0': AMENT_PREFIX_PATH=/home/seldon/Documents/gitrepo/rm.cv.std.ros2_transplant/install/ros2addon:/home/seldon/Documents/gitrepo/rm.cv.std.ros2_transplant/install/my_interfaces:/home/seldon/Documents/gitrepo/rm.cv.std.ros2_transplant/install/aimer_base:${AMENT_PREFIX_PATH} CMAKE_PREFIX_PATH=/home/seldon/Documents/gitrepo/rm.cv.std.ros2_transplant/install/ros2addon:/home/seldon/Documents/gitrepo/rm.cv.std.ros2_transplant/install/my_interfaces:/home/seldon/Documents/gitrepo/rm.cv.std.ros2_transplant/install/aimer_base:/opt/ros/humble LD_LIBRARY_PATH=/home/seldon/Documents/gitrepo/rm.cv.std.ros2_transplant/install/ros2addon/lib:/home/seldon/Documents/gitrepo/rm.cv.std.ros2_transplant/install/my_interfaces/lib:/home/seldon/Documents/gitrepo/rm.cv.std.ros2_transplant/install/aimer_base/lib:/usr/local/cuda/lib64:/opt/MVS/lib/64:/opt/MVS/lib/32:/usr/local/cuda/lib64:/usr/local/cuda/lib64:/opt/MVS/lib/64:/opt/MVS/lib/32:/opt/ros/humble/opt/rviz_ogre_vendor/lib:/opt/ros/humble/lib/x86_64-linux-gnu:/opt/ros/humble/lib:/usr/local/cuda/lib64:/opt/MVS/lib/64:/opt/MVS/lib/32:/opt/MVS/lib/64:/opt/MVS/lib/32 PYTHONPATH=/home/seldon/Documents/gitrepo/rm.cv.std.ros2_transplant/install/my_interfaces/local/lib/python3.10/dist-packages:${PYTHONPATH} /usr/bin/cmake --build /home/seldon/Documents/gitrepo/rm.cv.std.ros2_transplant/build/enemy_predictor -- -j20 -l20
[30.244s] Invoking command in '/home/seldon/Documents/gitrepo/rm.cv.std.ros2_transplant/build/enemy_predictor': AMENT_PREFIX_PATH=/home/seldon/Documents/gitrepo/rm.cv.std.ros2_transplant/install/ros2addon:/home/seldon/Documents/gitrepo/rm.cv.std.ros2_transplant/install/my_interfaces:/home/seldon/Documents/gitrepo/rm.cv.std.ros2_transplant/install/aimer_base:${AMENT_PREFIX_PATH} CMAKE_PREFIX_PATH=/home/seldon/Documents/gitrepo/rm.cv.std.ros2_transplant/install/ros2addon:/home/seldon/Documents/gitrepo/rm.cv.std.ros2_transplant/install/my_interfaces:/home/seldon/Documents/gitrepo/rm.cv.std.ros2_transplant/install/aimer_base:/opt/ros/humble LD_LIBRARY_PATH=/home/seldon/Documents/gitrepo/rm.cv.std.ros2_transplant/install/ros2addon/lib:/home/seldon/Documents/gitrepo/rm.cv.std.ros2_transplant/install/my_interfaces/lib:/home/seldon/Documents/gitrepo/rm.cv.std.ros2_transplant/install/aimer_base/lib:/usr/local/cuda/lib64:/opt/MVS/lib/64:/opt/MVS/lib/32:/usr/local/cuda/lib64:/usr/local/cuda/lib64:/opt/MVS/lib/64:/opt/MVS/lib/32:/opt/ros/humble/opt/rviz_ogre_vendor/lib:/opt/ros/humble/lib/x86_64-linux-gnu:/opt/ros/humble/lib:/usr/local/cuda/lib64:/opt/MVS/lib/64:/opt/MVS/lib/32:/opt/MVS/lib/64:/opt/MVS/lib/32 PYTHONPATH=/home/seldon/Documents/gitrepo/rm.cv.std.ros2_transplant/install/my_interfaces/local/lib/python3.10/dist-packages:${PYTHONPATH} /usr/bin/cmake --install /home/seldon/Documents/gitrepo/rm.cv.std.ros2_transplant/build/enemy_predictor
[30.246s] -- Install configuration: "Release"
[30.246s] -- Installing: /home/seldon/Documents/gitrepo/rm.cv.std.ros2_transplant/install/enemy_predictor/lib/enemy_predictor/enemy_predictor_node
[30.246s] -- Set runtime path of "/home/seldon/Documents/gitrepo/rm.cv.std.ros2_transplant/install/enemy_predictor/lib/enemy_predictor/enemy_predictor_node" to ""
[30.246s] -- Installing: /home/seldon/Documents/gitrepo/rm.cv.std.ros2_transplant/install/enemy_predictor/share/enemy_predictor/environment/library_path.sh
[30.246s] -- Installing: /home/seldon/Documents/gitrepo/rm.cv.std.ros2_transplant/install/enemy_predictor/share/enemy_predictor/environment/library_path.dsv
[30.247s] -- Installing: /home/seldon/Documents/gitrepo/rm.cv.std.ros2_transplant/install/enemy_predictor/lib/libenemy_predictor.so
[30.247s] -- Set runtime path of "/home/seldon/Documents/gitrepo/rm.cv.std.ros2_transplant/install/enemy_predictor/lib/libenemy_predictor.so" to ""
[30.248s] -- Installing: /home/seldon/Documents/gitrepo/rm.cv.std.ros2_transplant/install/enemy_predictor/share/ament_index/resource_index/package_run_dependencies/enemy_predictor
[30.248s] -- Installing: /home/seldon/Documents/gitrepo/rm.cv.std.ros2_transplant/install/enemy_predictor/share/ament_index/resource_index/parent_prefix_path/enemy_predictor
[30.248s] -- Installing: /home/seldon/Documents/gitrepo/rm.cv.std.ros2_transplant/install/enemy_predictor/share/enemy_predictor/environment/ament_prefix_path.sh
[30.248s] -- Installing: /home/seldon/Documents/gitrepo/rm.cv.std.ros2_transplant/install/enemy_predictor/share/enemy_predictor/environment/ament_prefix_path.dsv
[30.248s] -- Installing: /home/seldon/Documents/gitrepo/rm.cv.std.ros2_transplant/install/enemy_predictor/share/enemy_predictor/environment/path.sh
[30.248s] -- Installing: /home/seldon/Documents/gitrepo/rm.cv.std.ros2_transplant/install/enemy_predictor/share/enemy_predictor/environment/path.dsv
[30.248s] -- Installing: /home/seldon/Documents/gitrepo/rm.cv.std.ros2_transplant/install/enemy_predictor/share/enemy_predictor/local_setup.bash
[30.248s] -- Installing: /home/seldon/Documents/gitrepo/rm.cv.std.ros2_transplant/install/enemy_predictor/share/enemy_predictor/local_setup.sh
[30.248s] -- Installing: /home/seldon/Documents/gitrepo/rm.cv.std.ros2_transplant/install/enemy_predictor/share/enemy_predictor/local_setup.zsh
[30.248s] -- Installing: /home/seldon/Documents/gitrepo/rm.cv.std.ros2_transplant/install/enemy_predictor/share/enemy_predictor/local_setup.dsv
[30.248s] -- Installing: /home/seldon/Documents/gitrepo/rm.cv.std.ros2_transplant/install/enemy_predictor/share/enemy_predictor/package.dsv
[30.248s] -- Installing: /home/seldon/Documents/gitrepo/rm.cv.std.ros2_transplant/install/enemy_predictor/share/ament_index/resource_index/packages/enemy_predictor
[30.248s] -- Installing: /home/seldon/Documents/gitrepo/rm.cv.std.ros2_transplant/install/enemy_predictor/share/ament_index/resource_index/rclcpp_components/enemy_predictor
[30.248s] -- Installing: /home/seldon/Documents/gitrepo/rm.cv.std.ros2_transplant/install/enemy_predictor/share/enemy_predictor/cmake/ament_cmake_export_dependencies-extras.cmake
[30.248s] -- Installing: /home/seldon/Documents/gitrepo/rm.cv.std.ros2_transplant/install/enemy_predictor/share/enemy_predictor/cmake/ament_cmake_export_libraries-extras.cmake
[30.249s] -- Installing: /home/seldon/Documents/gitrepo/rm.cv.std.ros2_transplant/install/enemy_predictor/share/enemy_predictor/cmake/enemy_predictorConfig.cmake
[30.249s] -- Installing: /home/seldon/Documents/gitrepo/rm.cv.std.ros2_transplant/install/enemy_predictor/share/enemy_predictor/cmake/enemy_predictorConfig-version.cmake
[30.249s] -- Installing: /home/seldon/Documents/gitrepo/rm.cv.std.ros2_transplant/install/enemy_predictor/share/enemy_predictor/package.xml
[30.249s] -- Installing: /home/seldon/Documents/gitrepo/rm.cv.std.ros2_transplant/install/enemy_predictor/lib/libpredictor_lib.so
[30.249s] -- Set runtime path of "/home/seldon/Documents/gitrepo/rm.cv.std.ros2_transplant/install/enemy_predictor/lib/libpredictor_lib.so" to ""
[30.250s] Invoked command in '/home/seldon/Documents/gitrepo/rm.cv.std.ros2_transplant/build/enemy_predictor' returned '0': AMENT_PREFIX_PATH=/home/seldon/Documents/gitrepo/rm.cv.std.ros2_transplant/install/ros2addon:/home/seldon/Documents/gitrepo/rm.cv.std.ros2_transplant/install/my_interfaces:/home/seldon/Documents/gitrepo/rm.cv.std.ros2_transplant/install/aimer_base:${AMENT_PREFIX_PATH} CMAKE_PREFIX_PATH=/home/seldon/Documents/gitrepo/rm.cv.std.ros2_transplant/install/ros2addon:/home/seldon/Documents/gitrepo/rm.cv.std.ros2_transplant/install/my_interfaces:/home/seldon/Documents/gitrepo/rm.cv.std.ros2_transplant/install/aimer_base:/opt/ros/humble LD_LIBRARY_PATH=/home/seldon/Documents/gitrepo/rm.cv.std.ros2_transplant/install/ros2addon/lib:/home/seldon/Documents/gitrepo/rm.cv.std.ros2_transplant/install/my_interfaces/lib:/home/seldon/Documents/gitrepo/rm.cv.std.ros2_transplant/install/aimer_base/lib:/usr/local/cuda/lib64:/opt/MVS/lib/64:/opt/MVS/lib/32:/usr/local/cuda/lib64:/usr/local/cuda/lib64:/opt/MVS/lib/64:/opt/MVS/lib/32:/opt/ros/humble/opt/rviz_ogre_vendor/lib:/opt/ros/humble/lib/x86_64-linux-gnu:/opt/ros/humble/lib:/usr/local/cuda/lib64:/opt/MVS/lib/64:/opt/MVS/lib/32:/opt/MVS/lib/64:/opt/MVS/lib/32 PYTHONPATH=/home/seldon/Documents/gitrepo/rm.cv.std.ros2_transplant/install/my_interfaces/local/lib/python3.10/dist-packages:${PYTHONPATH} /usr/bin/cmake --install /home/seldon/Documents/gitrepo/rm.cv.std.ros2_transplant/build/enemy_predictor
