[0.102s] Invoking command in '/home/seldon/Documents/gitrepo/rm.cv.std.ros2_transplant/build/calib': CMAKE_PREFIX_PATH=/opt/ros/humble /usr/bin/cmake --build /home/seldon/Documents/gitrepo/rm.cv.std.ros2_transplant/build/calib -- -j20 -l20
[0.123s] [ 50%] Built target calib_node
[0.127s] [100%] Built target calib
[0.345s] Invoked command in '/home/seldon/Documents/gitrepo/rm.cv.std.ros2_transplant/build/calib' returned '0': CMAKE_PREFIX_PATH=/opt/ros/humble /usr/bin/cmake --build /home/seldon/Documents/gitrepo/rm.cv.std.ros2_transplant/build/calib -- -j20 -l20
[0.361s] Invoking command in '/home/seldon/Documents/gitrepo/rm.cv.std.ros2_transplant/build/calib': CMAKE_PREFIX_PATH=/opt/ros/humble /usr/bin/cmake --install /home/seldon/Documents/gitrepo/rm.cv.std.ros2_transplant/build/calib
[0.365s] -- Install configuration: ""
[0.365s] -- Up-to-date: /home/seldon/Documents/gitrepo/rm.cv.std.ros2_transplant/install/calib/lib/calib/calib_node
[0.365s] -- Up-to-date: /home/seldon/Documents/gitrepo/rm.cv.std.ros2_transplant/install/calib/include
[0.366s] -- Up-to-date: /home/seldon/Documents/gitrepo/rm.cv.std.ros2_transplant/install/calib/include/toml.hpp
[0.366s] -- Up-to-date: /home/seldon/Documents/gitrepo/rm.cv.std.ros2_transplant/install/calib/share/calib/environment/library_path.sh
[0.366s] -- Up-to-date: /home/seldon/Documents/gitrepo/rm.cv.std.ros2_transplant/install/calib/share/calib/environment/library_path.dsv
[0.366s] -- Up-to-date: /home/seldon/Documents/gitrepo/rm.cv.std.ros2_transplant/install/calib/lib/libcalib.so
[0.366s] -- Up-to-date: /home/seldon/Documents/gitrepo/rm.cv.std.ros2_transplant/install/calib/share/calib/launch
[0.367s] -- Up-to-date: /home/seldon/Documents/gitrepo/rm.cv.std.ros2_transplant/install/calib/share/calib/launch/calib.launch.py
[0.367s] -- Up-to-date: /home/seldon/Documents/gitrepo/rm.cv.std.ros2_transplant/install/calib/share/ament_index/resource_index/package_run_dependencies/calib
[0.367s] -- Up-to-date: /home/seldon/Documents/gitrepo/rm.cv.std.ros2_transplant/install/calib/share/ament_index/resource_index/parent_prefix_path/calib
[0.367s] -- Up-to-date: /home/seldon/Documents/gitrepo/rm.cv.std.ros2_transplant/install/calib/share/calib/environment/ament_prefix_path.sh
[0.367s] -- Up-to-date: /home/seldon/Documents/gitrepo/rm.cv.std.ros2_transplant/install/calib/share/calib/environment/ament_prefix_path.dsv
[0.368s] -- Up-to-date: /home/seldon/Documents/gitrepo/rm.cv.std.ros2_transplant/install/calib/share/calib/environment/path.sh
[0.368s] -- Up-to-date: /home/seldon/Documents/gitrepo/rm.cv.std.ros2_transplant/install/calib/share/calib/environment/path.dsv
[0.368s] -- Up-to-date: /home/seldon/Documents/gitrepo/rm.cv.std.ros2_transplant/install/calib/share/calib/local_setup.bash
[0.368s] -- Up-to-date: /home/seldon/Documents/gitrepo/rm.cv.std.ros2_transplant/install/calib/share/calib/local_setup.sh
[0.368s] -- Up-to-date: /home/seldon/Documents/gitrepo/rm.cv.std.ros2_transplant/install/calib/share/calib/local_setup.zsh
[0.368s] -- Up-to-date: /home/seldon/Documents/gitrepo/rm.cv.std.ros2_transplant/install/calib/share/calib/local_setup.dsv
[0.368s] -- Installing: /home/seldon/Documents/gitrepo/rm.cv.std.ros2_transplant/install/calib/share/calib/package.dsv
[0.369s] -- Up-to-date: /home/seldon/Documents/gitrepo/rm.cv.std.ros2_transplant/install/calib/share/ament_index/resource_index/packages/calib
[0.369s] -- Up-to-date: /home/seldon/Documents/gitrepo/rm.cv.std.ros2_transplant/install/calib/share/ament_index/resource_index/rclcpp_components/calib
[0.369s] -- Up-to-date: /home/seldon/Documents/gitrepo/rm.cv.std.ros2_transplant/install/calib/share/calib/cmake/ament_cmake_export_dependencies-extras.cmake
[0.369s] -- Up-to-date: /home/seldon/Documents/gitrepo/rm.cv.std.ros2_transplant/install/calib/share/calib/cmake/ament_cmake_export_include_directories-extras.cmake
[0.369s] -- Up-to-date: /home/seldon/Documents/gitrepo/rm.cv.std.ros2_transplant/install/calib/share/calib/cmake/ament_cmake_export_libraries-extras.cmake
[0.369s] -- Up-to-date: /home/seldon/Documents/gitrepo/rm.cv.std.ros2_transplant/install/calib/share/calib/cmake/calibConfig.cmake
[0.370s] -- Up-to-date: /home/seldon/Documents/gitrepo/rm.cv.std.ros2_transplant/install/calib/share/calib/cmake/calibConfig-version.cmake
[0.370s] -- Up-to-date: /home/seldon/Documents/gitrepo/rm.cv.std.ros2_transplant/install/calib/share/calib/package.xml
[0.370s] Invoked command in '/home/seldon/Documents/gitrepo/rm.cv.std.ros2_transplant/build/calib' returned '0': CMAKE_PREFIX_PATH=/opt/ros/humble /usr/bin/cmake --install /home/seldon/Documents/gitrepo/rm.cv.std.ros2_transplant/build/calib
