[ 21%] Built target serial_comm
[ 42%] Built target serial
[ 52%] Built target io_debug_node
[ 63%] Built target coreio_node
[ 78%] Built target minipc_comm
[100%] Built target coreio
[100%] Built target io_debug
-- Install configuration: ""
-- Up-to-date: /home/seldon/Documents/gitrepo/rm.cv.std.ros2_transplant/install/io_debug/lib/libio_debug.so
-- Up-to-date: /home/seldon/Documents/gitrepo/rm.cv.std.ros2_transplant/install/io_debug/lib/libcoreio.so
-- Up-to-date: /home/seldon/Documents/gitrepo/rm.cv.std.ros2_transplant/install/io_debug/lib/io_debug/io_debug_node
-- Up-to-date: /home/seldon/Documents/gitrepo/rm.cv.std.ros2_transplant/install/io_debug/lib/io_debug/coreio_node
-- Up-to-date: /home/seldon/Documents/gitrepo/rm.cv.std.ros2_transplant/install/io_debug/share/ament_index/resource_index/package_run_dependencies/io_debug
-- Up-to-date: /home/seldon/Documents/gitrepo/rm.cv.std.ros2_transplant/install/io_debug/share/ament_index/resource_index/parent_prefix_path/io_debug
-- Up-to-date: /home/seldon/Documents/gitrepo/rm.cv.std.ros2_transplant/install/io_debug/share/io_debug/environment/ament_prefix_path.sh
-- Up-to-date: /home/seldon/Documents/gitrepo/rm.cv.std.ros2_transplant/install/io_debug/share/io_debug/environment/ament_prefix_path.dsv
-- Up-to-date: /home/seldon/Documents/gitrepo/rm.cv.std.ros2_transplant/install/io_debug/share/io_debug/environment/path.sh
-- Up-to-date: /home/seldon/Documents/gitrepo/rm.cv.std.ros2_transplant/install/io_debug/share/io_debug/environment/path.dsv
-- Up-to-date: /home/seldon/Documents/gitrepo/rm.cv.std.ros2_transplant/install/io_debug/share/io_debug/local_setup.bash
-- Up-to-date: /home/seldon/Documents/gitrepo/rm.cv.std.ros2_transplant/install/io_debug/share/io_debug/local_setup.sh
-- Up-to-date: /home/seldon/Documents/gitrepo/rm.cv.std.ros2_transplant/install/io_debug/share/io_debug/local_setup.zsh
-- Up-to-date: /home/seldon/Documents/gitrepo/rm.cv.std.ros2_transplant/install/io_debug/share/io_debug/local_setup.dsv
-- Installing: /home/seldon/Documents/gitrepo/rm.cv.std.ros2_transplant/install/io_debug/share/io_debug/package.dsv
-- Up-to-date: /home/seldon/Documents/gitrepo/rm.cv.std.ros2_transplant/install/io_debug/share/ament_index/resource_index/packages/io_debug
-- Up-to-date: /home/seldon/Documents/gitrepo/rm.cv.std.ros2_transplant/install/io_debug/share/ament_index/resource_index/rclcpp_components/io_debug
-- Up-to-date: /home/seldon/Documents/gitrepo/rm.cv.std.ros2_transplant/install/io_debug/share/io_debug/cmake/io_debugConfig.cmake
-- Up-to-date: /home/seldon/Documents/gitrepo/rm.cv.std.ros2_transplant/install/io_debug/share/io_debug/cmake/io_debugConfig-version.cmake
-- Up-to-date: /home/seldon/Documents/gitrepo/rm.cv.std.ros2_transplant/install/io_debug/share/io_debug/package.xml
-- Up-to-date: /home/seldon/Documents/gitrepo/rm.cv.std.ros2_transplant/install/io_debug/lib/libserial.a
