[ 30%] Built target utils
[ 46%] Built target fakeio_node
[ 69%] Built target minipc_comm
[ 84%] Built target file_io
[ 92%] [32mBuilding CXX object CMakeFiles/fakeio.dir/src/fake_fileio.cpp.o[0m
In file included from [01m[K/home/seldon/Documents/gitrepo/rm.cv.std.ros2_transplant/src/file_io/src/fake_fileio.cpp:16[m[K:
[01m[K/home/seldon/Documents/gitrepo/rm.cv.std.ros2_transplant/src/file_io/minipc_comm/robot.hpp:43:34:[m[K [01;35m[Kwarning: [m[Kdefault member initializers for bit-fields only available with ‘[01m[K-std=c++20[m[K’ or ‘[01m[K-std=gnu++20[m[K’
   43 |     ::EnemyColor enemy_color : 1 [01;35m[K=[m[K ::EnemyColor::BLUE; // 这是bit
      |                                  [01;35m[K^[m[K
[01m[K/home/seldon/Documents/gitrepo/rm.cv.std.ros2_transplant/src/file_io/minipc_comm/robot.hpp:44:31:[m[K [01;35m[Kwarning: [m[Kdefault member initializers for bit-fields only available with ‘[01m[K-std=c++20[m[K’ or ‘[01m[K-std=gnu++20[m[K’
   44 |     uint8_t is_big_energy : 1 [01;35m[K=[m[K false;
      |                               [01;35m[K^[m[K
[01m[K/home/seldon/Documents/gitrepo/rm.cv.std.ros2_transplant/src/file_io/minipc_comm/robot.hpp:45:36:[m[K [01;35m[Kwarning: [m[Kdefault member initializers for bit-fields only available with ‘[01m[K-std=c++20[m[K’ or ‘[01m[K-std=gnu++20[m[K’
   45 |     ::ProgramMode program_mode : 6 [01;35m[K=[m[K ::ProgramMode::NOT_RECEIVED; // 1+1+6共1byte //此处修改了，为了debug，默认是NOT_RECEIVED
      |                                    [01;35m[K^[m[K
[100%] [32m[1mLinking CXX shared library libfakeio.so[0m
[100%] Built target fakeio
-- Install configuration: ""
-- Up-to-date: /home/seldon/Documents/gitrepo/rm.cv.std.ros2_transplant/install/file_io/lib/libfile_io.so
-- Installing: /home/seldon/Documents/gitrepo/rm.cv.std.ros2_transplant/install/file_io/lib/libfakeio.so
-- Set runtime path of "/home/seldon/Documents/gitrepo/rm.cv.std.ros2_transplant/install/file_io/lib/libfakeio.so" to ""
-- Up-to-date: /home/seldon/Documents/gitrepo/rm.cv.std.ros2_transplant/install/file_io/lib/file_io/fakeio_node
-- Up-to-date: /home/seldon/Documents/gitrepo/rm.cv.std.ros2_transplant/install/file_io/share/ament_index/resource_index/package_run_dependencies/file_io
-- Up-to-date: /home/seldon/Documents/gitrepo/rm.cv.std.ros2_transplant/install/file_io/share/ament_index/resource_index/parent_prefix_path/file_io
-- Up-to-date: /home/seldon/Documents/gitrepo/rm.cv.std.ros2_transplant/install/file_io/share/file_io/environment/ament_prefix_path.sh
-- Up-to-date: /home/seldon/Documents/gitrepo/rm.cv.std.ros2_transplant/install/file_io/share/file_io/environment/ament_prefix_path.dsv
-- Up-to-date: /home/seldon/Documents/gitrepo/rm.cv.std.ros2_transplant/install/file_io/share/file_io/environment/path.sh
-- Up-to-date: /home/seldon/Documents/gitrepo/rm.cv.std.ros2_transplant/install/file_io/share/file_io/environment/path.dsv
-- Up-to-date: /home/seldon/Documents/gitrepo/rm.cv.std.ros2_transplant/install/file_io/share/file_io/local_setup.bash
-- Up-to-date: /home/seldon/Documents/gitrepo/rm.cv.std.ros2_transplant/install/file_io/share/file_io/local_setup.sh
-- Up-to-date: /home/seldon/Documents/gitrepo/rm.cv.std.ros2_transplant/install/file_io/share/file_io/local_setup.zsh
-- Up-to-date: /home/seldon/Documents/gitrepo/rm.cv.std.ros2_transplant/install/file_io/share/file_io/local_setup.dsv
-- Installing: /home/seldon/Documents/gitrepo/rm.cv.std.ros2_transplant/install/file_io/share/file_io/package.dsv
-- Up-to-date: /home/seldon/Documents/gitrepo/rm.cv.std.ros2_transplant/install/file_io/share/ament_index/resource_index/packages/file_io
-- Up-to-date: /home/seldon/Documents/gitrepo/rm.cv.std.ros2_transplant/install/file_io/share/ament_index/resource_index/rclcpp_components/file_io
-- Up-to-date: /home/seldon/Documents/gitrepo/rm.cv.std.ros2_transplant/install/file_io/share/file_io/cmake/file_ioConfig.cmake
-- Up-to-date: /home/seldon/Documents/gitrepo/rm.cv.std.ros2_transplant/install/file_io/share/file_io/cmake/file_ioConfig-version.cmake
-- Up-to-date: /home/seldon/Documents/gitrepo/rm.cv.std.ros2_transplant/install/file_io/share/file_io/package.xml
